 Fermi distribution function

Calculation with static geometry


********************************************************************************
 iSCC Total electronic   Diff electronic      SCC error    
   45   -0.10925832E+03    0.27924330E-10    0.84912994E-05
********************************************************************************

 Total charge:    -0.00000000

 Atomic gross charges (e)
 Atom           Charge
    1       0.00031322
    2      -0.00018911
    3       0.00006595
    4       0.00070550
    5       0.00081866
    6      -0.00084024
    7       0.00006114
    8      -0.00063595
    9      -0.00014798
   10      -0.00145928
   11      -0.00140098
   12      -0.00066075
   13       0.00000032
   14      -0.00075979
   15       0.00018178
   16       0.00161784
   17      -0.00008259
   18      -0.00019807
   19       0.00001459
   20      -0.00102229
   21      -0.00085410
   22      -0.00082481
   23       0.00001481
   24      -0.00102093
   25       0.00084399
   26      -0.00001777
   27       0.00063461
   28      -0.00092047
   29      -0.00157780
   30      -0.00000310
   31      -0.00174463
   32      -0.00080837
   33       0.00017772
   34      -0.00016114
   35      -0.00064049
   36       0.00003684
   37       0.00084983
   38      -0.00082166
   39       0.00070749
   40       0.00003171
   41       0.00143062
   42      -0.00000065
   43       0.00017961
   44       0.00091925
   45       0.00072613
   46       0.00001061
   47      -0.00065590
   48       0.00078468
   49       0.00019009
   50       0.00021671
   51       0.00102895
   52       0.00000829
   53       0.00083343
   54       0.00085129
   55       0.00103194
   56      -0.00000114
   57       0.00000569
   58      -0.00093816
   59       0.00138099
   60      -0.00017806
   61      -0.00000523
   62       0.00155961
   63      -0.00030221
   64       0.00063976

Nr. of electrons (up):    256.00000000
Atom populations (up)
 Atom       Population
    1       3.99968678
    2       4.00018911
    3       3.99993405
    4       3.99929450
    5       3.99918134
    6       4.00084024
    7       3.99993886
    8       4.00063595
    9       4.00014798
   10       4.00145928
   11       4.00140098
   12       4.00066075
   13       3.99999968
   14       4.00075979
   15       3.99981822
   16       3.99838216
   17       4.00008259
   18       4.00019807
   19       3.99998541
   20       4.00102229
   21       4.00085410
   22       4.00082481
   23       3.99998519
   24       4.00102093
   25       3.99915601
   26       4.00001777
   27       3.99936539
   28       4.00092047
   29       4.00157780
   30       4.00000310
   31       4.00174463
   32       4.00080837
   33       3.99982228
   34       4.00016114
   35       4.00064049
   36       3.99996316
   37       3.99915017
   38       4.00082166
   39       3.99929251
   40       3.99996829
   41       3.99856938
   42       4.00000065
   43       3.99982039
   44       3.99908075
   45       3.99927387
   46       3.99998939
   47       4.00065590
   48       3.99921532
   49       3.99980991
   50       3.99978329
   51       3.99897105
   52       3.99999171
   53       3.99916657
   54       3.99914871
   55       3.99896806
   56       4.00000114
   57       3.99999431
   58       4.00093816
   59       3.99861901
   60       4.00017806
   61       4.00000523
   62       3.99844039
   63       4.00030221
   64       3.99936024

l-shell populations (up)
 Atom Sh.   l       Population
    1   1   0       1.45336557
    1   2   1       2.47466451
    1   3   2       0.07165669
    2   1   0       1.45302336
    2   2   1       2.47381340
    2   3   2       0.07335235
    3   1   0       1.45326826
    3   2   1       2.47431260
    3   3   2       0.07235320
    4   1   0       1.45341678
    4   2   1       2.47367642
    4   3   2       0.07220130
    5   1   0       1.45344775
    5   2   1       2.47321170
    5   3   2       0.07252188
    6   1   0       1.45304002
    6   2   1       2.47568009
    6   3   2       0.07212013
    7   1   0       1.45326217
    7   2   1       2.47430636
    7   3   2       0.07237034
    8   1   0       1.45308972
    8   2   1       2.47506204
    8   3   2       0.07248419
    9   1   0       1.45315312
    9   2   1       2.47458500
    9   3   2       0.07240986
   10   1   0       1.45323219
   10   2   1       2.47634954
   10   3   2       0.07187755
   11   1   0       1.45304514
   11   2   1       2.47649719
   11   3   2       0.07185864
   12   1   0       1.45323781
   12   2   1       2.47537784
   12   3   2       0.07204510
   13   1   0       1.45325065
   13   2   1       2.47442491
   13   3   2       0.07232412
   14   1   0       1.45304974
   14   2   1       2.47558109
   14   3   2       0.07212896
   15   1   0       1.45613612
   15   2   1       2.47280127
   15   3   2       0.07088083
   16   1   0       1.45614599
   16   2   1       2.47092144
   16   3   2       0.07131474
   17   1   0       1.45290197
   17   2   1       2.47344683
   17   3   2       0.07373379
   18   1   0       1.45301898
   18   2   1       2.47383254
   18   3   2       0.07334655
   19   1   0       1.45327095
   19   2   1       2.47443794
   19   3   2       0.07227652
   20   1   0       1.45281829
   20   2   1       2.47505541
   20   3   2       0.07314859
   21   1   0       1.45303494
   21   2   1       2.47570142
   21   3   2       0.07211773
   22   1   0       1.45304164
   22   2   1       2.47566221
   22   3   2       0.07212095
   23   1   0       1.45326687
   23   2   1       2.47441185
   23   3   2       0.07230646
   24   1   0       1.45281824
   24   2   1       2.47505437
   24   3   2       0.07314832
   25   1   0       1.45614260
   25   2   1       2.47185535
   25   3   2       0.07115805
   26   1   0       1.45323805
   26   2   1       2.47445968
   26   3   2       0.07232004
   27   1   0       1.45325063
   27   2   1       2.47352183
   27   3   2       0.07259293
   28   1   0       1.45297885
   28   2   1       2.47577387
   28   3   2       0.07216776
   29   1   0       1.45297143
   29   2   1       2.47671527
   29   3   2       0.07189110
   30   1   0       1.45324648
   30   2   1       2.47443418
   30   3   2       0.07232244
   31   1   0       1.45030565
   31   2   1       2.47803527
   31   3   2       0.07340371
   32   1   0       1.45323826
   32   2   1       2.47541866
   32   3   2       0.07215145
   33   1   0       1.45348073
   33   2   1       2.47507563
   33   3   2       0.07126591
   34   1   0       1.45303040
   34   2   1       2.47377486
   34   3   2       0.07335589
   35   1   0       1.45308925
   35   2   1       2.47506960
   35   3   2       0.07248164
   36   1   0       1.45325191
   36   2   1       2.47438537
   36   3   2       0.07232588
   37   1   0       1.45345496
   37   2   1       2.47316954
   37   3   2       0.07252567
   38   1   0       1.45304130
   38   2   1       2.47565603
   38   3   2       0.07212433
   39   1   0       1.45341711
   39   2   1       2.47367154
   39   3   2       0.07220387
   40   1   0       1.45325060
   40   2   1       2.47439261
   40   3   2       0.07232509
   41   1   0       1.45325492
   41   2   1       2.47255061
   41   3   2       0.07276386
   42   1   0       1.45324768
   42   2   1       2.47442999
   42   3   2       0.07232298
   43   1   0       1.45332317
   43   2   1       2.47420886
   43   3   2       0.07228836
   44   1   0       1.45351548
   44   2   1       2.47308958
   44   3   2       0.07247569
   45   1   0       1.45343494
   45   2   1       2.47332672
   45   3   2       0.07251221
   46   1   0       1.45324978
   46   2   1       2.47441501
   46   3   2       0.07232461
   47   1   0       1.45324064
   47   2   1       2.47536755
   47   3   2       0.07204772
   48   1   0       1.45324804
   48   2   1       2.47347762
   48   3   2       0.07248967
   49   1   0       1.45348579
   49   2   1       2.47505149
   49   3   2       0.07127263
   50   1   0       1.45349230
   50   2   1       2.47501555
   50   3   2       0.07127543
   51   1   0       1.45369330
   51   2   1       2.47380510
   51   3   2       0.07147265
   52   1   0       1.45324831
   52   2   1       2.47441753
   52   3   2       0.07232587
   53   1   0       1.45345315
   53   2   1       2.47318873
   53   3   2       0.07252469
   54   1   0       1.45345414
   54   2   1       2.47316595
   54   3   2       0.07252862
   55   1   0       1.45369368
   55   2   1       2.47380152
   55   3   2       0.07147286
   56   1   0       1.45324632
   56   2   1       2.47443160
   56   3   2       0.07232323
   57   1   0       1.45325083
   57   2   1       2.47441682
   57   3   2       0.07232666
   58   1   0       1.45031059
   58   2   1       2.47704423
   58   3   2       0.07358335
   59   1   0       1.45344313
   59   2   1       2.47238596
   59   3   2       0.07278993
   60   1   0       1.45317064
   60   2   1       2.47464465
   60   3   2       0.07236277
   61   1   0       1.45324344
   61   2   1       2.47443321
   61   3   2       0.07232858
   62   1   0       1.45352120
   62   2   1       2.47217170
   62   3   2       0.07274749
   63   1   0       1.45031814
   63   2   1       2.47612959
   63   3   2       0.07385448
   64   1   0       1.45325344
   64   2   1       2.47351111
   64   3   2       0.07259569

Orbital populations (up)
 Atom Sh.   l   m       Population  Label
    1   1   0   0       1.45336557  s
    1   2   1  -1       0.82502609  p_y
    1   2   1   0       0.82506005  p_z
    1   2   1   1       0.82457837  p_x
    1   3   2  -2      -0.01406082  d_xy
    1   3   2  -1       0.03279552  d_yz
    1   3   2   0       0.03378575  d_z2
    1   3   2   1      -0.01415383  d_xz
    1   3   2   2       0.03329006  d_x2-y2
    2   1   0   0       1.45302336  s
    2   2   1  -1       0.82445503  p_y
    2   2   1   0       0.82442806  p_z
    2   2   1   1       0.82493031  p_x
    2   3   2  -2      -0.01406781  d_xy
    2   3   2  -1       0.03422097  d_yz
    2   3   2   0       0.03343279  d_z2
    2   3   2   1      -0.01391220  d_xz
    2   3   2   2       0.03367860  d_x2-y2
    3   1   0   0       1.45326826  s
    3   2   1  -1       0.82477606  p_y
    3   2   1   0       0.82439564  p_z
    3   2   1   1       0.82514090  p_x
    3   3   2  -2      -0.01410123  d_xy
    3   3   2  -1       0.03349672  d_yz
    3   3   2   0       0.03379425  d_z2
    3   3   2   1      -0.01406455  d_xz
    3   3   2   2       0.03322801  d_x2-y2
    4   1   0   0       1.45341678  s
    4   2   1  -1       0.82468161  p_y
    4   2   1   0       0.82468809  p_z
    4   2   1   1       0.82430673  p_x
    4   3   2  -2      -0.01407890  d_xy
    4   3   2  -1       0.03355355  d_yz
    4   3   2   0       0.03328827  d_z2
    4   3   2   1      -0.01409700  d_xz
    4   3   2   2       0.03353538  d_x2-y2
    5   1   0   0       1.45344775  s
    5   2   1  -1       0.82423317  p_y
    5   2   1   0       0.82469083  p_z
    5   2   1   1       0.82428771  p_x
    5   3   2  -2      -0.01402564  d_xy
    5   3   2  -1       0.03360071  d_yz
    5   3   2   0       0.03357416  d_z2
    5   3   2   1      -0.01409668  d_xz
    5   3   2   2       0.03346935  d_x2-y2
    6   1   0   0       1.45304002  s
    6   2   1  -1       0.82540002  p_y
    6   2   1   0       0.82493738  p_z
    6   2   1   1       0.82534268  p_x
    6   3   2  -2      -0.01415442  d_xy
    6   3   2  -1       0.03339914  d_yz
    6   3   2   0       0.03342567  d_z2
    6   3   2   1      -0.01408337  d_xz
    6   3   2   2       0.03353311  d_x2-y2
    7   1   0   0       1.45326217  s
    7   2   1  -1       0.82477456  p_y
    7   2   1   0       0.82513853  p_z
    7   2   1   1       0.82439327  p_x
    7   3   2  -2      -0.01406036  d_xy
    7   3   2  -1       0.03349529  d_yz
    7   3   2   0       0.03323570  d_z2
    7   3   2   1      -0.01410255  d_xz
    7   3   2   2       0.03380226  d_x2-y2
    8   1   0   0       1.45308972  s
    8   2   1  -1       0.82489926  p_y
    8   2   1   0       0.82489343  p_z
    8   2   1   1       0.82526934  p_x
    8   3   2  -2      -0.01409506  d_xy
    8   3   2  -1       0.03344398  d_yz
    8   3   2   0       0.03374620  d_z2
    8   3   2   1      -0.01407352  d_xz
    8   3   2   2       0.03346259  d_x2-y2
    9   1   0   0       1.45315312  s
    9   2   1  -1       0.82481392  p_y
    9   2   1   0       0.82492840  p_z
    9   2   1   1       0.82484269  p_x
    9   3   2  -2      -0.01415672  d_xy
    9   3   2  -1       0.03350304  d_yz
    9   3   2   0       0.03264117  d_z2
    9   3   2   1      -0.01396118  d_xz
    9   3   2   2       0.03438354  d_x2-y2
   10   1   0   0       1.45323219  s
   10   2   1  -1       0.82575633  p_y
   10   2   1   0       0.82548508  p_z
   10   2   1   1       0.82510814  p_x
   10   3   2  -2      -0.01409215  d_xy
   10   3   2  -1       0.03324805  d_yz
   10   3   2   0       0.03346680  d_z2
   10   3   2   1      -0.01412654  d_xz
   10   3   2   2       0.03338138  d_x2-y2
   11   1   0   0       1.45304514  s
   11   2   1  -1       0.82577134  p_y
   11   2   1   0       0.82523957  p_z
   11   2   1   1       0.82548628  p_x
   11   3   2  -2      -0.01414954  d_xy
   11   3   2  -1       0.03328203  d_yz
   11   3   2   0       0.03341142  d_z2
   11   3   2   1      -0.01413064  d_xz
   11   3   2   2       0.03344536  d_x2-y2
   12   1   0   0       1.45323781  s
   12   2   1  -1       0.82508136  p_y
   12   2   1   0       0.82552364  p_z
   12   2   1   1       0.82477284  p_x
   12   3   2  -2      -0.01408448  d_xy
   12   3   2  -1       0.03340720  d_yz
   12   3   2   0       0.03358295  d_z2
   12   3   2   1      -0.01414605  d_xz
   12   3   2   2       0.03328550  d_x2-y2
   13   1   0   0       1.45325065  s
   13   2   1  -1       0.82480837  p_y
   13   2   1   0       0.82545316  p_z
   13   2   1   1       0.82416338  p_x
   13   3   2  -2      -0.01405399  d_xy
   13   3   2  -1       0.03350009  d_yz
   13   3   2   0       0.03371816  d_z2
   13   3   2   1      -0.01412627  d_xz
   13   3   2   2       0.03328614  d_x2-y2
   14   1   0   0       1.45304974  s
   14   2   1  -1       0.82550373  p_y
   14   2   1   0       0.82517835  p_z
   14   2   1   1       0.82489900  p_x
   14   3   2  -2      -0.01411922  d_xy
   14   3   2  -1       0.03337348  d_yz
   14   3   2   0       0.03354829  d_z2
   14   3   2   1      -0.01411395  d_xz
   14   3   2   2       0.03344037  d_x2-y2
   15   1   0   0       1.45613612  s
   15   2   1  -1       0.82453111  p_y
   15   2   1   0       0.82438563  p_z
   15   2   1   1       0.82388453  p_x
   15   3   2  -2      -0.01389488  d_xy
   15   3   2  -1       0.03313243  d_yz
   15   3   2   0       0.03334525  d_z2
   15   3   2   1      -0.01404925  d_xz
   15   3   2   2       0.03234728  d_x2-y2
   16   1   0   0       1.45614599  s
   16   2   1  -1       0.82361003  p_y
   16   2   1   0       0.82376793  p_z
   16   2   1   1       0.82354348  p_x
   16   3   2  -2      -0.01398916  d_xy
   16   3   2  -1       0.03337996  d_yz
   16   3   2   0       0.03254509  d_z2
   16   3   2   1      -0.01392268  d_xz
   16   3   2   2       0.03330152  d_x2-y2
   17   1   0   0       1.45290197  s
   17   2   1  -1       0.82429586  p_y
   17   2   1   0       0.82485421  p_z
   17   2   1   1       0.82429675  p_x
   17   3   2  -2      -0.01378092  d_xy
   17   3   2  -1       0.03423069  d_yz
   17   3   2   0       0.03366687  d_z2
   17   3   2   1      -0.01403476  d_xz
   17   3   2   2       0.03365191  d_x2-y2
   18   1   0   0       1.45301898  s
   18   2   1  -1       0.82446130  p_y
   18   2   1   0       0.82494512  p_z
   18   2   1   1       0.82442611  p_x
   18   3   2  -2      -0.01393425  d_xy
   18   3   2  -1       0.03421962  d_yz
   18   3   2   0       0.03368111  d_z2
   18   3   2   1      -0.01404816  d_xz
   18   3   2   2       0.03342823  d_x2-y2
   19   1   0   0       1.45327095  s
   19   2   1  -1       0.82478824  p_y
   19   2   1   0       0.82484047  p_z
   19   2   1   1       0.82480923  p_x
   19   3   2  -2      -0.01399015  d_xy
   19   3   2  -1       0.03349654  d_yz
   19   3   2   0       0.03295277  d_z2
   19   3   2   1      -0.01419323  d_xz
   19   3   2   2       0.03401060  d_x2-y2
   20   1   0   0       1.45281829  s
   20   2   1  -1       0.82546267  p_y
   20   2   1   0       0.82501365  p_z
   20   2   1   1       0.82457909  p_x
   20   3   2  -2      -0.01407810  d_xy
   20   3   2  -1       0.03335739  d_yz
   20   3   2   0       0.03425158  d_z2
   20   3   2   1      -0.01396055  d_xz
   20   3   2   2       0.03357827  d_x2-y2
   21   1   0   0       1.45303494  s
   21   2   1  -1       0.82541186  p_y
   21   2   1   0       0.82534911  p_z
   21   2   1   1       0.82494045  p_x
   21   3   2  -2      -0.01410201  d_xy
   21   3   2  -1       0.03339714  d_yz
   21   3   2   0       0.03353327  d_z2
   21   3   2   1      -0.01413559  d_xz
   21   3   2   2       0.03342493  d_x2-y2
   22   1   0   0       1.45304164  s
   22   2   1  -1       0.82539669  p_y
   22   2   1   0       0.82533840  p_z
   22   2   1   1       0.82492712  p_x
   22   3   2  -2      -0.01410196  d_xy
   22   3   2  -1       0.03339660  d_yz
   22   3   2   0       0.03353769  d_z2
   22   3   2   1      -0.01413602  d_xz
   22   3   2   2       0.03342465  d_x2-y2
   23   1   0   0       1.45326687  s
   23   2   1  -1       0.82477842  p_y
   23   2   1   0       0.82483247  p_z
   23   2   1   1       0.82480096  p_x
   23   3   2  -2      -0.01398907  d_xy
   23   3   2  -1       0.03349505  d_yz
   23   3   2   0       0.03296627  d_z2
   23   3   2   1      -0.01419044  d_xz
   23   3   2   2       0.03402465  d_x2-y2
   24   1   0   0       1.45281824  s
   24   2   1  -1       0.82546221  p_y
   24   2   1   0       0.82501566  p_z
   24   2   1   1       0.82457650  p_x
   24   3   2  -2      -0.01407850  d_xy
   24   3   2  -1       0.03335779  d_yz
   24   3   2   0       0.03425312  d_z2
   24   3   2   1      -0.01396073  d_xz
   24   3   2   2       0.03357664  d_x2-y2
   25   1   0   0       1.45614260  s
   25   2   1  -1       0.82393847  p_y
   25   2   1   0       0.82410330  p_z
   25   2   1   1       0.82381358  p_x
   25   3   2  -2      -0.01385905  d_xy
   25   3   2  -1       0.03326760  d_yz
   25   3   2   0       0.03334744  d_z2
   25   3   2   1      -0.01403821  d_xz
   25   3   2   2       0.03244028  d_x2-y2
   26   1   0   0       1.45323805  s
   26   2   1  -1       0.82482346  p_y
   26   2   1   0       0.82498306  p_z
   26   2   1   1       0.82465315  p_x
   26   3   2  -2      -0.01409660  d_xy
   26   3   2  -1       0.03349895  d_yz
   26   3   2   0       0.03358311  d_z2
   26   3   2   1      -0.01408669  d_xz
   26   3   2   2       0.03342127  d_x2-y2
   27   1   0   0       1.45325063  s
   27   2   1  -1       0.82453963  p_y
   27   2   1   0       0.82487416  p_z
   27   2   1   1       0.82410804  p_x
   27   3   2  -2      -0.01404920  d_xy
   27   3   2  -1       0.03359317  d_yz
   27   3   2   0       0.03371174  d_z2
   27   3   2   1      -0.01408423  d_xz
   27   3   2   2       0.03342145  d_x2-y2
   28   1   0   0       1.45297885  s
   28   2   1  -1       0.82554712  p_y
   28   2   1   0       0.82521923  p_z
   28   2   1   1       0.82500752  p_x
   28   3   2  -2      -0.01411126  d_xy
   28   3   2  -1       0.03340888  d_yz
   28   3   2   0       0.03348805  d_z2
   28   3   2   1      -0.01409520  d_xz
   28   3   2   2       0.03347728  d_x2-y2
   29   1   0   0       1.45297143  s
   29   2   1  -1       0.82582303  p_y
   29   2   1   0       0.82528944  p_z
   29   2   1   1       0.82560280  p_x
   29   3   2  -2      -0.01414232  d_xy
   29   3   2  -1       0.03331639  d_yz
   29   3   2   0       0.03334968  d_z2
   29   3   2   1      -0.01411296  d_xz
   29   3   2   2       0.03348031  d_x2-y2
   30   1   0   0       1.45324648  s
   30   2   1  -1       0.82480742  p_y
   30   2   1   0       0.82492707  p_z
   30   2   1   1       0.82469969  p_x
   30   3   2  -2      -0.01407861  d_xy
   30   3   2  -1       0.03349952  d_yz
   30   3   2   0       0.03357985  d_z2
   30   3   2   1      -0.01410232  d_xz
   30   3   2   2       0.03342400  d_x2-y2
   31   1   0   0       1.45030565  s
   31   2   1  -1       0.82606077  p_y
   31   2   1   0       0.82608582  p_z
   31   2   1   1       0.82588868  p_x
   31   3   2  -2      -0.01426600  d_xy
   31   3   2  -1       0.03360386  d_yz
   31   3   2   0       0.03368726  d_z2
   31   3   2   1      -0.01413258  d_xz
   31   3   2   2       0.03451118  d_x2-y2
   32   1   0   0       1.45323826  s
   32   2   1  -1       0.82516235  p_y
   32   2   1   0       0.82521191  p_z
   32   2   1   1       0.82504440  p_x
   32   3   2  -2      -0.01405604  d_xy
   32   3   2  -1       0.03338729  d_yz
   32   3   2   0       0.03346166  d_z2
   32   3   2   1      -0.01411429  d_xz
   32   3   2   2       0.03347284  d_x2-y2
   33   1   0   0       1.45348073  s
   33   2   1  -1       0.82520228  p_y
   33   2   1   0       0.82519794  p_z
   33   2   1   1       0.82467541  p_x
   33   3   2  -2      -0.01411172  d_xy
   33   3   2  -1       0.03278302  d_yz
   33   3   2   0       0.03356125  d_z2
   33   3   2   1      -0.01426978  d_xz
   33   3   2   2       0.03330313  d_x2-y2
   34   1   0   0       1.45303040  s
   34   2   1  -1       0.82444527  p_y
   34   2   1   0       0.82441009  p_z
   34   2   1   1       0.82491950  p_x
   34   3   2  -2      -0.01406856  d_xy
   34   3   2  -1       0.03422340  d_yz
   34   3   2   0       0.03343267  d_z2
   34   3   2   1      -0.01391189  d_xz
   34   3   2   2       0.03368026  d_x2-y2
   35   1   0   0       1.45308925  s
   35   2   1  -1       0.82490278  p_y
   35   2   1   0       0.82527339  p_z
   35   2   1   1       0.82489344  p_x
   35   3   2  -2      -0.01406755  d_xy
   35   3   2  -1       0.03344294  d_yz
   35   3   2   0       0.03346344  d_z2
   35   3   2   1      -0.01410120  d_xz
   35   3   2   2       0.03374401  d_x2-y2
   36   1   0   0       1.45325191  s
   36   2   1  -1       0.82479607  p_y
   36   2   1   0       0.82478672  p_z
   36   2   1   1       0.82480258  p_x
   36   3   2  -2      -0.01409442  d_xy
   36   3   2  -1       0.03350085  d_yz
   36   3   2   0       0.03348270  d_z2
   36   3   2   1      -0.01408463  d_xz
   36   3   2   2       0.03352137  d_x2-y2
   37   1   0   0       1.45345496  s
   37   2   1  -1       0.82421693  p_y
   37   2   1   0       0.82467629  p_z
   37   2   1   1       0.82427632  p_x
   37   3   2  -2      -0.01402556  d_xy
   37   3   2  -1       0.03360038  d_yz
   37   3   2   0       0.03357386  d_z2
   37   3   2   1      -0.01409707  d_xz
   37   3   2   2       0.03347405  d_x2-y2
   38   1   0   0       1.45304130  s
   38   2   1  -1       0.82539200  p_y
   38   2   1   0       0.82493008  p_z
   38   2   1   1       0.82533395  p_x
   38   3   2  -2      -0.01415378  d_xy
   38   3   2  -1       0.03339977  d_yz
   38   3   2   0       0.03342756  d_z2
   38   3   2   1      -0.01408236  d_xz
   38   3   2   2       0.03353315  d_x2-y2
   39   1   0   0       1.45341711  s
   39   2   1  -1       0.82467864  p_y
   39   2   1   0       0.82430414  p_z
   39   2   1   1       0.82468876  p_x
   39   3   2  -2      -0.01410071  d_xy
   39   3   2  -1       0.03355472  d_yz
   39   3   2   0       0.03353463  d_z2
   39   3   2   1      -0.01407484  d_xz
   39   3   2   2       0.03329007  d_x2-y2
   40   1   0   0       1.45325060  s
   40   2   1  -1       0.82479596  p_y
   40   2   1   0       0.82480614  p_z
   40   2   1   1       0.82479051  p_x
   40   3   2  -2      -0.01408480  d_xy
   40   3   2  -1       0.03350254  d_yz
   40   3   2   0       0.03352024  d_z2
   40   3   2   1      -0.01409454  d_xz
   40   3   2   2       0.03348165  d_x2-y2
   41   1   0   0       1.45325492  s
   41   2   1  -1       0.82387945  p_y
   41   2   1   0       0.82452077  p_z
   41   2   1   1       0.82415039  p_x
   41   3   2  -2      -0.01404613  d_xy
   41   3   2  -1       0.03375095  d_yz
   41   3   2   0       0.03361956  d_z2
   41   3   2   1      -0.01409842  d_xz
   41   3   2   2       0.03353789  d_x2-y2
   42   1   0   0       1.45324768  s
   42   2   1  -1       0.82481721  p_y
   42   2   1   0       0.82447553  p_z
   42   2   1   1       0.82513724  p_x
   42   3   2  -2      -0.01413476  d_xy
   42   3   2  -1       0.03350427  d_yz
   42   3   2   0       0.03343120  d_z2
   42   3   2   1      -0.01404625  d_xz
   42   3   2   2       0.03356851  d_x2-y2
   43   1   0   0       1.45332317  s
   43   2   1  -1       0.82475809  p_y
   43   2   1   0       0.82436778  p_z
   43   2   1   1       0.82508299  p_x
   43   3   2  -2      -0.01414392  d_xy
   43   3   2  -1       0.03346528  d_yz
   43   3   2   0       0.03338240  d_z2
   43   3   2   1      -0.01406155  d_xz
   43   3   2   2       0.03364617  d_x2-y2
   44   1   0   0       1.45351548  s
   44   2   1  -1       0.82407065  p_y
   44   2   1   0       0.82461445  p_z
   44   2   1   1       0.82440448  p_x
   44   3   2  -2      -0.01405054  d_xy
   44   3   2  -1       0.03358986  d_yz
   44   3   2   0       0.03352095  d_z2
   44   3   2   1      -0.01410434  d_xz
   44   3   2   2       0.03351976  d_x2-y2
   45   1   0   0       1.45343494  s
   45   2   1  -1       0.82412627  p_y
   45   2   1   0       0.82473766  p_z
   45   2   1   1       0.82446278  p_x
   45   3   2  -2      -0.01402832  d_xy
   45   3   2  -1       0.03362656  d_yz
   45   3   2   0       0.03355602  d_z2
   45   3   2   1      -0.01410134  d_xz
   45   3   2   2       0.03345928  d_x2-y2
   46   1   0   0       1.45324978  s
   46   2   1  -1       0.82480270  p_y
   46   2   1   0       0.82448147  p_z
   46   2   1   1       0.82513085  p_x
   46   3   2  -2      -0.01412002  d_xy
   46   3   2  -1       0.03350195  d_yz
   46   3   2   0       0.03341684  d_z2
   46   3   2   1      -0.01405902  d_xz
   46   3   2   2       0.03358486  d_x2-y2
   47   1   0   0       1.45324064  s
   47   2   1  -1       0.82540842  p_y
   47   2   1   0       0.82454488  p_z
   47   2   1   1       0.82541425  p_x
   47   3   2  -2      -0.01416559  d_xy
   47   3   2  -1       0.03336787  d_yz
   47   3   2   0       0.03333795  d_z2
   47   3   2   1      -0.01406392  d_xz
   47   3   2   2       0.03357140  d_x2-y2
   48   1   0   0       1.45324804  s
   48   2   1  -1       0.82447424  p_y
   48   2   1   0       0.82458371  p_z
   48   2   1   1       0.82441966  p_x
   48   3   2  -2      -0.01407606  d_xy
   48   3   2  -1       0.03361982  d_yz
   48   3   2   0       0.03352491  d_z2
   48   3   2   1      -0.01411725  d_xz
   48   3   2   2       0.03353825  d_x2-y2
   49   1   0   0       1.45348579  s
   49   2   1  -1       0.82519397  p_y
   49   2   1   0       0.82465907  p_z
   49   2   1   1       0.82519845  p_x
   49   3   2  -2      -0.01425344  d_xy
   49   3   2  -1       0.03278492  d_yz
   49   3   2   0       0.03330082  d_z2
   49   3   2   1      -0.01412564  d_xz
   49   3   2   2       0.03356597  d_x2-y2
   50   1   0   0       1.45349230  s
   50   2   1  -1       0.82518509  p_y
   50   2   1   0       0.82464910  p_z
   50   2   1   1       0.82518136  p_x
   50   3   2  -2      -0.01425333  d_xy
   50   3   2  -1       0.03278703  d_yz
   50   3   2   0       0.03330232  d_z2
   50   3   2   1      -0.01412629  d_xz
   50   3   2   2       0.03356569  d_x2-y2
   51   1   0   0       1.45369330  s
   51   2   1  -1       0.82413060  p_y
   51   2   1   0       0.82506859  p_z
   51   2   1   1       0.82460591  p_x
   51   3   2  -2      -0.01414129  d_xy
   51   3   2  -1       0.03363964  d_yz
   51   3   2   0       0.03340392  d_z2
   51   3   2   1      -0.01418120  d_xz
   51   3   2   2       0.03275158  d_x2-y2
   52   1   0   0       1.45324831  s
   52   2   1  -1       0.82480532  p_y
   52   2   1   0       0.82434168  p_z
   52   2   1   1       0.82527053  p_x
   52   3   2  -2      -0.01414435  d_xy
   52   3   2  -1       0.03350069  d_yz
   52   3   2   0       0.03336845  d_z2
   52   3   2   1      -0.01403476  d_xz
   52   3   2   2       0.03363584  d_x2-y2
   53   1   0   0       1.45345315  s
   53   2   1  -1       0.82422060  p_y
   53   2   1   0       0.82428113  p_z
   53   2   1   1       0.82468700  p_x
   53   3   2  -2      -0.01407815  d_xy
   53   3   2  -1       0.03360293  d_yz
   53   3   2   0       0.03346936  d_z2
   53   3   2   1      -0.01404423  d_xz
   53   3   2   2       0.03357477  d_x2-y2
   54   1   0   0       1.45345414  s
   54   2   1  -1       0.82421332  p_y
   54   2   1   0       0.82427245  p_z
   54   2   1   1       0.82468018  p_x
   54   3   2  -2      -0.01407695  d_xy
   54   3   2  -1       0.03360331  d_yz
   54   3   2   0       0.03346931  d_z2
   54   3   2   1      -0.01404388  d_xz
   54   3   2   2       0.03357683  d_x2-y2
   55   1   0   0       1.45369368  s
   55   2   1  -1       0.82412929  p_y
   55   2   1   0       0.82506547  p_z
   55   2   1   1       0.82460676  p_x
   55   3   2  -2      -0.01414155  d_xy
   55   3   2  -1       0.03364017  d_yz
   55   3   2   0       0.03340253  d_z2
   55   3   2   1      -0.01418143  d_xz
   55   3   2   2       0.03275313  d_x2-y2
   56   1   0   0       1.45324632  s
   56   2   1  -1       0.82480760  p_y
   56   2   1   0       0.82434751  p_z
   56   2   1   1       0.82527649  p_x
   56   3   2  -2      -0.01414458  d_xy
   56   3   2  -1       0.03350167  d_yz
   56   3   2   0       0.03336685  d_z2
   56   3   2   1      -0.01403509  d_xz
   56   3   2   2       0.03363437  d_x2-y2
   57   1   0   0       1.45325083  s
   57   2   1  -1       0.82480543  p_y
   57   2   1   0       0.82426701  p_z
   57   2   1   1       0.82534438  p_x
   57   3   2  -2      -0.01412779  d_xy
   57   3   2  -1       0.03350104  d_yz
   57   3   2   0       0.03333802  d_z2
   57   3   2   1      -0.01405154  d_xz
   57   3   2   2       0.03366694  d_x2-y2
   58   1   0   0       1.45031059  s
   58   2   1  -1       0.82570585  p_y
   58   2   1   0       0.82580924  p_z
   58   2   1   1       0.82552914  p_x
   58   3   2  -2      -0.01415074  d_xy
   58   3   2  -1       0.03372357  d_yz
   58   3   2   0       0.03461957  d_z2
   58   3   2   1      -0.01425624  d_xz
   58   3   2   2       0.03364718  d_x2-y2
   59   1   0   0       1.45344313  s
   59   2   1  -1       0.82385203  p_y
   59   2   1   0       0.82413634  p_z
   59   2   1   1       0.82439759  p_x
   59   3   2  -2      -0.01402149  d_xy
   59   3   2  -1       0.03372105  d_yz
   59   3   2   0       0.03355553  d_z2
   59   3   2   1      -0.01405814  d_xz
   59   3   2   2       0.03359298  d_x2-y2
   60   1   0   0       1.45317064  s
   60   2   1  -1       0.82485945  p_y
   60   2   1   0       0.82453494  p_z
   60   2   1   1       0.82525025  p_x
   60   3   2  -2      -0.01411208  d_xy
   60   3   2  -1       0.03353687  d_yz
   60   3   2   0       0.03335754  d_z2
   60   3   2   1      -0.01404158  d_xz
   60   3   2   2       0.03362202  d_x2-y2
   61   1   0   0       1.45324344  s
   61   2   1  -1       0.82481031  p_y
   61   2   1   0       0.82442079  p_z
   61   2   1   1       0.82520210  p_x
   61   3   2  -2      -0.01413576  d_xy
   61   3   2  -1       0.03350284  d_yz
   61   3   2   0       0.03332237  d_z2
   61   3   2   1      -0.01404363  d_xz
   61   3   2   2       0.03368276  d_x2-y2
   62   1   0   0       1.45352120  s
   62   2   1  -1       0.82380388  p_y
   62   2   1   0       0.82402035  p_z
   62   2   1   1       0.82434747  p_x
   62   3   2  -2      -0.01404467  d_xy
   62   3   2  -1       0.03368342  d_yz
   62   3   2   0       0.03351859  d_z2
   62   3   2   1      -0.01406189  d_xz
   62   3   2   2       0.03365204  d_x2-y2
   63   1   0   0       1.45031814  s
   63   2   1  -1       0.82510949  p_y
   63   2   1   0       0.82575255  p_z
   63   2   1   1       0.82526755  p_x
   63   3   2  -2      -0.01412132  d_xy
   63   3   2  -1       0.03385867  d_yz
   63   3   2   0       0.03471274  d_z2
   63   3   2   1      -0.01423512  d_xz
   63   3   2   2       0.03363952  d_x2-y2
   64   1   0   0       1.45325344  s
   64   2   1  -1       0.82421996  p_y
   64   2   1   0       0.82421075  p_z
   64   2   1   1       0.82508040  p_x
   64   3   2  -2      -0.01409762  d_xy
   64   3   2  -1       0.03363847  d_yz
   64   3   2   0       0.03342850  d_z2
   64   3   2   1      -0.01403484  d_xz
   64   3   2   2       0.03366119  d_x2-y2

Fermi level:                        -0.2096940514 H           -5.7061 eV
Band energy:                      -110.1729860003 H        -2997.9595 eV
TS:                                  0.0000000000 H            0.0000 eV
Band free energy (E-TS):          -110.1729860003 H        -2997.9595 eV
Extrapolated E(0K):               -110.1729860003 H        -2997.9595 eV
Input / Output electrons (q):    256.0000000001    256.0000000001

Energy H0:                        -109.5350752974 H        -2980.6011 eV
Energy SCC:                          0.2767563896 H            7.5309 eV
Total Electronic energy:          -109.2583189079 H        -2973.0701 eV
Repulsive energy:                    0.0000000000 H            0.0000 eV
Total energy:                     -109.2583189079 H        -2973.0701 eV
Extrapolated to 0:                -109.2583189079 H        -2973.0701 eV
Total Mermin free energy:         -109.2583189079 H        -2973.0701 eV
Force related energy:             -109.2583189079 H        -2973.0701 eV

SCC converged

Total Forces
    1      0.009970423674     -0.000007316094     -0.000222043134
    2      0.000352995751     -0.000010301176     -0.000229271074
    3      0.000301349099     -0.000000013475      0.000306489833
    4      0.000312751740      0.000014942933     -0.000053397981
    5      0.000103285207     -0.000003807052     -0.000052072580
    6      0.000113570025     -0.000004901290     -0.000051880755
    7      0.000325052251     -0.000000228678      0.000319462865
    8      0.000315062270      0.000013018290     -0.000035010814
    9     -0.004090856419      0.000363498916     -0.003998587129
   10      0.000043921009     -0.000025608772     -0.000038404511
   11      0.000014915453      0.000018161336      0.000061888547
   12      0.000062809455     -0.000031200201      0.000012873882
   13      0.000019750844      0.000002414919      0.000018947956
   14     -0.000027725428     -0.000051857061     -0.000030095987
   15      0.001638249265      0.001619188929     -0.002129956508
   16     -0.002129609142      0.001593196937      0.001552207411
   17     -0.000249427552      0.000011506026      0.009953174236
   18     -0.000229798578     -0.000010061143      0.000184417564
   19     -0.000219989950      0.000020863878     -0.000231958038
   20     -0.000042471218     -0.000251643423     -0.000225245760
   21     -0.000051921831      0.000005486289      0.000101401117
   22     -0.000052234612     -0.000004945363      0.000002899234
   23     -0.000239403496     -0.000014965345     -0.000249687625
   24     -0.000062540539      0.000251562263     -0.000234231548
   25     -0.001601224188     -0.001574699618     -0.002092829722
   26     -0.000039770658      0.000000859235     -0.000040760455
   27      0.000012110373      0.000032161872      0.000061218765
   28     -0.000030817816      0.000031613679     -0.000010338935
   29     -0.000073922483      0.000001909933      0.000043053909
   30     -0.000030160720     -0.000001969605     -0.000030056471
   31      0.001924649776     -0.001964050934     -0.002403324614
   32     -0.000011573310     -0.000017464434     -0.000071790175
   33      0.000199744513      0.000008485101     -0.000240849985
   34     -0.000248742715      0.000009049255     -0.000228997875
   35     -0.000052779572     -0.000012663608      0.000304036586
   36     -0.000048741552      0.000000006638     -0.000048367850
   37      0.000001158135      0.000004305666     -0.000051731588
   38     -0.000043167428      0.000004567296     -0.000052196098
   39     -0.000034525842     -0.000014644499      0.000320588047
   40     -0.000039366807     -0.000000203852     -0.000039117621
   41     -0.000042404639      0.000024504794      0.000044816703
   42      0.000019071530     -0.000001857803      0.000019472752
   43     -0.000028310234      0.000019515547     -0.000010542011
   44     -0.000012510692     -0.000029815889     -0.000028623907
   45     -0.000030562655      0.000047398862     -0.000032199906
   46     -0.000048145080     -0.000000707361     -0.000048691150
   47     -0.000014586893      0.000043881335      0.000013266789
   48     -0.000072319617      0.000017805040     -0.000013453331
   49     -0.000241402540      0.000008181187      0.000370297618
   50     -0.000241725516     -0.000009424999     -0.000266061075
   51     -0.000236128360      0.000267040492     -0.000043147998
   52     -0.000047030156     -0.000001831290     -0.000047708948
   53     -0.000052143086      0.000004377904      0.000110714171
   54     -0.000051753831     -0.000004747993     -0.000041218174
   55     -0.000245686103     -0.000267119444     -0.000059948762
   56     -0.000056880787      0.000001158230     -0.000056403042
   57      0.000046414822     -0.000001938746      0.000042082797
   58     -0.002376218764      0.001947279000     -0.001981078411
   59      0.000062470071     -0.000017713507      0.000010433921
   60     -0.000012007236     -0.000018275742     -0.000030765422
   61     -0.000031842481     -0.000002312484     -0.000028498525
   62      0.000043541455     -0.000000016864     -0.000070834234
   63     -0.002402750198     -0.001988224156      0.002007795890
   64      0.000011884004     -0.000041409882     -0.000010160867

Total stress tensor
     -0.000008849145     -0.000001878732     -0.000000004252
     -0.000001878732     -0.000008715396     -0.000001883910
     -0.000000004252     -0.000001883910     -0.000008849055

Total lattice derivs
      0.003685924844      0.000782546153      0.000001771199
      0.000782546153      0.003630214861      0.000784702974
      0.000001771199      0.000784702974      0.003685887315

Maximal derivative component:        0.997042E-02 au

Volume:                              0.850096E+04 au^3
Pressure:                           -0.880453E-05 au    -0.259038E+09 Pa

Warning: dipole moment is not defined absolutely!
Dipole moment:    0.10037713   -0.00677256   -0.03775139 au
Dipole moment:    0.25513325   -0.01721414   -0.09595446 Debye


