*****************************************************************
    displace.py --  Generator of displaced configurations        
                      Version. 1.2.1                             
*****************************************************************

 Output format                  : LAMMPS structure format
 Structure before displacements : ../Si222.lammps
 Output file names              : harm{counter}.lammps
 Magnitude of displacements     : 0.01 Angstrom
 Number of atoms                : 64

 Displacement mode              : Finite displacement

 1 displacement pattern are generated from
 the given *.pattern_* files

 Number of displacements        : 1
-----------------------------------------------------------------

All input files are created.
*****************************************************************
    displace.py --  Generator of displaced configurations        
                      Version. 1.2.1                             
*****************************************************************

 Output format                  : LAMMPS structure format
 Structure before displacements : ../Si222.lammps
 Output file names              : cubic{counter}.lammps
 Magnitude of displacements     : 0.04 Angstrom
 Number of atoms                : 64

 Displacement mode              : Finite displacement

 20 displacement pattern are generated from
 the given *.pattern_* files

 Number of displacements        : 20
-----------------------------------------------------------------

All input files are created.
*****************************************************************
    displace.py --  Generator of displaced configurations        
                      Version. 1.2.1                             
*****************************************************************

 Output format                  : LAMMPS structure format
 Structure before displacements : ../Si222.lammps
 Output file names              : harm{counter}.lammps
 Magnitude of displacements     : 0.01 Angstrom
 Number of atoms                : 64

 Displacement mode              : Finite displacement

 1 displacement pattern are generated from
 the given *.pattern_* files

 Number of displacements        : 1
-----------------------------------------------------------------

All input files are created.
*****************************************************************
    displace.py --  Generator of displaced configurations        
                      Version. 1.2.1                             
*****************************************************************

 Output format                  : LAMMPS structure format
 Structure before displacements : ../Si222.lammps
 Output file names              : cubic{counter}.lammps
 Magnitude of displacements     : 0.04 Angstrom
 Number of atoms                : 64

 Displacement mode              : Finite displacement

 20 displacement pattern are generated from
 the given *.pattern_* files

 Number of displacements        : 20
-----------------------------------------------------------------

All input files are created.
*****************************************************************
    displace.py --  Generator of displaced configurations        
                      Version. 1.2.1                             
*****************************************************************

 Output format                  : LAMMPS structure format
 Structure before displacements : ../Si222.lammps
 Output file names              : harm{counter}.lammps
 Magnitude of displacements     : 0.01 Angstrom
 Number of atoms                : 64

 Displacement mode              : Finite displacement

 1 displacement pattern are generated from
 the given *.pattern_* files

 Number of displacements        : 1
-----------------------------------------------------------------

All input files are created.
*****************************************************************
    displace.py --  Generator of displaced configurations        
                      Version. 1.2.1                             
*****************************************************************

 Output format                  : LAMMPS structure format
 Structure before displacements : ../Si222.lammps
 Output file names              : cubic{counter}.lammps
 Magnitude of displacements     : 0.04 Angstrom
 Number of atoms                : 64

 Displacement mode              : Finite displacement

 20 displacement pattern are generated from
 the given *.pattern_* files

 Number of displacements        : 20
-----------------------------------------------------------------

All input files are created.
*****************************************************************
    displace.py --  Generator of displaced configurations        
                      Version. 1.2.1                             
*****************************************************************

 Output format                  : LAMMPS structure format
 Structure before displacements : ../Si222.lammps
 Output file names              : harm{counter}.lammps
 Magnitude of displacements     : 0.01 Angstrom
 Number of atoms                : 64

 Displacement mode              : Finite displacement

 1 displacement pattern are generated from
 the given *.pattern_* files

 Number of displacements        : 1
-----------------------------------------------------------------

All input files are created.
*****************************************************************
    displace.py --  Generator of displaced configurations        
                      Version. 1.2.1                             
*****************************************************************

 Output format                  : LAMMPS structure format
 Structure before displacements : ../Si222.lammps
 Output file names              : cubic{counter}.lammps
 Magnitude of displacements     : 0.04 Angstrom
 Number of atoms                : 64

 Displacement mode              : Finite displacement

 20 displacement pattern are generated from
 the given *.pattern_* files

 Number of displacements        : 20
-----------------------------------------------------------------

All input files are created.
*****************************************************************
    displace.py --  Generator of displaced configurations        
                      Version. 1.2.1                             
*****************************************************************

 Output format                  : LAMMPS structure format
 Structure before displacements : ../Si222.lammps
 Output file names              : harm{counter}.lammps
 Magnitude of displacements     : 0.01 Angstrom
 Number of atoms                : 64

 Displacement mode              : Finite displacement

 1 displacement pattern are generated from
 the given *.pattern_* files

 Number of displacements        : 1
-----------------------------------------------------------------

All input files are created.
*****************************************************************
    displace.py --  Generator of displaced configurations        
                      Version. 1.2.1                             
*****************************************************************

 Output format                  : LAMMPS structure format
 Structure before displacements : ../Si222.lammps
 Output file names              : cubic{counter}.lammps
 Magnitude of displacements     : 0.04 Angstrom
 Number of atoms                : 64

 Displacement mode              : Finite displacement

 20 displacement pattern are generated from
 the given *.pattern_* files

 Number of displacements        : 20
-----------------------------------------------------------------

All input files are created.
