 +-----------------------------------------------------------------+
 +                         Program ANPHON                          +
 +                             Ver.  1.4.1                         +
 +-----------------------------------------------------------------+

 Job started at Sun Jul 10 10:23:43 2022

 The number of MPI processes: 1
 The number of OpenMP threads: 4


 Input variables:
 -----------------------------------------------------------------
 General:
  PREFIX = si222_scph
  MODE = SCPH
  FCSXML = si222_anharm.xml

  NKD = 1; KD =   Si
  MASS =    28.0855
  NSYM = 0; TOLERANCE = 0.001; PRINTSYM = 0

  NONANALYTIC = 0

  TMIN = 0; TMAX = 1000; DT = 50
  EMIN = -100; EMAX = 850; DELTA_E = 1

  ISMEAR = -1; EPSILON = 10

  CLASSICAL = 0
  BCONNECT = 0

 Scph:
  KMESH_INTERPOLATE =     2    2    2
  KMESH_SCPH        =     2    2    2
  SELF_OFFDIAG = 0
  IALGO = 0

  RESTART_SCPH = 1
  LOWER_TEMP = 1
  WARMSTART = 1

  TOL_SCPH = 1e-10
  MAXITER = 1000
  MIXALPHA = 0.2

 Kpoint:
  KPMODE (1st entry for &kpoint) = 2


 Analysis:


 -----------------------------------------------------------------

                        MODE = SCPH                           
                                                             
      Self-consistent phonon calculation to estimate         
      anharmonic phonon frequencies.                         
      Harmonic and quartic force constants will be used.  

 -----------------------------------------------------------------

 Crystal structure
 =================

 Lattice Vectors:

 * Supercell (from si222_anharm.xml )

    2.040600e+01   0.000000e+00   0.000000e+00 : a1
    0.000000e+00   2.040600e+01   0.000000e+00 : a2
    0.000000e+00   0.000000e+00   2.040600e+01 : a3

    3.079087e-01   0.000000e+00   0.000000e+00 : b1
    0.000000e+00   3.079087e-01   0.000000e+00 : b2
    0.000000e+00   0.000000e+00   3.079087e-01 : b3

 * Primitive cell 

    0.000000e+00   5.101500e+00   5.101500e+00 : a1
    5.101500e+00   0.000000e+00   5.101500e+00 : a2
    5.101500e+00   5.101500e+00   0.000000e+00 : a3

   -6.158174e-01   6.158174e-01   6.158174e-01 : b1
    6.158174e-01  -6.158174e-01   6.158174e-01 : b2
    6.158174e-01   6.158174e-01  -6.158174e-01 : b3


  Volume of the primitive cell : 2.655362e+02 (a.u.)^3

  Number of atoms in the supercell     : 64
  Number of atoms in the primitive cell: 2

  Atomic positions in the primitive cell (fractional):
   1:   0.000000e+00   0.000000e+00   0.000000e+00  Si
   2:   2.500000e-01   2.500000e-01   2.500000e-01  Si

  Mass of atomic species (u):
  Si:   28.085500


 Symmetry
 ========

  NSYM = 0 is given: Trying to find symmetry operations.
  Number of symmetry operations : 48

 k points
 ========

  KPMODE = 2: Uniform grid
  Gamma-centered uniform grid with the following mesh density: 
  nk1:  10
  nk2:  10
  nk3:  10

  Number of k points : 1000
  Number of irreducible k points : 47

  List of irreducible k points (reciprocal coordinate, weight) : 
      1:   0.00000e+00   0.00000e+00   0.00000e+00   0.001000
      2:   0.00000e+00   0.00000e+00   1.00000e-01   0.008000
      3:   0.00000e+00   0.00000e+00   2.00000e-01   0.008000
      4:   0.00000e+00   0.00000e+00   3.00000e-01   0.008000
      5:   0.00000e+00   0.00000e+00   4.00000e-01   0.008000
      6:   0.00000e+00   0.00000e+00  -5.00000e-01   0.004000
      7:   0.00000e+00   1.00000e-01   1.00000e-01   0.006000
      8:   0.00000e+00   1.00000e-01   2.00000e-01   0.024000
      9:   0.00000e+00   1.00000e-01   3.00000e-01   0.024000
     10:   0.00000e+00   1.00000e-01   4.00000e-01   0.024000
     11:   0.00000e+00   1.00000e-01  -5.00000e-01   0.024000
     12:   0.00000e+00   1.00000e-01  -4.00000e-01   0.024000
     13:   0.00000e+00   1.00000e-01  -3.00000e-01   0.024000
     14:   0.00000e+00   1.00000e-01  -2.00000e-01   0.024000
     15:   0.00000e+00   1.00000e-01  -1.00000e-01   0.012000
     16:   0.00000e+00   2.00000e-01   2.00000e-01   0.006000
     17:   0.00000e+00   2.00000e-01   3.00000e-01   0.024000
     18:   0.00000e+00   2.00000e-01   4.00000e-01   0.024000
     19:   0.00000e+00   2.00000e-01  -5.00000e-01   0.024000
     20:   0.00000e+00   2.00000e-01  -4.00000e-01   0.024000
     21:   0.00000e+00   2.00000e-01  -3.00000e-01   0.024000
     22:   0.00000e+00   2.00000e-01  -2.00000e-01   0.012000
     23:   0.00000e+00   3.00000e-01   3.00000e-01   0.006000
     24:   0.00000e+00   3.00000e-01   4.00000e-01   0.024000
     25:   0.00000e+00   3.00000e-01  -5.00000e-01   0.024000
     26:   0.00000e+00   3.00000e-01  -4.00000e-01   0.024000
     27:   0.00000e+00   3.00000e-01  -3.00000e-01   0.012000
     28:   0.00000e+00   4.00000e-01   4.00000e-01   0.006000
     29:   0.00000e+00   4.00000e-01  -5.00000e-01   0.024000
     30:   0.00000e+00   4.00000e-01  -4.00000e-01   0.012000
     31:   0.00000e+00  -5.00000e-01  -5.00000e-01   0.003000
     32:   1.00000e-01   2.00000e-01   3.00000e-01   0.024000
     33:   1.00000e-01   2.00000e-01   4.00000e-01   0.048000
     34:   1.00000e-01   2.00000e-01  -5.00000e-01   0.048000
     35:   1.00000e-01   2.00000e-01  -4.00000e-01   0.024000
     36:   1.00000e-01   3.00000e-01   4.00000e-01   0.024000
     37:   1.00000e-01   3.00000e-01  -5.00000e-01   0.048000
     38:   1.00000e-01   3.00000e-01  -4.00000e-01   0.048000
     39:   1.00000e-01   3.00000e-01  -3.00000e-01   0.048000
     40:   1.00000e-01   3.00000e-01  -2.00000e-01   0.024000
     41:   1.00000e-01   4.00000e-01  -5.00000e-01   0.024000
     42:   1.00000e-01   4.00000e-01  -4.00000e-01   0.048000
     43:   1.00000e-01   4.00000e-01  -3.00000e-01   0.024000
     44:   1.00000e-01  -5.00000e-01  -4.00000e-01   0.012000
     45:   2.00000e-01   4.00000e-01  -4.00000e-01   0.024000
     46:   2.00000e-01   4.00000e-01  -3.00000e-01   0.024000
     47:   2.00000e-01  -5.00000e-01  -3.00000e-01   0.012000

 Force constant
 ==============

  Reading force constants from the XML file ... done !
  Number of non-zero IFCs for 2 order: 306
  Number of non-zero IFCs for 3 order: 2964
  Number of non-zero IFCs for 4 order: 24450

  Maximum deviation from the translational invariance: 
   Order 2 : 1.804112e-16
   Order 3 : 2.220446e-16
   Order 4 : 5.551115e-16


 Dynamical matrix
 ================

  NONANALYTIC = 0 : No non-analytic correction. 


 -----------------------------------------------------------------


 ISMEAR = -1: Tetrahedron method will be used.

 Now, move on to phonon calculations.

 Diagonalizing dynamical matrices for all k points ... done!
 Setting up the SCPH calculations ...

  Gamma-centered uniform grid with the following mesh density:
  nk1:    2
  nk2:    2
  nk3:    2

  Number of k points : 8
  Number of irreducible k points : 3

  Fourier interpolation from reciprocal to real space
  will be performed with the following mesh density:
  nk1:    2
  nk2:    2
  nk3:    2

  Number of k points : 8
  Number of irreducible k points : 3

 Diagonalizing dynamical matrices for all k points ... done !
 Preparing for calculating V4  ... done!
 RESTART_SCPH is true.
 Dynamical matrix is read from file ... done.

 Running postprocess of SCPH (calculation of free energy, MSD, DOS)
 The number of temperature points:   21
   .....................

  si222_scph.scph_dos    : SCPH DOS
  si222_scph.scph_thermo : SCPH heat capcaity and free energy
  si222_scph.scph_msd    : Mean-square-displacement (SCPH level)

 Job finished at Sun Jul 10 10:24:25 2022

