 +-----------------------------------------------------------------+
 +                         Program ALM                             +
 +                             Ver.  1.4.1                         +
 +-----------------------------------------------------------------+

 Number of OpenMP threads = 1

 Job started at Fri May 31 13:33:47 2024


 Input variables:
 -------------------------------------------------------------------
 General:
  PREFIX = sc222
  MODE = suggest
  NAT = 128; NKD = 2
  PRINTSYM = 0; TOLERANCE = 0.001
  KD =   Mn  Si
  FCSYM_BASIS = Lattice
  PERIODIC =   1  1  1
  MAGMOM = 
  FCS_ALAMODE = 1;  NMAXSAVE = 5
  FC3_SHENGBTE = 0
  FC2_QEFC = 0
  HESSIAN = 0
  FC_ZERO_THR = 0

 Interaction:
  NORDER = 2
  NBODY =   2  3

  DBASIS = CART

 -------------------------------------------------------------------

 SYSTEM
 ======

  Lattice Vector
    2.137916e+01   0.000000e+00   0.000000e+00 : a1
    0.000000e+00   2.137916e+01   0.000000e+00 : a2
    0.000000e+00   0.000000e+00   2.137916e+01 : a3

  Cell volume = 9.771737e+03

  Reciprocal Lattice Vector
    2.938930e-01   0.000000e+00   0.000000e+00 : b1
    0.000000e+00   2.938930e-01   0.000000e+00 : b2
    0.000000e+00   0.000000e+00   2.938930e-01 : b3

  Atomic species:
     1   Mn
     2   Si

  Atomic positions in fractional basis and atomic species
     1   1.250000e-01   3.750000e-01   3.750000e-01    1
     2   1.250000e-01   3.750000e-01   8.750000e-01    1
     3   1.250000e-01   8.750000e-01   3.750000e-01    1
     4   1.250000e-01   8.750000e-01   8.750000e-01    1
     5   6.250000e-01   3.750000e-01   3.750000e-01    1
     6   6.250000e-01   3.750000e-01   8.750000e-01    1
     7   6.250000e-01   8.750000e-01   3.750000e-01    1
     8   6.250000e-01   8.750000e-01   8.750000e-01    1
     9   1.250000e-01   1.250000e-01   3.750000e-01    1
    10   1.250000e-01   1.250000e-01   8.750000e-01    1
    11   1.250000e-01   6.250000e-01   3.750000e-01    1
    12   1.250000e-01   6.250000e-01   8.750000e-01    1
    13   6.250000e-01   1.250000e-01   3.750000e-01    1
    14   6.250000e-01   1.250000e-01   8.750000e-01    1
    15   6.250000e-01   6.250000e-01   3.750000e-01    1
    16   6.250000e-01   6.250000e-01   8.750000e-01    1
    17   2.500000e-01   0.000000e+00   0.000000e+00    1
    18   2.500000e-01   0.000000e+00   5.000000e-01    1
    19   2.500000e-01   5.000000e-01   0.000000e+00    1
    20   2.500000e-01   5.000000e-01   5.000000e-01    1
    21   7.500000e-01   0.000000e+00   0.000000e+00    1
    22   7.500000e-01   0.000000e+00   5.000000e-01    1
    23   7.500000e-01   5.000000e-01   0.000000e+00    1
    24   7.500000e-01   5.000000e-01   5.000000e-01    1
    25   1.250000e-01   1.250000e-01   1.250000e-01    1
    26   1.250000e-01   1.250000e-01   6.250000e-01    1
    27   1.250000e-01   6.250000e-01   1.250000e-01    1
    28   1.250000e-01   6.250000e-01   6.250000e-01    1
    29   6.250000e-01   1.250000e-01   1.250000e-01    1
    30   6.250000e-01   1.250000e-01   6.250000e-01    1
    31   6.250000e-01   6.250000e-01   1.250000e-01    1
    32   6.250000e-01   6.250000e-01   6.250000e-01    1
    33   1.250000e-01   3.750000e-01   1.250000e-01    1
    34   1.250000e-01   3.750000e-01   6.250000e-01    1
    35   1.250000e-01   8.750000e-01   1.250000e-01    1
    36   1.250000e-01   8.750000e-01   6.250000e-01    1
    37   6.250000e-01   3.750000e-01   1.250000e-01    1
    38   6.250000e-01   3.750000e-01   6.250000e-01    1
    39   6.250000e-01   8.750000e-01   1.250000e-01    1
    40   6.250000e-01   8.750000e-01   6.250000e-01    1
    41   2.500000e-01   2.500000e-01   2.500000e-01    1
    42   2.500000e-01   2.500000e-01   7.500000e-01    1
    43   2.500000e-01   7.500000e-01   2.500000e-01    1
    44   2.500000e-01   7.500000e-01   7.500000e-01    1
    45   7.500000e-01   2.500000e-01   2.500000e-01    1
    46   7.500000e-01   2.500000e-01   7.500000e-01    1
    47   7.500000e-01   7.500000e-01   2.500000e-01    1
    48   7.500000e-01   7.500000e-01   7.500000e-01    1
    49   3.750000e-01   3.750000e-01   1.250000e-01    1
    50   3.750000e-01   3.750000e-01   6.250000e-01    1
    51   3.750000e-01   8.750000e-01   1.250000e-01    1
    52   3.750000e-01   8.750000e-01   6.250000e-01    1
    53   8.750000e-01   3.750000e-01   1.250000e-01    1
    54   8.750000e-01   3.750000e-01   6.250000e-01    1
    55   8.750000e-01   8.750000e-01   1.250000e-01    1
    56   8.750000e-01   8.750000e-01   6.250000e-01    1
    57   3.750000e-01   1.250000e-01   1.250000e-01    1
    58   3.750000e-01   1.250000e-01   6.250000e-01    1
    59   3.750000e-01   6.250000e-01   1.250000e-01    1
    60   3.750000e-01   6.250000e-01   6.250000e-01    1
    61   8.750000e-01   1.250000e-01   1.250000e-01    1
    62   8.750000e-01   1.250000e-01   6.250000e-01    1
    63   8.750000e-01   6.250000e-01   1.250000e-01    1
    64   8.750000e-01   6.250000e-01   6.250000e-01    1
    65   0.000000e+00   0.000000e+00   2.500000e-01    1
    66   0.000000e+00   0.000000e+00   7.500000e-01    1
    67   0.000000e+00   5.000000e-01   2.500000e-01    1
    68   0.000000e+00   5.000000e-01   7.500000e-01    1
    69   5.000000e-01   0.000000e+00   2.500000e-01    1
    70   5.000000e-01   0.000000e+00   7.500000e-01    1
    71   5.000000e-01   5.000000e-01   2.500000e-01    1
    72   5.000000e-01   5.000000e-01   7.500000e-01    1
    73   3.750000e-01   1.250000e-01   3.750000e-01    1
    74   3.750000e-01   1.250000e-01   8.750000e-01    1
    75   3.750000e-01   6.250000e-01   3.750000e-01    1
    76   3.750000e-01   6.250000e-01   8.750000e-01    1
    77   8.750000e-01   1.250000e-01   3.750000e-01    1
    78   8.750000e-01   1.250000e-01   8.750000e-01    1
    79   8.750000e-01   6.250000e-01   3.750000e-01    1
    80   8.750000e-01   6.250000e-01   8.750000e-01    1
    81   3.750000e-01   3.750000e-01   3.750000e-01    1
    82   3.750000e-01   3.750000e-01   8.750000e-01    1
    83   3.750000e-01   8.750000e-01   3.750000e-01    1
    84   3.750000e-01   8.750000e-01   8.750000e-01    1
    85   8.750000e-01   3.750000e-01   3.750000e-01    1
    86   8.750000e-01   3.750000e-01   8.750000e-01    1
    87   8.750000e-01   8.750000e-01   3.750000e-01    1
    88   8.750000e-01   8.750000e-01   8.750000e-01    1
    89   0.000000e+00   2.500000e-01   0.000000e+00    1
    90   0.000000e+00   2.500000e-01   5.000000e-01    1
    91   0.000000e+00   7.500000e-01   0.000000e+00    1
    92   0.000000e+00   7.500000e-01   5.000000e-01    1
    93   5.000000e-01   2.500000e-01   0.000000e+00    1
    94   5.000000e-01   2.500000e-01   5.000000e-01    1
    95   5.000000e-01   7.500000e-01   0.000000e+00    1
    96   5.000000e-01   7.500000e-01   5.000000e-01    1
    97   0.000000e+00   0.000000e+00   0.000000e+00    2
    98   0.000000e+00   0.000000e+00   5.000000e-01    2
    99   0.000000e+00   5.000000e-01   0.000000e+00    2
   100   0.000000e+00   5.000000e-01   5.000000e-01    2
   101   5.000000e-01   0.000000e+00   0.000000e+00    2
   102   5.000000e-01   0.000000e+00   5.000000e-01    2
   103   5.000000e-01   5.000000e-01   0.000000e+00    2
   104   5.000000e-01   5.000000e-01   5.000000e-01    2
   105   0.000000e+00   2.500000e-01   2.500000e-01    2
   106   0.000000e+00   2.500000e-01   7.500000e-01    2
   107   0.000000e+00   7.500000e-01   2.500000e-01    2
   108   0.000000e+00   7.500000e-01   7.500000e-01    2
   109   5.000000e-01   2.500000e-01   2.500000e-01    2
   110   5.000000e-01   2.500000e-01   7.500000e-01    2
   111   5.000000e-01   7.500000e-01   2.500000e-01    2
   112   5.000000e-01   7.500000e-01   7.500000e-01    2
   113   2.500000e-01   0.000000e+00   2.500000e-01    2
   114   2.500000e-01   0.000000e+00   7.500000e-01    2
   115   2.500000e-01   5.000000e-01   2.500000e-01    2
   116   2.500000e-01   5.000000e-01   7.500000e-01    2
   117   7.500000e-01   0.000000e+00   2.500000e-01    2
   118   7.500000e-01   0.000000e+00   7.500000e-01    2
   119   7.500000e-01   5.000000e-01   2.500000e-01    2
   120   7.500000e-01   5.000000e-01   7.500000e-01    2
   121   2.500000e-01   2.500000e-01   0.000000e+00    2
   122   2.500000e-01   2.500000e-01   5.000000e-01    2
   123   2.500000e-01   7.500000e-01   0.000000e+00    2
   124   2.500000e-01   7.500000e-01   5.000000e-01    2
   125   7.500000e-01   2.500000e-01   0.000000e+00    2
   126   7.500000e-01   2.500000e-01   5.000000e-01    2
   127   7.500000e-01   7.500000e-01   0.000000e+00    2
   128   7.500000e-01   7.500000e-01   5.000000e-01    2


  Time Elapsed: 0.029388 sec.

 -------------------------------------------------------------------

 SYMMETRY
 ========

  Space group: Fm-3m (225)
  Number of symmetry operations = 1536

  Given system is not a primitive cell.
  There are    32 translation operations.
  Primitive cell contains 4 atoms

  **Cell-Atom Correspondens Below**
  CELL |  ATOM
     1 |     1    9   17   97
     2 |     2   10   18   98
     3 |    28   34   41  105
     4 |    27   33   42  106
     5 |     3   11   19   99
     6 |     4   12   20  100
     7 |    26   36   43  107
     8 |    25   35   44  108
     9 |    50   58   69  113
    10 |    49   57   70  114
    11 |    75   81   93  121
    12 |    76   82   94  122
    13 |    52   60   71  115
    14 |    51   59   72  116
    15 |    73   83   95  123
    16 |    74   84   96  124
    17 |     5   13   21  101
    18 |     6   14   22  102
    19 |    32   38   45  109
    20 |    31   37   46  110
    21 |     7   15   23  103
    22 |     8   16   24  104
    23 |    30   40   47  111
    24 |    29   39   48  112
    25 |    54   62   65  117
    26 |    53   61   66  118
    27 |    79   85   89  125
    28 |    80   86   90  126
    29 |    56   64   67  119
    30 |    55   63   68  120
    31 |    77   87   91  127
    32 |    78   88   92  128

  Time Elapsed: 0.392523 sec.

 -------------------------------------------------------------------

 INTERACTION
 ===========

  +++ Cutoff Radii Matrix (NKD x NKD matrix) +++
   HARMONIC
       12       12
       12       12

    ANHARM3
       12       12
       12       12


  List of neighboring atoms below.
  Format [N th-nearest shell, distance (Number of atoms on the shell)]

    1 ( Mn):   1   4.62872 (  8) -  20( Mn) 100( Si)  67( Mn)  90( Mn)
                                   115( Si) 122( Si)  41( Mn) 105( Si)
               2   5.34479 (  6) -  85( Mn)  11( Mn)  34( Mn)   9( Mn)
                                    33( Mn)  81( Mn)
               3   7.55867 ( 12) -  54( Mn)  79( Mn)  28( Mn)  53( Mn)
                                    77( Mn)  26( Mn)  27( Mn)  50( Mn)
                                    75( Mn)  25( Mn)  49( Mn)  73( Mn)
               4   8.86333 ( 24) -  24( Mn) 119( Si) 126( Si)  45( Mn)
                                    68( Mn)  92( Mn) 116( Si) 124( Si)
                                    42( Mn)  43( Mn) 106( Si) 107( Si)
                                    18( Mn)  19( Mn)  98( Si)  99( Si)
                                   104( Si)  65( Mn)  71( Mn)  89( Mn)
                                    94( Mn) 113( Si) 121( Si) 109( Si)
               5   9.25745 (  8) -  64( Mn)  62( Mn)  63( Mn)  60( Mn)
                                    61( Mn)  58( Mn)  59( Mn)  57( Mn)
               6   10.6896 (  3) -   5( Mn)   2( Mn)   3( Mn)
               7   11.6487 ( 24) - 120( Si) 128( Si)  46( Mn)  47( Mn)
                                    22( Mn)  23( Mn)  44( Mn) 108( Si)
                                   117( Si) 125( Si)  66( Mn)  72( Mn)
                                    91( Mn)  96( Mn) 114( Si) 123( Si)
                                   110( Si) 111( Si)  17( Mn)  97( Si)
                                   102( Si) 103( Si)  69( Mn)  93( Mn)
               8   11.9513 ( 12) -  15( Mn)  38( Mn)  13( Mn)  37( Mn)
                                    86( Mn)  87( Mn)  12( Mn)  36( Mn)
                                    10( Mn)  35( Mn)  82( Mn)  83( Mn)
               9    13.092 ( 12) -  32( Mn)  30( Mn)  31( Mn)  56( Mn)
                                    80( Mn)  29( Mn)  55( Mn)  78( Mn)
                                    52( Mn)  76( Mn)  51( Mn)  74( Mn)
              10   13.8862 (  8) -  48( Mn) 118( Si) 127( Si)  21( Mn)
                                   112( Si)  70( Mn)  95( Mn) 101( Si)
              11   15.1173 (  3) -   6( Mn)   7( Mn)   4( Mn)
              12   16.0344 (  6) -  16( Mn)  40( Mn)  14( Mn)  39( Mn)
                                    88( Mn)  84( Mn)
              13   18.5149 (  1) -   8( Mn)

    9 ( Mn):   1   4.62872 (  8) -  18( Mn)  90( Mn)  98( Si) 122( Si)
                                    41( Mn)  65( Mn) 105( Si) 113( Si)
               2   5.34479 (  6) -   3( Mn)  77( Mn)  26( Mn)   1( Mn)
                                    25( Mn)  73( Mn)
               3   7.55867 ( 12) -  87( Mn)  36( Mn)  62( Mn)  35( Mn)
                                    61( Mn)  83( Mn)  85( Mn)  34( Mn)
                                    58( Mn)  33( Mn)  57( Mn)  81( Mn)
               4   8.86333 ( 24) -  22( Mn)  92( Mn) 124( Si) 126( Si)
                                    43( Mn)  45( Mn) 107( Si) 117( Si)
                                    42( Mn)  66( Mn) 106( Si) 114( Si)
                                    17( Mn)  20( Mn)  89( Mn)  94( Mn)
                                    97( Si) 100( Si) 102( Si) 121( Si)
                                    67( Mn)  69( Mn) 109( Si) 115( Si)
               5   9.25745 (  8) -  56( Mn)  55( Mn)  52( Mn)  54( Mn)
                                    51( Mn)  53( Mn)  50( Mn)  49( Mn)
               6   10.6896 (  3) -  11( Mn)  13( Mn)  10( Mn)
               7   11.6487 ( 24) - 128( Si)  47( Mn)  44( Mn)  46( Mn)
                                   108( Si) 118( Si)  21( Mn)  24( Mn)
                                    91( Mn)  96( Mn) 123( Si) 125( Si)
                                   111( Si) 119( Si)  68( Mn)  70( Mn)
                                   110( Si) 116( Si)  19( Mn)  93( Mn)
                                    99( Si) 101( Si) 104( Si)  71( Mn)
               8   11.9513 ( 12) -   7( Mn)  79( Mn)  28( Mn)  30( Mn)
                                     4( Mn)   5( Mn)  27( Mn)  29( Mn)
                                    75( Mn)  78( Mn)   2( Mn)  74( Mn)
               9    13.092 ( 12) -  40( Mn)  64( Mn)  39( Mn)  63( Mn)
                                    88( Mn)  38( Mn)  60( Mn)  37( Mn)
                                    59( Mn)  84( Mn)  86( Mn)  82( Mn)
              10   13.8862 (  8) -  48( Mn) 127( Si) 112( Si) 120( Si)
                                    23( Mn)  95( Mn)  72( Mn) 103( Si)
              11   15.1173 (  3) -  15( Mn)  12( Mn)  14( Mn)
              12   16.0344 (  6) -  32( Mn)   8( Mn)  31( Mn)  80( Mn)
                                     6( Mn)  76( Mn)
              13   18.5149 (  1) -  16( Mn)

   17 ( Mn):   1   4.62872 (  8) -   4( Mn)  10( Mn)  35( Mn)  84( Mn)
                                    25( Mn)  51( Mn)  74( Mn)  57( Mn)
               2   5.34479 (  6) - 114( Si) 123( Si)  97( Si) 113( Si)
                                   121( Si) 101( Si)
               3   7.55867 ( 12) -  44( Mn)  42( Mn)  43( Mn)  66( Mn)
                                    91( Mn)  41( Mn)  65( Mn)  70( Mn)
                                    89( Mn)  95( Mn)  69( Mn)  93( Mn)
               4   8.86333 ( 24) -  88( Mn)  12( Mn)  36( Mn)  55( Mn)
                                    78( Mn)  26( Mn)  27( Mn)  52( Mn)
                                    61( Mn)  76( Mn)  58( Mn)  59( Mn)
                                     8( Mn)   2( Mn)   3( Mn)  14( Mn)
                                    39( Mn)   9( Mn)  29( Mn)  33( Mn)
                                    82( Mn)  83( Mn)  49( Mn)  73( Mn)
               5   9.25745 (  8) - 108( Si) 106( Si) 107( Si) 112( Si)
                                   105( Si) 110( Si) 111( Si) 109( Si)
               6   10.6896 (  3) -  18( Mn)  19( Mn)  21( Mn)
               7   11.6487 ( 24) -  56( Mn)  80( Mn)  28( Mn)  62( Mn)
                                    63( Mn)  60( Mn)  16( Mn)  40( Mn)
                                    86( Mn)  87( Mn)  11( Mn)  30( Mn)
                                    31( Mn)  34( Mn)  53( Mn)  77( Mn)
                                    50( Mn)  75( Mn)   6( Mn)   7( Mn)
                                     1( Mn)  13( Mn)  37( Mn)  81( Mn)
               8   11.9513 ( 12) - 116( Si) 118( Si) 124( Si) 127( Si)
                                    98( Si)  99( Si) 115( Si) 117( Si)
                                   122( Si) 125( Si) 102( Si) 103( Si)
               9    13.092 ( 12) -  48( Mn)  46( Mn)  47( Mn)  68( Mn)
                                    92( Mn)  45( Mn)  67( Mn)  72( Mn)
                                    90( Mn)  96( Mn)  71( Mn)  94( Mn)
              10   13.8862 (  8) -  64( Mn)  32( Mn)  54( Mn)  79( Mn)
                                    15( Mn)  38( Mn)  85( Mn)   5( Mn)
              11   15.1173 (  3) -  20( Mn)  22( Mn)  23( Mn)
              12   16.0344 (  6) - 120( Si) 128( Si) 100( Si) 119( Si)
                                   126( Si) 104( Si)
              13   18.5149 (  1) -  24( Mn)

   97 ( Si):   1   4.62872 (  8) -  88( Mn)   4( Mn)  55( Mn)  78( Mn)
                                    10( Mn)  35( Mn)  61( Mn)  25( Mn)
               2   5.34479 (  6) -  21( Mn)  66( Mn)  91( Mn)  17( Mn)
                                    65( Mn)  89( Mn)
               3   7.55867 ( 12) - 108( Si) 118( Si) 127( Si) 106( Si)
                                   107( Si) 114( Si) 117( Si) 123( Si)
                                   125( Si) 105( Si) 113( Si) 121( Si)
               4   8.86333 ( 24) -   8( Mn)  56( Mn)  80( Mn)  12( Mn)
                                    14( Mn)  36( Mn)  39( Mn)  62( Mn)
                                    63( Mn)  26( Mn)  27( Mn)  29( Mn)
                                    84( Mn)  86( Mn)  87( Mn)   2( Mn)
                                     3( Mn)  51( Mn)  53( Mn)  74( Mn)
                                    77( Mn)   9( Mn)  33( Mn)  57( Mn)
               5   9.25745 (  8) -  48( Mn)  44( Mn)  46( Mn)  47( Mn)
                                    42( Mn)  43( Mn)  45( Mn)  41( Mn)
               6   10.6896 (  3) -  98( Si)  99( Si) 101( Si)
               7   11.6487 ( 24) -  16( Mn)  40( Mn)  64( Mn)  28( Mn)
                                    30( Mn)  31( Mn)   6( Mn)   7( Mn)
                                    52( Mn)  54( Mn)  76( Mn)  79( Mn)
                                    11( Mn)  13( Mn)  34( Mn)  37( Mn)
                                    58( Mn)  59( Mn)  82( Mn)  83( Mn)
                                    85( Mn)   1( Mn)  49( Mn)  73( Mn)
               8   11.9513 ( 12) -  22( Mn)  23( Mn)  68( Mn)  70( Mn)
                                    92( Mn)  95( Mn)  18( Mn)  19( Mn)
                                    67( Mn)  69( Mn)  90( Mn)  93( Mn)
               9    13.092 ( 12) - 112( Si) 120( Si) 128( Si) 110( Si)
                                   111( Si) 116( Si) 119( Si) 124( Si)
                                   126( Si) 109( Si) 115( Si) 122( Si)
              10   13.8862 (  8) -  32( Mn)  15( Mn)  38( Mn)  60( Mn)
                                     5( Mn)  50( Mn)  75( Mn)  81( Mn)
              11   15.1173 (  3) - 100( Si) 102( Si) 103( Si)
              12   16.0344 (  6) -  24( Mn)  72( Mn)  96( Mn)  20( Mn)
                                    71( Mn)  94( Mn)
              13   18.5149 (  1) - 104( Si)

  Time Elapsed: 0.592086 sec.

 -------------------------------------------------------------------

 FORCE CONSTANT
 ==============

  Symmetry is handled in crystallographic (fractional) coordinates.

  Number of  HARMONIC FCs : 61
  Number of   ANHARM3 FCs : 2248

  Time Elapsed: 2.08229 sec.

 -------------------------------------------------------------------

 DISPLACEMENT PATTERN
 ====================

  Number of free HARMONIC FCs : 61
  Number of free  ANHARM3 FCs : 2248

  Generating displacement patterns in Cartesian coordinate...  done!

  Number of disp. patterns for  HARMONIC : 3
  Number of disp. patterns for   ANHARM3 : 220

 Suggested displacement patterns are printed in the following files: 
  HARMONIC : sc222.pattern_HARMONIC
  ANHARM3 : sc222.pattern_ANHARM3


 Job finished at Fri May 31 13:33:50 2024

