 +-----------------------------------------------------------------+
 +                         Program ANPHON                          +
 +                             Ver.  1.4.1                         +
 +-----------------------------------------------------------------+

 Job started at Mon Jul 11 22:39:57 2022

 The number of MPI processes: 1
 The number of OpenMP threads: 4


 Input variables:
 -----------------------------------------------------------------
 General:
  PREFIX = si222
  MODE = PHONONS
  FCSXML = si222_harm.xml

  NKD = 1; KD =   Si
  MASS =    28.0855
  NSYM = 0; TOLERANCE = 0.001; PRINTSYM = 0

  NONANALYTIC = 0

  TMIN = 0; TMAX = 1000; DT = 10
  EMIN = 0; EMAX = 1000; DELTA_E = 10

  ISMEAR = -1; EPSILON = 10

  CLASSICAL = 0
  BCONNECT = 0


 Kpoint:
  KPMODE (1st entry for &kpoint) = 1


 Analysis:
  PRINTVEL = 0
  PRINTVEC = 0
  PRINTXSF = 0

  GRUNEISEN = 0
  NEWFCS = 0


 -----------------------------------------------------------------

                      MODE = phonons                         
                                                             
      Phonon calculation within harmonic approximation       
      Harmonic force constants will be used.                 

 -----------------------------------------------------------------

 Crystal structure
 =================

 Lattice Vectors:

 * Supercell (from si222_harm.xml )

    2.040600e+01   0.000000e+00   0.000000e+00 : a1
    0.000000e+00   2.040600e+01   0.000000e+00 : a2
    0.000000e+00   0.000000e+00   2.040600e+01 : a3

    3.079087e-01   0.000000e+00   0.000000e+00 : b1
    0.000000e+00   3.079087e-01   0.000000e+00 : b2
    0.000000e+00   0.000000e+00   3.079087e-01 : b3

 * Primitive cell 

    0.000000e+00   5.101500e+00   5.101500e+00 : a1
    5.101500e+00   0.000000e+00   5.101500e+00 : a2
    5.101500e+00   5.101500e+00   0.000000e+00 : a3

   -6.158174e-01   6.158174e-01   6.158174e-01 : b1
    6.158174e-01  -6.158174e-01   6.158174e-01 : b2
    6.158174e-01   6.158174e-01  -6.158174e-01 : b3


  Volume of the primitive cell : 2.655362e+02 (a.u.)^3

  Number of atoms in the supercell     : 64
  Number of atoms in the primitive cell: 2

  Atomic positions in the primitive cell (fractional):
   1:   0.000000e+00   0.000000e+00   0.000000e+00  Si
   2:   2.500000e-01   2.500000e-01   2.500000e-01  Si

  Mass of atomic species (u):
  Si:   28.085500


 Symmetry
 ========

  NSYM = 0 is given: Trying to find symmetry operations.
  Number of symmetry operations : 48

 k points
 ========

  KPMODE = 1: Band structure calculation
  Number of paths : 3

  List of k paths : 
   1:  G (  0.0000  0.0000  0.0000)  X (  0.5000  0.5000  0.0000)  51
   2:  X (  0.5000  0.5000  1.0000)  G (  0.0000  0.0000  0.0000)  51
   3:  G (  0.0000  0.0000  0.0000)  L (  0.5000  0.5000  0.5000)  51

  Number of k points : 153

 Force constant
 ==============

  Reading force constants from the XML file ... done !
  Number of non-zero IFCs for 2 order: 306

  Maximum deviation from the translational invariance: 
   Order 2 :   1.3878e-17


 Dynamical matrix
 ================

  NONANALYTIC = 0 : No non-analytic correction. 


 -----------------------------------------------------------------


 ISMEAR = -1: Tetrahedron method will be used.

 Now, move on to phonon calculations.

 Diagonalizing dynamical matrices for all k points ... done!

 -----------------------------------------------------------------

 Phonon frequencies below:

 # k point     1 : (  0.0000,  0.0000,  0.0000)
   Mode, Frequency 
      1      0.0000 cm^-1  (      0.0000 THz )
      2      0.0000 cm^-1  (      0.0000 THz )
      3      0.0000 cm^-1  (      0.0000 THz )
      4    217.9007 cm^-1  (      6.5325 THz )
      5    217.9007 cm^-1  (      6.5325 THz )
      6    217.9007 cm^-1  (      6.5325 THz )

 # k point     2 : (  0.0100,  0.0100,  0.0000)
   Mode, Frequency 
      1      5.8629 cm^-1  (      0.1758 THz )
      2      7.3197 cm^-1  (      0.2194 THz )
      3      7.3197 cm^-1  (      0.2194 THz )
      4    217.9258 cm^-1  (      6.5333 THz )
      5    217.9702 cm^-1  (      6.5346 THz )
      6    217.9702 cm^-1  (      6.5346 THz )

 # k point     3 : (  0.0200,  0.0200,  0.0000)
   Mode, Frequency 
      1     11.7216 cm^-1  (      0.3514 THz )
      2     14.6334 cm^-1  (      0.4387 THz )
      3     14.6334 cm^-1  (      0.4387 THz )
      4    218.0009 cm^-1  (      6.5355 THz )
      5    218.1783 cm^-1  (      6.5408 THz )
      6    218.1783 cm^-1  (      6.5408 THz )

 # k point     4 : (  0.0300,  0.0300,  0.0000)
   Mode, Frequency 
      1     17.5716 cm^-1  (      0.5268 THz )
      2     21.9349 cm^-1  (      0.6576 THz )
      3     21.9349 cm^-1  (      0.6576 THz )
      4    218.1255 cm^-1  (      6.5392 THz )
      5    218.5236 cm^-1  (      6.5512 THz )
      6    218.5236 cm^-1  (      6.5512 THz )

 # k point     5 : (  0.0400,  0.0400,  0.0000)
   Mode, Frequency 
      1     23.4088 cm^-1  (      0.7018 THz )
      2     29.2184 cm^-1  (      0.8759 THz )
      3     29.2184 cm^-1  (      0.8759 THz )
      4    218.2986 cm^-1  (      6.5444 THz )
      5    219.0036 cm^-1  (      6.5656 THz )
      6    219.0036 cm^-1  (      6.5656 THz )

 # k point     6 : (  0.0500,  0.0500,  0.0000)
   Mode, Frequency 
      1     29.2287 cm^-1  (      0.8763 THz )
      2     36.4776 cm^-1  (      1.0936 THz )
      3     36.4776 cm^-1  (      1.0936 THz )
      4    218.5188 cm^-1  (      6.5510 THz )
      5    219.6150 cm^-1  (      6.5839 THz )
      6    219.6150 cm^-1  (      6.5839 THz )

 # k point     7 : (  0.0600,  0.0600,  0.0000)
   Mode, Frequency 
      1     35.0272 cm^-1  (      1.0501 THz )
      2     43.7068 cm^-1  (      1.3103 THz )
      3     43.7068 cm^-1  (      1.3103 THz )
      4    218.7843 cm^-1  (      6.5590 THz )
      5    220.3536 cm^-1  (      6.6060 THz )
      6    220.3536 cm^-1  (      6.6060 THz )

 # k point     8 : (  0.0700,  0.0700,  0.0000)
   Mode, Frequency 
      1     40.8001 cm^-1  (      1.2232 THz )
      2     50.8998 cm^-1  (      1.5259 THz )
      3     50.8998 cm^-1  (      1.5259 THz )
      4    219.0933 cm^-1  (      6.5683 THz )
      5    221.2145 cm^-1  (      6.6318 THz )
      6    221.2145 cm^-1  (      6.6318 THz )

 # k point     9 : (  0.0800,  0.0800,  0.0000)
   Mode, Frequency 
      1     46.5431 cm^-1  (      1.3953 THz )
      2     58.0508 cm^-1  (      1.7403 THz )
      3     58.0508 cm^-1  (      1.7403 THz )
      4    219.4431 cm^-1  (      6.5787 THz )
      5    222.1918 cm^-1  (      6.6611 THz )
      6    222.1918 cm^-1  (      6.6611 THz )

 # k point    10 : (  0.0900,  0.0900,  0.0000)
   Mode, Frequency 
      1     52.2520 cm^-1  (      1.5665 THz )
      2     65.1540 cm^-1  (      1.9533 THz )
      3     65.1540 cm^-1  (      1.9533 THz )
      4    219.8311 cm^-1  (      6.5904 THz )
      5    223.2790 cm^-1  (      6.6937 THz )
      6    223.2790 cm^-1  (      6.6937 THz )

 # k point    11 : (  0.1000,  0.1000,  0.0000)
   Mode, Frequency 
      1     57.9229 cm^-1  (      1.7365 THz )
      2     72.2034 cm^-1  (      2.1646 THz )
      3     72.2034 cm^-1  (      2.1646 THz )
      4    220.2541 cm^-1  (      6.6031 THz )
      5    224.4690 cm^-1  (      6.7294 THz )
      6    224.4690 cm^-1  (      6.7294 THz )

 # k point    12 : (  0.1100,  0.1100,  0.0000)
   Mode, Frequency 
      1     63.5514 cm^-1  (      1.9052 THz )
      2     79.1935 cm^-1  (      2.3742 THz )
      3     79.1935 cm^-1  (      2.3742 THz )
      4    220.7090 cm^-1  (      6.6167 THz )
      5    225.7541 cm^-1  (      6.7679 THz )
      6    225.7541 cm^-1  (      6.7679 THz )

 # k point    13 : (  0.1200,  0.1200,  0.0000)
   Mode, Frequency 
      1     69.1337 cm^-1  (      2.0726 THz )
      2     86.1183 cm^-1  (      2.5818 THz )
      3     86.1183 cm^-1  (      2.5818 THz )
      4    221.1920 cm^-1  (      6.6312 THz )
      5    227.1262 cm^-1  (      6.8091 THz )
      6    227.1262 cm^-1  (      6.8091 THz )

 # k point    14 : (  0.1300,  0.1300,  0.0000)
   Mode, Frequency 
      1     74.6658 cm^-1  (      2.2384 THz )
      2     92.9725 cm^-1  (      2.7872 THz )
      3     92.9725 cm^-1  (      2.7872 THz )
      4    221.6994 cm^-1  (      6.6464 THz )
      5    228.5765 cm^-1  (      6.8526 THz )
      6    228.5765 cm^-1  (      6.8526 THz )

 # k point    15 : (  0.1400,  0.1400,  0.0000)
   Mode, Frequency 
      1     80.1438 cm^-1  (      2.4026 THz )
      2     99.7503 cm^-1  (      2.9904 THz )
      3     99.7503 cm^-1  (      2.9904 THz )
      4    222.2270 cm^-1  (      6.6622 THz )
      5    230.0961 cm^-1  (      6.8981 THz )
      6    230.0961 cm^-1  (      6.8981 THz )

 # k point    16 : (  0.1500,  0.1500,  0.0000)
   Mode, Frequency 
      1     85.5637 cm^-1  (      2.5651 THz )
      2    106.4465 cm^-1  (      3.1912 THz )
      3    106.4465 cm^-1  (      3.1912 THz )
      4    222.7706 cm^-1  (      6.6785 THz )
      5    231.6759 cm^-1  (      6.9455 THz )
      6    231.6759 cm^-1  (      6.9455 THz )

 # k point    17 : (  0.1600,  0.1600,  0.0000)
   Mode, Frequency 
      1     90.9218 cm^-1  (      2.7258 THz )
      2    113.0555 cm^-1  (      3.3893 THz )
      3    113.0555 cm^-1  (      3.3893 THz )
      4    223.3258 cm^-1  (      6.6951 THz )
      5    233.3064 cm^-1  (      6.9943 THz )
      6    233.3064 cm^-1  (      6.9943 THz )

 # k point    18 : (  0.1700,  0.1700,  0.0000)
   Mode, Frequency 
      1     96.2145 cm^-1  (      2.8844 THz )
      2    119.5722 cm^-1  (      3.5847 THz )
      3    119.5722 cm^-1  (      3.5847 THz )
      4    223.8881 cm^-1  (      6.7120 THz )
      5    234.9780 cm^-1  (      7.0445 THz )
      6    234.9780 cm^-1  (      7.0445 THz )

 # k point    19 : (  0.1800,  0.1800,  0.0000)
   Mode, Frequency 
      1    101.4381 cm^-1  (      3.0410 THz )
      2    125.9914 cm^-1  (      3.7771 THz )
      3    125.9914 cm^-1  (      3.7771 THz )
      4    224.4526 cm^-1  (      6.7289 THz )
      5    236.6810 cm^-1  (      7.0955 THz )
      6    236.6810 cm^-1  (      7.0955 THz )

 # k point    20 : (  0.1900,  0.1900,  0.0000)
   Mode, Frequency 
      1    106.5890 cm^-1  (      3.1955 THz )
      2    132.3080 cm^-1  (      3.9665 THz )
      3    132.3080 cm^-1  (      3.9665 THz )
      4    225.0146 cm^-1  (      6.7458 THz )
      5    238.4057 cm^-1  (      7.1472 THz )
      6    238.4057 cm^-1  (      7.1472 THz )

 # k point    21 : (  0.2000,  0.2000,  0.0000)
   Mode, Frequency 
      1    111.6638 cm^-1  (      3.3476 THz )
      2    138.5171 cm^-1  (      4.1526 THz )
      3    138.5171 cm^-1  (      4.1526 THz )
      4    225.5692 cm^-1  (      6.7624 THz )
      5    240.1426 cm^-1  (      7.1993 THz )
      6    240.1426 cm^-1  (      7.1993 THz )

 # k point    22 : (  0.2100,  0.2100,  0.0000)
   Mode, Frequency 
      1    116.6591 cm^-1  (      3.4974 THz )
      2    144.6140 cm^-1  (      4.3354 THz )
      3    144.6140 cm^-1  (      4.3354 THz )
      4    226.1116 cm^-1  (      6.7787 THz )
      5    241.8819 cm^-1  (      7.2514 THz )
      6    241.8819 cm^-1  (      7.2514 THz )

 # k point    23 : (  0.2200,  0.2200,  0.0000)
   Mode, Frequency 
      1    121.5717 cm^-1  (      3.6446 THz )
      2    150.5938 cm^-1  (      4.5147 THz )
      3    150.5938 cm^-1  (      4.5147 THz )
      4    226.6367 cm^-1  (      6.7944 THz )
      5    243.6142 cm^-1  (      7.3034 THz )
      6    243.6142 cm^-1  (      7.3034 THz )

 # k point    24 : (  0.2300,  0.2300,  0.0000)
   Mode, Frequency 
      1    126.3984 cm^-1  (      3.7893 THz )
      2    156.4521 cm^-1  (      4.6903 THz )
      3    156.4521 cm^-1  (      4.6903 THz )
      4    227.1395 cm^-1  (      6.8095 THz )
      5    245.3302 cm^-1  (      7.3548 THz )
      6    245.3302 cm^-1  (      7.3548 THz )

 # k point    25 : (  0.2400,  0.2400,  0.0000)
   Mode, Frequency 
      1    131.1361 cm^-1  (      3.9314 THz )
      2    162.1843 cm^-1  (      4.8622 THz )
      3    162.1843 cm^-1  (      4.8622 THz )
      4    227.6150 cm^-1  (      6.8237 THz )
      5    247.0206 cm^-1  (      7.4055 THz )
      6    247.0206 cm^-1  (      7.4055 THz )

 # k point    26 : (  0.2500,  0.2500,  0.0000)
   Mode, Frequency 
      1    135.7819 cm^-1  (      4.0706 THz )
      2    167.7864 cm^-1  (      5.0301 THz )
      3    167.7864 cm^-1  (      5.0301 THz )
      4    228.0584 cm^-1  (      6.8370 THz )
      5    248.6765 cm^-1  (      7.4551 THz )
      6    248.6765 cm^-1  (      7.4551 THz )

 # k point    27 : (  0.2600,  0.2600,  0.0000)
   Mode, Frequency 
      1    140.3330 cm^-1  (      4.2071 THz )
      2    173.2540 cm^-1  (      5.1940 THz )
      3    173.2540 cm^-1  (      5.1940 THz )
      4    228.4647 cm^-1  (      6.8492 THz )
      5    250.2891 cm^-1  (      7.5035 THz )
      6    250.2891 cm^-1  (      7.5035 THz )

 # k point    28 : (  0.2700,  0.2700,  0.0000)
   Mode, Frequency 
      1    144.7866 cm^-1  (      4.3406 THz )
      2    178.5833 cm^-1  (      5.3538 THz )
      3    178.5833 cm^-1  (      5.3538 THz )
      4    228.8290 cm^-1  (      6.8601 THz )
      5    251.8499 cm^-1  (      7.5503 THz )
      6    251.8499 cm^-1  (      7.5503 THz )

 # k point    29 : (  0.2800,  0.2800,  0.0000)
   Mode, Frequency 
      1    149.1401 cm^-1  (      4.4711 THz )
      2    183.7703 cm^-1  (      5.5093 THz )
      3    183.7703 cm^-1  (      5.5093 THz )
      4    229.1465 cm^-1  (      6.8696 THz )
      5    253.3508 cm^-1  (      7.5953 THz )
      6    253.3508 cm^-1  (      7.5953 THz )

 # k point    30 : (  0.2900,  0.2900,  0.0000)
   Mode, Frequency 
      1    153.3912 cm^-1  (      4.5986 THz )
      2    188.8114 cm^-1  (      5.6604 THz )
      3    188.8114 cm^-1  (      5.6604 THz )
      4    229.4125 cm^-1  (      6.8776 THz )
      5    254.7837 cm^-1  (      7.6382 THz )
      6    254.7837 cm^-1  (      7.6382 THz )

 # k point    31 : (  0.3000,  0.3000,  0.0000)
   Mode, Frequency 
      1    157.5373 cm^-1  (      4.7228 THz )
      2    193.7030 cm^-1  (      5.8071 THz )
      3    193.7030 cm^-1  (      5.8071 THz )
      4    229.6224 cm^-1  (      6.8839 THz )
      5    256.1410 cm^-1  (      7.6789 THz )
      6    256.1410 cm^-1  (      7.6789 THz )

 # k point    32 : (  0.3100,  0.3100,  0.0000)
   Mode, Frequency 
      1    161.5764 cm^-1  (      4.8439 THz )
      2    198.4417 cm^-1  (      5.9491 THz )
      3    198.4417 cm^-1  (      5.9491 THz )
      4    229.7717 cm^-1  (      6.8884 THz )
      5    257.4154 cm^-1  (      7.7171 THz )
      6    257.4154 cm^-1  (      7.7171 THz )

 # k point    33 : (  0.3200,  0.3200,  0.0000)
   Mode, Frequency 
      1    165.5063 cm^-1  (      4.9618 THz )
      2    203.0244 cm^-1  (      6.0865 THz )
      3    203.0244 cm^-1  (      6.0865 THz )
      4    229.8560 cm^-1  (      6.8909 THz )
      5    258.5999 cm^-1  (      7.7526 THz )
      6    258.5999 cm^-1  (      7.7526 THz )

 # k point    34 : (  0.3300,  0.3300,  0.0000)
   Mode, Frequency 
      1    169.3251 cm^-1  (      5.0762 THz )
      2    207.4479 cm^-1  (      6.2191 THz )
      3    207.4479 cm^-1  (      6.2191 THz )
      4    229.8709 cm^-1  (      6.8914 THz )
      5    259.6878 cm^-1  (      7.7852 THz )
      6    259.6878 cm^-1  (      7.7852 THz )

 # k point    35 : (  0.3400,  0.3400,  0.0000)
   Mode, Frequency 
      1    173.0311 cm^-1  (      5.1873 THz )
      2    211.7092 cm^-1  (      6.3469 THz )
      3    211.7092 cm^-1  (      6.3469 THz )
      4    229.8125 cm^-1  (      6.8896 THz )
      5    260.6728 cm^-1  (      7.8148 THz )
      6    260.6728 cm^-1  (      7.8148 THz )

 # k point    36 : (  0.3500,  0.3500,  0.0000)
   Mode, Frequency 
      1    176.6226 cm^-1  (      5.2950 THz )
      2    215.8056 cm^-1  (      6.4697 THz )
      3    215.8056 cm^-1  (      6.4697 THz )
      4    229.6765 cm^-1  (      6.8855 THz )
      5    261.5490 cm^-1  (      7.8410 THz )
      6    261.5490 cm^-1  (      7.8410 THz )

 # k point    37 : (  0.3600,  0.3600,  0.0000)
   Mode, Frequency 
      1    180.0980 cm^-1  (      5.3992 THz )
      2    219.7342 cm^-1  (      6.5875 THz )
      3    219.7342 cm^-1  (      6.5875 THz )
      4    229.4593 cm^-1  (      6.8790 THz )
      5    262.3109 cm^-1  (      7.8639 THz )
      6    262.3109 cm^-1  (      7.8639 THz )

 # k point    38 : (  0.3700,  0.3700,  0.0000)
   Mode, Frequency 
      1    183.4561 cm^-1  (      5.4999 THz )
      2    223.4924 cm^-1  (      6.7001 THz )
      3    223.4924 cm^-1  (      6.7001 THz )
      4    229.1572 cm^-1  (      6.8700 THz )
      5    262.9535 cm^-1  (      7.8831 THz )
      6    262.9535 cm^-1  (      7.8831 THz )

 # k point    39 : (  0.3800,  0.3800,  0.0000)
   Mode, Frequency 
      1    186.6957 cm^-1  (      5.5970 THz )
      2    227.0776 cm^-1  (      6.8076 THz )
      3    227.0776 cm^-1  (      6.8076 THz )
      4    228.7664 cm^-1  (      6.8582 THz )
      5    263.4722 cm^-1  (      7.8987 THz )
      6    263.4722 cm^-1  (      7.8987 THz )

 # k point    40 : (  0.3900,  0.3900,  0.0000)
   Mode, Frequency 
      1    189.8157 cm^-1  (      5.6905 THz )
      2    228.2838 cm^-1  (      6.8438 THz )
      3    230.4871 cm^-1  (      6.9098 THz )
      4    230.4871 cm^-1  (      6.9098 THz )
      5    263.8630 cm^-1  (      7.9104 THz )
      6    263.8630 cm^-1  (      7.9104 THz )

 # k point    41 : (  0.4000,  0.4000,  0.0000)
   Mode, Frequency 
      1    192.8153 cm^-1  (      5.7805 THz )
      2    227.7061 cm^-1  (      6.8265 THz )
      3    233.7178 cm^-1  (      7.0067 THz )
      4    233.7178 cm^-1  (      7.0067 THz )
      5    264.1227 cm^-1  (      7.9182 THz )
      6    264.1227 cm^-1  (      7.9182 THz )

 # k point    42 : (  0.4100,  0.4100,  0.0000)
   Mode, Frequency 
      1    195.6937 cm^-1  (      5.8668 THz )
      2    227.0302 cm^-1  (      6.8062 THz )
      3    236.7665 cm^-1  (      7.0981 THz )
      4    236.7665 cm^-1  (      7.0981 THz )
      5    264.2491 cm^-1  (      7.9220 THz )
      6    264.2491 cm^-1  (      7.9220 THz )

 # k point    43 : (  0.4200,  0.4200,  0.0000)
   Mode, Frequency 
      1    198.4506 cm^-1  (      5.9494 THz )
      2    226.2534 cm^-1  (      6.7829 THz )
      3    239.6292 cm^-1  (      7.1839 THz )
      4    239.6292 cm^-1  (      7.1839 THz )
      5    264.2409 cm^-1  (      7.9217 THz )
      6    264.2409 cm^-1  (      7.9217 THz )

 # k point    44 : (  0.4300,  0.4300,  0.0000)
   Mode, Frequency 
      1    201.0854 cm^-1  (      6.0284 THz )
      2    225.3728 cm^-1  (      6.7565 THz )
      3    242.3003 cm^-1  (      7.2640 THz )
      4    242.3003 cm^-1  (      7.2640 THz )
      5    264.0992 cm^-1  (      7.9175 THz )
      6    264.0992 cm^-1  (      7.9175 THz )

 # k point    45 : (  0.4400,  0.4400,  0.0000)
   Mode, Frequency 
      1    203.5979 cm^-1  (      6.1037 THz )
      2    224.3861 cm^-1  (      6.7269 THz )
      3    244.7723 cm^-1  (      7.3381 THz )
      4    244.7723 cm^-1  (      7.3381 THz )
      5    263.8276 cm^-1  (      7.9094 THz )
      6    263.8276 cm^-1  (      7.9094 THz )

 # k point    46 : (  0.4500,  0.4500,  0.0000)
   Mode, Frequency 
      1    205.9883 cm^-1  (      6.1754 THz )
      2    223.2908 cm^-1  (      6.6941 THz )
      3    247.0328 cm^-1  (      7.4059 THz )
      4    247.0328 cm^-1  (      7.4059 THz )
      5    263.4348 cm^-1  (      7.8976 THz )
      6    263.4348 cm^-1  (      7.8976 THz )

 # k point    47 : (  0.4600,  0.4600,  0.0000)
   Mode, Frequency 
      1    208.2566 cm^-1  (      6.2434 THz )
      2    222.0849 cm^-1  (      6.6579 THz )
      3    249.0616 cm^-1  (      7.4667 THz )
      4    249.0616 cm^-1  (      7.4667 THz )
      5    262.9383 cm^-1  (      7.8827 THz )
      6    262.9383 cm^-1  (      7.8827 THz )

 # k point    48 : (  0.4700,  0.4700,  0.0000)
   Mode, Frequency 
      1    210.4031 cm^-1  (      6.3077 THz )
      2    220.7664 cm^-1  (      6.6184 THz )
      3    250.8218 cm^-1  (      7.5194 THz )
      4    250.8218 cm^-1  (      7.5194 THz )
      5    262.3723 cm^-1  (      7.8657 THz )
      6    262.3723 cm^-1  (      7.8657 THz )

 # k point    49 : (  0.4800,  0.4800,  0.0000)
   Mode, Frequency 
      1    212.4284 cm^-1  (      6.3684 THz )
      2    219.3334 cm^-1  (      6.5755 THz )
      3    252.2458 cm^-1  (      7.5621 THz )
      4    252.2458 cm^-1  (      7.5621 THz )
      5    261.8027 cm^-1  (      7.8486 THz )
      6    261.8027 cm^-1  (      7.8486 THz )

 # k point    50 : (  0.4900,  0.4900,  0.0000)
   Mode, Frequency 
      1    214.3331 cm^-1  (      6.4255 THz )
      2    217.7844 cm^-1  (      6.5290 THz )
      3    253.2140 cm^-1  (      7.5912 THz )
      4    253.2140 cm^-1  (      7.5912 THz )
      5    261.3476 cm^-1  (      7.8350 THz )
      6    261.3476 cm^-1  (      7.8350 THz )

 # k point    51 : (  0.5000,  0.5000,  0.0000)
   Mode, Frequency 
      1    216.1181 cm^-1  (      6.4791 THz )
      2    216.1181 cm^-1  (      6.4791 THz )
      3    253.5660 cm^-1  (      7.6017 THz )
      4    253.5660 cm^-1  (      7.6017 THz )
      5    261.1668 cm^-1  (      7.8296 THz )
      6    261.1668 cm^-1  (      7.8296 THz )

 # k point    52 : (  0.5000,  0.5000,  1.0000)
   Mode, Frequency 
      1    216.1181 cm^-1  (      6.4791 THz )
      2    216.1181 cm^-1  (      6.4791 THz )
      3    253.5660 cm^-1  (      7.6017 THz )
      4    253.5660 cm^-1  (      7.6017 THz )
      5    261.1668 cm^-1  (      7.8296 THz )
      6    261.1668 cm^-1  (      7.8296 THz )

 # k point    53 : (  0.4900,  0.4900,  0.9800)
   Mode, Frequency 
      1    216.1514 cm^-1  (      6.4801 THz )
      2    216.2526 cm^-1  (      6.4831 THz )
      3    253.5152 cm^-1  (      7.6002 THz )
      4    253.5496 cm^-1  (      7.6012 THz )
      5    261.0597 cm^-1  (      7.8264 THz )
      6    261.1998 cm^-1  (      7.8306 THz )

 # k point    54 : (  0.4800,  0.4800,  0.9600)
   Mode, Frequency 
      1    216.2495 cm^-1  (      6.4830 THz )
      2    216.6530 cm^-1  (      6.4951 THz )
      3    253.3622 cm^-1  (      7.5956 THz )
      4    253.5002 cm^-1  (      7.5997 THz )
      5    260.7386 cm^-1  (      7.8167 THz )
      6    261.2979 cm^-1  (      7.8335 THz )

 # k point    55 : (  0.4700,  0.4700,  0.9400)
   Mode, Frequency 
      1    216.4071 cm^-1  (      6.4877 THz )
      2    217.3104 cm^-1  (      6.5148 THz )
      3    253.1047 cm^-1  (      7.5879 THz )
      4    253.4173 cm^-1  (      7.5973 THz )
      5    260.2043 cm^-1  (      7.8007 THz )
      6    261.4579 cm^-1  (      7.8383 THz )

 # k point    56 : (  0.4600,  0.4600,  0.9200)
   Mode, Frequency 
      1    216.6156 cm^-1  (      6.4940 THz )
      2    218.2098 cm^-1  (      6.5418 THz )
      3    252.7391 cm^-1  (      7.5769 THz )
      4    253.3001 cm^-1  (      7.5937 THz )
      5    259.4585 cm^-1  (      7.7784 THz )
      6    261.6751 cm^-1  (      7.8448 THz )

 # k point    57 : (  0.4500,  0.4500,  0.9000)
   Mode, Frequency 
      1    216.8630 cm^-1  (      6.5014 THz )
      2    219.3303 cm^-1  (      6.5754 THz )
      3    252.2604 cm^-1  (      7.5626 THz )
      4    253.1475 cm^-1  (      7.5892 THz )
      5    258.5036 cm^-1  (      7.7497 THz )
      6    261.9426 cm^-1  (      7.8528 THz )

 # k point    58 : (  0.4400,  0.4400,  0.8800)
   Mode, Frequency 
      1    217.1347 cm^-1  (      6.5095 THz )
      2    220.6456 cm^-1  (      6.6148 THz )
      3    251.6622 cm^-1  (      7.5446 THz )
      4    252.9579 cm^-1  (      7.5835 THz )
      5    257.3437 cm^-1  (      7.7150 THz )
      6    262.2519 cm^-1  (      7.8621 THz )

 # k point    59 : (  0.4300,  0.4300,  0.8600)
   Mode, Frequency 
      1    217.4132 cm^-1  (      6.5179 THz )
      2    222.1233 cm^-1  (      6.6591 THz )
      3    250.9372 cm^-1  (      7.5229 THz )
      4    252.7299 cm^-1  (      7.5767 THz )
      5    255.9851 cm^-1  (      7.6742 THz )
      6    262.5931 cm^-1  (      7.8723 THz )

 # k point    60 : (  0.4200,  0.4200,  0.8400)
   Mode, Frequency 
      1    217.6787 cm^-1  (      6.5258 THz )
      2    223.7240 cm^-1  (      6.7071 THz )
      3    250.0766 cm^-1  (      7.4971 THz )
      4    252.4614 cm^-1  (      7.5686 THz )
      5    254.4382 cm^-1  (      7.6279 THz )
      6    262.9549 cm^-1  (      7.8832 THz )

 # k point    61 : (  0.4100,  0.4100,  0.8200)
   Mode, Frequency 
      1    217.9097 cm^-1  (      6.5328 THz )
      2    225.3995 cm^-1  (      6.7573 THz )
      3    249.0710 cm^-1  (      7.4670 THz )
      4    252.1504 cm^-1  (      7.5593 THz )
      5    252.7201 cm^-1  (      7.5764 THz )
      6    263.3248 cm^-1  (      7.8943 THz )

 # k point    62 : (  0.4000,  0.4000,  0.8000)
   Mode, Frequency 
      1    218.0829 cm^-1  (      6.5380 THz )
      2    227.0871 cm^-1  (      6.8079 THz )
      3    247.9100 cm^-1  (      7.4322 THz )
      4    250.8609 cm^-1  (      7.5206 THz )
      5    251.7950 cm^-1  (      7.5486 THz )
      6    263.6896 cm^-1  (      7.9052 THz )

 # k point    63 : (  0.3900,  0.3900,  0.7800)
   Mode, Frequency 
      1    218.1741 cm^-1  (      6.5407 THz )
      2    228.6982 cm^-1  (      6.8562 THz )
      3    246.5828 cm^-1  (      7.3924 THz )
      4    248.9157 cm^-1  (      7.4623 THz )
      5    251.3931 cm^-1  (      7.5366 THz )
      6    264.0354 cm^-1  (      7.9156 THz )

 # k point    64 : (  0.3800,  0.3800,  0.7600)
   Mode, Frequency 
      1    218.1580 cm^-1  (      6.5402 THz )
      2    230.0930 cm^-1  (      6.8980 THz )
      3    245.0778 cm^-1  (      7.3472 THz )
      4    246.9909 cm^-1  (      7.4046 THz )
      5    250.9426 cm^-1  (      7.5231 THz )
      6    264.3478 cm^-1  (      7.9249 THz )

 # k point    65 : (  0.3700,  0.3700,  0.7400)
   Mode, Frequency 
      1    218.0091 cm^-1  (      6.5357 THz )
      2    231.0349 cm^-1  (      6.9263 THz )
      3    243.3834 cm^-1  (      7.2964 THz )
      4    245.2901 cm^-1  (      7.3536 THz )
      5    250.4418 cm^-1  (      7.5081 THz )
      6    264.6124 cm^-1  (      7.9329 THz )

 # k point    66 : (  0.3600,  0.3600,  0.7200)
   Mode, Frequency 
      1    217.7015 cm^-1  (      6.5265 THz )
      2    231.1625 cm^-1  (      6.9301 THz )
      3    241.4874 cm^-1  (      7.2396 THz )
      4    244.1425 cm^-1  (      7.3192 THz )
      5    249.8892 cm^-1  (      7.4915 THz )
      6    264.8150 cm^-1  (      7.9390 THz )

 # k point    67 : (  0.3500,  0.3500,  0.7000)
   Mode, Frequency 
      1    217.2097 cm^-1  (      6.5118 THz )
      2    230.1592 cm^-1  (      6.9000 THz )
      3    239.3782 cm^-1  (      7.1764 THz )
      4    243.8343 cm^-1  (      7.3100 THz )
      5    249.2837 cm^-1  (      7.4733 THz )
      6    264.9416 cm^-1  (      7.9427 THz )

 # k point    68 : (  0.3400,  0.3400,  0.6800)
   Mode, Frequency 
      1    216.5082 cm^-1  (      6.4908 THz )
      2    228.0663 cm^-1  (      6.8373 THz )
      3    237.0438 cm^-1  (      7.1064 THz )
      4    244.2954 cm^-1  (      7.3238 THz )
      5    248.6248 cm^-1  (      7.4536 THz )
      6    264.9788 cm^-1  (      7.9439 THz )

 # k point    69 : (  0.3300,  0.3300,  0.6600)
   Mode, Frequency 
      1    215.5727 cm^-1  (      6.4627 THz )
      2    225.1777 cm^-1  (      6.7507 THz )
      3    234.4729 cm^-1  (      7.0293 THz )
      4    245.2053 cm^-1  (      7.3511 THz )
      5    247.9123 cm^-1  (      7.4322 THz )
      6    264.9141 cm^-1  (      7.9419 THz )

 # k point    70 : (  0.3200,  0.3200,  0.6400)
   Mode, Frequency 
      1    214.3793 cm^-1  (      6.4269 THz )
      2    221.7425 cm^-1  (      6.6477 THz )
      3    231.6544 cm^-1  (      6.9448 THz )
      4    246.2912 cm^-1  (      7.3836 THz )
      5    247.1467 cm^-1  (      7.4093 THz )
      6    264.7359 cm^-1  (      7.9366 THz )

 # k point    71 : (  0.3100,  0.3100,  0.6200)
   Mode, Frequency 
      1    212.9059 cm^-1  (      6.3828 THz )
      2    217.9027 cm^-1  (      6.5326 THz )
      3    228.5781 cm^-1  (      6.8526 THz )
      4    246.3290 cm^-1  (      7.3848 THz )
      5    247.3896 cm^-1  (      7.4166 THz )
      6    264.4338 cm^-1  (      7.9275 THz )

 # k point    72 : (  0.3000,  0.3000,  0.6000)
   Mode, Frequency 
      1    211.1313 cm^-1  (      6.3296 THz )
      2    213.7336 cm^-1  (      6.4076 THz )
      3    225.2342 cm^-1  (      6.7524 THz )
      4    245.4608 cm^-1  (      7.3587 THz )
      5    248.4071 cm^-1  (      7.4471 THz )
      6    263.9988 cm^-1  (      7.9145 THz )

 # k point    73 : (  0.2900,  0.2900,  0.5800)
   Mode, Frequency 
      1    209.0365 cm^-1  (      6.2668 THz )
      2    209.2764 cm^-1  (      6.2739 THz )
      3    221.6140 cm^-1  (      6.6438 THz )
      4    244.5440 cm^-1  (      7.3312 THz )
      5    249.2872 cm^-1  (      7.4734 THz )
      6    263.4233 cm^-1  (      7.8972 THz )

 # k point    74 : (  0.2800,  0.2800,  0.5600)
   Mode, Frequency 
      1    204.5556 cm^-1  (      6.1324 THz )
      2    206.6043 cm^-1  (      6.1938 THz )
      3    217.7096 cm^-1  (      6.5268 THz )
      4    243.5809 cm^-1  (      7.3024 THz )
      5    249.9935 cm^-1  (      7.4946 THz )
      6    262.7015 cm^-1  (      7.8756 THz )

 # k point    75 : (  0.2700,  0.2700,  0.5400)
   Mode, Frequency 
      1    199.5869 cm^-1  (      5.9835 THz )
      2    203.8195 cm^-1  (      6.1104 THz )
      3    213.5141 cm^-1  (      6.4010 THz )
      4    242.5740 cm^-1  (      7.2722 THz )
      5    250.5015 cm^-1  (      7.5098 THz )
      6    261.8292 cm^-1  (      7.8494 THz )

 # k point    76 : (  0.2600,  0.2600,  0.5200)
   Mode, Frequency 
      1    194.3815 cm^-1  (      5.8274 THz )
      2    200.6695 cm^-1  (      6.0159 THz )
      3    209.0219 cm^-1  (      6.2663 THz )
      4    241.5265 cm^-1  (      7.2408 THz )
      5    250.7951 cm^-1  (      7.5186 THz )
      6    260.8043 cm^-1  (      7.8187 THz )

 # k point    77 : (  0.2500,  0.2500,  0.5000)
   Mode, Frequency 
      1    188.9478 cm^-1  (      5.6645 THz )
      2    197.1439 cm^-1  (      5.9102 THz )
      3    204.2285 cm^-1  (      6.1226 THz )
      4    240.4413 cm^-1  (      7.2082 THz )
      5    250.8638 cm^-1  (      7.5207 THz )
      6    259.6263 cm^-1  (      7.7834 THz )

 # k point    78 : (  0.2400,  0.2400,  0.4800)
   Mode, Frequency 
      1    183.2932 cm^-1  (      5.4950 THz )
      2    193.2347 cm^-1  (      5.7930 THz )
      3    199.1306 cm^-1  (      5.9698 THz )
      4    239.3220 cm^-1  (      7.1747 THz )
      5    250.7024 cm^-1  (      7.5159 THz )
      6    258.2971 cm^-1  (      7.7436 THz )

 # k point    79 : (  0.2300,  0.2300,  0.4600)
   Mode, Frequency 
      1    177.4240 cm^-1  (      5.3190 THz )
      2    188.9363 cm^-1  (      5.6642 THz )
      3    193.7263 cm^-1  (      5.8078 THz )
      4    238.1726 cm^-1  (      7.1402 THz )
      5    250.3096 cm^-1  (      7.5041 THz )
      6    256.8204 cm^-1  (      7.6993 THz )

 # k point    80 : (  0.2200,  0.2200,  0.4400)
   Mode, Frequency 
      1    171.3463 cm^-1  (      5.1368 THz )
      2    184.2455 cm^-1  (      5.5235 THz )
      3    188.0150 cm^-1  (      5.6365 THz )
      4    236.9973 cm^-1  (      7.1050 THz )
      5    249.6882 cm^-1  (      7.4855 THz )
      6    255.2021 cm^-1  (      7.6508 THz )

 # k point    81 : (  0.2100,  0.2100,  0.4200)
   Mode, Frequency 
      1    165.0664 cm^-1  (      4.9486 THz )
      2    179.1611 cm^-1  (      5.3711 THz )
      3    181.9975 cm^-1  (      5.4561 THz )
      4    235.8008 cm^-1  (      7.0691 THz )
      5    248.8444 cm^-1  (      7.4602 THz )
      6    253.4504 cm^-1  (      7.5983 THz )

 # k point    82 : (  0.2000,  0.2000,  0.4000)
   Mode, Frequency 
      1    158.5902 cm^-1  (      4.7544 THz )
      2    173.6845 cm^-1  (      5.2069 THz )
      3    175.6758 cm^-1  (      5.2666 THz )
      4    234.5884 cm^-1  (      7.0328 THz )
      5    247.7880 cm^-1  (      7.4285 THz )
      6    251.5755 cm^-1  (      7.5420 THz )

 # k point    83 : (  0.1900,  0.1900,  0.3800)
   Mode, Frequency 
      1    151.9243 cm^-1  (      4.5546 THz )
      2    167.8190 cm^-1  (      5.0311 THz )
      3    169.0536 cm^-1  (      5.0681 THz )
      4    233.3659 cm^-1  (      6.9961 THz )
      5    246.5319 cm^-1  (      7.3908 THz )
      6    249.5896 cm^-1  (      7.4825 THz )

 # k point    84 : (  0.1800,  0.1800,  0.3600)
   Mode, Frequency 
      1    145.0751 cm^-1  (      4.3492 THz )
      2    161.5700 cm^-1  (      4.8437 THz )
      3    162.1358 cm^-1  (      4.8607 THz )
      4    232.1395 cm^-1  (      6.9594 THz )
      5    245.0921 cm^-1  (      7.3477 THz )
      6    247.5072 cm^-1  (      7.4201 THz )

 # k point    85 : (  0.1700,  0.1700,  0.3400)
   Mode, Frequency 
      1    138.0497 cm^-1  (      4.1386 THz )
      2    154.9285 cm^-1  (      4.6446 THz )
      3    154.9448 cm^-1  (      4.6451 THz )
      4    230.9160 cm^-1  (      6.9227 THz )
      5    243.4875 cm^-1  (      7.2996 THz )
      6    245.3446 cm^-1  (      7.3552 THz )

 # k point    86 : (  0.1600,  0.1600,  0.3200)
   Mode, Frequency 
      1    130.8553 cm^-1  (      3.9229 THz )
      2    147.4395 cm^-1  (      4.4201 THz )
      3    147.9529 cm^-1  (      4.4355 THz )
      4    229.7024 cm^-1  (      6.8863 THz )
      5    241.7399 cm^-1  (      7.2472 THz )
      6    243.1203 cm^-1  (      7.2886 THz )

 # k point    87 : (  0.1500,  0.1500,  0.3000)
   Mode, Frequency 
      1    123.4995 cm^-1  (      3.7024 THz )
      2    139.6776 cm^-1  (      4.1874 THz )
      3    140.6054 cm^-1  (      4.2152 THz )
      4    228.5065 cm^-1  (      6.8505 THz )
      5    239.8736 cm^-1  (      7.1912 THz )
      6    240.8543 cm^-1  (      7.2206 THz )

 # k point    88 : (  0.1400,  0.1400,  0.2800)
   Mode, Frequency 
      1    115.9904 cm^-1  (      3.4773 THz )
      2    131.6532 cm^-1  (      3.9469 THz )
      3    132.9152 cm^-1  (      3.9847 THz )
      4    227.3359 cm^-1  (      6.8154 THz )
      5    237.9151 cm^-1  (      7.1325 THz )
      6    238.5683 cm^-1  (      7.1521 THz )

 # k point    89 : (  0.1300,  0.1300,  0.2600)
   Mode, Frequency 
      1    108.3362 cm^-1  (      3.2478 THz )
      2    123.3776 cm^-1  (      3.6988 THz )
      3    124.8971 cm^-1  (      3.7443 THz )
      4    226.1989 cm^-1  (      6.7813 THz )
      5    235.8931 cm^-1  (      7.0719 THz )
      6    236.2855 cm^-1  (      7.0837 THz )

 # k point    90 : (  0.1200,  0.1200,  0.2400)
   Mode, Frequency 
      1    100.5457 cm^-1  (      3.0143 THz )
      2    114.8634 cm^-1  (      3.4435 THz )
      3    116.5673 cm^-1  (      3.4946 THz )
      4    225.1035 cm^-1  (      6.7484 THz )
      5    233.8382 cm^-1  (      7.0103 THz )
      6    234.0301 cm^-1  (      7.0160 THz )

 # k point    91 : (  0.1100,  0.1100,  0.2200)
   Mode, Frequency 
      1     92.6279 cm^-1  (      2.7769 THz )
      2    106.1244 cm^-1  (      3.1815 THz )
      3    107.9436 cm^-1  (      3.2361 THz )
      4    224.0581 cm^-1  (      6.7171 THz )
      5    231.7819 cm^-1  (      6.9486 THz )
      6    231.8274 cm^-1  (      6.9500 THz )

 # k point    92 : (  0.1000,  0.1000,  0.2000)
   Mode, Frequency 
      1     84.5922 cm^-1  (      2.5360 THz )
      2     97.1755 cm^-1  (      2.9132 THz )
      3     99.0453 cm^-1  (      2.9693 THz )
      4    223.0707 cm^-1  (      6.6875 THz )
      5    229.7028 cm^-1  (      6.8863 THz )
      6    229.7570 cm^-1  (      6.8879 THz )

 # k point    93 : (  0.0900,  0.0900,  0.1800)
   Mode, Frequency 
      1     76.4482 cm^-1  (      2.2919 THz )
      2     88.0324 cm^-1  (      2.6391 THz )
      3     89.8929 cm^-1  (      2.6949 THz )
      4    222.1493 cm^-1  (      6.6599 THz )
      5    227.6823 cm^-1  (      6.8257 THz )
      6    227.7966 cm^-1  (      6.8292 THz )

 # k point    94 : (  0.0800,  0.0800,  0.1600)
   Mode, Frequency 
      1     68.2059 cm^-1  (      2.0448 THz )
      2     78.7118 cm^-1  (      2.3597 THz )
      3     80.5082 cm^-1  (      2.4136 THz )
      4    221.3017 cm^-1  (      6.6345 THz )
      5    225.7913 cm^-1  (      6.7691 THz )
      6    225.9334 cm^-1  (      6.7733 THz )

 # k point    95 : (  0.0700,  0.0700,  0.1400)
   Mode, Frequency 
      1     59.8755 cm^-1  (      1.7950 THz )
      2     69.2313 cm^-1  (      2.0755 THz )
      3     70.9142 cm^-1  (      2.1260 THz )
      4    220.5348 cm^-1  (      6.6115 THz )
      5    224.0545 cm^-1  (      6.7170 THz )
      6    224.1998 cm^-1  (      6.7213 THz )

 # k point    96 : (  0.0600,  0.0600,  0.1200)
   Mode, Frequency 
      1     51.4676 cm^-1  (      1.5430 THz )
      2     59.6092 cm^-1  (      1.7870 THz )
      3     61.1347 cm^-1  (      1.8328 THz )
      4    219.8556 cm^-1  (      6.5911 THz )
      5    222.4954 cm^-1  (      6.6702 THz )
      6    222.6261 cm^-1  (      6.6742 THz )

 # k point    97 : (  0.0500,  0.0500,  0.1000)
   Mode, Frequency 
      1     42.9927 cm^-1  (      1.2889 THz )
      2     49.8644 cm^-1  (      1.4949 THz )
      3     51.1946 cm^-1  (      1.5348 THz )
      4    219.2699 cm^-1  (      6.5735 THz )
      5    221.1356 cm^-1  (      6.6295 THz )
      6    221.2409 cm^-1  (      6.6326 THz )

 # k point    98 : (  0.0400,  0.0400,  0.0800)
   Mode, Frequency 
      1     34.4618 cm^-1  (      1.0331 THz )
      2     40.0166 cm^-1  (      1.1997 THz )
      3     41.1194 cm^-1  (      1.2327 THz )
      4    218.7832 cm^-1  (      6.5590 THz )
      5    219.9946 cm^-1  (      6.5953 THz )
      6    220.0698 cm^-1  (      6.5975 THz )

 # k point    99 : (  0.0300,  0.0300,  0.0600)
   Mode, Frequency 
      1     25.8859 cm^-1  (      0.7760 THz )
      2     30.0856 cm^-1  (      0.9019 THz )
      3     30.9355 cm^-1  (      0.9274 THz )
      4    218.3998 cm^-1  (      6.5475 THz )
      5    219.0890 cm^-1  (      6.5681 THz )
      6    219.1348 cm^-1  (      6.5695 THz )

 # k point   100 : (  0.0200,  0.0200,  0.0400)
   Mode, Frequency 
      1     17.2762 cm^-1  (      0.5179 THz )
      2     20.0920 cm^-1  (      0.6023 THz )
      3     20.6694 cm^-1  (      0.6197 THz )
      4    218.1234 cm^-1  (      6.5392 THz )
      5    218.4322 cm^-1  (      6.5484 THz )
      6    218.4536 cm^-1  (      6.5491 THz )

 # k point   101 : (  0.0100,  0.0100,  0.0200)
   Mode, Frequency 
      1      8.6437 cm^-1  (      0.2591 THz )
      2     10.0565 cm^-1  (      0.3015 THz )
      3     10.3485 cm^-1  (      0.3102 THz )
      4    217.9565 cm^-1  (      6.5342 THz )
      5    218.0340 cm^-1  (      6.5365 THz )
      6    218.0396 cm^-1  (      6.5367 THz )

 # k point   102 : (  0.0000,  0.0000,  0.0000)
   Mode, Frequency 
      1      0.0000 cm^-1  (      0.0000 THz )
      2      0.0000 cm^-1  (      0.0000 THz )
      3      0.0000 cm^-1  (      0.0000 THz )
      4    217.9007 cm^-1  (      6.5325 THz )
      5    217.9007 cm^-1  (      6.5325 THz )
      6    217.9007 cm^-1  (      6.5325 THz )

 # k point   103 : (  0.0000,  0.0000,  0.0000)
   Mode, Frequency 
      1      0.0000 cm^-1  (      0.0000 THz )
      2      0.0000 cm^-1  (      0.0000 THz )
      3      0.0000 cm^-1  (      0.0000 THz )
      4    217.9007 cm^-1  (      6.5325 THz )
      5    217.9007 cm^-1  (      6.5325 THz )
      6    217.9007 cm^-1  (      6.5325 THz )

 # k point   104 : (  0.0100,  0.0100,  0.0100)
   Mode, Frequency 
      1      5.3638 cm^-1  (      0.1608 THz )
      2      6.2200 cm^-1  (      0.1865 THz )
      3      6.2200 cm^-1  (      0.1865 THz )
      4    217.9223 cm^-1  (      6.5331 THz )
      5    217.9514 cm^-1  (      6.5340 THz )
      6    217.9514 cm^-1  (      6.5340 THz )

 # k point   105 : (  0.0200,  0.0200,  0.0200)
   Mode, Frequency 
      1     10.7234 cm^-1  (      0.3215 THz )
      2     12.4345 cm^-1  (      0.3728 THz )
      3     12.4345 cm^-1  (      0.3728 THz )
      4    217.9870 cm^-1  (      6.5351 THz )
      5    218.1034 cm^-1  (      6.5386 THz )
      6    218.1034 cm^-1  (      6.5386 THz )

 # k point   106 : (  0.0300,  0.0300,  0.0300)
   Mode, Frequency 
      1     16.0746 cm^-1  (      0.4819 THz )
      2     18.6382 cm^-1  (      0.5588 THz )
      3     18.6382 cm^-1  (      0.5588 THz )
      4    218.0944 cm^-1  (      6.5383 THz )
      5    218.3556 cm^-1  (      6.5461 THz )
      6    218.3556 cm^-1  (      6.5461 THz )

 # k point   107 : (  0.0400,  0.0400,  0.0400)
   Mode, Frequency 
      1     21.4133 cm^-1  (      0.6420 THz )
      2     24.8255 cm^-1  (      0.7442 THz )
      3     24.8255 cm^-1  (      0.7442 THz )
      4    218.2437 cm^-1  (      6.5428 THz )
      5    218.7066 cm^-1  (      6.5567 THz )
      6    218.7066 cm^-1  (      6.5567 THz )

 # k point   108 : (  0.0500,  0.0500,  0.0500)
   Mode, Frequency 
      1     26.7352 cm^-1  (      0.8015 THz )
      2     30.9911 cm^-1  (      0.9291 THz )
      3     30.9911 cm^-1  (      0.9291 THz )
      4    218.4339 cm^-1  (      6.5485 THz )
      5    219.1542 cm^-1  (      6.5701 THz )
      6    219.1542 cm^-1  (      6.5701 THz )

 # k point   109 : (  0.0600,  0.0600,  0.0600)
   Mode, Frequency 
      1     32.0363 cm^-1  (      0.9604 THz )
      2     37.1296 cm^-1  (      1.1131 THz )
      3     37.1296 cm^-1  (      1.1131 THz )
      4    218.6636 cm^-1  (      6.5554 THz )
      5    219.6957 cm^-1  (      6.5863 THz )
      6    219.6957 cm^-1  (      6.5863 THz )

 # k point   110 : (  0.0700,  0.0700,  0.0700)
   Mode, Frequency 
      1     37.3122 cm^-1  (      1.1186 THz )
      2     43.2356 cm^-1  (      1.2962 THz )
      3     43.2356 cm^-1  (      1.2962 THz )
      4    218.9311 cm^-1  (      6.5634 THz )
      5    220.3278 cm^-1  (      6.6053 THz )
      6    220.3278 cm^-1  (      6.6053 THz )

 # k point   111 : (  0.0800,  0.0800,  0.0800)
   Mode, Frequency 
      1     42.5590 cm^-1  (      1.2759 THz )
      2     49.3036 cm^-1  (      1.4781 THz )
      3     49.3036 cm^-1  (      1.4781 THz )
      4    219.2348 cm^-1  (      6.5725 THz )
      5    221.0469 cm^-1  (      6.6268 THz )
      6    221.0469 cm^-1  (      6.6268 THz )

 # k point   112 : (  0.0900,  0.0900,  0.0900)
   Mode, Frequency 
      1     47.7725 cm^-1  (      1.4322 THz )
      2     55.3285 cm^-1  (      1.6587 THz )
      3     55.3285 cm^-1  (      1.6587 THz )
      4    219.5723 cm^-1  (      6.5826 THz )
      5    221.8487 cm^-1  (      6.6509 THz )
      6    221.8487 cm^-1  (      6.6509 THz )

 # k point   113 : (  0.1000,  0.1000,  0.1000)
   Mode, Frequency 
      1     52.9487 cm^-1  (      1.5874 THz )
      2     61.3049 cm^-1  (      1.8379 THz )
      3     61.3049 cm^-1  (      1.8379 THz )
      4    219.9413 cm^-1  (      6.5937 THz )
      5    222.7285 cm^-1  (      6.6772 THz )
      6    222.7285 cm^-1  (      6.6772 THz )

 # k point   114 : (  0.1100,  0.1100,  0.1100)
   Mode, Frequency 
      1     58.0833 cm^-1  (      1.7413 THz )
      2     67.2274 cm^-1  (      2.0154 THz )
      3     67.2274 cm^-1  (      2.0154 THz )
      4    220.3393 cm^-1  (      6.6056 THz )
      5    223.6813 cm^-1  (      6.7058 THz )
      6    223.6813 cm^-1  (      6.7058 THz )

 # k point   115 : (  0.1200,  0.1200,  0.1200)
   Mode, Frequency 
      1     63.1725 cm^-1  (      1.8939 THz )
      2     73.0910 cm^-1  (      2.1912 THz )
      3     73.0910 cm^-1  (      2.1912 THz )
      4    220.7636 cm^-1  (      6.6183 THz )
      5    224.7016 cm^-1  (      6.7364 THz )
      6    224.7016 cm^-1  (      6.7364 THz )

 # k point   116 : (  0.1300,  0.1300,  0.1300)
   Mode, Frequency 
      1     68.2121 cm^-1  (      2.0449 THz )
      2     78.8903 cm^-1  (      2.3651 THz )
      3     78.8903 cm^-1  (      2.3651 THz )
      4    221.2110 cm^-1  (      6.6317 THz )
      5    225.7839 cm^-1  (      6.7688 THz )
      6    225.7839 cm^-1  (      6.7688 THz )

 # k point   117 : (  0.1400,  0.1400,  0.1400)
   Mode, Frequency 
      1     73.1983 cm^-1  (      2.1944 THz )
      2     84.6202 cm^-1  (      2.5369 THz )
      3     84.6202 cm^-1  (      2.5369 THz )
      4    221.6787 cm^-1  (      6.6458 THz )
      5    226.9222 cm^-1  (      6.8030 THz )
      6    226.9222 cm^-1  (      6.8030 THz )

 # k point   118 : (  0.1500,  0.1500,  0.1500)
   Mode, Frequency 
      1     78.1270 cm^-1  (      2.3422 THz )
      2     90.2756 cm^-1  (      2.7064 THz )
      3     90.2756 cm^-1  (      2.7064 THz )
      4    222.1633 cm^-1  (      6.6603 THz )
      5    228.1103 cm^-1  (      6.8386 THz )
      6    228.1103 cm^-1  (      6.8386 THz )

 # k point   119 : (  0.1600,  0.1600,  0.1600)
   Mode, Frequency 
      1     82.9942 cm^-1  (      2.4881 THz )
      2     95.8514 cm^-1  (      2.8736 THz )
      3     95.8514 cm^-1  (      2.8736 THz )
      4    222.6614 cm^-1  (      6.6752 THz )
      5    229.3419 cm^-1  (      6.8755 THz )
      6    229.3419 cm^-1  (      6.8755 THz )

 # k point   120 : (  0.1700,  0.1700,  0.1700)
   Mode, Frequency 
      1     87.7962 cm^-1  (      2.6321 THz )
      2    101.3427 cm^-1  (      3.0382 THz )
      3    101.3427 cm^-1  (      3.0382 THz )
      4    223.1697 cm^-1  (      6.6905 THz )
      5    230.6106 cm^-1  (      6.9135 THz )
      6    230.6106 cm^-1  (      6.9135 THz )

 # k point   121 : (  0.1800,  0.1800,  0.1800)
   Mode, Frequency 
      1     92.5290 cm^-1  (      2.7739 THz )
      2    106.7443 cm^-1  (      3.2001 THz )
      3    106.7443 cm^-1  (      3.2001 THz )
      4    223.6846 cm^-1  (      6.7059 THz )
      5    231.9100 cm^-1  (      6.9525 THz )
      6    231.9100 cm^-1  (      6.9525 THz )

 # k point   122 : (  0.1900,  0.1900,  0.1900)
   Mode, Frequency 
      1     97.1887 cm^-1  (      2.9136 THz )
      2    112.0514 cm^-1  (      3.3592 THz )
      3    112.0514 cm^-1  (      3.3592 THz )
      4    224.2027 cm^-1  (      6.7214 THz )
      5    233.2334 cm^-1  (      6.9922 THz )
      6    233.2334 cm^-1  (      6.9922 THz )

 # k point   123 : (  0.2000,  0.2000,  0.2000)
   Mode, Frequency 
      1    101.7716 cm^-1  (      3.0510 THz )
      2    117.2590 cm^-1  (      3.5153 THz )
      3    117.2590 cm^-1  (      3.5153 THz )
      4    224.7204 cm^-1  (      6.7369 THz )
      5    234.5745 cm^-1  (      7.0324 THz )
      6    234.5745 cm^-1  (      7.0324 THz )

 # k point   124 : (  0.2100,  0.2100,  0.2100)
   Mode, Frequency 
      1    106.2738 cm^-1  (      3.1860 THz )
      2    122.3624 cm^-1  (      3.6683 THz )
      3    122.3624 cm^-1  (      3.6683 THz )
      4    225.2341 cm^-1  (      6.7523 THz )
      5    235.9267 cm^-1  (      7.0729 THz )
      6    235.9267 cm^-1  (      7.0729 THz )

 # k point   125 : (  0.2200,  0.2200,  0.2200)
   Mode, Frequency 
      1    110.6914 cm^-1  (      3.3184 THz )
      2    127.3567 cm^-1  (      3.8181 THz )
      3    127.3567 cm^-1  (      3.8181 THz )
      4    225.7404 cm^-1  (      6.7675 THz )
      5    237.2838 cm^-1  (      7.1136 THz )
      6    237.2838 cm^-1  (      7.1136 THz )

 # k point   126 : (  0.2300,  0.2300,  0.2300)
   Mode, Frequency 
      1    115.0208 cm^-1  (      3.4482 THz )
      2    132.2371 cm^-1  (      3.9644 THz )
      3    132.2371 cm^-1  (      3.9644 THz )
      4    226.2359 cm^-1  (      6.7824 THz )
      5    238.6395 cm^-1  (      7.1542 THz )
      6    238.6395 cm^-1  (      7.1542 THz )

 # k point   127 : (  0.2400,  0.2400,  0.2400)
   Mode, Frequency 
      1    119.2581 cm^-1  (      3.5753 THz )
      2    136.9990 cm^-1  (      4.1071 THz )
      3    136.9990 cm^-1  (      4.1071 THz )
      4    226.7172 cm^-1  (      6.7968 THz )
      5    239.9878 cm^-1  (      7.1947 THz )
      6    239.9878 cm^-1  (      7.1947 THz )

 # k point   128 : (  0.2500,  0.2500,  0.2500)
   Mode, Frequency 
      1    123.3994 cm^-1  (      3.6994 THz )
      2    141.6376 cm^-1  (      4.2462 THz )
      3    141.6376 cm^-1  (      4.2462 THz )
      4    227.1811 cm^-1  (      6.8107 THz )
      5    241.3227 cm^-1  (      7.2347 THz )
      6    241.3227 cm^-1  (      7.2347 THz )

 # k point   129 : (  0.2600,  0.2600,  0.2600)
   Mode, Frequency 
      1    127.4410 cm^-1  (      3.8206 THz )
      2    146.1484 cm^-1  (      4.3814 THz )
      3    146.1484 cm^-1  (      4.3814 THz )
      4    227.6245 cm^-1  (      6.8240 THz )
      5    242.6388 cm^-1  (      7.2741 THz )
      6    242.6388 cm^-1  (      7.2741 THz )

 # k point   130 : (  0.2700,  0.2700,  0.2700)
   Mode, Frequency 
      1    131.3790 cm^-1  (      3.9386 THz )
      2    150.5265 cm^-1  (      4.5127 THz )
      3    150.5265 cm^-1  (      4.5127 THz )
      4    228.0447 cm^-1  (      6.8366 THz )
      5    243.9305 cm^-1  (      7.3129 THz )
      6    243.9305 cm^-1  (      7.3129 THz )

 # k point   131 : (  0.2800,  0.2800,  0.2800)
   Mode, Frequency 
      1    135.2095 cm^-1  (      4.0535 THz )
      2    154.7676 cm^-1  (      4.6398 THz )
      3    154.7676 cm^-1  (      4.6398 THz )
      4    228.4390 cm^-1  (      6.8484 THz )
      5    245.1927 cm^-1  (      7.3507 THz )
      6    245.1927 cm^-1  (      7.3507 THz )

 # k point   132 : (  0.2900,  0.2900,  0.2900)
   Mode, Frequency 
      1    138.9284 cm^-1  (      4.1650 THz )
      2    158.8669 cm^-1  (      4.7627 THz )
      3    158.8669 cm^-1  (      4.7627 THz )
      4    228.8049 cm^-1  (      6.8594 THz )
      5    246.4206 cm^-1  (      7.3875 THz )
      6    246.4206 cm^-1  (      7.3875 THz )

 # k point   133 : (  0.3000,  0.3000,  0.3000)
   Mode, Frequency 
      1    142.5316 cm^-1  (      4.2730 THz )
      2    162.8198 cm^-1  (      4.8812 THz )
      3    162.8198 cm^-1  (      4.8812 THz )
      4    229.1404 cm^-1  (      6.8695 THz )
      5    247.6098 cm^-1  (      7.4232 THz )
      6    247.6098 cm^-1  (      7.4232 THz )

 # k point   134 : (  0.3100,  0.3100,  0.3100)
   Mode, Frequency 
      1    146.0151 cm^-1  (      4.3774 THz )
      2    166.6219 cm^-1  (      4.9952 THz )
      3    166.6219 cm^-1  (      4.9952 THz )
      4    229.4437 cm^-1  (      6.8785 THz )
      5    248.7561 cm^-1  (      7.4575 THz )
      6    248.7561 cm^-1  (      7.4575 THz )

 # k point   135 : (  0.3200,  0.3200,  0.3200)
   Mode, Frequency 
      1    149.3743 cm^-1  (      4.4781 THz )
      2    170.2685 cm^-1  (      5.1045 THz )
      3    170.2685 cm^-1  (      5.1045 THz )
      4    229.7133 cm^-1  (      6.8866 THz )
      5    249.8556 cm^-1  (      7.4905 THz )
      6    249.8556 cm^-1  (      7.4905 THz )

 # k point   136 : (  0.3300,  0.3300,  0.3300)
   Mode, Frequency 
      1    152.6049 cm^-1  (      4.5750 THz )
      2    173.7551 cm^-1  (      5.2090 THz )
      3    173.7551 cm^-1  (      5.2090 THz )
      4    229.9482 cm^-1  (      6.8937 THz )
      5    250.9051 cm^-1  (      7.5219 THz )
      6    250.9051 cm^-1  (      7.5219 THz )

 # k point   137 : (  0.3400,  0.3400,  0.3400)
   Mode, Frequency 
      1    155.7020 cm^-1  (      4.6678 THz )
      2    177.0770 cm^-1  (      5.3086 THz )
      3    177.0770 cm^-1  (      5.3086 THz )
      4    230.1479 cm^-1  (      6.8997 THz )
      5    251.9014 cm^-1  (      7.5518 THz )
      6    251.9014 cm^-1  (      7.5518 THz )

 # k point   138 : (  0.3500,  0.3500,  0.3500)
   Mode, Frequency 
      1    158.6607 cm^-1  (      4.7565 THz )
      2    180.2297 cm^-1  (      5.4032 THz )
      3    180.2297 cm^-1  (      5.4032 THz )
      4    230.3123 cm^-1  (      6.9046 THz )
      5    252.8419 cm^-1  (      7.5800 THz )
      6    252.8419 cm^-1  (      7.5800 THz )

 # k point   139 : (  0.3600,  0.3600,  0.3600)
   Mode, Frequency 
      1    161.4756 cm^-1  (      4.8409 THz )
      2    183.2085 cm^-1  (      5.4925 THz )
      3    183.2085 cm^-1  (      5.4925 THz )
      4    230.4420 cm^-1  (      6.9085 THz )
      5    253.7245 cm^-1  (      7.6065 THz )
      6    253.7245 cm^-1  (      7.6065 THz )

 # k point   140 : (  0.3700,  0.3700,  0.3700)
   Mode, Frequency 
      1    164.1414 cm^-1  (      4.9208 THz )
      2    186.0089 cm^-1  (      5.5764 THz )
      3    186.0089 cm^-1  (      5.5764 THz )
      4    230.5379 cm^-1  (      6.9114 THz )
      5    254.5475 cm^-1  (      7.6311 THz )
      6    254.5475 cm^-1  (      7.6311 THz )

 # k point   141 : (  0.3800,  0.3800,  0.3800)
   Mode, Frequency 
      1    166.6519 cm^-1  (      4.9961 THz )
      2    188.6261 cm^-1  (      5.6549 THz )
      3    188.6261 cm^-1  (      5.6549 THz )
      4    230.6017 cm^-1  (      6.9133 THz )
      5    255.3093 cm^-1  (      7.6540 THz )
      6    255.3093 cm^-1  (      7.6540 THz )

 # k point   142 : (  0.3900,  0.3900,  0.3900)
   Mode, Frequency 
      1    169.0009 cm^-1  (      5.0665 THz )
      2    191.0557 cm^-1  (      5.7277 THz )
      3    191.0557 cm^-1  (      5.7277 THz )
      4    230.6359 cm^-1  (      6.9143 THz )
      5    256.0091 cm^-1  (      7.6750 THz )
      6    256.0091 cm^-1  (      7.6750 THz )

 # k point   143 : (  0.4000,  0.4000,  0.4000)
   Mode, Frequency 
      1    171.1818 cm^-1  (      5.1319 THz )
      2    193.2932 cm^-1  (      5.7948 THz )
      3    193.2932 cm^-1  (      5.7948 THz )
      4    230.6434 cm^-1  (      6.9145 THz )
      5    256.6462 cm^-1  (      7.6941 THz )
      6    256.6462 cm^-1  (      7.6941 THz )

 # k point   144 : (  0.4100,  0.4100,  0.4100)
   Mode, Frequency 
      1    173.1875 cm^-1  (      5.1920 THz )
      2    195.3340 cm^-1  (      5.8560 THz )
      3    195.3340 cm^-1  (      5.8560 THz )
      4    230.6278 cm^-1  (      6.9140 THz )
      5    257.2204 cm^-1  (      7.7113 THz )
      6    257.2204 cm^-1  (      7.7113 THz )

 # k point   145 : (  0.4200,  0.4200,  0.4200)
   Mode, Frequency 
      1    175.0108 cm^-1  (      5.2467 THz )
      2    197.1738 cm^-1  (      5.9111 THz )
      3    197.1738 cm^-1  (      5.9111 THz )
      4    230.5936 cm^-1  (      6.9130 THz )
      5    257.7318 cm^-1  (      7.7266 THz )
      6    257.7318 cm^-1  (      7.7266 THz )

 # k point   146 : (  0.4300,  0.4300,  0.4300)
   Mode, Frequency 
      1    176.6440 cm^-1  (      5.2957 THz )
      2    198.8085 cm^-1  (      5.9601 THz )
      3    198.8085 cm^-1  (      5.9601 THz )
      4    230.5454 cm^-1  (      6.9116 THz )
      5    258.1807 cm^-1  (      7.7401 THz )
      6    258.1807 cm^-1  (      7.7401 THz )

 # k point   147 : (  0.4400,  0.4400,  0.4400)
   Mode, Frequency 
      1    178.0795 cm^-1  (      5.3387 THz )
      2    200.2342 cm^-1  (      6.0029 THz )
      3    200.2342 cm^-1  (      6.0029 THz )
      4    230.4884 cm^-1  (      6.9099 THz )
      5    258.5677 cm^-1  (      7.7517 THz )
      6    258.5677 cm^-1  (      7.7517 THz )

 # k point   148 : (  0.4500,  0.4500,  0.4500)
   Mode, Frequency 
      1    179.3099 cm^-1  (      5.3756 THz )
      2    201.4473 cm^-1  (      6.0392 THz )
      3    201.4473 cm^-1  (      6.0392 THz )
      4    230.4281 cm^-1  (      6.9081 THz )
      5    258.8933 cm^-1  (      7.7614 THz )
      6    258.8933 cm^-1  (      7.7614 THz )

 # k point   149 : (  0.4600,  0.4600,  0.4600)
   Mode, Frequency 
      1    180.3281 cm^-1  (      5.4061 THz )
      2    202.4446 cm^-1  (      6.0691 THz )
      3    202.4446 cm^-1  (      6.0691 THz )
      4    230.3698 cm^-1  (      6.9063 THz )
      5    259.1584 cm^-1  (      7.7694 THz )
      6    259.1584 cm^-1  (      7.7694 THz )

 # k point   150 : (  0.4700,  0.4700,  0.4700)
   Mode, Frequency 
      1    181.1275 cm^-1  (      5.4301 THz )
      2    203.2233 cm^-1  (      6.0925 THz )
      3    203.2233 cm^-1  (      6.0925 THz )
      4    230.3183 cm^-1  (      6.9048 THz )
      5    259.3637 cm^-1  (      7.7755 THz )
      6    259.3637 cm^-1  (      7.7755 THz )

 # k point   151 : (  0.4800,  0.4800,  0.4800)
   Mode, Frequency 
      1    181.7028 cm^-1  (      5.4473 THz )
      2    203.7812 cm^-1  (      6.1092 THz )
      3    203.7812 cm^-1  (      6.1092 THz )
      4    230.2782 cm^-1  (      6.9036 THz )
      5    259.5098 cm^-1  (      7.7799 THz )
      6    259.5098 cm^-1  (      7.7799 THz )

 # k point   152 : (  0.4900,  0.4900,  0.4900)
   Mode, Frequency 
      1    182.0497 cm^-1  (      5.4577 THz )
      2    204.1165 cm^-1  (      6.1193 THz )
      3    204.1165 cm^-1  (      6.1193 THz )
      4    230.2527 cm^-1  (      6.9028 THz )
      5    259.5972 cm^-1  (      7.7825 THz )
      6    259.5972 cm^-1  (      7.7825 THz )

 # k point   153 : (  0.5000,  0.5000,  0.5000)
   Mode, Frequency 
      1    182.1657 cm^-1  (      5.4612 THz )
      2    204.2285 cm^-1  (      6.1226 THz )
      3    204.2285 cm^-1  (      6.1226 THz )
      4    230.2439 cm^-1  (      6.9025 THz )
      5    259.6263 cm^-1  (      7.7834 THz )
      6    259.6263 cm^-1  (      7.7834 THz )


 -----------------------------------------------------------------

 The following files are created: 
  si222.bands       : Phonon band structure

 Job finished at Mon Jul 11 22:39:57 2022

