 +-----------------------------------------------------------------+
 +                         Program ANPHON                          +
 +                             Ver.  1.4.1                         +
 +-----------------------------------------------------------------+

 Job started at Fri May 24 18:37:44 2024

 The number of MPI processes: 1
 The number of OpenMP threads: 20


 Input variables:
 -----------------------------------------------------------------
 General:
  PREFIX = sc222
  MODE = PHONONS
  FCSXML = sc222_harm.xml

  NKD = 1; KD =   Fe
  MASS =     55.845
  NSYM = 0; TOLERANCE = 0.001; PRINTSYM = 0

  NONANALYTIC = 0

  TMIN = 0; TMAX = 1000; DT = 10
  EMIN = 0; EMAX = 1000; DELTA_E = 10

  ISMEAR = -1; EPSILON = 10

  CLASSICAL = 0
  BCONNECT = 0


 Kpoint:
  KPMODE (1st entry for &kpoint) = 1


 Analysis:
  PRINTVEL = 0
  PRINTVEC = 0
  PRINTXSF = 0

  GRUNEISEN = 0
  NEWFCS = 0


 -----------------------------------------------------------------

                      MODE = phonons                         
                                                             
      Phonon calculation within harmonic approximation       
      Harmonic force constants will be used.                 

 -----------------------------------------------------------------

 Crystal structure
 =================

 Lattice Vectors:

 * Supercell (from sc222_harm.xml )

    1.073386e+01   0.000000e+00   0.000000e+00 : a1
    0.000000e+00   1.073386e+01   0.000000e+00 : a2
    0.000000e+00   0.000000e+00   1.073386e+01 : a3

    5.853611e-01   0.000000e+00   0.000000e+00 : b1
    0.000000e+00   5.853611e-01   0.000000e+00 : b2
    0.000000e+00   0.000000e+00   5.853611e-01 : b3

 * Primitive cell 

    4.649310e+00   0.000000e+00   0.000000e+00 : a1
   -1.549755e+00   4.383416e+00   0.000000e+00 : a2
   -1.549755e+00  -2.191685e+00   3.796115e+00 : a3

    1.351423e+00   4.777950e-01   8.275698e-01 : b1
   -0.000000e+00   1.433399e+00   8.275722e-01 : b2
    0.000000e+00  -0.000000e+00   1.655162e+00 : b3


  Volume of the primitive cell : 7.736429e+01 (a.u.)^3

  Number of atoms in the supercell     : 16
  Number of atoms in the primitive cell: 1

  Atomic positions in the primitive cell (fractional):
   1:   0.000000e+00   0.000000e+00   0.000000e+00  Fe

  Mass of atomic species (u):
  Fe:   55.845000


 Symmetry
 ========

  NSYM = 0 is given: Trying to find symmetry operations.
  Number of symmetry operations : 48

 k points
 ========

  KPMODE = 1: Band structure calculation
  Number of paths : 5

  List of k paths : 
   1:  G (  0.0000  0.0000  0.0000)  N (  0.5000  0.5000  0.0000)  51
   2:  N (  0.5000  0.5000  0.0000)  G (  0.0000  0.0000  0.0000)  51
   3:  G (  0.0000  0.0000  0.0000)  H (  0.0000  1.0000  0.0000)  51
   4:  H (  0.0000  1.0000  0.0000)  P (  0.5000  0.5000  0.5000)  51
   5:  P (  0.5000  0.5000  0.5000)  G (  0.0000  0.0000  0.0000)  51

  Number of k points : 255

 Force constant
 ==============

  Reading force constants from the XML file ... done !
  Number of non-zero IFCs for 2 order: 315

  Maximum deviation from the translational invariance: 
   Order 2 :   1.3878e-16


 Dynamical matrix
 ================

  NONANALYTIC = 0 : No non-analytic correction. 


 -----------------------------------------------------------------


 ISMEAR = -1: Tetrahedron method will be used.

 Now, move on to phonon calculations.

 Diagonalizing dynamical matrices for all k points ... done!

 -----------------------------------------------------------------

 Phonon frequencies below:

 # k point     1 : (  0.0000,  0.0000,  0.0000)
   Mode, Frequency 
      1      0.0000 cm^-1  (      0.0000 THz )
      2      0.0000 cm^-1  (      0.0000 THz )
      3      0.0000 cm^-1  (      0.0000 THz )

 # k point     2 : (  0.0100,  0.0100,  0.0000)
   Mode, Frequency 
      1      7.5217 cm^-1  (      0.2255 THz )
      2      7.8988 cm^-1  (      0.2368 THz )
      3     14.2621 cm^-1  (      0.4276 THz )

 # k point     3 : (  0.0200,  0.0200,  0.0000)
   Mode, Frequency 
      1     15.0199 cm^-1  (      0.4503 THz )
      2     15.7814 cm^-1  (      0.4731 THz )
      3     28.4650 cm^-1  (      0.8534 THz )

 # k point     4 : (  0.0300,  0.0300,  0.0000)
   Mode, Frequency 
      1     22.4715 cm^-1  (      0.6737 THz )
      2     23.6321 cm^-1  (      0.7085 THz )
      3     42.5500 cm^-1  (      1.2756 THz )

 # k point     5 : (  0.0400,  0.0400,  0.0000)
   Mode, Frequency 
      1     29.8543 cm^-1  (      0.8950 THz )
      2     31.4353 cm^-1  (      0.9424 THz )
      3     56.4589 cm^-1  (      1.6926 THz )

 # k point     6 : (  0.0500,  0.0500,  0.0000)
   Mode, Frequency 
      1     37.1466 cm^-1  (      1.1136 THz )
      2     39.1765 cm^-1  (      1.1745 THz )
      3     70.1349 cm^-1  (      2.1026 THz )

 # k point     7 : (  0.0600,  0.0600,  0.0000)
   Mode, Frequency 
      1     44.3285 cm^-1  (      1.3289 THz )
      2     46.8417 cm^-1  (      1.4043 THz )
      3     83.5225 cm^-1  (      2.5039 THz )

 # k point     8 : (  0.0700,  0.0700,  0.0000)
   Mode, Frequency 
      1     51.3814 cm^-1  (      1.5404 THz )
      2     54.4184 cm^-1  (      1.6314 THz )
      3     96.5681 cm^-1  (      2.8950 THz )

 # k point     9 : (  0.0800,  0.0800,  0.0000)
   Mode, Frequency 
      1     58.2884 cm^-1  (      1.7474 THz )
      2     61.8950 cm^-1  (      1.8556 THz )
      3    109.2200 cm^-1  (      3.2743 THz )

 # k point    10 : (  0.0900,  0.0900,  0.0000)
   Mode, Frequency 
      1     65.0347 cm^-1  (      1.9497 THz )
      2     69.2612 cm^-1  (      2.0764 THz )
      3    121.4291 cm^-1  (      3.6404 THz )

 # k point    11 : (  0.1000,  0.1000,  0.0000)
   Mode, Frequency 
      1     71.6077 cm^-1  (      2.1467 THz )
      2     76.5082 cm^-1  (      2.2937 THz )
      3    133.1489 cm^-1  (      3.9917 THz )

 # k point    12 : (  0.1100,  0.1100,  0.0000)
   Mode, Frequency 
      1     77.9965 cm^-1  (      2.3383 THz )
      2     83.6282 cm^-1  (      2.5071 THz )
      3    144.3359 cm^-1  (      4.3271 THz )

 # k point    13 : (  0.1200,  0.1200,  0.0000)
   Mode, Frequency 
      1     84.1928 cm^-1  (      2.5240 THz )
      2     90.6150 cm^-1  (      2.7166 THz )
      3    154.9495 cm^-1  (      4.6453 THz )

 # k point    14 : (  0.1300,  0.1300,  0.0000)
   Mode, Frequency 
      1     90.1901 cm^-1  (      2.7038 THz )
      2     97.4632 cm^-1  (      2.9219 THz )
      3    164.9527 cm^-1  (      4.9452 THz )

 # k point    15 : (  0.1400,  0.1400,  0.0000)
   Mode, Frequency 
      1     95.9841 cm^-1  (      2.8775 THz )
      2    104.1688 cm^-1  (      3.1229 THz )
      3    174.3117 cm^-1  (      5.2257 THz )

 # k point    16 : (  0.1500,  0.1500,  0.0000)
   Mode, Frequency 
      1    101.5721 cm^-1  (      3.0451 THz )
      2    110.7283 cm^-1  (      3.3196 THz )
      3    182.9966 cm^-1  (      5.4861 THz )

 # k point    17 : (  0.1600,  0.1600,  0.0000)
   Mode, Frequency 
      1    106.9532 cm^-1  (      3.2064 THz )
      2    117.1392 cm^-1  (      3.5117 THz )
      3    190.9812 cm^-1  (      5.7255 THz )

 # k point    18 : (  0.1700,  0.1700,  0.0000)
   Mode, Frequency 
      1    112.1279 cm^-1  (      3.3615 THz )
      2    123.3991 cm^-1  (      3.6994 THz )
      3    198.2430 cm^-1  (      5.9432 THz )

 # k point    19 : (  0.1800,  0.1800,  0.0000)
   Mode, Frequency 
      1    117.0979 cm^-1  (      3.5105 THz )
      2    129.5061 cm^-1  (      3.8825 THz )
      3    204.7636 cm^-1  (      6.1387 THz )

 # k point    20 : (  0.1900,  0.1900,  0.0000)
   Mode, Frequency 
      1    121.8655 cm^-1  (      3.6534 THz )
      2    135.4583 cm^-1  (      4.0609 THz )
      3    210.5289 cm^-1  (      6.3115 THz )

 # k point    21 : (  0.2000,  0.2000,  0.0000)
   Mode, Frequency 
      1    126.4339 cm^-1  (      3.7904 THz )
      2    141.2532 cm^-1  (      4.2347 THz )
      3    215.5287 cm^-1  (      6.4614 THz )

 # k point    22 : (  0.2100,  0.2100,  0.0000)
   Mode, Frequency 
      1    130.8063 cm^-1  (      3.9215 THz )
      2    146.8881 cm^-1  (      4.4036 THz )
      3    219.7576 cm^-1  (      6.5882 THz )

 # k point    23 : (  0.2200,  0.2200,  0.0000)
   Mode, Frequency 
      1    134.9861 cm^-1  (      4.0468 THz )
      2    152.3595 cm^-1  (      4.5676 THz )
      3    223.2143 cm^-1  (      6.6918 THz )

 # k point    24 : (  0.2300,  0.2300,  0.0000)
   Mode, Frequency 
      1    138.9763 cm^-1  (      4.1664 THz )
      2    157.6625 cm^-1  (      4.7266 THz )
      3    225.9031 cm^-1  (      6.7724 THz )

 # k point    25 : (  0.2400,  0.2400,  0.0000)
   Mode, Frequency 
      1    142.7796 cm^-1  (      4.2804 THz )
      2    162.7910 cm^-1  (      4.8804 THz )
      3    227.8330 cm^-1  (      6.8303 THz )

 # k point    26 : (  0.2500,  0.2500,  0.0000)
   Mode, Frequency 
      1    146.3976 cm^-1  (      4.3889 THz )
      2    167.7366 cm^-1  (      5.0286 THz )
      3    229.0196 cm^-1  (      6.8658 THz )

 # k point    27 : (  0.2600,  0.2600,  0.0000)
   Mode, Frequency 
      1    149.8314 cm^-1  (      4.4918 THz )
      2    172.4882 cm^-1  (      5.1711 THz )
      3    229.4855 cm^-1  (      6.8798 THz )

 # k point    28 : (  0.2700,  0.2700,  0.0000)
   Mode, Frequency 
      1    153.0806 cm^-1  (      4.5892 THz )
      2    177.0299 cm^-1  (      5.3072 THz )
      3    229.2621 cm^-1  (      6.8731 THz )

 # k point    29 : (  0.2800,  0.2800,  0.0000)
   Mode, Frequency 
      1    156.1436 cm^-1  (      4.6811 THz )
      2    181.3388 cm^-1  (      5.4364 THz )
      3    228.3933 cm^-1  (      6.8471 THz )

 # k point    30 : (  0.2900,  0.2900,  0.0000)
   Mode, Frequency 
      1    159.0166 cm^-1  (      4.7672 THz )
      2    185.3796 cm^-1  (      5.5575 THz )
      3    226.9411 cm^-1  (      6.8035 THz )

 # k point    31 : (  0.3000,  0.3000,  0.0000)
   Mode, Frequency 
      1    161.6939 cm^-1  (      4.8475 THz )
      2    189.0938 cm^-1  (      5.6689 THz )
      3    224.9972 cm^-1  (      6.7452 THz )

 # k point    32 : (  0.3100,  0.3100,  0.0000)
   Mode, Frequency 
      1    164.1656 cm^-1  (      4.9216 THz )
      2    192.3784 cm^-1  (      5.7674 THz )
      3    222.7064 cm^-1  (      6.6766 THz )

 # k point    33 : (  0.3200,  0.3200,  0.0000)
   Mode, Frequency 
      1    166.4165 cm^-1  (      4.9890 THz )
      2    195.0418 cm^-1  (      5.8472 THz )
      3    220.3131 cm^-1  (      6.6048 THz )

 # k point    34 : (  0.3300,  0.3300,  0.0000)
   Mode, Frequency 
      1    168.4212 cm^-1  (      5.0491 THz )
      2    196.7382 cm^-1  (      5.8981 THz )
      3    218.2319 cm^-1  (      6.5424 THz )

 # k point    35 : (  0.3400,  0.3400,  0.0000)
   Mode, Frequency 
      1    170.1358 cm^-1  (      5.1005 THz )
      2    196.9901 cm^-1  (      5.9056 THz )
      3    217.0345 cm^-1  (      6.5065 THz )

 # k point    36 : (  0.3500,  0.3500,  0.0000)
   Mode, Frequency 
      1    171.4786 cm^-1  (      5.1408 THz )
      2    195.5723 cm^-1  (      5.8631 THz )
      3    217.0855 cm^-1  (      6.5081 THz )

 # k point    37 : (  0.3600,  0.3600,  0.0000)
   Mode, Frequency 
      1    172.2901 cm^-1  (      5.1651 THz )
      2    192.9237 cm^-1  (      5.7837 THz )
      3    218.1713 cm^-1  (      6.5406 THz )

 # k point    38 : (  0.3700,  0.3700,  0.0000)
   Mode, Frequency 
      1    172.2632 cm^-1  (      5.1643 THz )
      2    189.8921 cm^-1  (      5.6928 THz )
      3    219.8261 cm^-1  (      6.5902 THz )

 # k point    39 : (  0.3800,  0.3800,  0.0000)
   Mode, Frequency 
      1    170.9369 cm^-1  (      5.1246 THz )
      2    187.3665 cm^-1  (      5.6171 THz )
      3    221.7068 cm^-1  (      6.6466 THz )

 # k point    40 : (  0.3900,  0.3900,  0.0000)
   Mode, Frequency 
      1    168.0487 cm^-1  (      5.0380 THz )
      2    185.8944 cm^-1  (      5.5730 THz )
      3    223.6234 cm^-1  (      6.7041 THz )

 # k point    41 : (  0.4000,  0.4000,  0.0000)
   Mode, Frequency 
      1    163.9349 cm^-1  (      4.9146 THz )
      2    185.3466 cm^-1  (      5.5566 THz )
      3    225.4752 cm^-1  (      6.7596 THz )

 # k point    42 : (  0.4100,  0.4100,  0.0000)
   Mode, Frequency 
      1    159.1858 cm^-1  (      4.7723 THz )
      2    185.3051 cm^-1  (      5.5553 THz )
      3    227.2066 cm^-1  (      6.8115 THz )

 # k point    43 : (  0.4200,  0.4200,  0.0000)
   Mode, Frequency 
      1    154.2598 cm^-1  (      4.6246 THz )
      2    185.4709 cm^-1  (      5.5603 THz )
      3    228.7856 cm^-1  (      6.8588 THz )

 # k point    44 : (  0.4300,  0.4300,  0.0000)
   Mode, Frequency 
      1    149.4675 cm^-1  (      4.4809 THz )
      2    185.6881 cm^-1  (      5.5668 THz )
      3    230.1927 cm^-1  (      6.9010 THz )

 # k point    45 : (  0.4400,  0.4400,  0.0000)
   Mode, Frequency 
      1    145.0380 cm^-1  (      4.3481 THz )
      2    185.8809 cm^-1  (      5.5726 THz )
      3    231.4155 cm^-1  (      6.9377 THz )

 # k point    46 : (  0.4500,  0.4500,  0.0000)
   Mode, Frequency 
      1    141.1559 cm^-1  (      4.2317 THz )
      2    186.0129 cm^-1  (      5.5765 THz )
      3    232.4461 cm^-1  (      6.9686 THz )

 # k point    47 : (  0.4600,  0.4600,  0.0000)
   Mode, Frequency 
      1    137.9758 cm^-1  (      4.1364 THz )
      2    186.0681 cm^-1  (      5.5782 THz )
      3    233.2794 cm^-1  (      6.9935 THz )

 # k point    48 : (  0.4700,  0.4700,  0.0000)
   Mode, Frequency 
      1    135.6235 cm^-1  (      4.0659 THz )
      2    186.0419 cm^-1  (      5.5774 THz )
      3    233.9120 cm^-1  (      7.0125 THz )

 # k point    49 : (  0.4800,  0.4800,  0.0000)
   Mode, Frequency 
      1    134.1909 cm^-1  (      4.0229 THz )
      2    185.9362 cm^-1  (      5.5742 THz )
      3    234.3424 cm^-1  (      7.0254 THz )

 # k point    50 : (  0.4900,  0.4900,  0.0000)
   Mode, Frequency 
      1    133.7312 cm^-1  (      4.0092 THz )
      2    185.7577 cm^-1  (      5.5689 THz )
      3    234.5696 cm^-1  (      7.0322 THz )

 # k point    51 : (  0.5000,  0.5000,  0.0000)
   Mode, Frequency 
      1    134.2550 cm^-1  (      4.0249 THz )
      2    185.5164 cm^-1  (      5.5616 THz )
      3    234.5944 cm^-1  (      7.0330 THz )

 # k point    52 : (  0.5000,  0.5000,  0.0000)
   Mode, Frequency 
      1    134.2550 cm^-1  (      4.0249 THz )
      2    185.5164 cm^-1  (      5.5616 THz )
      3    234.5944 cm^-1  (      7.0330 THz )

 # k point    53 : (  0.4900,  0.4900,  0.0000)
   Mode, Frequency 
      1    133.7312 cm^-1  (      4.0092 THz )
      2    185.7577 cm^-1  (      5.5689 THz )
      3    234.5696 cm^-1  (      7.0322 THz )

 # k point    54 : (  0.4800,  0.4800,  0.0000)
   Mode, Frequency 
      1    134.1909 cm^-1  (      4.0229 THz )
      2    185.9362 cm^-1  (      5.5742 THz )
      3    234.3424 cm^-1  (      7.0254 THz )

 # k point    55 : (  0.4700,  0.4700,  0.0000)
   Mode, Frequency 
      1    135.6235 cm^-1  (      4.0659 THz )
      2    186.0419 cm^-1  (      5.5774 THz )
      3    233.9120 cm^-1  (      7.0125 THz )

 # k point    56 : (  0.4600,  0.4600,  0.0000)
   Mode, Frequency 
      1    137.9758 cm^-1  (      4.1364 THz )
      2    186.0681 cm^-1  (      5.5782 THz )
      3    233.2794 cm^-1  (      6.9935 THz )

 # k point    57 : (  0.4500,  0.4500,  0.0000)
   Mode, Frequency 
      1    141.1559 cm^-1  (      4.2317 THz )
      2    186.0129 cm^-1  (      5.5765 THz )
      3    232.4461 cm^-1  (      6.9686 THz )

 # k point    58 : (  0.4400,  0.4400,  0.0000)
   Mode, Frequency 
      1    145.0380 cm^-1  (      4.3481 THz )
      2    185.8809 cm^-1  (      5.5726 THz )
      3    231.4155 cm^-1  (      6.9377 THz )

 # k point    59 : (  0.4300,  0.4300,  0.0000)
   Mode, Frequency 
      1    149.4675 cm^-1  (      4.4809 THz )
      2    185.6881 cm^-1  (      5.5668 THz )
      3    230.1927 cm^-1  (      6.9010 THz )

 # k point    60 : (  0.4200,  0.4200,  0.0000)
   Mode, Frequency 
      1    154.2598 cm^-1  (      4.6246 THz )
      2    185.4709 cm^-1  (      5.5603 THz )
      3    228.7856 cm^-1  (      6.8588 THz )

 # k point    61 : (  0.4100,  0.4100,  0.0000)
   Mode, Frequency 
      1    159.1858 cm^-1  (      4.7723 THz )
      2    185.3051 cm^-1  (      5.5553 THz )
      3    227.2066 cm^-1  (      6.8115 THz )

 # k point    62 : (  0.4000,  0.4000,  0.0000)
   Mode, Frequency 
      1    163.9349 cm^-1  (      4.9146 THz )
      2    185.3466 cm^-1  (      5.5566 THz )
      3    225.4752 cm^-1  (      6.7596 THz )

 # k point    63 : (  0.3900,  0.3900,  0.0000)
   Mode, Frequency 
      1    168.0487 cm^-1  (      5.0380 THz )
      2    185.8944 cm^-1  (      5.5730 THz )
      3    223.6234 cm^-1  (      6.7041 THz )

 # k point    64 : (  0.3800,  0.3800,  0.0000)
   Mode, Frequency 
      1    170.9369 cm^-1  (      5.1246 THz )
      2    187.3665 cm^-1  (      5.6171 THz )
      3    221.7068 cm^-1  (      6.6466 THz )

 # k point    65 : (  0.3700,  0.3700,  0.0000)
   Mode, Frequency 
      1    172.2632 cm^-1  (      5.1643 THz )
      2    189.8921 cm^-1  (      5.6928 THz )
      3    219.8261 cm^-1  (      6.5902 THz )

 # k point    66 : (  0.3600,  0.3600,  0.0000)
   Mode, Frequency 
      1    172.2901 cm^-1  (      5.1651 THz )
      2    192.9237 cm^-1  (      5.7837 THz )
      3    218.1713 cm^-1  (      6.5406 THz )

 # k point    67 : (  0.3500,  0.3500,  0.0000)
   Mode, Frequency 
      1    171.4786 cm^-1  (      5.1408 THz )
      2    195.5723 cm^-1  (      5.8631 THz )
      3    217.0855 cm^-1  (      6.5081 THz )

 # k point    68 : (  0.3400,  0.3400,  0.0000)
   Mode, Frequency 
      1    170.1358 cm^-1  (      5.1005 THz )
      2    196.9901 cm^-1  (      5.9056 THz )
      3    217.0345 cm^-1  (      6.5065 THz )

 # k point    69 : (  0.3300,  0.3300,  0.0000)
   Mode, Frequency 
      1    168.4212 cm^-1  (      5.0491 THz )
      2    196.7382 cm^-1  (      5.8981 THz )
      3    218.2319 cm^-1  (      6.5424 THz )

 # k point    70 : (  0.3200,  0.3200,  0.0000)
   Mode, Frequency 
      1    166.4165 cm^-1  (      4.9890 THz )
      2    195.0418 cm^-1  (      5.8472 THz )
      3    220.3131 cm^-1  (      6.6048 THz )

 # k point    71 : (  0.3100,  0.3100,  0.0000)
   Mode, Frequency 
      1    164.1656 cm^-1  (      4.9216 THz )
      2    192.3784 cm^-1  (      5.7674 THz )
      3    222.7064 cm^-1  (      6.6766 THz )

 # k point    72 : (  0.3000,  0.3000,  0.0000)
   Mode, Frequency 
      1    161.6939 cm^-1  (      4.8475 THz )
      2    189.0938 cm^-1  (      5.6689 THz )
      3    224.9972 cm^-1  (      6.7452 THz )

 # k point    73 : (  0.2900,  0.2900,  0.0000)
   Mode, Frequency 
      1    159.0166 cm^-1  (      4.7672 THz )
      2    185.3796 cm^-1  (      5.5575 THz )
      3    226.9411 cm^-1  (      6.8035 THz )

 # k point    74 : (  0.2800,  0.2800,  0.0000)
   Mode, Frequency 
      1    156.1436 cm^-1  (      4.6811 THz )
      2    181.3388 cm^-1  (      5.4364 THz )
      3    228.3933 cm^-1  (      6.8471 THz )

 # k point    75 : (  0.2700,  0.2700,  0.0000)
   Mode, Frequency 
      1    153.0806 cm^-1  (      4.5892 THz )
      2    177.0299 cm^-1  (      5.3072 THz )
      3    229.2621 cm^-1  (      6.8731 THz )

 # k point    76 : (  0.2600,  0.2600,  0.0000)
   Mode, Frequency 
      1    149.8314 cm^-1  (      4.4918 THz )
      2    172.4882 cm^-1  (      5.1711 THz )
      3    229.4855 cm^-1  (      6.8798 THz )

 # k point    77 : (  0.2500,  0.2500,  0.0000)
   Mode, Frequency 
      1    146.3976 cm^-1  (      4.3889 THz )
      2    167.7366 cm^-1  (      5.0286 THz )
      3    229.0196 cm^-1  (      6.8658 THz )

 # k point    78 : (  0.2400,  0.2400,  0.0000)
   Mode, Frequency 
      1    142.7796 cm^-1  (      4.2804 THz )
      2    162.7910 cm^-1  (      4.8804 THz )
      3    227.8330 cm^-1  (      6.8303 THz )

 # k point    79 : (  0.2300,  0.2300,  0.0000)
   Mode, Frequency 
      1    138.9763 cm^-1  (      4.1664 THz )
      2    157.6625 cm^-1  (      4.7266 THz )
      3    225.9031 cm^-1  (      6.7724 THz )

 # k point    80 : (  0.2200,  0.2200,  0.0000)
   Mode, Frequency 
      1    134.9861 cm^-1  (      4.0468 THz )
      2    152.3595 cm^-1  (      4.5676 THz )
      3    223.2143 cm^-1  (      6.6918 THz )

 # k point    81 : (  0.2100,  0.2100,  0.0000)
   Mode, Frequency 
      1    130.8063 cm^-1  (      3.9215 THz )
      2    146.8881 cm^-1  (      4.4036 THz )
      3    219.7576 cm^-1  (      6.5882 THz )

 # k point    82 : (  0.2000,  0.2000,  0.0000)
   Mode, Frequency 
      1    126.4339 cm^-1  (      3.7904 THz )
      2    141.2532 cm^-1  (      4.2347 THz )
      3    215.5287 cm^-1  (      6.4614 THz )

 # k point    83 : (  0.1900,  0.1900,  0.0000)
   Mode, Frequency 
      1    121.8655 cm^-1  (      3.6534 THz )
      2    135.4583 cm^-1  (      4.0609 THz )
      3    210.5289 cm^-1  (      6.3115 THz )

 # k point    84 : (  0.1800,  0.1800,  0.0000)
   Mode, Frequency 
      1    117.0979 cm^-1  (      3.5105 THz )
      2    129.5061 cm^-1  (      3.8825 THz )
      3    204.7636 cm^-1  (      6.1387 THz )

 # k point    85 : (  0.1700,  0.1700,  0.0000)
   Mode, Frequency 
      1    112.1279 cm^-1  (      3.3615 THz )
      2    123.3991 cm^-1  (      3.6994 THz )
      3    198.2430 cm^-1  (      5.9432 THz )

 # k point    86 : (  0.1600,  0.1600,  0.0000)
   Mode, Frequency 
      1    106.9532 cm^-1  (      3.2064 THz )
      2    117.1392 cm^-1  (      3.5117 THz )
      3    190.9812 cm^-1  (      5.7255 THz )

 # k point    87 : (  0.1500,  0.1500,  0.0000)
   Mode, Frequency 
      1    101.5721 cm^-1  (      3.0451 THz )
      2    110.7283 cm^-1  (      3.3196 THz )
      3    182.9966 cm^-1  (      5.4861 THz )

 # k point    88 : (  0.1400,  0.1400,  0.0000)
   Mode, Frequency 
      1     95.9841 cm^-1  (      2.8775 THz )
      2    104.1688 cm^-1  (      3.1229 THz )
      3    174.3117 cm^-1  (      5.2257 THz )

 # k point    89 : (  0.1300,  0.1300,  0.0000)
   Mode, Frequency 
      1     90.1901 cm^-1  (      2.7038 THz )
      2     97.4632 cm^-1  (      2.9219 THz )
      3    164.9527 cm^-1  (      4.9452 THz )

 # k point    90 : (  0.1200,  0.1200,  0.0000)
   Mode, Frequency 
      1     84.1928 cm^-1  (      2.5240 THz )
      2     90.6150 cm^-1  (      2.7166 THz )
      3    154.9495 cm^-1  (      4.6453 THz )

 # k point    91 : (  0.1100,  0.1100,  0.0000)
   Mode, Frequency 
      1     77.9965 cm^-1  (      2.3383 THz )
      2     83.6282 cm^-1  (      2.5071 THz )
      3    144.3359 cm^-1  (      4.3271 THz )

 # k point    92 : (  0.1000,  0.1000,  0.0000)
   Mode, Frequency 
      1     71.6077 cm^-1  (      2.1467 THz )
      2     76.5082 cm^-1  (      2.2937 THz )
      3    133.1489 cm^-1  (      3.9917 THz )

 # k point    93 : (  0.0900,  0.0900,  0.0000)
   Mode, Frequency 
      1     65.0347 cm^-1  (      1.9497 THz )
      2     69.2612 cm^-1  (      2.0764 THz )
      3    121.4291 cm^-1  (      3.6404 THz )

 # k point    94 : (  0.0800,  0.0800,  0.0000)
   Mode, Frequency 
      1     58.2884 cm^-1  (      1.7474 THz )
      2     61.8950 cm^-1  (      1.8556 THz )
      3    109.2200 cm^-1  (      3.2743 THz )

 # k point    95 : (  0.0700,  0.0700,  0.0000)
   Mode, Frequency 
      1     51.3814 cm^-1  (      1.5404 THz )
      2     54.4184 cm^-1  (      1.6314 THz )
      3     96.5681 cm^-1  (      2.8950 THz )

 # k point    96 : (  0.0600,  0.0600,  0.0000)
   Mode, Frequency 
      1     44.3285 cm^-1  (      1.3289 THz )
      2     46.8417 cm^-1  (      1.4043 THz )
      3     83.5225 cm^-1  (      2.5039 THz )

 # k point    97 : (  0.0500,  0.0500,  0.0000)
   Mode, Frequency 
      1     37.1466 cm^-1  (      1.1136 THz )
      2     39.1765 cm^-1  (      1.1745 THz )
      3     70.1349 cm^-1  (      2.1026 THz )

 # k point    98 : (  0.0400,  0.0400,  0.0000)
   Mode, Frequency 
      1     29.8543 cm^-1  (      0.8950 THz )
      2     31.4353 cm^-1  (      0.9424 THz )
      3     56.4589 cm^-1  (      1.6926 THz )

 # k point    99 : (  0.0300,  0.0300,  0.0000)
   Mode, Frequency 
      1     22.4715 cm^-1  (      0.6737 THz )
      2     23.6321 cm^-1  (      0.7085 THz )
      3     42.5500 cm^-1  (      1.2756 THz )

 # k point   100 : (  0.0200,  0.0200,  0.0000)
   Mode, Frequency 
      1     15.0199 cm^-1  (      0.4503 THz )
      2     15.7814 cm^-1  (      0.4731 THz )
      3     28.4650 cm^-1  (      0.8534 THz )

 # k point   101 : (  0.0100,  0.0100,  0.0000)
   Mode, Frequency 
      1      7.5217 cm^-1  (      0.2255 THz )
      2      7.8988 cm^-1  (      0.2368 THz )
      3     14.2621 cm^-1  (      0.4276 THz )

 # k point   102 : (  0.0000,  0.0000,  0.0000)
   Mode, Frequency 
      1      0.0000 cm^-1  (      0.0000 THz )
      2      0.0000 cm^-1  (      0.0000 THz )
      3      0.0000 cm^-1  (      0.0000 THz )

 # k point   103 : (  0.0000,  0.0000,  0.0000)
   Mode, Frequency 
      1      0.0000 cm^-1  (      0.0000 THz )
      2      0.0000 cm^-1  (      0.0000 THz )
      3      0.0000 cm^-1  (      0.0000 THz )

 # k point   104 : (  0.0000,  0.0200,  0.0000)
   Mode, Frequency 
      1      8.6719 cm^-1  (      0.2600 THz )
      2      9.9162 cm^-1  (      0.2973 THz )
      3     16.0046 cm^-1  (      0.4798 THz )

 # k point   105 : (  0.0000,  0.0400,  0.0000)
   Mode, Frequency 
      1     17.2954 cm^-1  (      0.5185 THz )
      2     19.7984 cm^-1  (      0.5935 THz )
      3     31.9322 cm^-1  (      0.9573 THz )

 # k point   106 : (  0.0000,  0.0600,  0.0000)
   Mode, Frequency 
      1     25.8229 cm^-1  (      0.7742 THz )
      2     29.6127 cm^-1  (      0.8878 THz )
      3     47.7066 cm^-1  (      1.4302 THz )

 # k point   107 : (  0.0000,  0.0800,  0.0000)
   Mode, Frequency 
      1     34.2083 cm^-1  (      1.0255 THz )
      2     39.3253 cm^-1  (      1.1789 THz )
      3     63.2529 cm^-1  (      1.8963 THz )

 # k point   108 : (  0.0000,  0.1000,  0.0000)
   Mode, Frequency 
      1     42.4078 cm^-1  (      1.2714 THz )
      2     48.9027 cm^-1  (      1.4661 THz )
      3     78.4981 cm^-1  (      2.3533 THz )

 # k point   109 : (  0.0000,  0.1200,  0.0000)
   Mode, Frequency 
      1     50.3802 cm^-1  (      1.5104 THz )
      2     58.3115 cm^-1  (      1.7481 THz )
      3     93.3722 cm^-1  (      2.7992 THz )

 # k point   110 : (  0.0000,  0.1400,  0.0000)
   Mode, Frequency 
      1     58.0881 cm^-1  (      1.7414 THz )
      2     67.5190 cm^-1  (      2.0242 THz )
      3    107.8082 cm^-1  (      3.2320 THz )

 # k point   111 : (  0.0000,  0.1600,  0.0000)
   Mode, Frequency 
      1     65.4979 cm^-1  (      1.9636 THz )
      2     76.4928 cm^-1  (      2.2932 THz )
      3    121.7430 cm^-1  (      3.6498 THz )

 # k point   112 : (  0.0000,  0.1800,  0.0000)
   Mode, Frequency 
      1     72.5804 cm^-1  (      2.1759 THz )
      2     85.2011 cm^-1  (      2.5543 THz )
      3    135.1176 cm^-1  (      4.0507 THz )

 # k point   113 : (  0.0000,  0.2000,  0.0000)
   Mode, Frequency 
      1     79.3116 cm^-1  (      2.3777 THz )
      2     93.6129 cm^-1  (      2.8064 THz )
      3    147.8779 cm^-1  (      4.4333 THz )

 # k point   114 : (  0.0000,  0.2200,  0.0000)
   Mode, Frequency 
      1     85.6723 cm^-1  (      2.5684 THz )
      2    101.6982 cm^-1  (      3.0488 THz )
      3    159.9746 cm^-1  (      4.7959 THz )

 # k point   115 : (  0.0000,  0.2400,  0.0000)
   Mode, Frequency 
      1     91.6485 cm^-1  (      2.7476 THz )
      2    109.4280 cm^-1  (      3.2806 THz )
      3    171.3639 cm^-1  (      5.1374 THz )

 # k point   116 : (  0.0000,  0.2600,  0.0000)
   Mode, Frequency 
      1     97.2317 cm^-1  (      2.9149 THz )
      2    116.7745 cm^-1  (      3.5008 THz )
      3    182.0071 cm^-1  (      5.4564 THz )

 # k point   117 : (  0.0000,  0.2800,  0.0000)
   Mode, Frequency 
      1    102.4183 cm^-1  (      3.0704 THz )
      2    123.7115 cm^-1  (      3.7088 THz )
      3    191.8715 cm^-1  (      5.7522 THz )

 # k point   118 : (  0.0000,  0.3000,  0.0000)
   Mode, Frequency 
      1    107.2099 cm^-1  (      3.2141 THz )
      2    130.2144 cm^-1  (      3.9037 THz )
      3    200.9295 cm^-1  (      6.0237 THz )

 # k point   119 : (  0.0000,  0.3200,  0.0000)
   Mode, Frequency 
      1    111.6125 cm^-1  (      3.3461 THz )
      2    136.2603 cm^-1  (      4.0850 THz )
      3    209.1596 cm^-1  (      6.2704 THz )

 # k point   120 : (  0.0000,  0.3400,  0.0000)
   Mode, Frequency 
      1    115.6363 cm^-1  (      3.4667 THz )
      2    141.8285 cm^-1  (      4.2519 THz )
      3    216.5452 cm^-1  (      6.4919 THz )

 # k point   121 : (  0.0000,  0.3600,  0.0000)
   Mode, Frequency 
      1    119.2953 cm^-1  (      3.5764 THz )
      2    146.9006 cm^-1  (      4.4040 THz )
      3    223.0753 cm^-1  (      6.6876 THz )

 # k point   122 : (  0.0000,  0.3800,  0.0000)
   Mode, Frequency 
      1    122.6061 cm^-1  (      3.6756 THz )
      2    151.4607 cm^-1  (      4.5407 THz )
      3    228.7440 cm^-1  (      6.8576 THz )

 # k point   123 : (  0.0000,  0.4000,  0.0000)
   Mode, Frequency 
      1    125.5879 cm^-1  (      3.7650 THz )
      2    155.4955 cm^-1  (      4.6616 THz )
      3    233.5502 cm^-1  (      7.0017 THz )

 # k point   124 : (  0.0000,  0.4200,  0.0000)
   Mode, Frequency 
      1    128.2612 cm^-1  (      3.8452 THz )
      2    158.9948 cm^-1  (      4.7665 THz )
      3    237.4972 cm^-1  (      7.1200 THz )

 # k point   125 : (  0.0000,  0.4400,  0.0000)
   Mode, Frequency 
      1    130.6473 cm^-1  (      3.9167 THz )
      2    161.9512 cm^-1  (      4.8552 THz )
      3    240.5929 cm^-1  (      7.2128 THz )

 # k point   126 : (  0.0000,  0.4600,  0.0000)
   Mode, Frequency 
      1    132.7675 cm^-1  (      3.9803 THz )
      2    164.3609 cm^-1  (      4.9274 THz )
      3    242.8492 cm^-1  (      7.2804 THz )

 # k point   127 : (  0.0000,  0.4800,  0.0000)
   Mode, Frequency 
      1    134.6426 cm^-1  (      4.0365 THz )
      2    166.2233 cm^-1  (      4.9832 THz )
      3    244.2815 cm^-1  (      7.3234 THz )

 # k point   128 : (  0.0000,  0.5000,  0.0000)
   Mode, Frequency 
      1    136.2920 cm^-1  (      4.0859 THz )
      2    167.5416 cm^-1  (      5.0228 THz )
      3    244.9094 cm^-1  (      7.3422 THz )

 # k point   129 : (  0.0000,  0.5200,  0.0000)
   Mode, Frequency 
      1    137.7332 cm^-1  (      4.1291 THz )
      2    168.3225 cm^-1  (      5.0462 THz )
      3    244.7558 cm^-1  (      7.3376 THz )

 # k point   130 : (  0.0000,  0.5400,  0.0000)
   Mode, Frequency 
      1    138.9814 cm^-1  (      4.1666 THz )
      2    168.5768 cm^-1  (      5.0538 THz )
      3    243.8471 cm^-1  (      7.3104 THz )

 # k point   131 : (  0.0000,  0.5600,  0.0000)
   Mode, Frequency 
      1    140.0495 cm^-1  (      4.1986 THz )
      2    168.3191 cm^-1  (      5.0461 THz )
      3    242.2137 cm^-1  (      7.2614 THz )

 # k point   132 : (  0.0000,  0.5800,  0.0000)
   Mode, Frequency 
      1    140.9470 cm^-1  (      4.2255 THz )
      2    167.5683 cm^-1  (      5.0236 THz )
      3    239.8900 cm^-1  (      7.1917 THz )

 # k point   133 : (  0.0000,  0.6000,  0.0000)
   Mode, Frequency 
      1    141.6803 cm^-1  (      4.2475 THz )
      2    166.3473 cm^-1  (      4.9870 THz )
      3    236.9151 cm^-1  (      7.1025 THz )

 # k point   134 : (  0.0000,  0.6200,  0.0000)
   Mode, Frequency 
      1    142.2518 cm^-1  (      4.2646 THz )
      2    164.6833 cm^-1  (      4.9371 THz )
      3    233.3339 cm^-1  (      6.9952 THz )

 # k point   135 : (  0.0000,  0.6400,  0.0000)
   Mode, Frequency 
      1    142.6593 cm^-1  (      4.2768 THz )
      2    162.6079 cm^-1  (      4.8749 THz )
      3    229.1986 cm^-1  (      6.8712 THz )

 # k point   136 : (  0.0000,  0.6600,  0.0000)
   Mode, Frequency 
      1    142.8943 cm^-1  (      4.2839 THz )
      2    160.1572 cm^-1  (      4.8014 THz )
      3    224.5707 cm^-1  (      6.7325 THz )

 # k point   137 : (  0.0000,  0.6800,  0.0000)
   Mode, Frequency 
      1    142.9400 cm^-1  (      4.2852 THz )
      2    157.3719 cm^-1  (      4.7179 THz )
      3    219.5243 cm^-1  (      6.5812 THz )

 # k point   138 : (  0.0000,  0.7000,  0.0000)
   Mode, Frequency 
      1    142.7680 cm^-1  (      4.2801 THz )
      2    154.2972 cm^-1  (      4.6257 THz )
      3    214.1501 cm^-1  (      6.4201 THz )

 # k point   139 : (  0.0000,  0.7200,  0.0000)
   Mode, Frequency 
      1    142.3328 cm^-1  (      4.2670 THz )
      2    150.9831 cm^-1  (      4.5264 THz )
      3    208.5622 cm^-1  (      6.2525 THz )

 # k point   140 : (  0.0000,  0.7400,  0.0000)
   Mode, Frequency 
      1    141.5657 cm^-1  (      4.2440 THz )
      2    147.4847 cm^-1  (      4.4215 THz )
      3    202.9046 cm^-1  (      6.0829 THz )

 # k point   141 : (  0.0000,  0.7600,  0.0000)
   Mode, Frequency 
      1    140.3690 cm^-1  (      4.2082 THz )
      2    143.8617 cm^-1  (      4.3129 THz )
      3    197.3584 cm^-1  (      5.9167 THz )

 # k point   142 : (  0.0000,  0.7800,  0.0000)
   Mode, Frequency 
      1    138.6154 cm^-1  (      4.1556 THz )
      2    140.1786 cm^-1  (      4.2024 THz )
      3    192.1433 cm^-1  (      5.7603 THz )

 # k point   143 : (  0.0000,  0.8000,  0.0000)
   Mode, Frequency 
      1    136.1637 cm^-1  (      4.0821 THz )
      2    136.5049 cm^-1  (      4.0923 THz )
      3    187.5025 cm^-1  (      5.6212 THz )

 # k point   144 : (  0.0000,  0.8200,  0.0000)
   Mode, Frequency 
      1    132.9005 cm^-1  (      3.9843 THz )
      2    132.9138 cm^-1  (      3.9847 THz )
      3    183.6626 cm^-1  (      5.5061 THz )

 # k point   145 : (  0.0000,  0.8400,  0.0000)
   Mode, Frequency 
      1    128.7995 cm^-1  (      3.8613 THz )
      2    129.4823 cm^-1  (      3.8818 THz )
      3    180.7755 cm^-1  (      5.4195 THz )

 # k point   146 : (  0.0000,  0.8600,  0.0000)
   Mode, Frequency 
      1    123.9616 cm^-1  (      3.7163 THz )
      2    126.2893 cm^-1  (      3.7861 THz )
      3    178.8792 cm^-1  (      5.3627 THz )

 # k point   147 : (  0.0000,  0.8800,  0.0000)
   Mode, Frequency 
      1    118.6060 cm^-1  (      3.5557 THz )
      2    123.4142 cm^-1  (      3.6999 THz )
      3    177.9096 cm^-1  (      5.3336 THz )

 # k point   148 : (  0.0000,  0.9000,  0.0000)
   Mode, Frequency 
      1    113.0236 cm^-1  (      3.3884 THz )
      2    120.9342 cm^-1  (      3.6255 THz )
      3    177.7476 cm^-1  (      5.3287 THz )

 # k point   149 : (  0.0000,  0.9200,  0.0000)
   Mode, Frequency 
      1    107.5328 cm^-1  (      3.2238 THz )
      2    118.9213 cm^-1  (      3.5652 THz )
      3    178.2639 cm^-1  (      5.3442 THz )

 # k point   150 : (  0.0000,  0.9400,  0.0000)
   Mode, Frequency 
      1    102.4543 cm^-1  (      3.0715 THz )
      2    117.4385 cm^-1  (      3.5207 THz )
      3    179.3416 cm^-1  (      5.3765 THz )

 # k point   151 : (  0.0000,  0.9600,  0.0000)
   Mode, Frequency 
      1     98.0971 cm^-1  (      2.9409 THz )
      2    116.5366 cm^-1  (      3.4937 THz )
      3    180.8815 cm^-1  (      5.4227 THz )

 # k point   152 : (  0.0000,  0.9800,  0.0000)
   Mode, Frequency 
      1     94.7445 cm^-1  (      2.8404 THz )
      2    116.2503 cm^-1  (      3.4851 THz )
      3    182.7989 cm^-1  (      5.4802 THz )

 # k point   153 : (  0.0000,  1.0000,  0.0000)
   Mode, Frequency 
      1     92.6319 cm^-1  (      2.7770 THz )
      2    116.5964 cm^-1  (      3.4955 THz )
      3    185.0191 cm^-1  (      5.5467 THz )

 # k point   154 : (  0.0000,  1.0000,  0.0000)
   Mode, Frequency 
      1     92.6319 cm^-1  (      2.7770 THz )
      2    116.5964 cm^-1  (      3.4955 THz )
      3    185.0191 cm^-1  (      5.5467 THz )

 # k point   155 : (  0.0100,  0.9900,  0.0100)
   Mode, Frequency 
      1     89.7314 cm^-1  (      2.6901 THz )
      2    112.5506 cm^-1  (      3.3742 THz )
      3    179.0358 cm^-1  (      5.3674 THz )

 # k point   156 : (  0.0200,  0.9800,  0.0200)
   Mode, Frequency 
      1     86.8854 cm^-1  (      2.6048 THz )
      2    108.4365 cm^-1  (      3.2508 THz )
      3    172.9599 cm^-1  (      5.1852 THz )

 # k point   157 : (  0.0300,  0.9700,  0.0300)
   Mode, Frequency 
      1     84.1231 cm^-1  (      2.5219 THz )
      2    104.2491 cm^-1  (      3.1253 THz )
      3    166.8582 cm^-1  (      5.0023 THz )

 # k point   158 : (  0.0400,  0.9600,  0.0400)
   Mode, Frequency 
      1     81.4768 cm^-1  (      2.4426 THz )
      2     99.9858 cm^-1  (      2.9975 THz )
      3    160.8051 cm^-1  (      4.8208 THz )

 # k point   159 : (  0.0500,  0.9500,  0.0500)
   Mode, Frequency 
      1     78.9812 cm^-1  (      2.3678 THz )
      2     95.6503 cm^-1  (      2.8675 THz )
      3    154.8810 cm^-1  (      4.6432 THz )

 # k point   160 : (  0.0600,  0.9400,  0.0600)
   Mode, Frequency 
      1     76.6740 cm^-1  (      2.2986 THz )
      2     91.2566 cm^-1  (      2.7358 THz )
      3    149.1703 cm^-1  (      4.4720 THz )

 # k point   161 : (  0.0700,  0.9300,  0.0700)
   Mode, Frequency 
      1     74.5944 cm^-1  (      2.2363 THz )
      2     86.8350 cm^-1  (      2.6032 THz )
      3    143.7577 cm^-1  (      4.3097 THz )

 # k point   162 : (  0.0800,  0.9200,  0.0800)
   Mode, Frequency 
      1     72.7832 cm^-1  (      2.1820 THz )
      2     82.4404 cm^-1  (      2.4715 THz )
      3    138.7236 cm^-1  (      4.1588 THz )

 # k point   163 : (  0.0900,  0.9100,  0.0900)
   Mode, Frequency 
      1     71.2805 cm^-1  (      2.1369 THz )
      2     78.1595 cm^-1  (      2.3432 THz )
      3    134.1391 cm^-1  (      4.0214 THz )

 # k point   164 : (  0.1000,  0.9000,  0.1000)
   Mode, Frequency 
      1     70.1248 cm^-1  (      2.1023 THz )
      2     74.1164 cm^-1  (      2.2220 THz )
      3    130.0632 cm^-1  (      3.8992 THz )

 # k point   165 : (  0.1100,  0.8900,  0.1100)
   Mode, Frequency 
      1     69.3497 cm^-1  (      2.0791 THz )
      2     70.4744 cm^-1  (      2.1128 THz )
      3    126.5404 cm^-1  (      3.7936 THz )

 # k point   166 : (  0.1200,  0.8800,  0.1200)
   Mode, Frequency 
      1     67.4240 cm^-1  (      2.0213 THz )
      2     68.9853 cm^-1  (      2.0681 THz )
      3    123.6020 cm^-1  (      3.7055 THz )

 # k point   167 : (  0.1300,  0.8700,  0.1300)
   Mode, Frequency 
      1     65.1720 cm^-1  (      1.9538 THz )
      2     69.0470 cm^-1  (      2.0700 THz )
      3    121.2693 cm^-1  (      3.6356 THz )

 # k point   168 : (  0.1400,  0.8600,  0.1400)
   Mode, Frequency 
      1     63.8970 cm^-1  (      1.9156 THz )
      2     69.5452 cm^-1  (      2.0849 THz )
      3    119.5576 cm^-1  (      3.5842 THz )

 # k point   169 : (  0.1500,  0.8500,  0.1500)
   Mode, Frequency 
      1     63.7168 cm^-1  (      1.9102 THz )
      2     70.4774 cm^-1  (      2.1129 THz )
      3    118.4806 cm^-1  (      3.5520 THz )

 # k point   170 : (  0.1600,  0.8400,  0.1600)
   Mode, Frequency 
      1     64.6526 cm^-1  (      1.9382 THz )
      2     71.8295 cm^-1  (      2.1534 THz )
      3    118.0544 cm^-1  (      3.5392 THz )

 # k point   171 : (  0.1700,  0.8300,  0.1700)
   Mode, Frequency 
      1     66.6181 cm^-1  (      1.9972 THz )
      2     73.5774 cm^-1  (      2.2058 THz )
      3    118.3010 cm^-1  (      3.5466 THz )

 # k point   172 : (  0.1800,  0.8200,  0.1800)
   Mode, Frequency 
      1     69.4372 cm^-1  (      2.0817 THz )
      2     75.6876 cm^-1  (      2.2691 THz )
      3    119.2490 cm^-1  (      3.5750 THz )

 # k point   173 : (  0.1900,  0.8100,  0.1900)
   Mode, Frequency 
      1     72.8793 cm^-1  (      2.1849 THz )
      2     78.1189 cm^-1  (      2.3419 THz )
      3    120.9318 cm^-1  (      3.6254 THz )

 # k point   174 : (  0.2000,  0.8000,  0.2000)
   Mode, Frequency 
      1     76.6990 cm^-1  (      2.2994 THz )
      2     80.8259 cm^-1  (      2.4231 THz )
      3    123.3806 cm^-1  (      3.6989 THz )

 # k point   175 : (  0.2100,  0.7900,  0.2100)
   Mode, Frequency 
      1     80.6652 cm^-1  (      2.4183 THz )
      2     83.7693 cm^-1  (      2.5113 THz )
      3    126.6113 cm^-1  (      3.7957 THz )

 # k point   176 : (  0.2200,  0.7800,  0.2200)
   Mode, Frequency 
      1     84.5611 cm^-1  (      2.5351 THz )
      2     86.9448 cm^-1  (      2.6065 THz )
      3    130.6091 cm^-1  (      3.9156 THz )

 # k point   177 : (  0.2300,  0.7700,  0.2300)
   Mode, Frequency 
      1     88.1710 cm^-1  (      2.6433 THz )
      2     90.4128 cm^-1  (      2.7105 THz )
      3    135.3173 cm^-1  (      4.0567 THz )

 # k point   178 : (  0.2400,  0.7600,  0.2400)
   Mode, Frequency 
      1     91.3966 cm^-1  (      2.7400 THz )
      2     94.1823 cm^-1  (      2.8235 THz )
      3    140.6389 cm^-1  (      4.2162 THz )

 # k point   179 : (  0.2500,  0.7500,  0.2500)
   Mode, Frequency 
      1     94.3185 cm^-1  (      2.8276 THz )
      2     98.1334 cm^-1  (      2.9420 THz )
      3    146.4496 cm^-1  (      4.3904 THz )

 # k point   180 : (  0.2600,  0.7400,  0.2600)
   Mode, Frequency 
      1     97.0207 cm^-1  (      2.9086 THz )
      2    102.1727 cm^-1  (      3.0631 THz )
      3    152.6159 cm^-1  (      4.5753 THz )

 # k point   181 : (  0.2700,  0.7300,  0.2700)
   Mode, Frequency 
      1     99.5472 cm^-1  (      2.9843 THz )
      2    106.2595 cm^-1  (      3.1856 THz )
      3    159.0094 cm^-1  (      4.7670 THz )

 # k point   182 : (  0.2800,  0.7200,  0.2800)
   Mode, Frequency 
      1    101.9247 cm^-1  (      3.0556 THz )
      2    110.3726 cm^-1  (      3.3089 THz )
      3    165.5155 cm^-1  (      4.9620 THz )

 # k point   183 : (  0.2900,  0.7100,  0.2900)
   Mode, Frequency 
      1    104.1726 cm^-1  (      3.1230 THz )
      2    114.4952 cm^-1  (      3.4325 THz )
      3    172.0358 cm^-1  (      5.1575 THz )

 # k point   184 : (  0.3000,  0.7000,  0.3000)
   Mode, Frequency 
      1    106.3057 cm^-1  (      3.1870 THz )
      2    118.6118 cm^-1  (      3.5559 THz )
      3    178.4876 cm^-1  (      5.3509 THz )

 # k point   185 : (  0.3100,  0.6900,  0.3100)
   Mode, Frequency 
      1    108.3346 cm^-1  (      3.2478 THz )
      2    122.7071 cm^-1  (      3.6787 THz )
      3    184.8025 cm^-1  (      5.5402 THz )

 # k point   186 : (  0.3200,  0.6800,  0.3200)
   Mode, Frequency 
      1    110.2675 cm^-1  (      3.3057 THz )
      2    126.7665 cm^-1  (      3.8004 THz )
      3    190.9232 cm^-1  (      5.7237 THz )

 # k point   187 : (  0.3300,  0.6700,  0.3300)
   Mode, Frequency 
      1    112.1102 cm^-1  (      3.3610 THz )
      2    130.7758 cm^-1  (      3.9206 THz )
      3    196.8026 cm^-1  (      5.9000 THz )

 # k point   188 : (  0.3400,  0.6600,  0.3400)
   Mode, Frequency 
      1    113.8675 cm^-1  (      3.4137 THz )
      2    134.7218 cm^-1  (      4.0389 THz )
      3    202.4014 cm^-1  (      6.0678 THz )

 # k point   189 : (  0.3500,  0.6500,  0.3500)
   Mode, Frequency 
      1    115.5433 cm^-1  (      3.4639 THz )
      2    138.5918 cm^-1  (      4.1549 THz )
      3    207.6868 cm^-1  (      6.2263 THz )

 # k point   190 : (  0.3600,  0.6400,  0.3600)
   Mode, Frequency 
      1    117.1413 cm^-1  (      3.5118 THz )
      2    142.3737 cm^-1  (      4.2683 THz )
      3    212.6320 cm^-1  (      6.3745 THz )

 # k point   191 : (  0.3700,  0.6300,  0.3700)
   Mode, Frequency 
      1    118.6649 cm^-1  (      3.5575 THz )
      2    146.0559 cm^-1  (      4.3786 THz )
      3    217.2149 cm^-1  (      6.5119 THz )

 # k point   192 : (  0.3800,  0.6200,  0.3800)
   Mode, Frequency 
      1    120.1176 cm^-1  (      3.6010 THz )
      2    149.6271 cm^-1  (      4.4857 THz )
      3    221.4177 cm^-1  (      6.6379 THz )

 # k point   193 : (  0.3900,  0.6100,  0.3900)
   Mode, Frequency 
      1    121.5029 cm^-1  (      3.6426 THz )
      2    153.0763 cm^-1  (      4.5891 THz )
      3    225.2268 cm^-1  (      6.7521 THz )

 # k point   194 : (  0.4000,  0.6000,  0.4000)
   Mode, Frequency 
      1    122.8242 cm^-1  (      3.6822 THz )
      2    156.3923 cm^-1  (      4.6885 THz )
      3    228.6320 cm^-1  (      6.8542 THz )

 # k point   195 : (  0.4100,  0.5900,  0.4100)
   Mode, Frequency 
      1    124.0849 cm^-1  (      3.7200 THz )
      2    159.5639 cm^-1  (      4.7836 THz )
      3    231.6269 cm^-1  (      6.9440 THz )

 # k point   196 : (  0.4200,  0.5800,  0.4200)
   Mode, Frequency 
      1    125.2881 cm^-1  (      3.7560 THz )
      2    162.5797 cm^-1  (      4.8740 THz )
      3    234.2084 cm^-1  (      7.0214 THz )

 # k point   197 : (  0.4300,  0.5700,  0.4300)
   Mode, Frequency 
      1    126.4366 cm^-1  (      3.7905 THz )
      2    165.4273 cm^-1  (      4.9594 THz )
      3    236.3768 cm^-1  (      7.0864 THz )

 # k point   198 : (  0.4400,  0.5600,  0.4400)
   Mode, Frequency 
      1    127.5330 cm^-1  (      3.8233 THz )
      2    168.0940 cm^-1  (      5.0393 THz )
      3    238.1362 cm^-1  (      7.1391 THz )

 # k point   199 : (  0.4500,  0.5500,  0.4500)
   Mode, Frequency 
      1    128.5790 cm^-1  (      3.8547 THz )
      2    170.5657 cm^-1  (      5.1134 THz )
      3    239.4939 cm^-1  (      7.1798 THz )

 # k point   200 : (  0.4600,  0.5400,  0.4600)
   Mode, Frequency 
      1    129.5761 cm^-1  (      3.8846 THz )
      2    172.8270 cm^-1  (      5.1812 THz )
      3    240.4617 cm^-1  (      7.2089 THz )

 # k point   201 : (  0.4700,  0.5300,  0.4700)
   Mode, Frequency 
      1    130.5248 cm^-1  (      3.9130 THz )
      2    174.8611 cm^-1  (      5.2422 THz )
      3    241.0551 cm^-1  (      7.2267 THz )

 # k point   202 : (  0.4800,  0.5200,  0.4800)
   Mode, Frequency 
      1    131.4250 cm^-1  (      3.9400 THz )
      2    176.6491 cm^-1  (      5.2958 THz )
      3    241.2943 cm^-1  (      7.2338 THz )

 # k point   203 : (  0.4900,  0.5100,  0.4900)
   Mode, Frequency 
      1    132.2758 cm^-1  (      3.9655 THz )
      2    178.1699 cm^-1  (      5.3414 THz )
      3    241.2043 cm^-1  (      7.2311 THz )

 # k point   204 : (  0.5000,  0.5000,  0.5000)
   Mode, Frequency 
      1    133.0756 cm^-1  (      3.9895 THz )
      2    179.4001 cm^-1  (      5.3783 THz )
      3    240.8151 cm^-1  (      7.2195 THz )

 # k point   205 : (  0.5000,  0.5000,  0.5000)
   Mode, Frequency 
      1    133.0756 cm^-1  (      3.9895 THz )
      2    179.4001 cm^-1  (      5.3783 THz )
      3    240.8151 cm^-1  (      7.2195 THz )

 # k point   206 : (  0.4900,  0.4900,  0.4900)
   Mode, Frequency 
      1    134.3115 cm^-1  (      4.0266 THz )
      2    182.5600 cm^-1  (      5.4730 THz )
      3    238.6014 cm^-1  (      7.1531 THz )

 # k point   207 : (  0.4800,  0.4800,  0.4800)
   Mode, Frequency 
      1    135.0671 cm^-1  (      4.0492 THz )
      2    184.9174 cm^-1  (      5.5437 THz )
      3    236.0645 cm^-1  (      7.0770 THz )

 # k point   208 : (  0.4700,  0.4700,  0.4700)
   Mode, Frequency 
      1    135.3540 cm^-1  (      4.0578 THz )
      2    186.1275 cm^-1  (      5.5800 THz )
      3    233.6452 cm^-1  (      7.0045 THz )

 # k point   209 : (  0.4600,  0.4600,  0.4600)
   Mode, Frequency 
      1    135.1824 cm^-1  (      4.0527 THz )
      2    185.8294 cm^-1  (      5.5710 THz )
      3    231.8314 cm^-1  (      6.9501 THz )

 # k point   210 : (  0.4500,  0.4500,  0.4500)
   Mode, Frequency 
      1    134.5536 cm^-1  (      4.0338 THz )
      2    183.8299 cm^-1  (      5.5111 THz )
      3    230.9835 cm^-1  (      6.9247 THz )

 # k point   211 : (  0.4400,  0.4400,  0.4400)
   Mode, Frequency 
      1    133.4524 cm^-1  (      4.0008 THz )
      2    180.2882 cm^-1  (      5.4049 THz )
      3    231.1607 cm^-1  (      6.9300 THz )

 # k point   212 : (  0.4300,  0.4300,  0.4300)
   Mode, Frequency 
      1    131.8446 cm^-1  (      3.9526 THz )
      2    175.6946 cm^-1  (      5.2672 THz )
      3    232.1485 cm^-1  (      6.9596 THz )

 # k point   213 : (  0.4200,  0.4200,  0.4200)
   Mode, Frequency 
      1    129.6875 cm^-1  (      3.8879 THz )
      2    170.6836 cm^-1  (      5.1170 THz )
      3    233.6371 cm^-1  (      7.0043 THz )

 # k point   214 : (  0.4100,  0.4100,  0.4100)
   Mode, Frequency 
      1    126.9717 cm^-1  (      3.8065 THz )
      2    165.8638 cm^-1  (      4.9725 THz )
      3    235.3534 cm^-1  (      7.0557 THz )

 # k point   215 : (  0.4000,  0.4000,  0.4000)
   Mode, Frequency 
      1    123.7973 cm^-1  (      3.7114 THz )
      2    161.7040 cm^-1  (      4.8478 THz )
      3    237.0960 cm^-1  (      7.1080 THz )

 # k point   216 : (  0.3900,  0.3900,  0.3900)
   Mode, Frequency 
      1    120.4444 cm^-1  (      3.6108 THz )
      2    158.4643 cm^-1  (      4.7506 THz )
      3    238.7253 cm^-1  (      7.1568 THz )

 # k point   217 : (  0.3800,  0.3800,  0.3800)
   Mode, Frequency 
      1    117.3596 cm^-1  (      3.5184 THz )
      2    156.2044 cm^-1  (      4.6829 THz )
      3    240.1453 cm^-1  (      7.1994 THz )

 # k point   218 : (  0.3700,  0.3700,  0.3700)
   Mode, Frequency 
      1    115.0441 cm^-1  (      3.4489 THz )
      2    154.8686 cm^-1  (      4.6428 THz )
      3    241.2893 cm^-1  (      7.2337 THz )

 # k point   219 : (  0.3600,  0.3600,  0.3600)
   Mode, Frequency 
      1    113.9116 cm^-1  (      3.4150 THz )
      2    154.3808 cm^-1  (      4.6282 THz )
      3    242.1099 cm^-1  (      7.2583 THz )

 # k point   220 : (  0.3500,  0.3500,  0.3500)
   Mode, Frequency 
      1    114.1779 cm^-1  (      3.4230 THz )
      2    154.7019 cm^-1  (      4.6378 THz )
      3    242.5732 cm^-1  (      7.2722 THz )

 # k point   221 : (  0.3400,  0.3400,  0.3400)
   Mode, Frequency 
      1    115.8078 cm^-1  (      3.4718 THz )
      2    155.8513 cm^-1  (      4.6723 THz )
      3    242.6555 cm^-1  (      7.2746 THz )

 # k point   222 : (  0.3300,  0.3300,  0.3300)
   Mode, Frequency 
      1    118.5230 cm^-1  (      3.5532 THz )
      2    157.9076 cm^-1  (      4.7340 THz )
      3    242.3414 cm^-1  (      7.2652 THz )

 # k point   223 : (  0.3200,  0.3200,  0.3200)
   Mode, Frequency 
      1    121.8728 cm^-1  (      3.6537 THz )
      2    160.9832 cm^-1  (      4.8262 THz )
      3    241.6231 cm^-1  (      7.2437 THz )

 # k point   224 : (  0.3100,  0.3100,  0.3100)
   Mode, Frequency 
      1    125.3577 cm^-1  (      3.7581 THz )
      2    165.1602 cm^-1  (      4.9514 THz )
      3    240.5020 cm^-1  (      7.2101 THz )

 # k point   225 : (  0.3000,  0.3000,  0.3000)
   Mode, Frequency 
      1    128.5734 cm^-1  (      3.8545 THz )
      2    170.3984 cm^-1  (      5.1084 THz )
      3    238.9907 cm^-1  (      7.1648 THz )

 # k point   226 : (  0.2900,  0.2900,  0.2900)
   Mode, Frequency 
      1    131.2996 cm^-1  (      3.9363 THz )
      2    176.4757 cm^-1  (      5.2906 THz )
      3    237.1200 cm^-1  (      7.1087 THz )

 # k point   227 : (  0.2800,  0.2800,  0.2800)
   Mode, Frequency 
      1    133.4824 cm^-1  (      4.0017 THz )
      2    183.0114 cm^-1  (      5.4865 THz )
      3    234.9507 cm^-1  (      7.0436 THz )

 # k point   228 : (  0.2700,  0.2700,  0.2700)
   Mode, Frequency 
      1    135.1559 cm^-1  (      4.0519 THz )
      2    189.5234 cm^-1  (      5.6818 THz )
      3    232.6005 cm^-1  (      6.9732 THz )

 # k point   229 : (  0.2600,  0.2600,  0.2600)
   Mode, Frequency 
      1    136.3744 cm^-1  (      4.0884 THz )
      2    195.4388 cm^-1  (      5.8591 THz )
      3    230.3014 cm^-1  (      6.9043 THz )

 # k point   230 : (  0.2500,  0.2500,  0.2500)
   Mode, Frequency 
      1    137.1805 cm^-1  (      4.1126 THz )
      2    200.0241 cm^-1  (      5.9966 THz )
      3    228.4961 cm^-1  (      6.8501 THz )

 # k point   231 : (  0.2400,  0.2400,  0.2400)
   Mode, Frequency 
      1    137.5977 cm^-1  (      4.1251 THz )
      2    202.3838 cm^-1  (      6.0673 THz )
      3    227.8433 cm^-1  (      6.8306 THz )

 # k point   232 : (  0.2300,  0.2300,  0.2300)
   Mode, Frequency 
      1    137.6323 cm^-1  (      4.1261 THz )
      2    201.9813 cm^-1  (      6.0552 THz )
      3    228.6894 cm^-1  (      6.8559 THz )

 # k point   233 : (  0.2200,  0.2200,  0.2200)
   Mode, Frequency 
      1    137.2774 cm^-1  (      4.1155 THz )
      2    199.2339 cm^-1  (      5.9729 THz )
      3    230.4657 cm^-1  (      6.9092 THz )

 # k point   234 : (  0.2100,  0.2100,  0.2100)
   Mode, Frequency 
      1    136.5172 cm^-1  (      4.0927 THz )
      2    194.9355 cm^-1  (      5.8440 THz )
      3    232.2578 cm^-1  (      6.9629 THz )

 # k point   235 : (  0.2000,  0.2000,  0.2000)
   Mode, Frequency 
      1    135.3296 cm^-1  (      4.0571 THz )
      2    189.6318 cm^-1  (      5.6850 THz )
      3    233.4260 cm^-1  (      6.9979 THz )

 # k point   236 : (  0.1900,  0.1900,  0.1900)
   Mode, Frequency 
      1    133.6887 cm^-1  (      4.0079 THz )
      2    183.6105 cm^-1  (      5.5045 THz )
      3    233.6091 cm^-1  (      7.0034 THz )

 # k point   237 : (  0.1800,  0.1800,  0.1800)
   Mode, Frequency 
      1    131.5661 cm^-1  (      3.9443 THz )
      2    177.0221 cm^-1  (      5.3070 THz )
      3    232.6020 cm^-1  (      6.9732 THz )

 # k point   238 : (  0.1700,  0.1700,  0.1700)
   Mode, Frequency 
      1    128.9329 cm^-1  (      3.8653 THz )
      2    169.9510 cm^-1  (      5.0950 THz )
      3    230.2822 cm^-1  (      6.9037 THz )

 # k point   239 : (  0.1600,  0.1600,  0.1600)
   Mode, Frequency 
      1    125.7609 cm^-1  (      3.7702 THz )
      2    162.4481 cm^-1  (      4.8701 THz )
      3    226.5755 cm^-1  (      6.7926 THz )

 # k point   240 : (  0.1500,  0.1500,  0.1500)
   Mode, Frequency 
      1    122.0238 cm^-1  (      3.6582 THz )
      2    154.5465 cm^-1  (      4.6332 THz )
      3    221.4397 cm^-1  (      6.6386 THz )

 # k point   241 : (  0.1400,  0.1400,  0.1400)
   Mode, Frequency 
      1    117.6989 cm^-1  (      3.5285 THz )
      2    146.2690 cm^-1  (      4.3850 THz )
      3    214.8568 cm^-1  (      6.4412 THz )

 # k point   242 : (  0.1300,  0.1300,  0.1300)
   Mode, Frequency 
      1    112.7683 cm^-1  (      3.3807 THz )
      2    137.6326 cm^-1  (      4.1261 THz )
      3    206.8290 cm^-1  (      6.2006 THz )

 # k point   243 : (  0.1200,  0.1200,  0.1200)
   Mode, Frequency 
      1    107.2201 cm^-1  (      3.2144 THz )
      2    128.6507 cm^-1  (      3.8569 THz )
      3    197.3761 cm^-1  (      5.9172 THz )

 # k point   244 : (  0.1100,  0.1100,  0.1100)
   Mode, Frequency 
      1    101.0498 cm^-1  (      3.0294 THz )
      2    119.3351 cm^-1  (      3.5776 THz )
      3    186.5347 cm^-1  (      5.5922 THz )

 # k point   245 : (  0.1000,  0.1000,  0.1000)
   Mode, Frequency 
      1     94.2614 cm^-1  (      2.8259 THz )
      2    109.6979 cm^-1  (      3.2887 THz )
      3    174.3566 cm^-1  (      5.2271 THz )

 # k point   246 : (  0.0900,  0.0900,  0.0900)
   Mode, Frequency 
      1     86.8680 cm^-1  (      2.6042 THz )
      2     99.7520 cm^-1  (      2.9905 THz )
      3    160.9087 cm^-1  (      4.8239 THz )

 # k point   247 : (  0.0800,  0.0800,  0.0800)
   Mode, Frequency 
      1     78.8923 cm^-1  (      2.3651 THz )
      2     89.5125 cm^-1  (      2.6835 THz )
      3    146.2717 cm^-1  (      4.3851 THz )

 # k point   248 : (  0.0700,  0.0700,  0.0700)
   Mode, Frequency 
      1     70.3675 cm^-1  (      2.1096 THz )
      2     78.9977 cm^-1  (      2.3683 THz )
      3    130.5399 cm^-1  (      3.9135 THz )

 # k point   249 : (  0.0600,  0.0600,  0.0600)
   Mode, Frequency 
      1     61.3362 cm^-1  (      1.8388 THz )
      2     68.2292 cm^-1  (      2.0455 THz )
      3    113.8201 cm^-1  (      3.4122 THz )

 # k point   250 : (  0.0500,  0.0500,  0.0500)
   Mode, Frequency 
      1     51.8511 cm^-1  (      1.5545 THz )
      2     57.2326 cm^-1  (      1.7158 THz )
      3     96.2302 cm^-1  (      2.8849 THz )

 # k point   251 : (  0.0400,  0.0400,  0.0400)
   Mode, Frequency 
      1     41.9732 cm^-1  (      1.2583 THz )
      2     46.0377 cm^-1  (      1.3802 THz )
      3     77.8987 cm^-1  (      2.3353 THz )

 # k point   252 : (  0.0300,  0.0300,  0.0300)
   Mode, Frequency 
      1     31.7717 cm^-1  (      0.9525 THz )
      2     34.6780 cm^-1  (      1.0396 THz )
      3     58.9629 cm^-1  (      1.7677 THz )

 # k point   253 : (  0.0200,  0.0200,  0.0200)
   Mode, Frequency 
      1     21.3217 cm^-1  (      0.6392 THz )
      2     23.1912 cm^-1  (      0.6953 THz )
      3     39.5670 cm^-1  (      1.1862 THz )

 # k point   254 : (  0.0100,  0.0100,  0.0100)
   Mode, Frequency 
      1     10.7033 cm^-1  (      0.3209 THz )
      2     11.6176 cm^-1  (      0.3483 THz )
      3     19.8615 cm^-1  (      0.5954 THz )

 # k point   255 : (  0.0000,  0.0000,  0.0000)
   Mode, Frequency 
      1      0.0000 cm^-1  (      0.0000 THz )
      2      0.0000 cm^-1  (      0.0000 THz )
      3      0.0000 cm^-1  (      0.0000 THz )


 -----------------------------------------------------------------

 The following files are created: 
  sc222.bands       : Phonon band structure

 Job finished at Fri May 24 18:37:44 2024

