 Methfessel-Paxton distribution function order           4

Calculation with static geometry


********************************************************************************
 iSCC Total electronic   Diff electronic      SCC error    
   58    0.50622119E+03   -0.86163109E-01    0.54750481E+01
********************************************************************************

 Total charge:     0.00000000

 Atomic gross charges (e)
 Atom           Charge
    1       1.46751514
    2      -1.01990268
    3       0.51702227
    4      -0.67907629
    5       1.45626074
    6       0.01117616
    7      -0.00288620
    8       1.34097606
    9       1.39543705
   10      -0.35014198
   11       1.06019234
   12      -0.80394650
   13       0.74917722
   14      -0.45775136
   15       1.09632120
   16      -0.69897865
   17      -2.75943472
   18      -2.87093490
   19      -2.59469385
   20      -2.94242751
   21       0.19816506
   22       2.91396964
   23       3.06325825
   24       3.72591864
   25       0.63717265
   26       0.36537623
   27       0.28301912
   28       0.12691738
   29      -1.37633528
   30       3.27401753
   31       3.33176013
   32      -1.96672943
   33       1.00035317
   34       0.15465290
   35      -0.54092611
   36       0.04148877
   37       1.24316931
   38       0.72224318
   39      -0.12891912
   40      -0.67490066
   41      -2.66546488
   42      -2.93511409
   43      -2.95332501
   44      -2.13852233
   45       3.49669494
   46       2.50415003
   47       2.99250074
   48      -0.61403107
   49      -3.00133860
   50      -3.02546870
   51      -2.63063980
   52      -2.76797767
   53       5.64663578
   54       5.49862310
   55       4.88223070
   56       4.97116088
   57      -2.97832949
   58      -2.77073862
   59      -2.40632308
   60      -2.88344800
   61       4.71622911
   62       4.15785662
   63       4.22159781
   64       4.57404588
   65      -0.23302422
   66       3.17213172
   67       2.88361003
   68       0.16230004
   69      -2.74266626
   70      -2.64832128
   71      -2.98677446
   72      -2.84135732
   73      -2.99083914
   74      -2.81756702
   75      -3.00246444
   76      -2.86148790
   77       5.67463006
   78       4.91193490
   79       5.53630873
   80       4.96831454
   81      -3.29599305
   82      -2.88920822
   83      -2.82471326
   84      -3.15323663
   85       5.74925979
   86       5.68974398
   87       5.71577595
   88       3.38655394
   89      -0.62718393
   90       3.50993197
   91       3.21300405
   92       1.36737312
   93      -2.82484019
   94      -2.99575077
   95      -2.69474478
   96      -2.78208166
   97      -1.12458178
   98      -0.91838544
   99      -0.90187812
  100      -1.22924920
  101      -0.91312146
  102      -1.07903297
  103      -1.11125345
  104      -0.93551445
  105      -1.24672658
  106      -0.94531754
  107      -0.95143858
  108      -1.00336613
  109      -0.92277929
  110      -1.04232467
  111      -1.04155228
  112      -0.95877046
  113      -0.83102748
  114      -1.25042567
  115      -1.14951273
  116      -0.82848241
  117      -1.21463835
  118      -0.78411315
  119      -0.94804653
  120      -1.24569047
  121      -0.82115408
  122      -1.16873337
  123      -1.28282409
  124      -0.84825844
  125      -1.22923697
  126      -0.96245476
  127      -0.77576328
  128      -1.26154327

Nr. of electrons (up):    800.00000000
Atom populations (up)
 Atom       Population
    1       5.53248486
    2       8.01990268
    3       6.48297773
    4       7.67907629
    5       5.54373926
    6       6.98882384
    7       7.00288620
    8       5.65902394
    9       5.60456295
   10       7.35014198
   11       5.93980766
   12       7.80394650
   13       6.25082278
   14       7.45775136
   15       5.90367880
   16       7.69897865
   17       9.75943472
   18       9.87093490
   19       9.59469385
   20       9.94242751
   21       6.80183494
   22       4.08603036
   23       3.93674175
   24       3.27408136
   25       6.36282735
   26       6.63462377
   27       6.71698088
   28       6.87308262
   29       8.37633528
   30       3.72598247
   31       3.66823987
   32       8.96672943
   33       5.99964683
   34       6.84534710
   35       7.54092611
   36       6.95851123
   37       5.75683069
   38       6.27775682
   39       7.12891912
   40       7.67490066
   41       9.66546488
   42       9.93511409
   43       9.95332501
   44       9.13852233
   45       3.50330506
   46       4.49584997
   47       4.00749926
   48       7.61403107
   49      10.00133860
   50      10.02546870
   51       9.63063980
   52       9.76797767
   53       1.35336422
   54       1.50137690
   55       2.11776930
   56       2.02883912
   57       9.97832949
   58       9.77073862
   59       9.40632308
   60       9.88344800
   61       2.28377089
   62       2.84214338
   63       2.77840219
   64       2.42595412
   65       7.23302422
   66       3.82786828
   67       4.11638997
   68       6.83769996
   69       9.74266626
   70       9.64832128
   71       9.98677446
   72       9.84135732
   73       9.99083914
   74       9.81756702
   75      10.00246444
   76       9.86148790
   77       1.32536994
   78       2.08806510
   79       1.46369127
   80       2.03168546
   81      10.29599305
   82       9.88920822
   83       9.82471326
   84      10.15323663
   85       1.25074021
   86       1.31025602
   87       1.28422405
   88       3.61344606
   89       7.62718393
   90       3.49006803
   91       3.78699595
   92       5.63262688
   93       9.82484019
   94       9.99575077
   95       9.69474478
   96       9.78208166
   97       5.12458178
   98       4.91838544
   99       4.90187812
  100       5.22924920
  101       4.91312146
  102       5.07903297
  103       5.11125345
  104       4.93551445
  105       5.24672658
  106       4.94531754
  107       4.95143858
  108       5.00336613
  109       4.92277929
  110       5.04232467
  111       5.04155228
  112       4.95877046
  113       4.83102748
  114       5.25042567
  115       5.14951273
  116       4.82848241
  117       5.21463835
  118       4.78411315
  119       4.94804653
  120       5.24569047
  121       4.82115408
  122       5.16873337
  123       5.28282409
  124       4.84825844
  125       5.22923697
  126       4.96245476
  127       4.77576328
  128       5.26154327

l-shell populations (up)
 Atom Sh.   l       Population
    1   1   2       4.41587251
    1   2   0       0.29000585
    1   3   1       0.82660649
    2   1   2       6.71913325
    2   2   0       0.34097897
    2   3   1       0.95979047
    3   1   2       5.23055675
    3   2   0       0.32550419
    3   3   1       0.92691679
    4   1   2       6.49747099
    4   2   0       0.31205371
    4   3   1       0.86955159
    5   1   2       4.33268553
    5   2   0       0.31062771
    5   3   1       0.90042602
    6   1   2       5.83337180
    6   2   0       0.30338933
    6   3   1       0.85206271
    7   1   2       5.84436969
    7   2   0       0.30432594
    7   3   1       0.85419057
    8   1   2       4.43376990
    8   2   0       0.31739079
    8   3   1       0.90786325
    9   1   2       4.42740890
    9   2   0       0.30517669
    9   3   1       0.87197735
   10   1   2       6.14081491
   10   2   0       0.31793440
   10   3   1       0.89139267
   11   1   2       4.75142787
   11   2   0       0.30923588
   11   3   1       0.87914391
   12   1   2       6.54936515
   12   2   0       0.33097162
   12   3   1       0.92360973
   13   1   2       5.06292607
   13   2   0       0.30985511
   13   3   1       0.87804160
   14   1   2       6.22415103
   14   2   0       0.32566611
   14   3   1       0.90793423
   15   1   2       4.73156234
   15   2   0       0.30546711
   15   3   1       0.86664936
   16   1   2       6.47500117
   16   2   0       0.32421828
   16   3   1       0.89975921
   17   1   2       8.53395368
   17   2   0       0.40822749
   17   3   1       0.81725355
   18   1   2       8.63802206
   18   2   0       0.41423744
   18   3   1       0.81867540
   19   1   2       8.38696389
   19   2   0       0.40400587
   19   3   1       0.80372410
   20   1   2       8.72919321
   20   2   0       0.40859796
   20   3   1       0.80463635
   21   1   2       5.62892802
   21   2   0       0.39077029
   21   3   1       0.78213664
   22   1   2       2.98977853
   22   2   0       0.36353393
   22   3   1       0.73271790
   23   1   2       2.84531920
   23   2   0       0.36303569
   23   3   1       0.72838686
   24   1   2       2.20443345
   24   2   0       0.35382842
   24   3   1       0.71581950
   25   1   2       5.16946965
   25   2   0       0.31104646
   25   3   1       0.88231124
   26   1   2       5.44262925
   26   2   0       0.31018151
   26   3   1       0.88181301
   27   1   2       5.52336501
   27   2   0       0.31133391
   27   3   1       0.88228197
   28   1   2       5.63705546
   28   2   0       0.32270190
   28   3   1       0.91332526
   29   1   2       7.15476075
   29   2   0       0.32319778
   29   3   1       0.89837675
   30   1   2       2.59925819
   30   2   0       0.28673596
   30   3   1       0.83998831
   31   1   2       2.54309737
   31   2   0       0.28589816
   31   3   1       0.83924434
   32   1   2       7.71884170
   32   2   0       0.33213939
   32   3   1       0.91574834
   33   1   2       4.80653864
   33   2   0       0.31081700
   33   3   1       0.88229119
   34   1   2       5.63169251
   34   2   0       0.31727036
   34   3   1       0.89638423
   35   1   2       6.32955163
   35   2   0       0.31855805
   35   3   1       0.89281643
   36   1   2       5.73368600
   36   2   0       0.32093134
   36   3   1       0.90389389
   37   1   2       4.59002502
   37   2   0       0.30362649
   37   3   1       0.86317917
   38   1   2       5.09085016
   38   2   0       0.31009767
   38   3   1       0.87680899
   39   1   2       5.90576367
   39   2   0       0.32219463
   39   3   1       0.90096082
   40   1   2       6.44949832
   40   2   0       0.32467612
   40   3   1       0.90072622
   41   1   2       8.48790484
   41   2   0       0.39747907
   41   3   1       0.78008097
   42   1   2       8.71138100
   42   2   0       0.41097297
   42   3   1       0.81276012
   43   1   2       8.72123961
   43   2   0       0.41520025
   43   3   1       0.81688516
   44   1   2       7.95085047
   44   2   0       0.39356357
   44   3   1       0.79410829
   45   1   2       2.42074353
   45   2   0       0.35811811
   45   3   1       0.72444342
   46   1   2       3.38301413
   46   2   0       0.36986979
   46   3   1       0.74296604
   47   1   2       2.91743300
   47   2   0       0.36267300
   47   3   1       0.72739326
   48   1   2       6.44183498
   48   2   0       0.39070917
   48   3   1       0.78148692
   49   1   2       8.70505306
   49   2   0       0.35260762
   49   3   1       0.94367792
   50   1   2       8.74144017
   50   2   0       0.34925986
   50   3   1       0.93476867
   51   1   2       8.38055926
   51   2   0       0.33652058
   51   3   1       0.91355996
   52   1   2       8.49887102
   52   2   0       0.34349204
   52   3   1       0.92561462
   53   1   2       0.34742154
   53   2   0       0.24353280
   53   3   1       0.76240988
   54   1   2       0.47153043
   54   2   0       0.25245460
   54   3   1       0.77739187
   55   1   2       1.02067247
   55   2   0       0.27596319
   55   3   1       0.82113364
   56   1   2       0.92432851
   56   2   0       0.27631339
   56   3   1       0.82819722
   57   1   2       8.63869514
   57   2   0       0.36107501
   57   3   1       0.97855935
   58   1   2       8.54296332
   58   2   0       0.33426879
   58   3   1       0.89350652
   59   1   2       8.21437517
   59   2   0       0.32246806
   59   3   1       0.86947985
   60   1   2       8.56494589
   60   2   0       0.35509759
   60   3   1       0.96340452
   61   1   2       1.23729907
   61   2   0       0.26697953
   61   3   1       0.77949229
   62   1   2       1.61799722
   62   2   0       0.30959108
   62   3   1       0.91455508
   63   1   2       1.56175892
   63   2   0       0.30797538
   63   3   1       0.90866789
   64   1   2       1.34046705
   64   2   0       0.27792571
   64   3   1       0.80756136
   65   1   2       6.06491132
   65   2   0       0.38692364
   65   3   1       0.78118926
   66   1   2       2.72292776
   66   2   0       0.36413106
   66   3   1       0.74080947
   67   1   2       3.01865870
   67   2   0       0.36232462
   67   3   1       0.73540665
   68   1   2       5.65803596
   68   2   0       0.38618050
   68   3   1       0.79348350
   69   1   2       8.54196828
   69   2   0       0.40325345
   69   3   1       0.79744454
   70   1   2       8.44564629
   70   2   0       0.40214482
   70   3   1       0.80053017
   71   1   2       8.76501083
   71   2   0       0.41357085
   71   3   1       0.80819278
   72   1   2       8.63848455
   72   2   0       0.40332241
   72   3   1       0.79955035
   73   1   2       8.69871713
   73   2   0       0.35147909
   73   3   1       0.94064292
   74   1   2       8.54338152
   74   2   0       0.34438256
   74   3   1       0.92980294
   75   1   2       8.71914130
   75   2   0       0.34873253
   75   3   1       0.93459061
   76   1   2       8.58212486
   76   2   0       0.34702381
   76   3   1       0.93233924
   77   1   2       0.32355750
   77   2   0       0.24170715
   77   3   1       0.76010528
   78   1   2       0.99066883
   78   2   0       0.27564094
   78   3   1       0.82175533
   79   1   2       0.43780519
   79   2   0       0.25122363
   79   3   1       0.77466244
   80   1   2       0.92549647
   80   2   0       0.27711195
   80   3   1       0.82907704
   81   1   2       8.98788633
   81   2   0       0.36094956
   81   3   1       0.94715717
   82   1   2       8.58864071
   82   2   0       0.35074038
   82   3   1       0.94982712
   83   1   2       8.52902366
   83   2   0       0.34891749
   83   3   1       0.94677210
   84   1   2       8.85041185
   84   2   0       0.35724003
   84   3   1       0.94558475
   85   1   2       0.25779541
   85   2   0       0.24228386
   85   3   1       0.75066094
   86   1   2       0.33444228
   86   2   0       0.23813390
   86   3   1       0.73767984
   87   1   2       0.31067468
   87   2   0       0.23638456
   87   3   1       0.73716480
   88   1   2       2.42924674
   88   2   0       0.30278276
   88   3   1       0.88141656
   89   1   2       6.45157361
   89   2   0       0.38845862
   89   3   1       0.78715170
   90   1   2       2.41450511
   90   2   0       0.35480761
   90   3   1       0.72075532
   91   1   2       2.68497461
   91   2   0       0.36292341
   91   3   1       0.73909793
   92   1   2       4.45819437
   92   2   0       0.38549430
   92   3   1       0.78893821
   93   1   2       8.61583220
   93   2   0       0.40563996
   93   3   1       0.80336803
   94   1   2       8.77487096
   94   2   0       0.41239578
   94   3   1       0.80848403
   95   1   2       8.48510518
   95   2   0       0.40529588
   95   3   1       0.80434373
   96   1   2       8.58530715
   96   2   0       0.40175977
   96   3   1       0.79501474
   97   1   0       1.63795386
   97   2   1       2.85686390
   97   3   2       0.62976402
   98   1   0       1.64422976
   98   2   1       2.67257607
   98   3   2       0.60157961
   99   1   0       1.64196257
   99   2   1       2.64812636
   99   3   2       0.61178920
  100   1   0       1.65996876
  100   2   1       2.93274864
  100   3   2       0.63653181
  101   1   0       1.60990419
  101   2   1       2.66608497
  101   3   2       0.63713229
  102   1   0       1.62013707
  102   2   1       2.80985430
  102   3   2       0.64904160
  103   1   0       1.62247950
  103   2   1       2.83105917
  103   3   2       0.65771477
  104   1   0       1.60770092
  104   2   1       2.72451867
  104   3   2       0.60329487
  105   1   0       1.65761009
  105   2   1       2.97571065
  105   3   2       0.61340584
  106   1   0       1.64274533
  106   2   1       2.68315576
  106   3   2       0.61941644
  107   1   0       1.64175222
  107   2   1       2.70977080
  107   3   2       0.59991556
  108   1   0       1.64057831
  108   2   1       2.71022038
  108   3   2       0.65256745
  109   1   0       1.60796163
  109   2   1       2.70669008
  109   3   2       0.60812758
  110   1   0       1.61819662
  110   2   1       2.78023617
  110   3   2       0.64389189
  111   1   0       1.61862637
  111   2   1       2.78555863
  111   3   2       0.63736728
  112   1   0       1.61273327
  112   2   1       2.69359193
  112   3   2       0.65244526
  113   1   0       1.60638411
  113   2   1       2.60557401
  113   3   2       0.61906937
  114   1   0       1.63123170
  114   2   1       2.89205173
  114   3   2       0.72714224
  115   1   0       1.62257810
  115   2   1       2.86282261
  115   3   2       0.66411202
  116   1   0       1.60652811
  116   2   1       2.58371593
  116   3   2       0.63823838
  117   1   0       1.65775364
  117   2   1       2.93539975
  117   3   2       0.62148496
  118   1   0       1.62826587
  118   2   1       2.55716800
  118   3   2       0.59867928
  119   1   0       1.64739507
  119   2   1       2.73942279
  119   3   2       0.56122867
  120   1   0       1.65828640
  120   2   1       2.94699736
  120   3   2       0.64040671
  121   1   0       1.60604790
  121   2   1       2.58828890
  121   3   2       0.62681728
  122   1   0       1.62333673
  122   2   1       2.87770716
  122   3   2       0.66768948
  123   1   0       1.63319795
  123   2   1       2.91471974
  123   3   2       0.73490641
  124   1   0       1.60666579
  124   2   1       2.61524769
  124   3   2       0.62634496
  125   1   0       1.65775021
  125   2   1       2.94627705
  125   3   2       0.62520971
  126   1   0       1.64919327
  126   2   1       2.74164671
  126   3   2       0.57161478
  127   1   0       1.62720993
  127   2   1       2.56063699
  127   3   2       0.58791636
  128   1   0       1.65854421
  128   2   1       2.96401668
  128   3   2       0.63898238

Orbital populations (up)
 Atom Sh.   l   m       Population  Label
    1   1   2  -2       0.68631825  d_xy
    1   1   2  -1       1.05935323  d_yz
    1   1   2   0       0.86900965  d_z2
    1   1   2   1       0.76231971  d_xz
    1   1   2   2       1.03887167  d_x2-y2
    1   2   0   0       0.29000585  s
    1   3   1  -1       0.27704894  p_y
    1   3   1   0       0.27516505  p_z
    1   3   1   1       0.27439250  p_x
    2   1   2  -2       1.28135475  d_xy
    2   1   2  -1       1.36774976  d_yz
    2   1   2   0       1.42220592  d_z2
    2   1   2   1       1.24849652  d_xz
    2   1   2   2       1.39932630  d_x2-y2
    2   2   0   0       0.34097897  s
    2   3   1  -1       0.31812079  p_y
    2   3   1   0       0.32157717  p_z
    2   3   1   1       0.32009252  p_x
    3   1   2  -2       0.85084174  d_xy
    3   1   2  -1       1.18215830  d_yz
    3   1   2   0       1.09063740  d_z2
    3   1   2   1       0.96389604  d_xz
    3   1   2   2       1.14302327  d_x2-y2
    3   2   0   0       0.32550419  s
    3   3   1  -1       0.31100712  p_y
    3   3   1   0       0.30738640  p_z
    3   3   1   1       0.30852327  p_x
    4   1   2  -2       1.12157918  d_xy
    4   1   2  -1       1.39550534  d_yz
    4   1   2   0       1.43825719  d_z2
    4   1   2   1       1.14108668  d_xz
    4   1   2   2       1.40104260  d_x2-y2
    4   2   0   0       0.31205371  s
    4   3   1  -1       0.28939304  p_y
    4   3   1   0       0.29100215  p_z
    4   3   1   1       0.28915640  p_x
    5   1   2  -2       0.70996916  d_xy
    5   1   2  -1       1.02604927  d_yz
    5   1   2   0       0.83556857  d_z2
    5   1   2   1       0.73516331  d_xz
    5   1   2   2       1.02593522  d_x2-y2
    5   2   0   0       0.31062771  s
    5   3   1  -1       0.30167533  p_y
    5   3   1   0       0.30153020  p_z
    5   3   1   1       0.29722049  p_x
    6   1   2  -2       1.01581485  d_xy
    6   1   2  -1       1.24394916  d_yz
    6   1   2   0       1.26074760  d_z2
    6   1   2   1       1.02287146  d_xz
    6   1   2   2       1.28998875  d_x2-y2
    6   2   0   0       0.30338933  s
    6   3   1  -1       0.28194942  p_y
    6   3   1   0       0.28761108  p_z
    6   3   1   1       0.28250220  p_x
    7   1   2  -2       0.95949141  d_xy
    7   1   2  -1       1.29236731  d_yz
    7   1   2   0       1.25705159  d_z2
    7   1   2   1       1.08684762  d_xz
    7   1   2   2       1.24861176  d_x2-y2
    7   2   0   0       0.30432594  s
    7   3   1  -1       0.28787619  p_y
    7   3   1   0       0.28285955  p_z
    7   3   1   1       0.28345483  p_x
    8   1   2  -2       0.70146731  d_xy
    8   1   2  -1       1.03498200  d_yz
    8   1   2   0       0.97430785  d_z2
    8   1   2   1       0.68358074  d_xz
    8   1   2   2       1.03943200  d_x2-y2
    8   2   0   0       0.31739079  s
    8   3   1  -1       0.30267417  p_y
    8   3   1   0       0.30333454  p_z
    8   3   1   1       0.30185453  p_x
    9   1   2  -2       0.69709163  d_xy
    9   1   2  -1       1.04817677  d_yz
    9   1   2   0       0.90297762  d_z2
    9   1   2   1       0.75666867  d_xz
    9   1   2   2       1.02249421  d_x2-y2
    9   2   0   0       0.30517669  s
    9   3   1  -1       0.29221570  p_y
    9   3   1   0       0.28970710  p_z
    9   3   1   1       0.29005455  p_x
   10   1   2  -2       1.11365415  d_xy
   10   1   2  -1       1.28778150  d_yz
   10   1   2   0       1.33601220  d_z2
   10   1   2   1       1.08493870  d_xz
   10   1   2   2       1.31842837  d_x2-y2
   10   2   0   0       0.31793440  s
   10   3   1  -1       0.29535031  p_y
   10   3   1   0       0.29895641  p_z
   10   3   1   1       0.29708595  p_x
   11   1   2  -2       0.73959042  d_xy
   11   1   2  -1       1.09240350  d_yz
   11   1   2   0       1.00210212  d_z2
   11   1   2   1       0.85270106  d_xz
   11   1   2   2       1.06463077  d_x2-y2
   11   2   0   0       0.30923588  s
   11   3   1  -1       0.29501902  p_y
   11   3   1   0       0.29158905  p_z
   11   3   1   1       0.29253584  p_x
   12   1   2  -2       1.20030816  d_xy
   12   1   2  -1       1.36776452  d_yz
   12   1   2   0       1.40563104  d_z2
   12   1   2   1       1.19658378  d_xz
   12   1   2   2       1.37907764  d_x2-y2
   12   2   0   0       0.33097162  s
   12   3   1  -1       0.30617256  p_y
   12   3   1   0       0.30888149  p_z
   12   3   1   1       0.30855568  p_x
   13   1   2  -2       0.81715202  d_xy
   13   1   2  -1       1.15561463  d_yz
   13   1   2   0       1.06803184  d_z2
   13   1   2   1       0.88865993  d_xz
   13   1   2   2       1.13346765  d_x2-y2
   13   2   0   0       0.30985511  s
   13   3   1  -1       0.29502348  p_y
   13   3   1   0       0.29190340  p_z
   13   3   1   1       0.29111472  p_x
   14   1   2  -2       1.14983956  d_xy
   14   1   2  -1       1.31430237  d_yz
   14   1   2   0       1.29573664  d_z2
   14   1   2   1       1.16296296  d_xz
   14   1   2   2       1.30130951  d_x2-y2
   14   2   0   0       0.32566611  s
   14   3   1  -1       0.30340766  p_y
   14   3   1   0       0.30349325  p_z
   14   3   1   1       0.30103332  p_x
   15   1   2  -2       0.73997411  d_xy
   15   1   2  -1       1.10234864  d_yz
   15   1   2   0       0.99742596  d_z2
   15   1   2   1       0.81720662  d_xz
   15   1   2   2       1.07460701  d_x2-y2
   15   2   0   0       0.30546711  s
   15   3   1  -1       0.29162986  p_y
   15   3   1   0       0.28715055  p_z
   15   3   1   1       0.28786894  p_x
   16   1   2  -2       1.21153013  d_xy
   16   1   2  -1       1.35775879  d_yz
   16   1   2   0       1.35255651  d_z2
   16   1   2   1       1.22756866  d_xz
   16   1   2   2       1.32558707  d_x2-y2
   16   2   0   0       0.32421828  s
   16   3   1  -1       0.30107932  p_y
   16   3   1   0       0.30014345  p_z
   16   3   1   1       0.29853644  p_x
   17   1   2  -2       1.88650688  d_xy
   17   1   2  -1       1.60849497  d_yz
   17   1   2   0       1.55661656  d_z2
   17   1   2   1       1.87668905  d_xz
   17   1   2   2       1.60564622  d_x2-y2
   17   2   0   0       0.40822749  s
   17   3   1  -1       0.27111803  p_y
   17   3   1   0       0.27165460  p_z
   17   3   1   1       0.27448092  p_x
   18   1   2  -2       1.89421369  d_xy
   18   1   2  -1       1.61563835  d_yz
   18   1   2   0       1.61871746  d_z2
   18   1   2   1       1.88526682  d_xz
   18   1   2   2       1.62418573  d_x2-y2
   18   2   0   0       0.41423744  s
   18   3   1  -1       0.27150472  p_y
   18   3   1   0       0.27068859  p_z
   18   3   1   1       0.27648208  p_x
   19   1   2  -2       1.87965152  d_xy
   19   1   2  -1       1.55824130  d_yz
   19   1   2   0       1.52671859  d_z2
   19   1   2   1       1.86816646  d_xz
   19   1   2   2       1.55418602  d_x2-y2
   19   2   0   0       0.40400587  s
   19   3   1  -1       0.26563262  p_y
   19   3   1   0       0.26733466  p_z
   19   3   1   1       0.27075683  p_x
   20   1   2  -2       1.89702862  d_xy
   20   1   2  -1       1.64819822  d_yz
   20   1   2   0       1.64684527  d_z2
   20   1   2   1       1.88633552  d_xz
   20   1   2   2       1.65078557  d_x2-y2
   20   2   0   0       0.40859796  s
   20   3   1  -1       0.26734247  p_y
   20   3   1   0       0.26782363  p_z
   20   3   1   1       0.26947025  p_x
   21   1   2  -2       0.92025801  d_xy
   21   1   2  -1       1.35214892  d_yz
   21   1   2   0       1.22517385  d_z2
   21   1   2   1       0.77901411  d_xz
   21   1   2   2       1.35233313  d_x2-y2
   21   2   0   0       0.39077029  s
   21   3   1  -1       0.26467272  p_y
   21   3   1   0       0.26472563  p_z
   21   3   1   1       0.25273828  p_x
   22   1   2  -2       0.29819985  d_xy
   22   1   2  -1       0.81351378  d_yz
   22   1   2   0       0.79870275  d_z2
   22   1   2   1       0.29757418  d_xz
   22   1   2   2       0.78178797  d_x2-y2
   22   2   0   0       0.36353393  s
   22   3   1  -1       0.24365224  p_y
   22   3   1   0       0.24818109  p_z
   22   3   1   1       0.24088456  p_x
   23   1   2  -2       0.27101673  d_xy
   23   1   2  -1       0.72961123  d_yz
   23   1   2   0       0.78229652  d_z2
   23   1   2   1       0.30422950  d_xz
   23   1   2   2       0.75816523  d_x2-y2
   23   2   0   0       0.36303569  s
   23   3   1  -1       0.24668436  p_y
   23   3   1   0       0.24217913  p_z
   23   3   1   1       0.23952338  p_x
   24   1   2  -2       0.22396232  d_xy
   24   1   2  -1       0.56997536  d_yz
   24   1   2   0       0.60067070  d_z2
   24   1   2   1       0.23281241  d_xz
   24   1   2   2       0.57701265  d_x2-y2
   24   2   0   0       0.35382842  s
   24   3   1  -1       0.24009257  p_y
   24   3   1   0       0.24003552  p_z
   24   3   1   1       0.23569141  p_x
   25   1   2  -2       0.91894432  d_xy
   25   1   2  -1       1.13490149  d_yz
   25   1   2   0       1.08201085  d_z2
   25   1   2   1       0.89713866  d_xz
   25   1   2   2       1.13647433  d_x2-y2
   25   2   0   0       0.31104646  s
   25   3   1  -1       0.29413046  p_y
   25   3   1   0       0.29460056  p_z
   25   3   1   1       0.29358022  p_x
   26   1   2  -2       0.90929053  d_xy
   26   1   2  -1       1.19993303  d_yz
   26   1   2   0       1.18412154  d_z2
   26   1   2   1       0.94967683  d_xz
   26   1   2   2       1.19960732  d_x2-y2
   26   2   0   0       0.31018151  s
   26   3   1  -1       0.29346900  p_y
   26   3   1   0       0.29471482  p_z
   26   3   1   1       0.29362919  p_x
   27   1   2  -2       0.91782003  d_xy
   27   1   2  -1       1.20790257  d_yz
   27   1   2   0       1.20525952  d_z2
   27   1   2   1       0.97707024  d_xz
   27   1   2   2       1.21531264  d_x2-y2
   27   2   0   0       0.31133391  s
   27   3   1  -1       0.29403889  p_y
   27   3   1   0       0.29303736  p_z
   27   3   1   1       0.29520572  p_x
   28   1   2  -2       0.97986132  d_xy
   28   1   2  -1       1.21857544  d_yz
   28   1   2   0       1.20809343  d_z2
   28   1   2   1       1.00676005  d_xz
   28   1   2   2       1.22376523  d_x2-y2
   28   2   0   0       0.32270190  s
   28   3   1  -1       0.30467734  p_y
   28   3   1   0       0.30439800  p_z
   28   3   1   1       0.30424992  p_x
   29   1   2  -2       1.37404443  d_xy
   29   1   2  -1       1.46120345  d_yz
   29   1   2   0       1.47620767  d_z2
   29   1   2   1       1.38560891  d_xz
   29   1   2   2       1.45769630  d_x2-y2
   29   2   0   0       0.32319778  s
   29   3   1  -1       0.30129133  p_y
   29   3   1   0       0.29999367  p_z
   29   3   1   1       0.29709175  p_x
   30   1   2  -2       0.37867236  d_xy
   30   1   2  -1       0.66048948  d_yz
   30   1   2   0       0.50561356  d_z2
   30   1   2   1       0.38999994  d_xz
   30   1   2   2       0.66448286  d_x2-y2
   30   2   0   0       0.28673596  s
   30   3   1  -1       0.27949097  p_y
   30   3   1   0       0.28006710  p_z
   30   3   1   1       0.28043024  p_x
   31   1   2  -2       0.37810234  d_xy
   31   1   2  -1       0.62910072  d_yz
   31   1   2   0       0.50345969  d_z2
   31   1   2   1       0.39979997  d_xz
   31   1   2   2       0.63263465  d_x2-y2
   31   2   0   0       0.28589816  s
   31   3   1  -1       0.28004635  p_y
   31   3   1   0       0.27885207  p_z
   31   3   1   1       0.28034592  p_x
   32   1   2  -2       1.53328047  d_xy
   32   1   2  -1       1.53856272  d_yz
   32   1   2   0       1.57666049  d_z2
   32   1   2   1       1.53173557  d_xz
   32   1   2   2       1.53860245  d_x2-y2
   32   2   0   0       0.33213939  s
   32   3   1  -1       0.30595677  p_y
   32   3   1   0       0.30660482  p_z
   32   3   1   1       0.30318675  p_x
   33   1   2  -2       0.78372368  d_xy
   33   1   2  -1       1.10255694  d_yz
   33   1   2   0       1.01457352  d_z2
   33   1   2   1       0.80416246  d_xz
   33   1   2   2       1.10152203  d_x2-y2
   33   2   0   0       0.31081700  s
   33   3   1  -1       0.29388856  p_y
   33   3   1   0       0.29417654  p_z
   33   3   1   1       0.29422609  p_x
   34   1   2  -2       0.98480626  d_xy
   34   1   2  -1       1.21539915  d_yz
   34   1   2   0       1.22764660  d_z2
   34   1   2   1       0.99078207  d_xz
   34   1   2   2       1.21305844  d_x2-y2
   34   2   0   0       0.31727036  s
   34   3   1  -1       0.29841337  p_y
   34   3   1   0       0.29959685  p_z
   34   3   1   1       0.29837401  p_x
   35   1   2  -2       1.13921527  d_xy
   35   1   2  -1       1.33681737  d_yz
   35   1   2   0       1.35013228  d_z2
   35   1   2   1       1.17089917  d_xz
   35   1   2   2       1.33248754  d_x2-y2
   35   2   0   0       0.31855805  s
   35   3   1  -1       0.29839409  p_y
   35   3   1   0       0.29687259  p_z
   35   3   1   1       0.29754975  p_x
   36   1   2  -2       0.96157959  d_xy
   36   1   2  -1       1.25967656  d_yz
   36   1   2   0       1.24315843  d_z2
   36   1   2   1       1.01202747  d_xz
   36   1   2   2       1.25724395  d_x2-y2
   36   2   0   0       0.32093134  s
   36   3   1  -1       0.30148965  p_y
   36   3   1   0       0.30099494  p_z
   36   3   1   1       0.30140930  p_x
   37   1   2  -2       0.74545284  d_xy
   37   1   2  -1       1.05381735  d_yz
   37   1   2   0       0.95437781  d_z2
   37   1   2   1       0.75503391  d_xz
   37   1   2   2       1.08134313  d_x2-y2
   37   2   0   0       0.30362649  s
   37   3   1  -1       0.28734014  p_y
   37   3   1   0       0.28978086  p_z
   37   3   1   1       0.28605817  p_x
   38   1   2  -2       0.85481395  d_xy
   38   1   2  -1       1.12915390  d_yz
   38   1   2   0       1.08813717  d_z2
   38   1   2   1       0.86263899  d_xz
   38   1   2   2       1.15610615  d_x2-y2
   38   2   0   0       0.31009767  s
   38   3   1  -1       0.29051746  p_y
   38   3   1   0       0.29532961  p_z
   38   3   1   1       0.29096191  p_x
   39   1   2  -2       1.05938500  d_xy
   39   1   2  -1       1.25246576  d_yz
   39   1   2   0       1.24385702  d_z2
   39   1   2   1       1.07856323  d_xz
   39   1   2   2       1.27149266  d_x2-y2
   39   2   0   0       0.32219463  s
   39   3   1  -1       0.30107812  p_y
   39   3   1   0       0.30064164  p_z
   39   3   1   1       0.29924105  p_x
   40   1   2  -2       1.20739006  d_xy
   40   1   2  -1       1.32354059  d_yz
   40   1   2   0       1.34427349  d_z2
   40   1   2   1       1.22286939  d_xz
   40   1   2   2       1.35142480  d_x2-y2
   40   2   0   0       0.32467612  s
   40   3   1  -1       0.29997254  p_y
   40   3   1   0       0.30142973  p_z
   40   3   1   1       0.29932394  p_x
   41   1   2  -2       1.87871659  d_xy
   41   1   2  -1       1.57443614  d_yz
   41   1   2   0       1.59741223  d_z2
   41   1   2   1       1.86274872  d_xz
   41   1   2   2       1.57459116  d_x2-y2
   41   2   0   0       0.39747907  s
   41   3   1  -1       0.25972289  p_y
   41   3   1   0       0.25889311  p_z
   41   3   1   1       0.26146498  p_x
   42   1   2  -2       1.89893771  d_xy
   42   1   2  -1       1.65352376  d_yz
   42   1   2   0       1.61441493  d_z2
   42   1   2   1       1.89181932  d_xz
   42   1   2   2       1.65268528  d_x2-y2
   42   2   0   0       0.41097297  s
   42   3   1  -1       0.26883605  p_y
   42   3   1   0       0.27015060  p_z
   42   3   1   1       0.27377346  p_x
   43   1   2  -2       1.90106755  d_xy
   43   1   2  -1       1.64460534  d_yz
   43   1   2   0       1.63496685  d_z2
   43   1   2   1       1.89361244  d_xz
   43   1   2   2       1.64698743  d_x2-y2
   43   2   0   0       0.41520025  s
   43   3   1  -1       0.27165712  p_y
   43   3   1   0       0.26932275  p_z
   43   3   1   1       0.27590529  p_x
   44   1   2  -2       1.84020352  d_xy
   44   1   2  -1       1.44120628  d_yz
   44   1   2   0       1.40364130  d_z2
   44   1   2   1       1.81491851  d_xz
   44   1   2   2       1.45088085  d_x2-y2
   44   2   0   0       0.39356357  s
   44   3   1  -1       0.26306772  p_y
   44   3   1   0       0.26301940  p_z
   44   3   1   1       0.26802117  p_x
   45   1   2  -2       0.23858935  d_xy
   45   1   2  -1       0.64032545  d_yz
   45   1   2   0       0.65523796  d_z2
   45   1   2   1       0.25485650  d_xz
   45   1   2   2       0.63173429  d_x2-y2
   45   2   0   0       0.35811811  s
   45   3   1  -1       0.24305342  p_y
   45   3   1   0       0.24276770  p_z
   45   3   1   1       0.23862231  p_x
   46   1   2  -2       0.31232518  d_xy
   46   1   2  -1       0.90372214  d_yz
   46   1   2   0       0.89374902  d_z2
   46   1   2   1       0.34421260  d_xz
   46   1   2   2       0.92900519  d_x2-y2
   46   2   0   0       0.36986979  s
   46   3   1  -1       0.25156370  p_y
   46   3   1   0       0.24793286  p_z
   46   3   1   1       0.24346949  p_x
   47   1   2  -2       0.29134224  d_xy
   47   1   2  -1       0.79742755  d_yz
   47   1   2   0       0.79239223  d_z2
   47   1   2   1       0.28117505  d_xz
   47   1   2   2       0.75509592  d_x2-y2
   47   2   0   0       0.36267300  s
   47   3   1  -1       0.24235299  p_y
   47   3   1   0       0.24628771  p_z
   47   3   1   1       0.23875256  p_x
   48   1   2  -2       1.18712253  d_xy
   48   1   2  -1       1.42232228  d_yz
   48   1   2   0       1.34773120  d_z2
   48   1   2   1       1.05739246  d_xz
   48   1   2   2       1.42726650  d_x2-y2
   48   2   0   0       0.39070917  s
   48   3   1  -1       0.26370735  p_y
   48   3   1   0       0.26376014  p_z
   48   3   1   1       0.25401942  p_x
   49   1   2  -2       1.83786134  d_xy
   49   1   2  -1       1.67961395  d_yz
   49   1   2   0       1.68497820  d_z2
   49   1   2   1       1.81251340  d_xz
   49   1   2   2       1.69008618  d_x2-y2
   49   2   0   0       0.35260762  s
   49   3   1  -1       0.31088423  p_y
   49   3   1   0       0.30819355  p_z
   49   3   1   1       0.32460014  p_x
   50   1   2  -2       1.84439628  d_xy
   50   1   2  -1       1.69218930  d_yz
   50   1   2   0       1.68837178  d_z2
   50   1   2   1       1.81854061  d_xz
   50   1   2   2       1.69794220  d_x2-y2
   50   2   0   0       0.34925986  s
   50   3   1  -1       0.30797279  p_y
   50   3   1   0       0.30616107  p_z
   50   3   1   1       0.32063481  p_x
   51   1   2  -2       1.77007276  d_xy
   51   1   2  -1       1.62270230  d_yz
   51   1   2   0       1.61894742  d_z2
   51   1   2   1       1.74497017  d_xz
   51   1   2   2       1.62386661  d_x2-y2
   51   2   0   0       0.33652058  s
   51   3   1  -1       0.30187011  p_y
   51   3   1   0       0.29935640  p_z
   51   3   1   1       0.31233345  p_x
   52   1   2  -2       1.79918808  d_xy
   52   1   2  -1       1.64209622  d_yz
   52   1   2   0       1.63877282  d_z2
   52   1   2   1       1.77757331  d_xz
   52   1   2   2       1.64124058  d_x2-y2
   52   2   0   0       0.34349204  s
   52   3   1  -1       0.30535049  p_y
   52   3   1   0       0.30390250  p_z
   52   3   1   1       0.31636163  p_x
   53   1   2  -2       0.06898591  d_xy
   53   1   2  -1       0.05880261  d_yz
   53   1   2   0       0.08103804  d_z2
   53   1   2   1       0.08002050  d_xz
   53   1   2   2       0.05857448  d_x2-y2
   53   2   0   0       0.24353280  s
   53   3   1  -1       0.25832583  p_y
   53   3   1   0       0.25759469  p_z
   53   3   1   1       0.24648936  p_x
   54   1   2  -2       0.10096285  d_xy
   54   1   2  -1       0.07471668  d_yz
   54   1   2   0       0.10611216  d_z2
   54   1   2   1       0.11074532  d_xz
   54   1   2   2       0.07899341  d_x2-y2
   54   2   0   0       0.25245460  s
   54   3   1  -1       0.26370950  p_y
   54   3   1   0       0.26386568  p_z
   54   3   1   1       0.24981668  p_x
   55   1   2  -2       0.21833327  d_xy
   55   1   2  -1       0.18822603  d_yz
   55   1   2   0       0.20967718  d_z2
   55   1   2   1       0.20124648  d_xz
   55   1   2   2       0.20318951  d_x2-y2
   55   2   0   0       0.27596319  s
   55   3   1  -1       0.28050504  p_y
   55   3   1   0       0.27865202  p_z
   55   3   1   1       0.26197658  p_x
   56   1   2  -2       0.19876656  d_xy
   56   1   2  -1       0.16930582  d_yz
   56   1   2   0       0.19162874  d_z2
   56   1   2   1       0.18583515  d_xz
   56   1   2   2       0.17879224  d_x2-y2
   56   2   0   0       0.27631339  s
   56   3   1  -1       0.28212949  p_y
   56   3   1   0       0.28177736  p_z
   56   3   1   1       0.26429037  p_x
   57   1   2  -2       1.82255919  d_xy
   57   1   2  -1       1.67144686  d_yz
   57   1   2   0       1.67008748  d_z2
   57   1   2   1       1.80219484  d_xz
   57   1   2   2       1.67240677  d_x2-y2
   57   2   0   0       0.36107501  s
   57   3   1  -1       0.32275296  p_y
   57   3   1   0       0.32213649  p_z
   57   3   1   1       0.33366989  p_x
   58   1   2  -2       1.81505253  d_xy
   58   1   2  -1       1.64501646  d_yz
   58   1   2   0       1.65807172  d_z2
   58   1   2   1       1.78162944  d_xz
   58   1   2   2       1.64319316  d_x2-y2
   58   2   0   0       0.33426879  s
   58   3   1  -1       0.29276413  p_y
   58   3   1   0       0.29285743  p_z
   58   3   1   1       0.30788496  p_x
   59   1   2  -2       1.74448752  d_xy
   59   1   2  -1       1.57732168  d_yz
   59   1   2   0       1.60821052  d_z2
   59   1   2   1       1.70563979  d_xz
   59   1   2   2       1.57871567  d_x2-y2
   59   2   0   0       0.32246806  s
   59   3   1  -1       0.28525156  p_y
   59   3   1   0       0.28434134  p_z
   59   3   1   1       0.29988695  p_x
   60   1   2  -2       1.81221722  d_xy
   60   1   2  -1       1.65437183  d_yz
   60   1   2   0       1.65587974  d_z2
   60   1   2   1       1.78804999  d_xz
   60   1   2   2       1.65442711  d_x2-y2
   60   2   0   0       0.35509759  s
   60   3   1  -1       0.31802375  p_y
   60   3   1   0       0.31784515  p_z
   60   3   1   1       0.32753562  p_x
   61   1   2  -2       0.22337968  d_xy
   61   1   2  -1       0.26492359  d_yz
   61   1   2   0       0.28841822  d_z2
   61   1   2   1       0.19419912  d_xz
   61   1   2   2       0.26637846  d_x2-y2
   61   2   0   0       0.26697953  s
   61   3   1  -1       0.26567335  p_y
   61   3   1   0       0.26568618  p_z
   61   3   1   1       0.24813276  p_x
   62   1   2  -2       0.35760076  d_xy
   62   1   2  -1       0.30461374  d_yz
   62   1   2   0       0.32352799  d_z2
   62   1   2   1       0.31771414  d_xz
   62   1   2   2       0.31454058  d_x2-y2
   62   2   0   0       0.30959108  s
   62   3   1  -1       0.30891438  p_y
   62   3   1   0       0.30901532  p_z
   62   3   1   1       0.29662538  p_x
   63   1   2  -2       0.34031919  d_xy
   63   1   2  -1       0.29513506  d_yz
   63   1   2   0       0.30976496  d_z2
   63   1   2   1       0.31257460  d_xz
   63   1   2   2       0.30396511  d_x2-y2
   63   2   0   0       0.30797538  s
   63   3   1  -1       0.30674941  p_y
   63   3   1   0       0.30725034  p_z
   63   3   1   1       0.29466813  p_x
   64   1   2  -2       0.25201972  d_xy
   64   1   2  -1       0.28426828  d_yz
   64   1   2   0       0.30533606  d_z2
   64   1   2   1       0.21074416  d_xz
   64   1   2   2       0.28809882  d_x2-y2
   64   2   0   0       0.27792571  s
   64   3   1  -1       0.27591230  p_y
   64   3   1   0       0.27633176  p_z
   64   3   1   1       0.25531730  p_x
   65   1   2  -2       0.99751442  d_xy
   65   1   2  -1       1.41288642  d_yz
   65   1   2   0       1.29566031  d_z2
   65   1   2   1       0.96337174  d_xz
   65   1   2   2       1.39547843  d_x2-y2
   65   2   0   0       0.38692364  s
   65   3   1  -1       0.26323135  p_y
   65   3   1   0       0.26440964  p_z
   65   3   1   1       0.25354827  p_x
   66   1   2  -2       0.25046530  d_xy
   66   1   2  -1       0.77206660  d_yz
   66   1   2   0       0.65722978  d_z2
   66   1   2   1       0.25213078  d_xz
   66   1   2   2       0.79103530  d_x2-y2
   66   2   0   0       0.36413106  s
   66   3   1  -1       0.24973076  p_y
   66   3   1   0       0.24854972  p_z
   66   3   1   1       0.24252899  p_x
   67   1   2  -2       0.28443964  d_xy
   67   1   2  -1       0.81114358  d_yz
   67   1   2   0       0.79832164  d_z2
   67   1   2   1       0.31087732  d_xz
   67   1   2   2       0.81387652  d_x2-y2
   67   2   0   0       0.36232462  s
   67   3   1  -1       0.24637146  p_y
   67   3   1   0       0.24675275  p_z
   67   3   1   1       0.24228244  p_x
   68   1   2  -2       1.03321700  d_xy
   68   1   2  -1       1.33907907  d_yz
   68   1   2   0       1.19103465  d_z2
   68   1   2   1       0.73372974  d_xz
   68   1   2   2       1.36097551  d_x2-y2
   68   2   0   0       0.38618050  s
   68   3   1  -1       0.26958882  p_y
   68   3   1   0       0.26804493  p_z
   68   3   1   1       0.25584975  p_x
   69   1   2  -2       1.88544296  d_xy
   69   1   2  -1       1.59902987  d_yz
   69   1   2   0       1.56878154  d_z2
   69   1   2   1       1.87704726  d_xz
   69   1   2   2       1.61166665  d_x2-y2
   69   2   0   0       0.40325345  s
   69   3   1  -1       0.26525991  p_y
   69   3   1   0       0.26436082  p_z
   69   3   1   1       0.26782380  p_x
   70   1   2  -2       1.86051131  d_xy
   70   1   2  -1       1.58173906  d_yz
   70   1   2   0       1.57373276  d_z2
   70   1   2   1       1.85337163  d_xz
   70   1   2   2       1.57629152  d_x2-y2
   70   2   0   0       0.40214482  s
   70   3   1  -1       0.26504500  p_y
   70   3   1   0       0.26541149  p_z
   70   3   1   1       0.27007368  p_x
   71   1   2  -2       1.88884396  d_xy
   71   1   2  -1       1.65477257  d_yz
   71   1   2   0       1.68360134  d_z2
   71   1   2   1       1.88132449  d_xz
   71   1   2   2       1.65646847  d_x2-y2
   71   2   0   0       0.41357085  s
   71   3   1  -1       0.26768520  p_y
   71   3   1   0       0.26585830  p_z
   71   3   1   1       0.27464928  p_x
   72   1   2  -2       1.88839878  d_xy
   72   1   2  -1       1.64002013  d_yz
   72   1   2   0       1.59542523  d_z2
   72   1   2   1       1.88107412  d_xz
   72   1   2   2       1.63356629  d_x2-y2
   72   2   0   0       0.40332241  s
   72   3   1  -1       0.26585816  p_y
   72   3   1   0       0.26532218  p_z
   72   3   1   1       0.26837002  p_x
   73   1   2  -2       1.83707076  d_xy
   73   1   2  -1       1.68684978  d_yz
   73   1   2   0       1.68344637  d_z2
   73   1   2   1       1.81232263  d_xz
   73   1   2   2       1.67902759  d_x2-y2
   73   2   0   0       0.35147909  s
   73   3   1  -1       0.30775777  p_y
   73   3   1   0       0.30901606  p_z
   73   3   1   1       0.32386909  p_x
   74   1   2  -2       1.80981984  d_xy
   74   1   2  -1       1.65314401  d_yz
   74   1   2   0       1.64713793  d_z2
   74   1   2   1       1.77995240  d_xz
   74   1   2   2       1.65332733  d_x2-y2
   74   2   0   0       0.34438256  s
   74   3   1  -1       0.30500948  p_y
   74   3   1   0       0.30695803  p_z
   74   3   1   1       0.31783542  p_x
   75   1   2  -2       1.83648436  d_xy
   75   1   2  -1       1.69398406  d_yz
   75   1   2   0       1.68691302  d_z2
   75   1   2   1       1.81486735  d_xz
   75   1   2   2       1.68689251  d_x2-y2
   75   2   0   0       0.34873253  s
   75   3   1  -1       0.30560780  p_y
   75   3   1   0       0.30796491  p_z
   75   3   1   1       0.32101790  p_x
   76   1   2  -2       1.81858389  d_xy
   76   1   2  -1       1.65748931  d_yz
   76   1   2   0       1.65341097  d_z2
   76   1   2   1       1.79610910  d_xz
   76   1   2   2       1.65653159  d_x2-y2
   76   2   0   0       0.34702381  s
   76   3   1  -1       0.30597963  p_y
   76   3   1   0       0.30883085  p_z
   76   3   1   1       0.31752876  p_x
   77   1   2  -2       0.07659593  d_xy
   77   1   2  -1       0.05227146  d_yz
   77   1   2   0       0.07459677  d_z2
   77   1   2   1       0.06725411  d_xz
   77   1   2   2       0.05283923  d_x2-y2
   77   2   0   0       0.24170715  s
   77   3   1  -1       0.25674669  p_y
   77   3   1   0       0.25766984  p_z
   77   3   1   1       0.24568875  p_x
   78   1   2  -2       0.21608971  d_xy
   78   1   2  -1       0.19893470  d_yz
   78   1   2   0       0.20381371  d_z2
   78   1   2   1       0.18396061  d_xz
   78   1   2   2       0.18787010  d_x2-y2
   78   2   0   0       0.27564094  s
   78   3   1  -1       0.27914325  p_y
   78   3   1   0       0.28083263  p_z
   78   3   1   1       0.26177944  p_x
   79   1   2  -2       0.10829670  d_xy
   79   1   2  -1       0.07076266  d_yz
   79   1   2   0       0.09617993  d_z2
   79   1   2   1       0.09429208  d_xz
   79   1   2   2       0.06827382  d_x2-y2
   79   2   0   0       0.25122363  s
   79   3   1  -1       0.26229290  p_y
   79   3   1   0       0.26193627  p_z
   79   3   1   1       0.25043327  p_x
   80   1   2  -2       0.20240411  d_xy
   80   1   2  -1       0.18198022  d_yz
   80   1   2   0       0.19281325  d_z2
   80   1   2   1       0.17270488  d_xz
   80   1   2   2       0.17559400  d_x2-y2
   80   2   0   0       0.27711195  s
   80   3   1  -1       0.28210921  p_y
   80   3   1   0       0.28344511  p_z
   80   3   1   1       0.26352272  p_x
   81   1   2  -2       1.88182159  d_xy
   81   1   2  -1       1.74958593  d_yz
   81   1   2   0       1.74369487  d_z2
   81   1   2   1       1.86296004  d_xz
   81   1   2   2       1.74982390  d_x2-y2
   81   2   0   0       0.36094956  s
   81   3   1  -1       0.31035901  p_y
   81   3   1   0       0.30997019  p_z
   81   3   1   1       0.32682797  p_x
   82   1   2  -2       1.81646595  d_xy
   82   1   2  -1       1.66089855  d_yz
   82   1   2   0       1.65686700  d_z2
   82   1   2   1       1.78436756  d_xz
   82   1   2   2       1.67004165  d_x2-y2
   82   2   0   0       0.35074038  s
   82   3   1  -1       0.31307390  p_y
   82   3   1   0       0.31306669  p_z
   82   3   1   1       0.32368653  p_x
   83   1   2  -2       1.79391820  d_xy
   83   1   2  -1       1.65965692  d_yz
   83   1   2   0       1.64866353  d_z2
   83   1   2   1       1.77861515  d_xz
   83   1   2   2       1.64816986  d_x2-y2
   83   2   0   0       0.34891749  s
   83   3   1  -1       0.31127067  p_y
   83   3   1   0       0.31192152  p_z
   83   3   1   1       0.32357992  p_x
   84   1   2  -2       1.86276101  d_xy
   84   1   2  -1       1.71559489  d_yz
   84   1   2   0       1.71361386  d_z2
   84   1   2   1       1.84253772  d_xz
   84   1   2   2       1.71590436  d_x2-y2
   84   2   0   0       0.35724003  s
   84   3   1  -1       0.31092929  p_y
   84   3   1   0       0.31206807  p_z
   84   3   1   1       0.32258739  p_x
   85   1   2  -2       0.05207279  d_xy
   85   1   2  -1       0.04000158  d_yz
   85   1   2   0       0.06300717  d_z2
   85   1   2   1       0.06318790  d_xz
   85   1   2   2       0.03952596  d_x2-y2
   85   2   0   0       0.24228386  s
   85   3   1  -1       0.25313088  p_y
   85   3   1   0       0.25239985  p_z
   85   3   1   1       0.24513021  p_x
   86   1   2  -2       0.07005116  d_xy
   86   1   2  -1       0.05844463  d_yz
   86   1   2   0       0.07697753  d_z2
   86   1   2   1       0.06685702  d_xz
   86   1   2   2       0.06211194  d_x2-y2
   86   2   0   0       0.23813390  s
   86   3   1  -1       0.25102227  p_y
   86   3   1   0       0.25233359  p_z
   86   3   1   1       0.23432398  p_x
   87   1   2  -2       0.06848793  d_xy
   87   1   2  -1       0.05431497  d_yz
   87   1   2   0       0.07021386  d_z2
   87   1   2   1       0.06428907  d_xz
   87   1   2   2       0.05336885  d_x2-y2
   87   2   0   0       0.23638456  s
   87   3   1  -1       0.25171494  p_y
   87   3   1   0       0.25002087  p_z
   87   3   1   1       0.23542899  p_x
   88   1   2  -2       0.41395240  d_xy
   88   1   2  -1       0.56401262  d_yz
   88   1   2   0       0.51750397  d_z2
   88   1   2   1       0.36573758  d_xz
   88   1   2   2       0.56804018  d_x2-y2
   88   2   0   0       0.30278276  s
   88   3   1  -1       0.29878926  p_y
   88   3   1   0       0.29959347  p_z
   88   3   1   1       0.28303384  p_x
   89   1   2  -2       1.24612087  d_xy
   89   1   2  -1       1.43099896  d_yz
   89   1   2   0       1.32175311  d_z2
   89   1   2   1       1.01110950  d_xz
   89   1   2   2       1.44159117  d_x2-y2
   89   2   0   0       0.38845862  s
   89   3   1  -1       0.26666292  p_y
   89   3   1   0       0.26532720  p_z
   89   3   1   1       0.25516158  p_x
   90   1   2  -2       0.23540600  d_xy
   90   1   2  -1       0.63950514  d_yz
   90   1   2   0       0.65892239  d_z2
   90   1   2   1       0.24875165  d_xz
   90   1   2   2       0.63191992  d_x2-y2
   90   2   0   0       0.35480761  s
   90   3   1  -1       0.24170145  p_y
   90   3   1   0       0.24163862  p_z
   90   3   1   1       0.23741525  p_x
   91   1   2  -2       0.24379555  d_xy
   91   1   2  -1       0.77613972  d_yz
   91   1   2   0       0.63510982  d_z2
   91   1   2   1       0.25692729  d_xz
   91   1   2   2       0.77300223  d_x2-y2
   91   2   0   0       0.36292341  s
   91   3   1  -1       0.24785778  p_y
   91   3   1   0       0.24892918  p_z
   91   3   1   1       0.24231098  p_x
   92   1   2  -2       0.48121869  d_xy
   92   1   2  -1       1.21670361  d_yz
   92   1   2   0       1.08129983  d_z2
   92   1   2   1       0.49886860  d_xz
   92   1   2   2       1.18010364  d_x2-y2
   92   2   0   0       0.38549430  s
   92   3   1  -1       0.26559108  p_y
   92   3   1   0       0.26794779  p_z
   92   3   1   1       0.25539934  p_x
   93   1   2  -2       1.88817459  d_xy
   93   1   2  -1       1.63575406  d_yz
   93   1   2   0       1.59592874  d_z2
   93   1   2   1       1.87833355  d_xz
   93   1   2   2       1.61764126  d_x2-y2
   93   2   0   0       0.40563996  s
   93   3   1  -1       0.26659371  p_y
   93   3   1   0       0.26697351  p_z
   93   3   1   1       0.26980081  p_x
   94   1   2  -2       1.89031244  d_xy
   94   1   2  -1       1.66178551  d_yz
   94   1   2   0       1.68243369  d_z2
   94   1   2   1       1.88090685  d_xz
   94   1   2   2       1.65943246  d_x2-y2
   94   2   0   0       0.41239578  s
   94   3   1  -1       0.26688049  p_y
   94   3   1   0       0.26788166  p_z
   94   3   1   1       0.27372188  p_x
   95   1   2  -2       1.86705691  d_xy
   95   1   2  -1       1.58168857  d_yz
   95   1   2   0       1.58651821  d_z2
   95   1   2   1       1.86062823  d_xz
   95   1   2   2       1.58921325  d_x2-y2
   95   2   0   0       0.40529588  s
   95   3   1  -1       0.26629073  p_y
   95   3   1   0       0.26664964  p_z
   95   3   1   1       0.27140335  p_x
   96   1   2  -2       1.88471674  d_xy
   96   1   2  -1       1.61683387  d_yz
   96   1   2   0       1.57910489  d_z2
   96   1   2   1       1.87836979  d_xz
   96   1   2   2       1.62628186  d_x2-y2
   96   2   0   0       0.40175977  s
   96   3   1  -1       0.26359647  p_y
   96   3   1   0       0.26483126  p_z
   96   3   1   1       0.26658701  p_x
   97   1   0   0       1.63795386  s
   97   2   1  -1       0.95550727  p_y
   97   2   1   0       0.95684790  p_z
   97   2   1   1       0.94450873  p_x
   97   3   2  -2       0.14553596  d_xy
   97   3   2  -1       0.11367694  d_yz
   97   3   2   0       0.11329845  d_z2
   97   3   2   1       0.14503259  d_xz
   97   3   2   2       0.11222008  d_x2-y2
   98   1   0   0       1.64422976  s
   98   2   1  -1       0.89252672  p_y
   98   2   1   0       0.88740697  p_z
   98   2   1   1       0.89264238  p_x
   98   3   2  -2       0.14699738  d_xy
   98   3   2  -1       0.10294487  d_yz
   98   3   2   0       0.11090600  d_z2
   98   3   2   1       0.13901939  d_xz
   98   3   2   2       0.10171195  d_x2-y2
   99   1   0   0       1.64196257  s
   99   2   1  -1       0.87856821  p_y
   99   2   1   0       0.88035688  p_z
   99   2   1   1       0.88920126  p_x
   99   3   2  -2       0.14118774  d_xy
   99   3   2  -1       0.10900264  d_yz
   99   3   2   0       0.11177585  d_z2
   99   3   2   1       0.14056110  d_xz
   99   3   2   2       0.10926187  d_x2-y2
  100   1   0   0       1.65996876  s
  100   2   1  -1       0.97802937  p_y
  100   2   1   0       0.97395768  p_z
  100   2   1   1       0.98076159  p_x
  100   3   2  -2       0.15523430  d_xy
  100   3   2  -1       0.10560778  d_yz
  100   3   2   0       0.11869141  d_z2
  100   3   2   1       0.15000285  d_xz
  100   3   2   2       0.10699546  d_x2-y2
  101   1   0   0       1.60990419  s
  101   2   1  -1       0.88882285  p_y
  101   2   1   0       0.88908509  p_z
  101   2   1   1       0.88817703  p_x
  101   3   2  -2       0.12403343  d_xy
  101   3   2  -1       0.13279857  d_yz
  101   3   2   0       0.12627771  d_z2
  101   3   2   1       0.12179503  d_xz
  101   3   2   2       0.13222756  d_x2-y2
  102   1   0   0       1.62013707  s
  102   2   1  -1       0.93456523  p_y
  102   2   1   0       0.93309444  p_z
  102   2   1   1       0.94219463  p_x
  102   3   2  -2       0.12863489  d_xy
  102   3   2  -1       0.13522539  d_yz
  102   3   2   0       0.12586920  d_z2
  102   3   2   1       0.12530194  d_xz
  102   3   2   2       0.13401018  d_x2-y2
  103   1   0   0       1.62247950  s
  103   2   1  -1       0.93909471  p_y
  103   2   1   0       0.94170389  p_z
  103   2   1   1       0.95026057  p_x
  103   3   2  -2       0.12954566  d_xy
  103   3   2  -1       0.13650649  d_yz
  103   3   2   0       0.12540653  d_z2
  103   3   2   1       0.12908551  d_xz
  103   3   2   2       0.13717058  d_x2-y2
  104   1   0   0       1.60770092  s
  104   2   1  -1       0.90461279  p_y
  104   2   1   0       0.90525007  p_z
  104   2   1   1       0.91465581  p_x
  104   3   2  -2       0.11505244  d_xy
  104   3   2  -1       0.12865261  d_yz
  104   3   2   0       0.11847381  d_z2
  104   3   2   1       0.11307706  d_xz
  104   3   2   2       0.12803895  d_x2-y2
  105   1   0   0       1.65761009  s
  105   2   1  -1       0.98893997  p_y
  105   2   1   0       0.99018368  p_z
  105   2   1   1       0.99658700  p_x
  105   3   2  -2       0.15231564  d_xy
  105   3   2  -1       0.09781349  d_yz
  105   3   2   0       0.11064707  d_z2
  105   3   2   1       0.15374093  d_xz
  105   3   2   2       0.09888871  d_x2-y2
  106   1   0   0       1.64274533  s
  106   2   1  -1       0.89247178  p_y
  106   2   1   0       0.89398671  p_z
  106   2   1   1       0.89669728  p_x
  106   3   2  -2       0.14204147  d_xy
  106   3   2  -1       0.11028704  d_yz
  106   3   2   0       0.11307979  d_z2
  106   3   2   1       0.14284014  d_xz
  106   3   2   2       0.11116801  d_x2-y2
  107   1   0   0       1.64175222  s
  107   2   1  -1       0.90006346  p_y
  107   2   1   0       0.90313066  p_z
  107   2   1   1       0.90657668  p_x
  107   3   2  -2       0.14206182  d_xy
  107   3   2  -1       0.10454997  d_yz
  107   3   2   0       0.10991152  d_z2
  107   3   2   1       0.14008023  d_xz
  107   3   2   2       0.10331202  d_x2-y2
  108   1   0   0       1.64057831  s
  108   2   1  -1       0.90711360  p_y
  108   2   1   0       0.91058324  p_z
  108   2   1   1       0.89252354  p_x
  108   3   2  -2       0.14797669  d_xy
  108   3   2  -1       0.11813542  d_yz
  108   3   2   0       0.11954348  d_z2
  108   3   2   1       0.14842298  d_xz
  108   3   2   2       0.11848888  d_x2-y2
  109   1   0   0       1.60796163  s
  109   2   1  -1       0.89986638  p_y
  109   2   1   0       0.89830437  p_z
  109   2   1   1       0.90851932  p_x
  109   3   2  -2       0.11633294  d_xy
  109   3   2  -1       0.12889180  d_yz
  109   3   2   0       0.11805546  d_z2
  109   3   2   1       0.11455906  d_xz
  109   3   2   2       0.13028832  d_x2-y2
  110   1   0   0       1.61819662  s
  110   2   1  -1       0.92365065  p_y
  110   2   1   0       0.92526086  p_z
  110   2   1   1       0.93132466  p_x
  110   3   2  -2       0.12664457  d_xy
  110   3   2  -1       0.13319613  d_yz
  110   3   2   0       0.12453877  d_z2
  110   3   2   1       0.12496099  d_xz
  110   3   2   2       0.13455142  d_x2-y2
  111   1   0   0       1.61862637  s
  111   2   1  -1       0.92657407  p_y
  111   2   1   0       0.92435888  p_z
  111   2   1   1       0.93462567  p_x
  111   3   2  -2       0.12761826  d_xy
  111   3   2  -1       0.13179395  d_yz
  111   3   2   0       0.12208813  d_z2
  111   3   2   1       0.12433543  d_xz
  111   3   2   2       0.13153152  d_x2-y2
  112   1   0   0       1.61273327  s
  112   2   1  -1       0.89759078  p_y
  112   2   1   0       0.89829823  p_z
  112   2   1   1       0.89770292  p_x
  112   3   2  -2       0.12579751  d_xy
  112   3   2  -1       0.13669263  d_yz
  112   3   2   0       0.12788061  d_z2
  112   3   2   1       0.12544981  d_xz
  112   3   2   2       0.13662470  d_x2-y2
  113   1   0   0       1.60638411  s
  113   2   1  -1       0.86981494  p_y
  113   2   1   0       0.86835235  p_z
  113   2   1   1       0.86740672  p_x
  113   3   2  -2       0.12172769  d_xy
  113   3   2  -1       0.12821330  d_yz
  113   3   2   0       0.12096332  d_z2
  113   3   2   1       0.12079919  d_xz
  113   3   2   2       0.12736586  d_x2-y2
  114   1   0   0       1.63123170  s
  114   2   1  -1       0.96184664  p_y
  114   2   1   0       0.96073116  p_z
  114   2   1   1       0.96947393  p_x
  114   3   2  -2       0.13952156  d_xy
  114   3   2  -1       0.15145556  d_yz
  114   3   2   0       0.14457204  d_z2
  114   3   2   1       0.13846146  d_xz
  114   3   2   2       0.15313162  d_x2-y2
  115   1   0   0       1.62257810  s
  115   2   1  -1       0.95305258  p_y
  115   2   1   0       0.95230617  p_z
  115   2   1   1       0.95746386  p_x
  115   3   2  -2       0.13073930  d_xy
  115   3   2  -1       0.13935285  d_yz
  115   3   2   0       0.12699409  d_z2
  115   3   2   1       0.12761227  d_xz
  115   3   2   2       0.13941351  d_x2-y2
  116   1   0   0       1.60652811  s
  116   2   1  -1       0.86134158  p_y
  116   2   1   0       0.86149709  p_z
  116   2   1   1       0.86087726  p_x
  116   3   2  -2       0.12242940  d_xy
  116   3   2  -1       0.13193726  d_yz
  116   3   2   0       0.12890283  d_z2
  116   3   2   1       0.12146376  d_xz
  116   3   2   2       0.13350513  d_x2-y2
  117   1   0   0       1.65775364  s
  117   2   1  -1       0.98875131  p_y
  117   2   1   0       0.97833445  p_z
  117   2   1   1       0.96831399  p_x
  117   3   2  -2       0.14500844  d_xy
  117   3   2  -1       0.10883954  d_yz
  117   3   2   0       0.11995473  d_z2
  117   3   2   1       0.14074793  d_xz
  117   3   2   2       0.10693432  d_x2-y2
  118   1   0   0       1.62826587  s
  118   2   1  -1       0.85081993  p_y
  118   2   1   0       0.85436839  p_z
  118   2   1   1       0.85197968  p_x
  118   3   2  -2       0.14515926  d_xy
  118   3   2  -1       0.10465165  d_yz
  118   3   2   0       0.10358529  d_z2
  118   3   2   1       0.14287937  d_xz
  118   3   2   2       0.10240371  d_x2-y2
  119   1   0   0       1.64739507  s
  119   2   1  -1       0.91616004  p_y
  119   2   1   0       0.91654660  p_z
  119   2   1   1       0.90671614  p_x
  119   3   2  -2       0.13496281  d_xy
  119   3   2  -1       0.08858028  d_yz
  119   3   2   0       0.10804349  d_z2
  119   3   2   1       0.14009203  d_xz
  119   3   2   2       0.08955006  d_x2-y2
  120   1   0   0       1.65828640  s
  120   2   1  -1       0.98008374  p_y
  120   2   1   0       0.99473104  p_z
  120   2   1   1       0.97218258  p_x
  120   3   2  -2       0.13665410  d_xy
  120   3   2  -1       0.11465895  d_yz
  120   3   2   0       0.12240550  d_z2
  120   3   2   1       0.15294806  d_xz
  120   3   2   2       0.11374010  d_x2-y2
  121   1   0   0       1.60604790  s
  121   2   1  -1       0.86273628  p_y
  121   2   1   0       0.86395898  p_z
  121   2   1   1       0.86159363  p_x
  121   3   2  -2       0.12178218  d_xy
  121   3   2  -1       0.12892186  d_yz
  121   3   2   0       0.12485119  d_z2
  121   3   2   1       0.12112714  d_xz
  121   3   2   2       0.13013491  d_x2-y2
  122   1   0   0       1.62333673  s
  122   2   1  -1       0.95599918  p_y
  122   2   1   0       0.95816946  p_z
  122   2   1   1       0.96353852  p_x
  122   3   2  -2       0.13066592  d_xy
  122   3   2  -1       0.14246557  d_yz
  122   3   2   0       0.12742810  d_z2
  122   3   2   1       0.12672589  d_xz
  122   3   2   2       0.14040400  d_x2-y2
  123   1   0   0       1.63319795  s
  123   2   1  -1       0.96857574  p_y
  123   2   1   0       0.96905787  p_z
  123   2   1   1       0.97708613  p_x
  123   3   2  -2       0.14172556  d_xy
  123   3   2  -1       0.15384398  d_yz
  123   3   2   0       0.14731074  d_z2
  123   3   2   1       0.13974060  d_xz
  123   3   2   2       0.15228551  d_x2-y2
  124   1   0   0       1.60666579  s
  124   2   1  -1       0.87078342  p_y
  124   2   1   0       0.87236659  p_z
  124   2   1   1       0.87209768  p_x
  124   3   2  -2       0.12281620  d_xy
  124   3   2  -1       0.13186505  d_yz
  124   3   2   0       0.12352784  d_z2
  124   3   2   1       0.12002547  d_xz
  124   3   2   2       0.12811041  d_x2-y2
  125   1   0   0       1.65775021  s
  125   2   1  -1       0.98402529  p_y
  125   2   1   0       0.99155808  p_z
  125   2   1   1       0.97069368  p_x
  125   3   2  -2       0.13754078  d_xy
  125   3   2  -1       0.10718663  d_yz
  125   3   2   0       0.12062195  d_z2
  125   3   2   1       0.15074105  d_xz
  125   3   2   2       0.10911930  d_x2-y2
  126   1   0   0       1.64919327  s
  126   2   1  -1       0.91674023  p_y
  126   2   1   0       0.91468187  p_z
  126   2   1   1       0.91022461  p_x
  126   3   2  -2       0.13747767  d_xy
  126   3   2  -1       0.09186368  d_yz
  126   3   2   0       0.11018847  d_z2
  126   3   2   1       0.13947707  d_xz
  126   3   2   2       0.09260788  d_x2-y2
  127   1   0   0       1.62720993  s
  127   2   1  -1       0.85504074  p_y
  127   2   1   0       0.85325908  p_z
  127   2   1   1       0.85233717  p_x
  127   3   2  -2       0.14237227  d_xy
  127   3   2  -1       0.10050413  d_yz
  127   3   2   0       0.10159535  d_z2
  127   3   2   1       0.14214199  d_xz
  127   3   2   2       0.10130262  d_x2-y2
  128   1   0   0       1.65854421  s
  128   2   1  -1       0.99733154  p_y
  128   2   1   0       0.98610050  p_z
  128   2   1   1       0.98058464  p_x
  128   3   2  -2       0.14751882  d_xy
  128   3   2  -1       0.11305977  d_yz
  128   3   2   0       0.12191579  d_z2
  128   3   2   1       0.14154809  d_xz
  128   3   2   2       0.11493990  d_x2-y2

Fermi level:                        -0.3612696093 H           -9.8306 eV
Band energy:                      -350.0207626220 H        -9524.5496 eV
TS:                                  0.0023338763 H            0.0635 eV
Band free energy (E-TS):          -350.0230964983 H        -9524.6131 eV
Extrapolated E(0K):               -350.0223185396 H        -9524.5919 eV
Input / Output electrons (q):    800.0000000000    800.0000000000

Energy H0:                        -280.5654564994 H        -7634.5745 eV
