 +-----------------------------------------------------------------+
 +                         Program ALM                             +
 +                             Ver.  1.4.1                         +
 +-----------------------------------------------------------------+

 Number of OpenMP threads = 20

 Job started at Wed May 29 18:40:42 2024


 Input variables:
 -------------------------------------------------------------------
 General:
  PREFIX = sc222
  MODE = suggest
  NAT = 96; NKD = 2
  PRINTSYM = 0; TOLERANCE = 0.001
  KD =   Fe   S
  FCSYM_BASIS = Lattice
  PERIODIC =   1  1  1
  MAGMOM = 
  FCS_ALAMODE = 1;  NMAXSAVE = 5
  FC3_SHENGBTE = 0
  FC2_QEFC = 0
  HESSIAN = 0
  FC_ZERO_THR = 0

 Interaction:
  NORDER = 2
  NBODY =   2  3

  DBASIS = CART

 -------------------------------------------------------------------

 SYSTEM
 ======

  Lattice Vector
    2.042349e+01   0.000000e+00   0.000000e+00 : a1
    0.000000e+00   2.042349e+01   0.000000e+00 : a2
    0.000000e+00   0.000000e+00   2.042349e+01 : a3

  Cell volume = 8.519021e+03

  Reciprocal Lattice Vector
    3.076451e-01   0.000000e+00   0.000000e+00 : b1
    0.000000e+00   3.076451e-01   0.000000e+00 : b2
    0.000000e+00   0.000000e+00   3.076451e-01 : b3

  Atomic species:
     1   Fe
     2    S

  Atomic positions in fractional basis and atomic species
     1   0.000000e+00   2.500000e-01   2.500000e-01    1
     2   0.000000e+00   2.500000e-01   7.500000e-01    1
     3   0.000000e+00   7.500000e-01   2.500000e-01    1
     4   0.000000e+00   7.500000e-01   7.500000e-01    1
     5   5.000000e-01   2.500000e-01   2.500000e-01    1
     6   5.000000e-01   2.500000e-01   7.500000e-01    1
     7   5.000000e-01   7.500000e-01   2.500000e-01    1
     8   5.000000e-01   7.500000e-01   7.500000e-01    1
     9   2.500000e-01   2.500000e-01   0.000000e+00    1
    10   2.500000e-01   2.500000e-01   5.000000e-01    1
    11   2.500000e-01   7.500000e-01   0.000000e+00    1
    12   2.500000e-01   7.500000e-01   5.000000e-01    1
    13   7.500000e-01   2.500000e-01   0.000000e+00    1
    14   7.500000e-01   2.500000e-01   5.000000e-01    1
    15   7.500000e-01   7.500000e-01   0.000000e+00    1
    16   7.500000e-01   7.500000e-01   5.000000e-01    1
    17   2.500000e-01   0.000000e+00   2.500000e-01    1
    18   2.500000e-01   0.000000e+00   7.500000e-01    1
    19   2.500000e-01   5.000000e-01   2.500000e-01    1
    20   2.500000e-01   5.000000e-01   7.500000e-01    1
    21   7.500000e-01   0.000000e+00   2.500000e-01    1
    22   7.500000e-01   0.000000e+00   7.500000e-01    1
    23   7.500000e-01   5.000000e-01   2.500000e-01    1
    24   7.500000e-01   5.000000e-01   7.500000e-01    1
    25   0.000000e+00   0.000000e+00   0.000000e+00    1
    26   0.000000e+00   0.000000e+00   5.000000e-01    1
    27   0.000000e+00   5.000000e-01   0.000000e+00    1
    28   0.000000e+00   5.000000e-01   5.000000e-01    1
    29   5.000000e-01   0.000000e+00   0.000000e+00    1
    30   5.000000e-01   0.000000e+00   5.000000e-01    1
    31   5.000000e-01   5.000000e-01   0.000000e+00    1
    32   5.000000e-01   5.000000e-01   5.000000e-01    1
    33   1.914440e-01   5.855600e-02   4.414440e-01    2
    34   1.914440e-01   5.855600e-02   9.414440e-01    2
    35   1.914440e-01   5.585560e-01   4.414440e-01    2
    36   1.914440e-01   5.585560e-01   9.414440e-01    2
    37   6.914440e-01   5.855600e-02   4.414440e-01    2
    38   6.914440e-01   5.855600e-02   9.414440e-01    2
    39   6.914440e-01   5.585560e-01   4.414440e-01    2
    40   6.914440e-01   5.585560e-01   9.414440e-01    2
    41   5.855600e-02   4.414440e-01   1.914440e-01    2
    42   5.855600e-02   4.414440e-01   6.914440e-01    2
    43   5.855600e-02   9.414440e-01   1.914440e-01    2
    44   5.855600e-02   9.414440e-01   6.914440e-01    2
    45   5.585560e-01   4.414440e-01   1.914440e-01    2
    46   5.585560e-01   4.414440e-01   6.914440e-01    2
    47   5.585560e-01   9.414440e-01   1.914440e-01    2
    48   5.585560e-01   9.414440e-01   6.914440e-01    2
    49   4.414440e-01   1.914440e-01   5.855600e-02    2
    50   4.414440e-01   1.914440e-01   5.585560e-01    2
    51   4.414440e-01   6.914440e-01   5.855600e-02    2
    52   4.414440e-01   6.914440e-01   5.585560e-01    2
    53   9.414440e-01   1.914440e-01   5.855600e-02    2
    54   9.414440e-01   1.914440e-01   5.585560e-01    2
    55   9.414440e-01   6.914440e-01   5.855600e-02    2
    56   9.414440e-01   6.914440e-01   5.585560e-01    2
    57   3.085560e-01   3.085560e-01   3.085560e-01    2
    58   3.085560e-01   3.085560e-01   8.085560e-01    2
    59   3.085560e-01   8.085560e-01   3.085560e-01    2
    60   3.085560e-01   8.085560e-01   8.085560e-01    2
    61   8.085560e-01   3.085560e-01   3.085560e-01    2
    62   8.085560e-01   3.085560e-01   8.085560e-01    2
    63   8.085560e-01   8.085560e-01   3.085560e-01    2
    64   8.085560e-01   8.085560e-01   8.085560e-01    2
    65   1.914440e-01   1.914440e-01   1.914440e-01    2
    66   1.914440e-01   1.914440e-01   6.914440e-01    2
    67   1.914440e-01   6.914440e-01   1.914440e-01    2
    68   1.914440e-01   6.914440e-01   6.914440e-01    2
    69   6.914440e-01   1.914440e-01   1.914440e-01    2
    70   6.914440e-01   1.914440e-01   6.914440e-01    2
    71   6.914440e-01   6.914440e-01   1.914440e-01    2
    72   6.914440e-01   6.914440e-01   6.914440e-01    2
    73   5.855600e-02   3.085560e-01   4.414440e-01    2
    74   5.855600e-02   3.085560e-01   9.414440e-01    2
    75   5.855600e-02   8.085560e-01   4.414440e-01    2
    76   5.855600e-02   8.085560e-01   9.414440e-01    2
    77   5.585560e-01   3.085560e-01   4.414440e-01    2
    78   5.585560e-01   3.085560e-01   9.414440e-01    2
    79   5.585560e-01   8.085560e-01   4.414440e-01    2
    80   5.585560e-01   8.085560e-01   9.414440e-01    2
    81   4.414440e-01   5.855600e-02   3.085560e-01    2
    82   4.414440e-01   5.855600e-02   8.085560e-01    2
    83   4.414440e-01   5.585560e-01   3.085560e-01    2
    84   4.414440e-01   5.585560e-01   8.085560e-01    2
    85   9.414440e-01   5.855600e-02   3.085560e-01    2
    86   9.414440e-01   5.855600e-02   8.085560e-01    2
    87   9.414440e-01   5.585560e-01   3.085560e-01    2
    88   9.414440e-01   5.585560e-01   8.085560e-01    2
    89   3.085560e-01   4.414440e-01   5.855600e-02    2
    90   3.085560e-01   4.414440e-01   5.585560e-01    2
    91   3.085560e-01   9.414440e-01   5.855600e-02    2
    92   3.085560e-01   9.414440e-01   5.585560e-01    2
    93   8.085560e-01   4.414440e-01   5.855600e-02    2
    94   8.085560e-01   4.414440e-01   5.585560e-01    2
    95   8.085560e-01   9.414440e-01   5.855600e-02    2
    96   8.085560e-01   9.414440e-01   5.585560e-01    2


  Time Elapsed: 0.042127 sec.

 -------------------------------------------------------------------

 SYMMETRY
 ========

  Space group: Pa-3 (205)
  Number of symmetry operations = 192

  Given system is not a primitive cell.
  There are     8 translation operations.
  Primitive cell contains 12 atoms

  **Cell-Atom Correspondens Below**
  CELL |  ATOM
     1 |     1    9   17   25   33
       |    41   49   57   65   73
       |    81   89
     2 |     2   10   18   26   34
       |    42   50   58   66   74
       |    82   90
     3 |     3   11   19   27   35
       |    43   51   59   67   75
       |    83   91
     4 |     4   12   20   28   36
       |    44   52   60   68   76
       |    84   92
     5 |     5   13   21   29   37
       |    45   53   61   69   77
       |    85   93
     6 |     6   14   22   30   38
       |    46   54   62   70   78
       |    86   94
     7 |     7   15   23   31   39
       |    47   55   63   71   79
       |    87   95
     8 |     8   16   24   32   40
       |    48   56   64   72   80
       |    88   96

  Time Elapsed: 0.080786 sec.

 -------------------------------------------------------------------

 INTERACTION
 ===========

  +++ Cutoff Radii Matrix (NKD x NKD matrix) +++
   HARMONIC
       12       12
       12       12

    ANHARM3
       12       12
       12       12


  List of neighboring atoms below.
  Format [N th-nearest shell, distance (Number of atoms on the shell)]

    1 ( Fe):   1   4.26007 (  6) -  85(  S)  53(  S)  65(  S)  73(  S)
                                    41(  S)  61(  S)
               2    6.5248 (  3) -  74(  S)  43(  S)  57(  S)
               3    6.5248 (  3) -  87(  S)  54(  S)  69(  S)
               4   6.77224 (  2) -  33(  S)  93(  S)
               5   7.22079 ( 12) -   9( Fe)  10( Fe)  13( Fe)  14( Fe)
                                    17( Fe)  19( Fe)  21( Fe)  23( Fe)
                                    25( Fe)  26( Fe)  27( Fe)  28( Fe)
               6    8.3838 (  3) -  34(  S)  95(  S)  89(  S)
               7    8.3838 (  3) -  35(  S)  37(  S)  94(  S)
               8   9.73205 (  5) -  91(  S)  36(  S)  38(  S)  96(  S)
                                    90(  S)
               9   9.73205 (  1) -  39(  S)
              10   9.89965 (  8) -  55(  S)  66(  S)  67(  S)  77(  S)
                                    42(  S)  45(  S)  81(  S)  49(  S)
              11   9.89965 (  4) -  86(  S)  75(  S)  62(  S)  63(  S)
              12   10.2117 (  3) -   2( Fe)   3( Fe)   5( Fe)
              13    10.915 (  2) -  92(  S)  40(  S)
              14   11.0647 (  6) -  78(  S)  44(  S)  47(  S)  56(  S)
                                    70(  S)  71(  S)
              15   11.0647 (  6) -  76(  S)  83(  S)  50(  S)  58(  S)
                                    59(  S)  88(  S)
              16   12.5068 ( 12) -  11( Fe)  12( Fe)  15( Fe)  16( Fe)
                                    18( Fe)  20( Fe)  22( Fe)  24( Fe)
                                    29( Fe)  30( Fe)  31( Fe)  32( Fe)
              17   13.3363 (  4) -  68(  S)  46(  S)  51(  S)  79(  S)
              18   13.3363 (  2) -  82(  S)  64(  S)
              19   14.2226 (  4) -  48(  S)  72(  S)  80(  S)  52(  S)
              20   14.2226 (  2) -  84(  S)  60(  S)
              21   14.4416 (  3) -   4( Fe)   6( Fe)   7( Fe)
              22   17.6873 (  1) -   8( Fe)

    9 ( Fe):   1   4.26007 (  6) -  74(  S)  34(  S)  65(  S)  89(  S)
                                    49(  S)  58(  S)
               2    6.5248 (  3) -  91(  S)  53(  S)  57(  S)
               3    6.5248 (  3) -  78(  S)  36(  S)  66(  S)
               4   6.77224 (  2) -  41(  S)  82(  S)
               5   7.22079 ( 12) -   1( Fe)   2( Fe)   5( Fe)   6( Fe)
                                    17( Fe)  18( Fe)  19( Fe)  20( Fe)
                                    25( Fe)  27( Fe)  29( Fe)  31( Fe)
               6    8.3838 (  3) -  43(  S)  86(  S)  81(  S)
               7    8.3838 (  3) -  45(  S)  42(  S)  84(  S)
               8   9.73205 (  5) -  85(  S)  47(  S)  44(  S)  88(  S)
                                    83(  S)
               9   9.73205 (  1) -  46(  S)
              10   9.89965 (  8) -  38(  S)  67(  S)  69(  S)  90(  S)
                                    51(  S)  50(  S)  73(  S)  33(  S)
              11   9.89965 (  4) -  76(  S)  93(  S)  60(  S)  62(  S)
              12   10.2117 (  3) -  10( Fe)  11( Fe)  13( Fe)
              13    10.915 (  2) -  87(  S)  48(  S)
              14   11.0647 (  6) -  92(  S)  55(  S)  54(  S)  40(  S)
                                    68(  S)  70(  S)
              15   11.0647 (  6) -  95(  S)  77(  S)  35(  S)  59(  S)
                                    61(  S)  80(  S)
              16   12.5068 ( 12) -   3( Fe)   4( Fe)   7( Fe)   8( Fe)
                                    21( Fe)  22( Fe)  23( Fe)  24( Fe)
                                    26( Fe)  28( Fe)  30( Fe)  32( Fe)
              17   13.3363 (  4) -  71(  S)  52(  S)  37(  S)  94(  S)
              18   13.3363 (  2) -  75(  S)  64(  S)
              19   14.2226 (  4) -  56(  S)  72(  S)  96(  S)  39(  S)
              20   14.2226 (  2) -  79(  S)  63(  S)
              21   14.4416 (  3) -  12( Fe)  14( Fe)  15( Fe)
              22   17.6873 (  1) -  16( Fe)

   17 ( Fe):   1   4.26007 (  6) -  91(  S)  43(  S)  65(  S)  81(  S)
                                    33(  S)  59(  S)
               2    6.5248 (  3) -  85(  S)  34(  S)  57(  S)
               3    6.5248 (  3) -  92(  S)  47(  S)  67(  S)
               4   6.77224 (  2) -  49(  S)  75(  S)
               5   7.22079 ( 12) -   1( Fe)   3( Fe)   5( Fe)   7( Fe)
                                     9( Fe)  10( Fe)  11( Fe)  12( Fe)
                                    25( Fe)  26( Fe)  29( Fe)  30( Fe)
               6    8.3838 (  3) -  53(  S)  76(  S)  73(  S)
               7    8.3838 (  3) -  50(  S)  51(  S)  79(  S)
               8   9.73205 (  5) -  74(  S)  54(  S)  55(  S)  80(  S)
                                    77(  S)
               9   9.73205 (  1) -  52(  S)
              10   9.89965 (  8) -  44(  S)  66(  S)  69(  S)  83(  S)
                                    37(  S)  35(  S)  89(  S)  41(  S)
              11   9.89965 (  4) -  95(  S)  82(  S)  60(  S)  63(  S)
              12   10.2117 (  3) -  18( Fe)  19( Fe)  21( Fe)
              13    10.915 (  2) -  78(  S)  56(  S)
              14   11.0647 (  6) -  87(  S)  38(  S)  36(  S)  48(  S)
                                    68(  S)  71(  S)
              15   11.0647 (  6) -  86(  S)  90(  S)  45(  S)  58(  S)
                                    61(  S)  96(  S)
              16   12.5068 ( 12) -   2( Fe)   4( Fe)   6( Fe)   8( Fe)
                                    13( Fe)  14( Fe)  15( Fe)  16( Fe)
                                    27( Fe)  28( Fe)  31( Fe)  32( Fe)
              17   13.3363 (  4) -  70(  S)  39(  S)  42(  S)  84(  S)
              18   13.3363 (  2) -  93(  S)  64(  S)
              19   14.2226 (  4) -  40(  S)  72(  S)  88(  S)  46(  S)
              20   14.2226 (  2) -  94(  S)  62(  S)
              21   14.4416 (  3) -  20( Fe)  22( Fe)  23( Fe)
              22   17.6873 (  1) -  24( Fe)

   25 ( Fe):   1   4.26007 (  6) -  34(  S)  43(  S)  53(  S)  76(  S)
                                    86(  S)  95(  S)
               2    6.5248 (  6) -  74(  S)  85(  S)  91(  S)  38(  S)
                                    44(  S)  55(  S)
               3   6.77224 (  1) -  65(  S)
               4   6.77224 (  1) -  64(  S)
               5   7.22079 ( 12) -   1( Fe)   2( Fe)   3( Fe)   4( Fe)
                                     9( Fe)  11( Fe)  13( Fe)  15( Fe)
                                    17( Fe)  18( Fe)  21( Fe)  22( Fe)
               6    8.3838 (  6) -  66(  S)  67(  S)  69(  S)  60(  S)
                                    62(  S)  63(  S)
               7   9.73205 (  6) -  58(  S)  59(  S)  61(  S)  68(  S)
                                    70(  S)  71(  S)
               8   9.89965 (  9) -  36(  S)  47(  S)  54(  S)  80(  S)
                                    88(  S)  96(  S)  33(  S)  41(  S)
                                    49(  S)
               9   9.89965 (  3) -  75(  S)  82(  S)  93(  S)
              10   10.2117 (  3) -  26( Fe)  27( Fe)  29( Fe)
              11    10.915 (  1) -  57(  S)
              12    10.915 (  1) -  72(  S)
              13   11.0647 ( 12) -  78(  S)  87(  S)  92(  S)  40(  S)
                                    48(  S)  56(  S)  73(  S)  81(  S)
                                    89(  S)  37(  S)  42(  S)  51(  S)
              14   12.5068 ( 12) -   5( Fe)   6( Fe)   7( Fe)   8( Fe)
                                    10( Fe)  12( Fe)  14( Fe)  16( Fe)
                                    19( Fe)  20( Fe)  23( Fe)  24( Fe)
              15   13.3363 (  6) -  35(  S)  45(  S)  50(  S)  79(  S)
                                    84(  S)  94(  S)
              16   14.2226 (  6) -  77(  S)  83(  S)  90(  S)  39(  S)
                                    46(  S)  52(  S)
              17   14.4416 (  3) -  28( Fe)  30( Fe)  31( Fe)
              18   17.6873 (  1) -  32( Fe)

   33 (  S):   1   4.14278 (  1) -  92(  S)
               2   4.26007 (  3) -  26( Fe)  10( Fe)  17( Fe)
               3   5.78238 (  4) -  85(  S)  66(  S)  73(  S)  65(  S)
               4   5.78238 (  2) -  81(  S)  75(  S)
               5   6.25754 (  4) -  44(  S)  54(  S)  43(  S)  57(  S)
               6   6.25754 (  2) -  50(  S)  59(  S)
               7    6.5248 (  3) -  18( Fe)  12( Fe)  30( Fe)
               8   6.77224 (  1) -   1( Fe)
               9    8.3838 (  3) -   2( Fe)   3( Fe)   5( Fe)
              10   8.52014 (  3) -  91(  S)  90(  S)  96(  S)
              11   9.07114 (  2) -  86(  S)  82(  S)
              12   9.07114 (  4) -  68(  S)  77(  S)  67(  S)  79(  S)
              13   9.38117 (  4) -  58(  S)  60(  S)  56(  S)  48(  S)
              14   9.38117 (  2) -  47(  S)  52(  S)
              15   9.72558 (  5) -  53(  S)  42(  S)  41(  S)  49(  S)
                                    61(  S)
              16   9.72558 (  1) -  63(  S)
              17   9.73205 (  3) -   4( Fe)   6( Fe)   7( Fe)
              18   9.89965 (  6) -  14( Fe)  21( Fe)  28( Fe)  19( Fe)
                                    25( Fe)   9( Fe)
              19   10.2117 (  3) -  34(  S)  35(  S)  37(  S)
              20    10.915 (  1) -   8( Fe)
              21   11.0647 (  6) -  22( Fe)  16( Fe)  20( Fe)  32( Fe)
                                    11( Fe)  29( Fe)
              22   11.3147 (  3) -  89(  S)  95(  S)  94(  S)
              23   11.7352 (  6) -  87(  S)  74(  S)  70(  S)  76(  S)
                                    83(  S)  69(  S)
              24   11.9765 (  5) -  62(  S)  55(  S)  64(  S)  46(  S)
                                    51(  S)
              25   11.9765 (  1) -  45(  S)
              26   13.3363 (  3) -  23( Fe)  13( Fe)  27( Fe)
              27   13.5445 (  1) -  93(  S)
              28   13.6589 (  2) -  88(  S)  84(  S)
              29   13.6589 (  4) -  78(  S)  72(  S)  80(  S)  71(  S)
              30   14.2226 (  3) -  24( Fe)  15( Fe)  31( Fe)
              31   14.4416 (  3) -  36(  S)  38(  S)  39(  S)
              32   17.6873 (  1) -  40(  S)

   41 (  S):   1   4.14278 (  1) -  87(  S)
               2   4.26007 (  3) -  27( Fe)  19( Fe)   1( Fe)
               3   5.78238 (  4) -  74(  S)  67(  S)  89(  S)  65(  S)
               4   5.78238 (  2) -  73(  S)  93(  S)
               5   6.25754 (  4) -  55(  S)  36(  S)  53(  S)  57(  S)
               6   6.25754 (  2) -  35(  S)  61(  S)
               7    6.5248 (  3) -   3( Fe)  23( Fe)  28( Fe)
               8   6.77224 (  1) -   9( Fe)
               9    8.3838 (  3) -  11( Fe)  13( Fe)  10( Fe)
              10   8.52014 (  3) -  85(  S)  83(  S)  88(  S)
              11   9.07114 (  2) -  76(  S)  75(  S)
              12   9.07114 (  4) -  71(  S)  90(  S)  69(  S)  94(  S)
              13   9.38117 (  4) -  59(  S)  63(  S)  40(  S)  56(  S)
              14   9.38117 (  2) -  54(  S)  39(  S)
              15   9.72558 (  5) -  34(  S)  51(  S)  33(  S)  49(  S)
                                    58(  S)
              16   9.72558 (  1) -  62(  S)
              17   9.73205 (  3) -  15( Fe)  12( Fe)  14( Fe)
              18   9.89965 (  6) -  20( Fe)   2( Fe)  31( Fe)   5( Fe)
                                    25( Fe)  17( Fe)
              19   10.2117 (  3) -  43(  S)  45(  S)  42(  S)
              20    10.915 (  1) -  16( Fe)
              21   11.0647 (  6) -   4( Fe)  24( Fe)   7( Fe)  32( Fe)
                                    21( Fe)  26( Fe)
              22   11.3147 (  3) -  81(  S)  86(  S)  84(  S)
              23   11.7352 (  6) -  78(  S)  91(  S)  68(  S)  95(  S)
                                    77(  S)  66(  S)
              24   11.9765 (  5) -  60(  S)  38(  S)  64(  S)  52(  S)
                                    37(  S)
              25   11.9765 (  1) -  50(  S)
              26   13.3363 (  3) -   6( Fe)  18( Fe)  29( Fe)
              27   13.5445 (  1) -  82(  S)
              28   13.6589 (  2) -  80(  S)  79(  S)
              29   13.6589 (  4) -  92(  S)  72(  S)  96(  S)  70(  S)
              30   14.2226 (  3) -   8( Fe)  22( Fe)  30( Fe)
              31   14.4416 (  3) -  47(  S)  44(  S)  46(  S)
              32   17.6873 (  1) -  48(  S)

   49 (  S):   1   4.14278 (  1) -  78(  S)
               2   4.26007 (  3) -  29( Fe)   5( Fe)   9( Fe)
               3   5.78238 (  4) -  91(  S)  69(  S)  81(  S)  65(  S)
               4   5.78238 (  2) -  89(  S)  82(  S)
               5   6.25754 (  4) -  38(  S)  47(  S)  34(  S)  57(  S)
               6   6.25754 (  2) -  45(  S)  58(  S)
               7    6.5248 (  3) -  13( Fe)   6( Fe)  31( Fe)
               8   6.77224 (  1) -  17( Fe)
               9    8.3838 (  3) -  21( Fe)  18( Fe)  19( Fe)
              10   8.52014 (  3) -  74(  S)  77(  S)  80(  S)
              11   9.07114 (  2) -  95(  S)  93(  S)
              12   9.07114 (  4) -  70(  S)  83(  S)  66(  S)  84(  S)
              13   9.38117 (  4) -  61(  S)  62(  S)  48(  S)  40(  S)
              14   9.38117 (  2) -  36(  S)  46(  S)
              15   9.72558 (  5) -  43(  S)  37(  S)  33(  S)  41(  S)
                                    59(  S)
              16   9.72558 (  1) -  60(  S)
              17   9.73205 (  3) -  22( Fe)  23( Fe)  20( Fe)
              18   9.89965 (  6) -   7( Fe)  11( Fe)  30( Fe)  10( Fe)
                                    25( Fe)   1( Fe)
              19   10.2117 (  3) -  53(  S)  50(  S)  51(  S)
              20    10.915 (  1) -  24( Fe)
              21   11.0647 (  6) -  15( Fe)   8( Fe)  14( Fe)  32( Fe)
                                     2( Fe)  27( Fe)
              22   11.3147 (  3) -  73(  S)  76(  S)  79(  S)
              23   11.7352 (  6) -  92(  S)  85(  S)  71(  S)  86(  S)
                                    90(  S)  67(  S)
              24   11.9765 (  5) -  63(  S)  44(  S)  64(  S)  39(  S)
                                    42(  S)
              25   11.9765 (  1) -  35(  S)
              26   13.3363 (  3) -  12( Fe)   3( Fe)  26( Fe)
              27   13.5445 (  1) -  75(  S)
              28   13.6589 (  2) -  96(  S)  94(  S)
              29   13.6589 (  4) -  87(  S)  72(  S)  88(  S)  68(  S)
              30   14.2226 (  3) -  16( Fe)   4( Fe)  28( Fe)
              31   14.4416 (  3) -  54(  S)  55(  S)  52(  S)
              32   17.6873 (  1) -  56(  S)

   57 (  S):   1   4.14278 (  1) -  65(  S)
               2   4.26007 (  3) -   5( Fe)  10( Fe)  19( Fe)
               3   5.78238 (  6) -  73(  S)  81(  S)  89(  S)  77(  S)
                                    83(  S)  90(  S)
               4   6.25754 (  6) -  33(  S)  41(  S)  49(  S)  35(  S)
                                    45(  S)  50(  S)
               5    6.5248 (  3) -   1( Fe)   9( Fe)  17( Fe)
               6   6.77224 (  1) -  32( Fe)
               7    8.3838 (  3) -  28( Fe)  30( Fe)  31( Fe)
               8   8.52014 (  3) -  66(  S)  67(  S)  69(  S)
               9   9.07114 (  6) -  74(  S)  85(  S)  91(  S)  78(  S)
                                    87(  S)  92(  S)
              10   9.38117 (  6) -  34(  S)  43(  S)  53(  S)  36(  S)
                                    47(  S)  54(  S)
              11   9.72558 (  6) -  37(  S)  42(  S)  51(  S)  39(  S)
                                    46(  S)  52(  S)
              12   9.73205 (  3) -  26( Fe)  27( Fe)  29( Fe)
              13   9.89965 (  6) -   6( Fe)   7( Fe)  12( Fe)  14( Fe)
                                    20( Fe)  23( Fe)
              14   10.2117 (  3) -  58(  S)  59(  S)  61(  S)
              15    10.915 (  1) -  25( Fe)
              16   11.0647 (  6) -   2( Fe)   3( Fe)  11( Fe)  13( Fe)
                                    18( Fe)  21( Fe)
              17   11.3147 (  3) -  68(  S)  70(  S)  71(  S)
              18   11.7352 (  6) -  75(  S)  82(  S)  93(  S)  79(  S)
                                    84(  S)  94(  S)
              19   11.9765 (  6) -  38(  S)  44(  S)  55(  S)  40(  S)
                                    48(  S)  56(  S)
              20   13.3363 (  3) -   8( Fe)  16( Fe)  24( Fe)
              21   13.5445 (  1) -  72(  S)
              22   13.6589 (  6) -  76(  S)  86(  S)  95(  S)  80(  S)
                                    88(  S)  96(  S)
              23   14.2226 (  3) -   4( Fe)  15( Fe)  22( Fe)
              24   14.4416 (  3) -  60(  S)  62(  S)  63(  S)
              25   17.6873 (  1) -  64(  S)

   65 (  S):   1   4.14278 (  1) -  57(  S)
               2   4.26007 (  3) -   1( Fe)   9( Fe)  17( Fe)
               3   5.78238 (  3) -  34(  S)  43(  S)  53(  S)
               4   5.78238 (  3) -  33(  S)  41(  S)  49(  S)
               5   6.25754 (  3) -  74(  S)  85(  S)  91(  S)
               6   6.25754 (  3) -  73(  S)  81(  S)  89(  S)
               7    6.5248 (  3) -   5( Fe)  10( Fe)  19( Fe)
               8   6.77224 (  1) -  25( Fe)
               9    8.3838 (  3) -  26( Fe)  27( Fe)  29( Fe)
              10   8.52014 (  3) -  58(  S)  59(  S)  61(  S)
              11   9.07114 (  6) -  36(  S)  47(  S)  54(  S)  35(  S)
                                    45(  S)  50(  S)
              12   9.38117 (  6) -  78(  S)  87(  S)  92(  S)  77(  S)
                                    83(  S)  90(  S)
              13   9.72558 (  6) -  76(  S)  86(  S)  95(  S)  75(  S)
                                    82(  S)  93(  S)
              14   9.73205 (  3) -  28( Fe)  30( Fe)  31( Fe)
              15   9.89965 (  6) -   2( Fe)   3( Fe)  11( Fe)  13( Fe)
                                    18( Fe)  21( Fe)
              16   10.2117 (  3) -  66(  S)  67(  S)  69(  S)
              17    10.915 (  1) -  32( Fe)
              18   11.0647 (  6) -   6( Fe)   7( Fe)  12( Fe)  14( Fe)
                                    20( Fe)  23( Fe)
              19   11.3147 (  3) -  60(  S)  62(  S)  63(  S)
              20   11.7352 (  6) -  38(  S)  44(  S)  55(  S)  37(  S)
                                    42(  S)  51(  S)
              21   11.9765 (  6) -  80(  S)  88(  S)  96(  S)  79(  S)
                                    84(  S)  94(  S)
              22   13.3363 (  3) -   4( Fe)  15( Fe)  22( Fe)
              23   13.5445 (  1) -  64(  S)
              24   13.6589 (  6) -  40(  S)  48(  S)  56(  S)  39(  S)
                                    46(  S)  52(  S)
              25   14.2226 (  3) -   8( Fe)  16( Fe)  24( Fe)
              26   14.4416 (  3) -  68(  S)  70(  S)  71(  S)
              27   17.6873 (  1) -  72(  S)

   73 (  S):   1   4.14278 (  1) -  54(  S)
               2   4.26007 (  3) -  10( Fe)   1( Fe)  28( Fe)
               3   5.78238 (  5) -  42(  S)  33(  S)  57(  S)  35(  S)
                                    41(  S)
               4   5.78238 (  1) -  61(  S)
               5   6.25754 (  5) -  66(  S)  85(  S)  90(  S)  65(  S)
                                    87(  S)
               6   6.25754 (  1) -  94(  S)
               7    6.5248 (  3) -   2( Fe)  26( Fe)  14( Fe)
               8   6.77224 (  1) -  19( Fe)
               9    8.3838 (  3) -  17( Fe)  20( Fe)  23( Fe)
              10   8.52014 (  3) -  56(  S)  53(  S)  50(  S)
              11   9.07114 (  4) -  44(  S)  58(  S)  43(  S)  62(  S)
              12   9.07114 (  2) -  37(  S)  39(  S)
              13   9.38117 (  4) -  86(  S)  92(  S)  88(  S)  96(  S)
              14   9.38117 (  2) -  70(  S)  69(  S)
              15   9.72558 (  4) -  68(  S)  67(  S)  81(  S)  89(  S)
              16   9.72558 (  2) -  83(  S)  93(  S)
              17   9.73205 (  3) -  18( Fe)  21( Fe)  24( Fe)
              18   9.89965 (  6) -   5( Fe)  32( Fe)   9( Fe)  12( Fe)
                                     3( Fe)  27( Fe)
              19   10.2117 (  3) -  74(  S)  75(  S)  77(  S)
              20    10.915 (  1) -  22( Fe)
              21   11.0647 (  6) -   6( Fe)  30( Fe)   4( Fe)  25( Fe)
                                    13( Fe)  16( Fe)
              22   11.3147 (  3) -  55(  S)  52(  S)  49(  S)
              23   11.7352 (  6) -  34(  S)  46(  S)  59(  S)  36(  S)
                                    45(  S)  63(  S)
              24   11.9765 (  6) -  82(  S)  91(  S)  84(  S)  95(  S)
                                    72(  S)  71(  S)
              25   13.3363 (  3) -   7( Fe)  31( Fe)  11( Fe)
              26   13.5445 (  1) -  51(  S)
              27   13.6589 (  5) -  48(  S)  60(  S)  47(  S)  64(  S)
                                    38(  S)
              28   13.6589 (  1) -  40(  S)
              29   14.2226 (  3) -   8( Fe)  29( Fe)  15( Fe)
              30   14.4416 (  3) -  76(  S)  78(  S)  79(  S)
              31   17.6873 (  1) -  80(  S)

   81 (  S):   1   4.14278 (  1) -  47(  S)
               2   4.26007 (  3) -   5( Fe)  17( Fe)  30( Fe)
               3   5.78238 (  5) -  37(  S)  49(  S)  57(  S)  50(  S)
                                    33(  S)
               4   5.78238 (  1) -  59(  S)
               5   6.25754 (  5) -  69(  S)  91(  S)  77(  S)  65(  S)
                                    92(  S)
               6   6.25754 (  1) -  79(  S)
               7    6.5248 (  3) -  21( Fe)  29( Fe)   7( Fe)
               8   6.77224 (  1) -  10( Fe)
               9    8.3838 (  3) -   9( Fe)  14( Fe)  12( Fe)
              10   8.52014 (  3) -  48(  S)  43(  S)  45(  S)
              11   9.07114 (  4) -  38(  S)  61(  S)  34(  S)  63(  S)
              12   9.07114 (  2) -  51(  S)  52(  S)
              13   9.38117 (  4) -  95(  S)  78(  S)  96(  S)  80(  S)
              14   9.38117 (  2) -  71(  S)  67(  S)
              15   9.72558 (  4) -  70(  S)  66(  S)  73(  S)  89(  S)
              16   9.72558 (  2) -  90(  S)  75(  S)
              17   9.73205 (  3) -  13( Fe)  11( Fe)  16( Fe)
              18   9.89965 (  6) -  19( Fe)  32( Fe)   1( Fe)   6( Fe)
                                    18( Fe)  26( Fe)
              19   10.2117 (  3) -  82(  S)  85(  S)  83(  S)
              20    10.915 (  1) -  15( Fe)
              21   11.0647 (  6) -  23( Fe)  31( Fe)  22( Fe)  25( Fe)
                                     3( Fe)   8( Fe)
              22   11.3147 (  3) -  44(  S)  46(  S)  41(  S)
              23   11.7352 (  6) -  53(  S)  39(  S)  58(  S)  54(  S)
                                    35(  S)  60(  S)
              24   11.9765 (  6) -  74(  S)  93(  S)  94(  S)  76(  S)
                                    72(  S)  68(  S)
              25   13.3363 (  3) -  20( Fe)  28( Fe)   2( Fe)
              26   13.5445 (  1) -  42(  S)
              27   13.6589 (  5) -  40(  S)  62(  S)  36(  S)  64(  S)
                                    55(  S)
              28   13.6589 (  1) -  56(  S)
              29   14.2226 (  3) -  24( Fe)  27( Fe)   4( Fe)
              30   14.4416 (  3) -  86(  S)  84(  S)  87(  S)
              31   17.6873 (  1) -  88(  S)

   89 (  S):   1   4.14278 (  1) -  36(  S)
               2   4.26007 (  3) -  19( Fe)   9( Fe)  31( Fe)
               3   5.78238 (  5) -  51(  S)  41(  S)  57(  S)  45(  S)
                                    49(  S)
               4   5.78238 (  1) -  58(  S)
               5   6.25754 (  5) -  67(  S)  74(  S)  83(  S)  65(  S)
                                    78(  S)
               6   6.25754 (  1) -  84(  S)
               7    6.5248 (  3) -  11( Fe)  27( Fe)  20( Fe)
               8   6.77224 (  1) -   5( Fe)
               9    8.3838 (  3) -   1( Fe)   7( Fe)   6( Fe)
              10   8.52014 (  3) -  40(  S)  34(  S)  35(  S)
              11   9.07114 (  4) -  55(  S)  59(  S)  53(  S)  60(  S)
              12   9.07114 (  2) -  42(  S)  46(  S)
              13   9.38117 (  4) -  76(  S)  87(  S)  80(  S)  88(  S)
              14   9.38117 (  2) -  68(  S)  66(  S)
              15   9.72558 (  4) -  71(  S)  69(  S)  73(  S)  81(  S)
              16   9.72558 (  2) -  77(  S)  82(  S)
              17   9.73205 (  3) -   3( Fe)   2( Fe)   8( Fe)
              18   9.89965 (  6) -  10( Fe)  32( Fe)  17( Fe)  23( Fe)
                                    13( Fe)  29( Fe)
              19   10.2117 (  3) -  91(  S)  93(  S)  90(  S)
              20    10.915 (  1) -   4( Fe)
              21   11.0647 (  6) -  12( Fe)  28( Fe)  15( Fe)  25( Fe)
                                    18( Fe)  24( Fe)
              22   11.3147 (  3) -  38(  S)  39(  S)  33(  S)
              23   11.7352 (  6) -  43(  S)  52(  S)  61(  S)  47(  S)
                                    50(  S)  62(  S)
              24   11.9765 (  6) -  75(  S)  85(  S)  79(  S)  86(  S)
                                    72(  S)  70(  S)
              25   13.3363 (  3) -  14( Fe)  30( Fe)  21( Fe)
              26   13.5445 (  1) -  37(  S)
              27   13.6589 (  5) -  56(  S)  63(  S)  54(  S)  64(  S)
                                    44(  S)
              28   13.6589 (  1) -  48(  S)
              29   14.2226 (  3) -  16( Fe)  26( Fe)  22( Fe)
              30   14.4416 (  3) -  95(  S)  92(  S)  94(  S)
              31   17.6873 (  1) -  96(  S)

  Time Elapsed: 0.3271 sec.

 -------------------------------------------------------------------

 FORCE CONSTANT
 ==============

  Symmetry is handled in crystallographic (fractional) coordinates.

  Number of  HARMONIC FCs : 180
  Number of   ANHARM3 FCs : 7368

  Time Elapsed: 2.33585 sec.

 -------------------------------------------------------------------

 DISPLACEMENT PATTERN
 ====================

  Number of free HARMONIC FCs : 180
  Number of free  ANHARM3 FCs : 7368

  Generating displacement patterns in Cartesian coordinate...  done!

  Number of disp. patterns for  HARMONIC : 3
  Number of disp. patterns for   ANHARM3 : 534

 Suggested displacement patterns are printed in the following files: 
  HARMONIC : sc222.pattern_HARMONIC
  ANHARM3 : sc222.pattern_ANHARM3


 Job finished at Wed May 29 18:40:47 2024

