 +-----------------------------------------------------------------+
 +                         Program ANPHON                          +
 +                             Ver.  1.4.1                         +
 +-----------------------------------------------------------------+

 Job started at Fri May 24 15:16:10 2024

 The number of MPI processes: 1
 The number of OpenMP threads: 20


 Input variables:
 -----------------------------------------------------------------
 General:
  PREFIX = sc222
  MODE = PHONONS
  FCSXML = sc222_harm.xml

  NKD = 1; KD =   Si
  MASS =     28.085
  NSYM = 0; TOLERANCE = 0.001; PRINTSYM = 0

  NONANALYTIC = 0

  TMIN = 0; TMAX = 1000; DT = 10
  EMIN = 0; EMAX = 1000; DELTA_E = 10

  ISMEAR = -1; EPSILON = 10

  CLASSICAL = 0
  BCONNECT = 0


 Kpoint:
  KPMODE (1st entry for &kpoint) = 1


 Analysis:
  PRINTVEL = 0
  PRINTVEC = 0
  PRINTXSF = 0

  GRUNEISEN = 0
  NEWFCS = 0


 -----------------------------------------------------------------

                      MODE = phonons                         
                                                             
      Phonon calculation within harmonic approximation       
      Harmonic force constants will be used.                 

 -----------------------------------------------------------------

 Crystal structure
 =================

 Lattice Vectors:

 * Supercell (from sc222_harm.xml )

    2.040908e+01   0.000000e+00   0.000000e+00 : a1
    0.000000e+00   2.040908e+01   0.000000e+00 : a2
    0.000000e+00   0.000000e+00   2.040908e+01 : a3

    3.078622e-01   0.000000e+00   0.000000e+00 : b1
    0.000000e+00   3.078622e-01   0.000000e+00 : b2
    0.000000e+00   0.000000e+00   3.078622e-01 : b3

 * Primitive cell 

    0.000000e+00   5.102271e+00   5.102271e+00 : a1
    5.102271e+00   0.000000e+00   5.102271e+00 : a2
    5.102271e+00   5.102271e+00   0.000000e+00 : a3

   -6.157244e-01   6.157244e-01   6.157244e-01 : b1
    6.157244e-01  -6.157244e-01   6.157244e-01 : b2
    6.157244e-01   6.157244e-01  -6.157244e-01 : b3


  Volume of the primitive cell : 2.656566e+02 (a.u.)^3

  Number of atoms in the supercell     : 64
  Number of atoms in the primitive cell: 2

  Atomic positions in the primitive cell (fractional):
   1:   0.000000e+00   0.000000e+00   0.000000e+00  Si
   2:   2.500000e-01   2.500000e-01   2.500000e-01  Si

  Mass of atomic species (u):
  Si:   28.085000


 Symmetry
 ========

  NSYM = 0 is given: Trying to find symmetry operations.
  Number of symmetry operations : 48

 k points
 ========

  KPMODE = 1: Band structure calculation
  Number of paths : 3

  List of k paths : 
   1:  G (  0.0000  0.0000  0.0000)  X (  0.5000  0.5000  0.0000)  51
   2:  X (  0.5000  0.5000  1.0000)  G (  0.0000  0.0000  0.0000)  51
   3:  G (  0.0000  0.0000  0.0000)  L (  0.5000  0.5000  0.5000)  51

  Number of k points : 153

 Force constant
 ==============

  Reading force constants from the XML file ... done !
  Number of non-zero IFCs for 2 order: 846

  Maximum deviation from the translational invariance: 
   Order 2 :   7.8063e-17


 Dynamical matrix
 ================

  NONANALYTIC = 0 : No non-analytic correction. 


 -----------------------------------------------------------------


 ISMEAR = -1: Tetrahedron method will be used.

 Now, move on to phonon calculations.

 Diagonalizing dynamical matrices for all k points ... done!

 -----------------------------------------------------------------

 Phonon frequencies below:

 # k point     1 : (  0.0000,  0.0000,  0.0000)
   Mode, Frequency 
      1      0.0000 cm^-1  (      0.0000 THz )
      2      0.0000 cm^-1  (      0.0000 THz )
      3      0.0000 cm^-1  (      0.0000 THz )
      4    357.0393 cm^-1  (     10.7038 THz )
      5    357.0393 cm^-1  (     10.7038 THz )
      6    357.0393 cm^-1  (     10.7038 THz )

 # k point     2 : (  0.0100,  0.0100,  0.0000)
   Mode, Frequency 
      1      3.0290 cm^-1  (      0.0908 THz )
      2      3.0290 cm^-1  (      0.0908 THz )
      3      7.3793 cm^-1  (      0.2212 THz )
      4    357.0620 cm^-1  (     10.7044 THz )
      5    357.0620 cm^-1  (     10.7044 THz )
      6    357.1205 cm^-1  (     10.7062 THz )

 # k point     3 : (  0.0200,  0.0200,  0.0000)
   Mode, Frequency 
      1      6.0555 cm^-1  (      0.1815 THz )
      2      6.0555 cm^-1  (      0.1815 THz )
      3     14.7622 cm^-1  (      0.4426 THz )
      4    357.1298 cm^-1  (     10.7065 THz )
      5    357.1298 cm^-1  (     10.7065 THz )
      6    357.3630 cm^-1  (     10.7135 THz )

 # k point     4 : (  0.0300,  0.0300,  0.0000)
   Mode, Frequency 
      1      9.0770 cm^-1  (      0.2721 THz )
      2      9.0770 cm^-1  (      0.2721 THz )
      3     22.1523 cm^-1  (      0.6641 THz )
      4    357.2423 cm^-1  (     10.7099 THz )
      5    357.2423 cm^-1  (     10.7099 THz )
      6    357.7647 cm^-1  (     10.7255 THz )

 # k point     5 : (  0.0400,  0.0400,  0.0000)
   Mode, Frequency 
      1     12.0910 cm^-1  (      0.3625 THz )
      2     12.0910 cm^-1  (      0.3625 THz )
      3     29.5531 cm^-1  (      0.8860 THz )
      4    357.3988 cm^-1  (     10.7145 THz )
      5    357.3988 cm^-1  (     10.7145 THz )
      6    358.3215 cm^-1  (     10.7422 THz )

 # k point     6 : (  0.0500,  0.0500,  0.0000)
   Mode, Frequency 
      1     15.0949 cm^-1  (      0.4525 THz )
      2     15.0949 cm^-1  (      0.4525 THz )
      3     36.9678 cm^-1  (      1.1083 THz )
      4    357.5981 cm^-1  (     10.7205 THz )
      5    357.5981 cm^-1  (     10.7205 THz )
      6    359.0281 cm^-1  (     10.7634 THz )

 # k point     7 : (  0.0600,  0.0600,  0.0000)
   Mode, Frequency 
      1     18.0863 cm^-1  (      0.5422 THz )
      2     18.0863 cm^-1  (      0.5422 THz )
      3     44.3995 cm^-1  (      1.3311 THz )
      4    357.8391 cm^-1  (     10.7277 THz )
      5    357.8391 cm^-1  (     10.7277 THz )
      6    359.8777 cm^-1  (     10.7889 THz )

 # k point     8 : (  0.0700,  0.0700,  0.0000)
   Mode, Frequency 
      1     21.0625 cm^-1  (      0.6314 THz )
      2     21.0625 cm^-1  (      0.6314 THz )
      3     51.8508 cm^-1  (      1.5544 THz )
      4    358.1201 cm^-1  (     10.7362 THz )
      5    358.1201 cm^-1  (     10.7362 THz )
      6    360.8622 cm^-1  (     10.8184 THz )

 # k point     9 : (  0.0800,  0.0800,  0.0000)
   Mode, Frequency 
      1     24.0210 cm^-1  (      0.7201 THz )
      2     24.0210 cm^-1  (      0.7201 THz )
      3     59.3242 cm^-1  (      1.7785 THz )
      4    358.4392 cm^-1  (     10.7457 THz )
      5    358.4392 cm^-1  (     10.7457 THz )
      6    361.9720 cm^-1  (     10.8516 THz )

 # k point    10 : (  0.0900,  0.0900,  0.0000)
   Mode, Frequency 
      1     26.9592 cm^-1  (      0.8082 THz )
      2     26.9592 cm^-1  (      0.8082 THz )
      3     66.8216 cm^-1  (      2.0033 THz )
      4    358.7946 cm^-1  (     10.7564 THz )
      5    358.7946 cm^-1  (     10.7564 THz )
      6    363.1966 cm^-1  (     10.8884 THz )

 # k point    11 : (  0.1000,  0.1000,  0.0000)
   Mode, Frequency 
      1     29.8744 cm^-1  (      0.8956 THz )
      2     29.8744 cm^-1  (      0.8956 THz )
      3     74.3444 cm^-1  (      2.2288 THz )
      4    359.1838 cm^-1  (     10.7681 THz )
      5    359.1838 cm^-1  (     10.7681 THz )
      6    364.5245 cm^-1  (     10.9282 THz )

 # k point    12 : (  0.1100,  0.1100,  0.0000)
   Mode, Frequency 
      1     32.7641 cm^-1  (      0.9822 THz )
      2     32.7641 cm^-1  (      0.9822 THz )
      3     81.8938 cm^-1  (      2.4551 THz )
      4    359.6046 cm^-1  (     10.7807 THz )
      5    359.6046 cm^-1  (     10.7807 THz )
      6    365.9430 cm^-1  (     10.9707 THz )

 # k point    13 : (  0.1200,  0.1200,  0.0000)
   Mode, Frequency 
      1     35.6255 cm^-1  (      1.0680 THz )
      2     35.6255 cm^-1  (      1.0680 THz )
      3     89.4702 cm^-1  (      2.6823 THz )
      4    360.0542 cm^-1  (     10.7942 THz )
      5    360.0542 cm^-1  (     10.7942 THz )
      6    367.4389 cm^-1  (     11.0155 THz )

 # k point    14 : (  0.1300,  0.1300,  0.0000)
   Mode, Frequency 
      1     38.4560 cm^-1  (      1.1529 THz )
      2     38.4560 cm^-1  (      1.1529 THz )
      3     97.0737 cm^-1  (      2.9102 THz )
      4    360.5300 cm^-1  (     10.8084 THz )
      5    360.5300 cm^-1  (     10.8084 THz )
      6    368.9981 cm^-1  (     11.0623 THz )

 # k point    15 : (  0.1400,  0.1400,  0.0000)
   Mode, Frequency 
      1     41.2529 cm^-1  (      1.2367 THz )
      2     41.2529 cm^-1  (      1.2367 THz )
      3    104.7035 cm^-1  (      3.1389 THz )
      4    361.0293 cm^-1  (     10.8234 THz )
      5    361.0293 cm^-1  (     10.8234 THz )
      6    370.6061 cm^-1  (     11.1105 THz )

 # k point    16 : (  0.1500,  0.1500,  0.0000)
   Mode, Frequency 
      1     44.0135 cm^-1  (      1.3195 THz )
      2     44.0135 cm^-1  (      1.3195 THz )
      3    112.3585 cm^-1  (      3.3684 THz )
      4    361.5490 cm^-1  (     10.8390 THz )
      5    361.5490 cm^-1  (     10.8390 THz )
      6    372.2481 cm^-1  (     11.1597 THz )

 # k point    17 : (  0.1600,  0.1600,  0.0000)
   Mode, Frequency 
      1     46.7350 cm^-1  (      1.4011 THz )
      2     46.7350 cm^-1  (      1.4011 THz )
      3    120.0369 cm^-1  (      3.5986 THz )
      4    362.0863 cm^-1  (     10.8551 THz )
      5    362.0863 cm^-1  (     10.8551 THz )
      6    373.9086 cm^-1  (     11.2095 THz )

 # k point    18 : (  0.1700,  0.1700,  0.0000)
   Mode, Frequency 
      1     49.4147 cm^-1  (      1.4814 THz )
      2     49.4147 cm^-1  (      1.4814 THz )
      3    127.7364 cm^-1  (      3.8294 THz )
      4    362.6383 cm^-1  (     10.8716 THz )
      5    362.6383 cm^-1  (     10.8716 THz )
      6    375.5722 cm^-1  (     11.2594 THz )

 # k point    19 : (  0.1800,  0.1800,  0.0000)
   Mode, Frequency 
      1     52.0500 cm^-1  (      1.5604 THz )
      2     52.0500 cm^-1  (      1.5604 THz )
      3    135.4538 cm^-1  (      4.0608 THz )
      4    363.2020 cm^-1  (     10.8885 THz )
      5    363.2020 cm^-1  (     10.8885 THz )
      6    377.2234 cm^-1  (     11.3089 THz )

 # k point    20 : (  0.1900,  0.1900,  0.0000)
   Mode, Frequency 
      1     54.6380 cm^-1  (      1.6380 THz )
      2     54.6380 cm^-1  (      1.6380 THz )
      3    143.1858 cm^-1  (      4.2926 THz )
      4    363.7744 cm^-1  (     10.9057 THz )
      5    363.7744 cm^-1  (     10.9057 THz )
      6    378.8468 cm^-1  (     11.3575 THz )

 # k point    21 : (  0.2000,  0.2000,  0.0000)
   Mode, Frequency 
      1     57.1761 cm^-1  (      1.7141 THz )
      2     57.1761 cm^-1  (      1.7141 THz )
      3    150.9280 cm^-1  (      4.5247 THz )
      4    364.3527 cm^-1  (     10.9230 THz )
      5    364.3527 cm^-1  (     10.9230 THz )
      6    380.4268 cm^-1  (     11.4049 THz )

 # k point    22 : (  0.2100,  0.2100,  0.0000)
   Mode, Frequency 
      1     59.6616 cm^-1  (      1.7886 THz )
      2     59.6616 cm^-1  (      1.7886 THz )
      3    158.6758 cm^-1  (      4.7570 THz )
      4    364.9340 cm^-1  (     10.9404 THz )
      5    364.9340 cm^-1  (     10.9404 THz )
      6    381.9482 cm^-1  (     11.4505 THz )

 # k point    23 : (  0.2200,  0.2200,  0.0000)
   Mode, Frequency 
      1     62.0919 cm^-1  (      1.8615 THz )
      2     62.0919 cm^-1  (      1.8615 THz )
      3    166.4239 cm^-1  (      4.9893 THz )
      4    365.5157 cm^-1  (     10.9579 THz )
      5    365.5157 cm^-1  (     10.9579 THz )
      6    383.3962 cm^-1  (     11.4939 THz )

 # k point    24 : (  0.2300,  0.2300,  0.0000)
   Mode, Frequency 
      1     64.4642 cm^-1  (      1.9326 THz )
      2     64.4642 cm^-1  (      1.9326 THz )
      3    174.1663 cm^-1  (      5.2214 THz )
      4    366.0952 cm^-1  (     10.9753 THz )
      5    366.0952 cm^-1  (     10.9753 THz )
      6    384.7562 cm^-1  (     11.5347 THz )

 # k point    25 : (  0.2400,  0.2400,  0.0000)
   Mode, Frequency 
      1     66.7759 cm^-1  (      2.0019 THz )
      2     66.7759 cm^-1  (      2.0019 THz )
      3    181.8970 cm^-1  (      5.4531 THz )
      4    366.6698 cm^-1  (     10.9925 THz )
      5    366.6698 cm^-1  (     10.9925 THz )
      6    386.0139 cm^-1  (     11.5724 THz )

 # k point    26 : (  0.2500,  0.2500,  0.0000)
   Mode, Frequency 
      1     69.0246 cm^-1  (      2.0693 THz )
      2     69.0246 cm^-1  (      2.0693 THz )
      3    189.6089 cm^-1  (      5.6843 THz )
      4    367.2373 cm^-1  (     11.0095 THz )
      5    367.2373 cm^-1  (     11.0095 THz )
      6    387.1558 cm^-1  (     11.6066 THz )

 # k point    27 : (  0.2600,  0.2600,  0.0000)
   Mode, Frequency 
      1     71.2076 cm^-1  (      2.1348 THz )
      2     71.2076 cm^-1  (      2.1348 THz )
      3    197.2950 cm^-1  (      5.9148 THz )
      4    367.7954 cm^-1  (     11.0262 THz )
      5    367.7954 cm^-1  (     11.0262 THz )
      6    388.1687 cm^-1  (     11.6370 THz )

 # k point    28 : (  0.2700,  0.2700,  0.0000)
   Mode, Frequency 
      1     73.3226 cm^-1  (      2.1982 THz )
      2     73.3226 cm^-1  (      2.1982 THz )
      3    204.9476 cm^-1  (      6.1442 THz )
      4    368.3420 cm^-1  (     11.0426 THz )
      5    368.3420 cm^-1  (     11.0426 THz )
      6    389.0399 cm^-1  (     11.6631 THz )

 # k point    29 : (  0.2800,  0.2800,  0.0000)
   Mode, Frequency 
      1     75.3670 cm^-1  (      2.2594 THz )
      2     75.3670 cm^-1  (      2.2594 THz )
      3    212.5586 cm^-1  (      6.3723 THz )
      4    368.8751 cm^-1  (     11.0586 THz )
      5    368.8751 cm^-1  (     11.0586 THz )
      6    389.7576 cm^-1  (     11.6846 THz )

 # k point    30 : (  0.2900,  0.2900,  0.0000)
   Mode, Frequency 
      1     77.3386 cm^-1  (      2.3186 THz )
      2     77.3386 cm^-1  (      2.3186 THz )
      3    220.1198 cm^-1  (      6.5990 THz )
      4    369.3931 cm^-1  (     11.0741 THz )
      5    369.3931 cm^-1  (     11.0741 THz )
      6    390.3103 cm^-1  (     11.7012 THz )

 # k point    31 : (  0.3000,  0.3000,  0.0000)
   Mode, Frequency 
      1     79.2350 cm^-1  (      2.3754 THz )
      2     79.2350 cm^-1  (      2.3754 THz )
      3    227.6226 cm^-1  (      6.8240 THz )
      4    369.8942 cm^-1  (     11.0891 THz )
      5    369.8942 cm^-1  (     11.0891 THz )
      6    390.6873 cm^-1  (     11.7125 THz )

 # k point    32 : (  0.3100,  0.3100,  0.0000)
   Mode, Frequency 
      1     81.0541 cm^-1  (      2.4299 THz )
      2     81.0541 cm^-1  (      2.4299 THz )
      3    235.0580 cm^-1  (      7.0469 THz )
      4    370.3770 cm^-1  (     11.1036 THz )
      5    370.3770 cm^-1  (     11.1036 THz )
      6    390.8789 cm^-1  (     11.7183 THz )

 # k point    33 : (  0.3200,  0.3200,  0.0000)
   Mode, Frequency 
      1     82.7936 cm^-1  (      2.4821 THz )
      2     82.7936 cm^-1  (      2.4821 THz )
      3    242.4171 cm^-1  (      7.2675 THz )
      4    370.8402 cm^-1  (     11.1175 THz )
      5    370.8402 cm^-1  (     11.1175 THz )
      6    390.8755 cm^-1  (     11.7182 THz )

 # k point    34 : (  0.3300,  0.3300,  0.0000)
   Mode, Frequency 
      1     84.4516 cm^-1  (      2.5318 THz )
      2     84.4516 cm^-1  (      2.5318 THz )
      3    249.6907 cm^-1  (      7.4855 THz )
      4    371.2826 cm^-1  (     11.1308 THz )
      5    371.2826 cm^-1  (     11.1308 THz )
      6    390.6689 cm^-1  (     11.7120 THz )

 # k point    35 : (  0.3400,  0.3400,  0.0000)
   Mode, Frequency 
      1     86.0260 cm^-1  (      2.5790 THz )
      2     86.0260 cm^-1  (      2.5790 THz )
      3    256.8693 cm^-1  (      7.7007 THz )
      4    371.7031 cm^-1  (     11.1434 THz )
      5    371.7031 cm^-1  (     11.1434 THz )
      6    390.2511 cm^-1  (     11.6994 THz )

 # k point    36 : (  0.3500,  0.3500,  0.0000)
   Mode, Frequency 
      1     87.5149 cm^-1  (      2.6236 THz )
      2     87.5149 cm^-1  (      2.6236 THz )
      3    263.9437 cm^-1  (      7.9128 THz )
      4    372.1009 cm^-1  (     11.1553 THz )
      5    372.1009 cm^-1  (     11.1553 THz )
      6    389.6152 cm^-1  (     11.6804 THz )

 # k point    37 : (  0.3600,  0.3600,  0.0000)
   Mode, Frequency 
      1     88.9166 cm^-1  (      2.6657 THz )
      2     88.9166 cm^-1  (      2.6657 THz )
      3    270.9044 cm^-1  (      8.1215 THz )
      4    372.4752 cm^-1  (     11.1665 THz )
      5    372.4752 cm^-1  (     11.1665 THz )
      6    388.7550 cm^-1  (     11.6546 THz )

 # k point    38 : (  0.3700,  0.3700,  0.0000)
   Mode, Frequency 
      1     90.2294 cm^-1  (      2.7050 THz )
      2     90.2294 cm^-1  (      2.7050 THz )
      3    277.7420 cm^-1  (      8.3265 THz )
      4    372.8254 cm^-1  (     11.1770 THz )
      5    372.8254 cm^-1  (     11.1770 THz )
      6    387.6648 cm^-1  (     11.6219 THz )

 # k point    39 : (  0.3800,  0.3800,  0.0000)
   Mode, Frequency 
      1     91.4515 cm^-1  (      2.7416 THz )
      2     91.4515 cm^-1  (      2.7416 THz )
      3    284.4471 cm^-1  (      8.5275 THz )
      4    373.1510 cm^-1  (     11.1868 THz )
      5    373.1510 cm^-1  (     11.1868 THz )
      6    386.3401 cm^-1  (     11.5822 THz )

 # k point    40 : (  0.3900,  0.3900,  0.0000)
   Mode, Frequency 
      1     92.5816 cm^-1  (      2.7755 THz )
      2     92.5816 cm^-1  (      2.7755 THz )
      3    291.0106 cm^-1  (      8.7243 THz )
      4    373.4514 cm^-1  (     11.1958 THz )
      5    373.4514 cm^-1  (     11.1958 THz )
      6    384.7768 cm^-1  (     11.5353 THz )

 # k point    41 : (  0.4000,  0.4000,  0.0000)
   Mode, Frequency 
      1     93.6183 cm^-1  (      2.8066 THz )
      2     93.6183 cm^-1  (      2.8066 THz )
      3    297.4234 cm^-1  (      8.9165 THz )
      4    373.7264 cm^-1  (     11.2040 THz )
      5    373.7264 cm^-1  (     11.2040 THz )
      6    382.9718 cm^-1  (     11.4812 THz )

 # k point    42 : (  0.4100,  0.4100,  0.0000)
   Mode, Frequency 
      1     94.5602 cm^-1  (      2.8348 THz )
      2     94.5602 cm^-1  (      2.8348 THz )
      3    303.6765 cm^-1  (      9.1040 THz )
      4    373.9757 cm^-1  (     11.2115 THz )
      5    373.9757 cm^-1  (     11.2115 THz )
      6    380.9225 cm^-1  (     11.4198 THz )

 # k point    43 : (  0.4200,  0.4200,  0.0000)
   Mode, Frequency 
      1     95.4061 cm^-1  (      2.8602 THz )
      2     95.4061 cm^-1  (      2.8602 THz )
      3    309.7614 cm^-1  (      9.2864 THz )
      4    374.1991 cm^-1  (     11.2182 THz )
      5    374.1991 cm^-1  (     11.2182 THz )
      6    378.6274 cm^-1  (     11.3510 THz )

 # k point    44 : (  0.4300,  0.4300,  0.0000)
   Mode, Frequency 
      1     96.1551 cm^-1  (      2.8827 THz )
      2     96.1551 cm^-1  (      2.8827 THz )
      3    315.6695 cm^-1  (      9.4635 THz )
      4    374.3964 cm^-1  (     11.2241 THz )
      5    374.3964 cm^-1  (     11.2241 THz )
      6    376.0855 cm^-1  (     11.2748 THz )

 # k point    45 : (  0.4400,  0.4400,  0.0000)
   Mode, Frequency 
      1     96.8061 cm^-1  (      2.9022 THz )
      2     96.8061 cm^-1  (      2.9022 THz )
      3    321.3929 cm^-1  (      9.6351 THz )
      4    373.2965 cm^-1  (     11.1911 THz )
      5    374.5675 cm^-1  (     11.2293 THz )
      6    374.5675 cm^-1  (     11.2293 THz )

 # k point    46 : (  0.4500,  0.4500,  0.0000)
   Mode, Frequency 
      1     97.3584 cm^-1  (      2.9187 THz )
      2     97.3584 cm^-1  (      2.9187 THz )
      3    326.9239 cm^-1  (      9.8009 THz )
      4    370.2609 cm^-1  (     11.1001 THz )
      5    374.7123 cm^-1  (     11.2336 THz )
      6    374.7123 cm^-1  (     11.2336 THz )

 # k point    47 : (  0.4600,  0.4600,  0.0000)
   Mode, Frequency 
      1     97.8112 cm^-1  (      2.9323 THz )
      2     97.8112 cm^-1  (      2.9323 THz )
      3    332.2549 cm^-1  (      9.9608 THz )
      4    366.9800 cm^-1  (     11.0018 THz )
      5    374.8309 cm^-1  (     11.2371 THz )
      6    374.8309 cm^-1  (     11.2371 THz )

 # k point    48 : (  0.4700,  0.4700,  0.0000)
   Mode, Frequency 
      1     98.1641 cm^-1  (      2.9429 THz )
      2     98.1641 cm^-1  (      2.9429 THz )
      3    337.3793 cm^-1  (     10.1144 THz )
      4    363.4555 cm^-1  (     10.8961 THz )
      5    374.9231 cm^-1  (     11.2399 THz )
      6    374.9231 cm^-1  (     11.2399 THz )

 # k point    49 : (  0.4800,  0.4800,  0.0000)
   Mode, Frequency 
      1     98.4164 cm^-1  (      2.9504 THz )
      2     98.4164 cm^-1  (      2.9504 THz )
      3    342.2903 cm^-1  (     10.2616 THz )
      4    359.6900 cm^-1  (     10.7832 THz )
      5    374.9889 cm^-1  (     11.2419 THz )
      6    374.9889 cm^-1  (     11.2419 THz )

 # k point    50 : (  0.4900,  0.4900,  0.0000)
   Mode, Frequency 
      1     98.5679 cm^-1  (      2.9550 THz )
      2     98.5679 cm^-1  (      2.9550 THz )
      3    346.9822 cm^-1  (     10.4023 THz )
      4    355.6866 cm^-1  (     10.6632 THz )
      5    375.0285 cm^-1  (     11.2431 THz )
      6    375.0285 cm^-1  (     11.2431 THz )

 # k point    51 : (  0.5000,  0.5000,  0.0000)
   Mode, Frequency 
      1     98.6184 cm^-1  (      2.9565 THz )
      2     98.6184 cm^-1  (      2.9565 THz )
      3    351.4492 cm^-1  (     10.5362 THz )
      4    351.4492 cm^-1  (     10.5362 THz )
      5    375.0416 cm^-1  (     11.2435 THz )
      6    375.0416 cm^-1  (     11.2435 THz )

 # k point    52 : (  0.5000,  0.5000,  1.0000)
   Mode, Frequency 
      1     98.6184 cm^-1  (      2.9565 THz )
      2     98.6184 cm^-1  (      2.9565 THz )
      3    351.4492 cm^-1  (     10.5362 THz )
      4    351.4492 cm^-1  (     10.5362 THz )
      5    375.0416 cm^-1  (     11.2435 THz )
      6    375.0416 cm^-1  (     11.2435 THz )

 # k point    53 : (  0.4900,  0.4900,  0.9800)
   Mode, Frequency 
      1     98.5336 cm^-1  (      2.9540 THz )
      2     98.8932 cm^-1  (      2.9647 THz )
      3    351.2355 cm^-1  (     10.5298 THz )
      4    351.5127 cm^-1  (     10.5381 THz )
      5    375.0308 cm^-1  (     11.2431 THz )
      6    375.1428 cm^-1  (     11.2465 THz )

 # k point    54 : (  0.4800,  0.4800,  0.9600)
   Mode, Frequency 
      1     98.2803 cm^-1  (      2.9464 THz )
      2     99.7035 cm^-1  (      2.9890 THz )
      3    350.6023 cm^-1  (     10.5108 THz )
      4    351.7042 cm^-1  (     10.5438 THz )
      5    374.9980 cm^-1  (     11.2422 THz )
      6    375.4366 cm^-1  (     11.2553 THz )

 # k point    55 : (  0.4700,  0.4700,  0.9400)
   Mode, Frequency 
      1     97.8612 cm^-1  (      2.9338 THz )
      2    101.0093 cm^-1  (      3.0282 THz )
      3    349.5709 cm^-1  (     10.4799 THz )
      4    352.0268 cm^-1  (     10.5535 THz )
      5    374.9427 cm^-1  (     11.2405 THz )
      6    375.8966 cm^-1  (     11.2691 THz )

 # k point    56 : (  0.4600,  0.4600,  0.9200)
   Mode, Frequency 
      1     97.2811 cm^-1  (      2.9164 THz )
      2    102.7477 cm^-1  (      3.0803 THz )
      3    348.1690 cm^-1  (     10.4378 THz )
      4    352.4855 cm^-1  (     10.5672 THz )
      5    374.8638 cm^-1  (     11.2381 THz )
      6    376.4870 cm^-1  (     11.2868 THz )

 # k point    57 : (  0.4500,  0.4500,  0.9000)
   Mode, Frequency 
      1     96.5466 cm^-1  (      2.8944 THz )
      2    104.8387 cm^-1  (      3.1430 THz )
      3    346.4240 cm^-1  (     10.3855 THz )
      4    353.0868 cm^-1  (     10.5853 THz )
      5    374.7602 cm^-1  (     11.2350 THz )
      6    377.1696 cm^-1  (     11.3073 THz )

 # k point    58 : (  0.4400,  0.4400,  0.8800)
   Mode, Frequency 
      1     95.6659 cm^-1  (      2.8680 THz )
      2    107.1908 cm^-1  (      3.2135 THz )
      3    344.3585 cm^-1  (     10.3236 THz )
      4    353.8380 cm^-1  (     10.6078 THz )
      5    374.6302 cm^-1  (     11.2311 THz )
      6    377.9078 cm^-1  (     11.3294 THz )

 # k point    59 : (  0.4300,  0.4300,  0.8600)
   Mode, Frequency 
      1     94.6486 cm^-1  (      2.8375 THz )
      2    109.7071 cm^-1  (      3.2889 THz )
      3    341.9895 cm^-1  (     10.2526 THz )
      4    354.7466 cm^-1  (     10.6350 THz )
      5    374.4722 cm^-1  (     11.2264 THz )
      6    378.6694 cm^-1  (     11.3522 THz )

 # k point    60 : (  0.4200,  0.4200,  0.8400)
   Mode, Frequency 
      1     93.5059 cm^-1  (      2.8032 THz )
      2    112.2899 cm^-1  (      3.3664 THz )
      3    339.3281 cm^-1  (     10.1728 THz )
      4    355.8194 cm^-1  (     10.6672 THz )
      5    374.2841 cm^-1  (     11.2208 THz )
      6    379.4260 cm^-1  (     11.3749 THz )

 # k point    61 : (  0.4100,  0.4100,  0.8200)
   Mode, Frequency 
      1     92.2499 cm^-1  (      2.7656 THz )
      2    114.8453 cm^-1  (      3.4430 THz )
      3    336.3807 cm^-1  (     10.0844 THz )
      4    357.0616 cm^-1  (     10.7044 THz )
      5    374.0643 cm^-1  (     11.2142 THz )
      6    380.1530 cm^-1  (     11.3967 THz )

 # k point    62 : (  0.4000,  0.4000,  0.8000)
   Mode, Frequency 
      1     90.8936 cm^-1  (      2.7249 THz )
      2    117.2855 cm^-1  (      3.5161 THz )
      3    333.1503 cm^-1  (      9.9876 THz )
      4    358.4758 cm^-1  (     10.7468 THz )
      5    373.8109 cm^-1  (     11.2066 THz )
      6    380.8289 cm^-1  (     11.4170 THz )

 # k point    63 : (  0.3900,  0.3900,  0.7800)
   Mode, Frequency 
      1     89.4506 cm^-1  (      2.6817 THz )
      2    119.5317 cm^-1  (      3.5835 THz )
      3    329.6371 cm^-1  (      9.8823 THz )
      4    360.0609 cm^-1  (     10.7944 THz )
      5    373.5223 cm^-1  (     11.1979 THz )
      6    381.4351 cm^-1  (     11.4351 THz )

 # k point    64 : (  0.3800,  0.3800,  0.7600)
   Mode, Frequency 
      1     87.9349 cm^-1  (      2.6362 THz )
      2    121.5152 cm^-1  (      3.6429 THz )
      3    325.8396 cm^-1  (      9.7684 THz )
      4    361.8114 cm^-1  (     10.8468 THz )
      5    373.1973 cm^-1  (     11.1882 THz )
      6    381.9552 cm^-1  (     11.4507 THz )

 # k point    65 : (  0.3700,  0.3700,  0.7400)
   Mode, Frequency 
      1     86.3603 cm^-1  (      2.5890 THz )
      2    123.1785 cm^-1  (      3.6928 THz )
      3    321.7553 cm^-1  (      9.6460 THz )
      4    363.7167 cm^-1  (     10.9040 THz )
      5    372.8349 cm^-1  (     11.1773 THz )
      6    382.3754 cm^-1  (     11.4633 THz )

 # k point    66 : (  0.3600,  0.3600,  0.7200)
   Mode, Frequency 
      1     84.7403 cm^-1  (      2.5405 THz )
      2    124.4755 cm^-1  (      3.7317 THz )
      3    317.3808 cm^-1  (      9.5148 THz )
      4    365.7604 cm^-1  (     10.9652 THz )
      5    372.4347 cm^-1  (     11.1653 THz )
      6    382.6842 cm^-1  (     11.4726 THz )

 # k point    67 : (  0.3500,  0.3500,  0.7000)
   Mode, Frequency 
      1     83.0877 cm^-1  (      2.4909 THz )
      2    125.3716 cm^-1  (      3.7585 THz )
      3    312.7123 cm^-1  (      9.3749 THz )
      4    367.9204 cm^-1  (     11.0300 THz )
      5    371.9967 cm^-1  (     11.1522 THz )
      6    382.8726 cm^-1  (     11.4782 THz )

 # k point    68 : (  0.3400,  0.3400,  0.6800)
   Mode, Frequency 
      1     81.4140 cm^-1  (      2.4407 THz )
      2    125.8429 cm^-1  (      3.7727 THz )
      3    307.7459 cm^-1  (      9.2260 THz )
      4    370.1692 cm^-1  (     11.0974 THz )
      5    371.5216 cm^-1  (     11.1379 THz )
      6    382.9342 cm^-1  (     11.4801 THz )

 # k point    69 : (  0.3300,  0.3300,  0.6600)
   Mode, Frequency 
      1     79.7294 cm^-1  (      2.3902 THz )
      2    125.8762 cm^-1  (      3.7737 THz )
      3    302.4781 cm^-1  (      9.0681 THz )
      4    371.0107 cm^-1  (     11.1226 THz )
      5    372.4744 cm^-1  (     11.1665 THz )
      6    382.8651 cm^-1  (     11.4780 THz )

 # k point    70 : (  0.3200,  0.3200,  0.6400)
   Mode, Frequency 
      1     78.0424 cm^-1  (      2.3397 THz )
      2    125.4670 cm^-1  (      3.7614 THz )
      3    296.9055 cm^-1  (      8.9010 THz )
      4    370.4657 cm^-1  (     11.1063 THz )
      5    374.7992 cm^-1  (     11.2362 THz )
      6    382.6639 cm^-1  (     11.4720 THz )

 # k point    71 : (  0.3100,  0.3100,  0.6200)
   Mode, Frequency 
      1     76.3595 cm^-1  (      2.2892 THz )
      2    124.6191 cm^-1  (      3.7360 THz )
      3    291.0255 cm^-1  (      8.7247 THz )
      4    369.8894 cm^-1  (     11.0890 THz )
      5    377.1043 cm^-1  (     11.3053 THz )
      6    382.3321 cm^-1  (     11.4620 THz )

 # k point    72 : (  0.3000,  0.3000,  0.6000)
   Mode, Frequency 
      1     74.6848 cm^-1  (      2.2390 THz )
      2    123.3429 cm^-1  (      3.6977 THz )
      3    284.8362 cm^-1  (      8.5392 THz )
      4    369.2847 cm^-1  (     11.0709 THz )
      5    379.3481 cm^-1  (     11.3726 THz )
      6    381.8731 cm^-1  (     11.4483 THz )

 # k point    73 : (  0.2900,  0.2900,  0.5800)
   Mode, Frequency 
      1     73.0203 cm^-1  (      2.1891 THz )
      2    121.6544 cm^-1  (      3.6471 THz )
      3    278.3370 cm^-1  (      8.3443 THz )
      4    368.6555 cm^-1  (     11.0520 THz )
      5    381.2926 cm^-1  (     11.4309 THz )
      6    381.4889 cm^-1  (     11.4367 THz )

 # k point    74 : (  0.2800,  0.2800,  0.5600)
   Mode, Frequency 
      1     71.3652 cm^-1  (      2.1395 THz )
      2    119.5736 cm^-1  (      3.5847 THz )
      3    271.5283 cm^-1  (      8.1402 THz )
      4    368.0059 cm^-1  (     11.0325 THz )
      5    380.5985 cm^-1  (     11.4101 THz )
      6    383.4854 cm^-1  (     11.4966 THz )

 # k point    75 : (  0.2700,  0.2700,  0.5400)
   Mode, Frequency 
      1     69.7169 cm^-1  (      2.0901 THz )
      2    117.1240 cm^-1  (      3.5113 THz )
      3    264.4123 cm^-1  (      7.9269 THz )
      4    367.3406 cm^-1  (     11.0126 THz )
      5    379.7999 cm^-1  (     11.3861 THz )
      6    385.2983 cm^-1  (     11.5510 THz )

 # k point    76 : (  0.2600,  0.2600,  0.5200)
   Mode, Frequency 
      1     68.0700 cm^-1  (      2.0407 THz )
      2    114.3312 cm^-1  (      3.4276 THz )
      3    256.9925 cm^-1  (      7.7044 THz )
      4    366.6648 cm^-1  (     10.9923 THz )
      5    378.9076 cm^-1  (     11.3594 THz )
      6    386.8911 cm^-1  (     11.5987 THz )

 # k point    77 : (  0.2500,  0.2500,  0.5000)
   Mode, Frequency 
      1     66.4173 cm^-1  (      1.9911 THz )
      2    111.2222 cm^-1  (      3.3344 THz )
      3    249.2746 cm^-1  (      7.4731 THz )
      4    365.9835 cm^-1  (     10.9719 THz )
      5    377.9330 cm^-1  (     11.3301 THz )
      6    388.2312 cm^-1  (     11.6389 THz )

 # k point    78 : (  0.2400,  0.2400,  0.4800)
   Mode, Frequency 
      1     64.7500 cm^-1  (      1.9412 THz )
      2    107.8249 cm^-1  (      3.2325 THz )
      3    241.2659 cm^-1  (      7.2330 THz )
      4    365.3023 cm^-1  (     10.9515 THz )
      5    376.8884 cm^-1  (     11.2988 THz )
      6    389.2904 cm^-1  (     11.6706 THz )

 # k point    79 : (  0.2300,  0.2300,  0.4600)
   Mode, Frequency 
      1     63.0577 cm^-1  (      1.8904 THz )
      2    104.1676 cm^-1  (      3.1229 THz )
      3    232.9757 cm^-1  (      6.9844 THz )
      4    364.6267 cm^-1  (     10.9312 THz )
      5    375.7865 cm^-1  (     11.2658 THz )
      6    390.0456 cm^-1  (     11.6933 THz )

 # k point    80 : (  0.2200,  0.2200,  0.4400)
   Mode, Frequency 
      1     61.3289 cm^-1  (      1.8386 THz )
      2    100.2784 cm^-1  (      3.0063 THz )
      3    224.4151 cm^-1  (      6.7278 THz )
      4    363.9618 cm^-1  (     10.9113 THz )
      5    374.6399 cm^-1  (     11.2314 THz )
      6    390.4796 cm^-1  (     11.7063 THz )

 # k point    81 : (  0.2100,  0.2100,  0.4200)
   Mode, Frequency 
      1     59.5518 cm^-1  (      1.7853 THz )
      2     96.1850 cm^-1  (      2.8836 THz )
      3    215.5973 cm^-1  (      6.4634 THz )
      4    363.3128 cm^-1  (     10.8918 THz )
      5    373.4611 cm^-1  (     11.1961 THz )
      6    390.5811 cm^-1  (     11.7093 THz )

 # k point    82 : (  0.2000,  0.2000,  0.4000)
   Mode, Frequency 
      1     57.7143 cm^-1  (      1.7302 THz )
      2     91.9146 cm^-1  (      2.7555 THz )
      3    206.5369 cm^-1  (      6.1918 THz )
      4    362.6846 cm^-1  (     10.8730 THz )
      5    372.2625 cm^-1  (     11.1601 THz )
      6    390.3450 cm^-1  (     11.7022 THz )

 # k point    83 : (  0.1900,  0.1900,  0.3800)
   Mode, Frequency 
      1     55.8044 cm^-1  (      1.6730 THz )
      2     87.4937 cm^-1  (      2.6230 THz )
      3    197.2500 cm^-1  (      5.9134 THz )
      4    362.0815 cm^-1  (     10.8549 THz )
      5    371.0555 cm^-1  (     11.1240 THz )
      6    389.7730 cm^-1  (     11.6851 THz )

 # k point    84 : (  0.1800,  0.1800,  0.3600)
   Mode, Frequency 
      1     53.8109 cm^-1  (      1.6132 THz )
      2     82.9477 cm^-1  (      2.4867 THz )
      3    187.7539 cm^-1  (      5.6287 THz )
      4    361.5073 cm^-1  (     10.8377 THz )
      5    369.8513 cm^-1  (     11.0879 THz )
      6    388.8731 cm^-1  (     11.6581 THz )

 # k point    85 : (  0.1700,  0.1700,  0.3400)
   Mode, Frequency 
      1     51.7237 cm^-1  (      1.5506 THz )
      2     78.3013 cm^-1  (      2.3474 THz )
      3    178.0669 cm^-1  (      5.3383 THz )
      4    360.9653 cm^-1  (     10.8215 THz )
      5    368.6603 cm^-1  (     11.0522 THz )
      6    387.6600 cm^-1  (     11.6218 THz )

 # k point    86 : (  0.1600,  0.1600,  0.3200)
   Mode, Frequency 
      1     49.5335 cm^-1  (      1.4850 THz )
      2     73.5777 cm^-1  (      2.2058 THz )
      3    168.2078 cm^-1  (      5.0427 THz )
      4    360.4581 cm^-1  (     10.8063 THz )
      5    367.4920 cm^-1  (     11.0171 THz )
      6    386.1549 cm^-1  (     11.5766 THz )

 # k point    87 : (  0.1500,  0.1500,  0.3000)
   Mode, Frequency 
      1     47.2331 cm^-1  (      1.4160 THz )
      2     68.7993 cm^-1  (      2.0626 THz )
      3    158.1957 cm^-1  (      4.7426 THz )
      4    359.9876 cm^-1  (     10.7922 THz )
      5    366.3553 cm^-1  (     10.9831 THz )
      6    384.3854 cm^-1  (     11.5236 THz )

 # k point    88 : (  0.1400,  0.1400,  0.2800)
   Mode, Frequency 
      1     44.8166 cm^-1  (      1.3436 THz )
      2     63.9869 cm^-1  (      1.9183 THz )
      3    148.0494 cm^-1  (      4.4384 THz )
      4    359.5553 cm^-1  (     10.7792 THz )
      5    365.2582 cm^-1  (     10.9502 THz )
      6    382.3848 cm^-1  (     11.4636 THz )

 # k point    89 : (  0.1300,  0.1300,  0.2600)
   Mode, Frequency 
      1     42.2801 cm^-1  (      1.2675 THz )
      2     59.1601 cm^-1  (      1.7736 THz )
      3    137.7877 cm^-1  (      4.1308 THz )
      4    359.1615 cm^-1  (     10.7674 THz )
      5    364.2081 cm^-1  (     10.9187 THz )
      6    380.1923 cm^-1  (     11.3979 THz )

 # k point    90 : (  0.1200,  0.1200,  0.2400)
   Mode, Frequency 
      1     39.6216 cm^-1  (      1.1878 THz )
      2     54.3366 cm^-1  (      1.6290 THz )
      3    127.4281 cm^-1  (      3.8202 THz )
      4    358.8065 cm^-1  (     10.7567 THz )
      5    363.2116 cm^-1  (     10.8888 THz )
      6    377.8520 cm^-1  (     11.3277 THz )

 # k point    91 : (  0.1100,  0.1100,  0.2200)
   Mode, Frequency 
      1     36.8410 cm^-1  (      1.1045 THz )
      2     49.5326 cm^-1  (      1.4849 THz )
      3    116.9874 cm^-1  (      3.5072 THz )
      4    358.4894 cm^-1  (     10.7472 THz )
      5    362.2747 cm^-1  (     10.8607 THz )
      6    375.4125 cm^-1  (     11.2546 THz )

 # k point    92 : (  0.1000,  0.1000,  0.2000)
   Mode, Frequency 
      1     33.9404 cm^-1  (      1.0175 THz )
      2     44.7619 cm^-1  (      1.3419 THz )
      3    106.4809 cm^-1  (      3.1922 THz )
      4    358.2094 cm^-1  (     10.7388 THz )
      5    361.4026 cm^-1  (     10.8346 THz )
      6    372.9258 cm^-1  (     11.1800 THz )

 # k point    93 : (  0.0900,  0.0900,  0.1800)
   Mode, Frequency 
      1     30.9237 cm^-1  (      0.9271 THz )
      2     40.0363 cm^-1  (      1.2003 THz )
      3     95.9225 cm^-1  (      2.8757 THz )
      4    357.9647 cm^-1  (     10.7315 THz )
      5    360.6001 cm^-1  (     10.8105 THz )
      6    370.4465 cm^-1  (     11.1057 THz )

 # k point    94 : (  0.0800,  0.0800,  0.1600)
   Mode, Frequency 
      1     27.7966 cm^-1  (      0.8333 THz )
      2     35.3648 cm^-1  (      1.0602 THz )
      3     85.3243 cm^-1  (      2.5580 THz )
      4    357.7537 cm^-1  (     10.7252 THz )
      5    359.8714 cm^-1  (     10.7887 THz )
      6    368.0305 cm^-1  (     11.0333 THz )

 # k point    95 : (  0.0700,  0.0700,  0.1400)
   Mode, Frequency 
      1     24.5665 cm^-1  (      0.7365 THz )
      2     30.7535 cm^-1  (      0.9220 THz )
      3     74.6968 cm^-1  (      2.2394 THz )
      4    357.5744 cm^-1  (     10.7198 THz )
      5    359.2202 cm^-1  (     10.7691 THz )
      6    365.7339 cm^-1  (     10.9644 THz )

 # k point    96 : (  0.0600,  0.0600,  0.1200)
   Mode, Frequency 
      1     21.2427 cm^-1  (      0.6368 THz )
      2     26.2055 cm^-1  (      0.7856 THz )
      3     64.0485 cm^-1  (      1.9201 THz )
      4    357.4245 cm^-1  (     10.7153 THz )
      5    358.6495 cm^-1  (     10.7520 THz )
      6    363.6115 cm^-1  (     10.9008 THz )

 # k point    97 : (  0.0500,  0.0500,  0.1000)
   Mode, Frequency 
      1     17.8356 cm^-1  (      0.5347 THz )
      2     21.7203 cm^-1  (      0.6512 THz )
      3     53.3862 cm^-1  (      1.6005 THz )
      4    357.3019 cm^-1  (     10.7116 THz )
      5    358.1621 cm^-1  (     10.7374 THz )
      6    361.7149 cm^-1  (     10.8439 THz )

 # k point    98 : (  0.0400,  0.0400,  0.0800)
   Mode, Frequency 
      1     14.3571 cm^-1  (      0.4304 THz )
      2     17.2944 cm^-1  (      0.5185 THz )
      3     42.7151 cm^-1  (      1.2806 THz )
      4    357.2048 cm^-1  (     10.7087 THz )
      5    357.7603 cm^-1  (     10.7254 THz )
      6    360.0917 cm^-1  (     10.7953 THz )

 # k point    99 : (  0.0300,  0.0300,  0.0600)
   Mode, Frequency 
      1     10.8202 cm^-1  (      0.3244 THz )
      2     12.9206 cm^-1  (      0.3873 THz )
      3     32.0390 cm^-1  (      0.9605 THz )
      4    357.1312 cm^-1  (     10.7065 THz )
      5    357.4460 cm^-1  (     10.7160 THz )
      6    358.7831 cm^-1  (     10.7560 THz )

 # k point   100 : (  0.0200,  0.0200,  0.0400)
   Mode, Frequency 
      1      7.2386 cm^-1  (      0.2170 THz )
      2      8.5889 cm^-1  (      0.2575 THz )
      3     21.3603 cm^-1  (      0.6404 THz )
      4    357.0798 cm^-1  (     10.7050 THz )
      5    357.2204 cm^-1  (     10.7092 THz )
      6    357.8230 cm^-1  (     10.7273 THz )

 # k point   101 : (  0.0100,  0.0100,  0.0200)
   Mode, Frequency 
      1      3.6269 cm^-1  (      0.1087 THz )
      2      4.2868 cm^-1  (      0.1285 THz )
      3     10.6803 cm^-1  (      0.3202 THz )
      4    357.0494 cm^-1  (     10.7041 THz )
      5    357.0846 cm^-1  (     10.7051 THz )
      6    357.2366 cm^-1  (     10.7097 THz )

 # k point   102 : (  0.0000,  0.0000,  0.0000)
   Mode, Frequency 
      1      0.0000 cm^-1  (      0.0000 THz )
      2      0.0000 cm^-1  (      0.0000 THz )
      3      0.0000 cm^-1  (      0.0000 THz )
      4    357.0393 cm^-1  (     10.7038 THz )
      5    357.0393 cm^-1  (     10.7038 THz )
      6    357.0393 cm^-1  (     10.7038 THz )

 # k point   103 : (  0.0000,  0.0000,  0.0000)
   Mode, Frequency 
      1      0.0000 cm^-1  (      0.0000 THz )
      2      0.0000 cm^-1  (      0.0000 THz )
      3      0.0000 cm^-1  (      0.0000 THz )
      4    357.0393 cm^-1  (     10.7038 THz )
      5    357.0393 cm^-1  (     10.7038 THz )
      6    357.0393 cm^-1  (     10.7038 THz )

 # k point   104 : (  0.0100,  0.0100,  0.0100)
   Mode, Frequency 
      1      2.3631 cm^-1  (      0.0708 THz )
      2      2.3631 cm^-1  (      0.0708 THz )
      3      6.5902 cm^-1  (      0.1976 THz )
      4    357.0475 cm^-1  (     10.7040 THz )
      5    357.0475 cm^-1  (     10.7040 THz )
      6    357.1178 cm^-1  (     10.7061 THz )

 # k point   105 : (  0.0200,  0.0200,  0.0200)
   Mode, Frequency 
      1      4.7223 cm^-1  (      0.1416 THz )
      2      4.7223 cm^-1  (      0.1416 THz )
      3     13.1830 cm^-1  (      0.3952 THz )
      4    357.0720 cm^-1  (     10.7047 THz )
      5    357.0720 cm^-1  (     10.7047 THz )
      6    357.3525 cm^-1  (     10.7132 THz )

 # k point   106 : (  0.0300,  0.0300,  0.0300)
   Mode, Frequency 
      1      7.0736 cm^-1  (      0.2121 THz )
      2      7.0736 cm^-1  (      0.2121 THz )
      3     19.7812 cm^-1  (      0.5930 THz )
      4    357.1128 cm^-1  (     10.7060 THz )
      5    357.1128 cm^-1  (     10.7060 THz )
      6    357.7411 cm^-1  (     10.7248 THz )

 # k point   107 : (  0.0400,  0.0400,  0.0400)
   Mode, Frequency 
      1      9.4131 cm^-1  (      0.2822 THz )
      2      9.4131 cm^-1  (      0.2822 THz )
      3     26.3873 cm^-1  (      0.7911 THz )
      4    357.1699 cm^-1  (     10.7077 THz )
      5    357.1699 cm^-1  (     10.7077 THz )
      6    358.2799 cm^-1  (     10.7410 THz )

 # k point   108 : (  0.0500,  0.0500,  0.0500)
   Mode, Frequency 
      1     11.7370 cm^-1  (      0.3519 THz )
      2     11.7370 cm^-1  (      0.3519 THz )
      3     33.0035 cm^-1  (      0.9894 THz )
      4    357.2431 cm^-1  (     10.7099 THz )
      5    357.2431 cm^-1  (     10.7099 THz )
      6    358.9639 cm^-1  (     10.7615 THz )

 # k point   109 : (  0.0600,  0.0600,  0.0600)
   Mode, Frequency 
      1     14.0414 cm^-1  (      0.4210 THz )
      2     14.0414 cm^-1  (      0.4210 THz )
      3     39.6318 cm^-1  (      1.1881 THz )
      4    357.3323 cm^-1  (     10.7126 THz )
      5    357.3323 cm^-1  (     10.7126 THz )
      6    359.7865 cm^-1  (     10.7861 THz )

 # k point   110 : (  0.0700,  0.0700,  0.0700)
   Mode, Frequency 
      1     16.3227 cm^-1  (      0.4893 THz )
      2     16.3227 cm^-1  (      0.4893 THz )
      3     46.2741 cm^-1  (      1.3873 THz )
      4    357.4374 cm^-1  (     10.7157 THz )
      5    357.4374 cm^-1  (     10.7157 THz )
      6    360.7401 cm^-1  (     10.8147 THz )

 # k point   111 : (  0.0800,  0.0800,  0.0800)
   Mode, Frequency 
      1     18.5772 cm^-1  (      0.5569 THz )
      2     18.5772 cm^-1  (      0.5569 THz )
      3     52.9316 cm^-1  (      1.5868 THz )
      4    357.5583 cm^-1  (     10.7193 THz )
      5    357.5583 cm^-1  (     10.7193 THz )
      6    361.8157 cm^-1  (     10.8470 THz )

 # k point   112 : (  0.0900,  0.0900,  0.0900)
   Mode, Frequency 
      1     20.8015 cm^-1  (      0.6236 THz )
      2     20.8015 cm^-1  (      0.6236 THz )
      3     59.6053 cm^-1  (      1.7869 THz )
      4    357.6946 cm^-1  (     10.7234 THz )
      5    357.6946 cm^-1  (     10.7234 THz )
      6    363.0036 cm^-1  (     10.8826 THz )

 # k point   113 : (  0.1000,  0.1000,  0.1000)
   Mode, Frequency 
      1     22.9922 cm^-1  (      0.6893 THz )
      2     22.9922 cm^-1  (      0.6893 THz )
      3     66.2957 cm^-1  (      1.9875 THz )
      4    357.8462 cm^-1  (     10.7280 THz )
      5    357.8462 cm^-1  (     10.7280 THz )
      6    364.2929 cm^-1  (     10.9212 THz )

 # k point   114 : (  0.1100,  0.1100,  0.1100)
   Mode, Frequency 
      1     25.1461 cm^-1  (      0.7539 THz )
      2     25.1461 cm^-1  (      0.7539 THz )
      3     73.0028 cm^-1  (      2.1886 THz )
      4    358.0127 cm^-1  (     10.7329 THz )
      5    358.0127 cm^-1  (     10.7329 THz )
      6    365.6719 cm^-1  (     10.9626 THz )

 # k point   115 : (  0.1200,  0.1200,  0.1200)
   Mode, Frequency 
      1     27.2601 cm^-1  (      0.8172 THz )
      2     27.2601 cm^-1  (      0.8172 THz )
      3     79.7259 cm^-1  (      2.3901 THz )
      4    358.1937 cm^-1  (     10.7384 THz )
      5    358.1937 cm^-1  (     10.7384 THz )
      6    367.1286 cm^-1  (     11.0062 THz )

 # k point   116 : (  0.1300,  0.1300,  0.1300)
   Mode, Frequency 
      1     29.3312 cm^-1  (      0.8793 THz )
      2     29.3312 cm^-1  (      0.8793 THz )
      3     86.4641 cm^-1  (      2.5921 THz )
      4    358.3890 cm^-1  (     10.7442 THz )
      5    358.3890 cm^-1  (     10.7442 THz )
      6    368.6500 cm^-1  (     11.0518 THz )

 # k point   117 : (  0.1400,  0.1400,  0.1400)
   Mode, Frequency 
      1     31.3569 cm^-1  (      0.9401 THz )
      2     31.3569 cm^-1  (      0.9401 THz )
      3     93.2157 cm^-1  (      2.7945 THz )
      4    358.5979 cm^-1  (     10.7505 THz )
      5    358.5979 cm^-1  (     10.7505 THz )
      6    370.2231 cm^-1  (     11.0990 THz )

 # k point   118 : (  0.1500,  0.1500,  0.1500)
   Mode, Frequency 
      1     33.3344 cm^-1  (      0.9993 THz )
      2     33.3344 cm^-1  (      0.9993 THz )
      3     99.9784 cm^-1  (      2.9973 THz )
      4    358.8201 cm^-1  (     10.7572 THz )
      5    358.8201 cm^-1  (     10.7572 THz )
      6    371.8345 cm^-1  (     11.1473 THz )

 # k point   119 : (  0.1600,  0.1600,  0.1600)
   Mode, Frequency 
      1     35.2615 cm^-1  (      1.0571 THz )
      2     35.2615 cm^-1  (      1.0571 THz )
      3    106.7493 cm^-1  (      3.2003 THz )
      4    359.0549 cm^-1  (     10.7642 THz )
      5    359.0549 cm^-1  (     10.7642 THz )
      6    373.4707 cm^-1  (     11.1964 THz )

 # k point   120 : (  0.1700,  0.1700,  0.1700)
   Mode, Frequency 
      1     37.1360 cm^-1  (      1.1133 THz )
      2     37.1360 cm^-1  (      1.1133 THz )
      3    113.5250 cm^-1  (      3.4034 THz )
      4    359.3017 cm^-1  (     10.7716 THz )
      5    359.3017 cm^-1  (     10.7716 THz )
      6    375.1182 cm^-1  (     11.2458 THz )

 # k point   121 : (  0.1800,  0.1800,  0.1800)
   Mode, Frequency 
      1     38.9560 cm^-1  (      1.1679 THz )
      2     38.9560 cm^-1  (      1.1679 THz )
      3    120.3014 cm^-1  (      3.6065 THz )
      4    359.5597 cm^-1  (     10.7793 THz )
      5    359.5597 cm^-1  (     10.7793 THz )
      6    376.7636 cm^-1  (     11.2951 THz )

 # k point   122 : (  0.1900,  0.1900,  0.1900)
   Mode, Frequency 
      1     40.7197 cm^-1  (      1.2207 THz )
      2     40.7197 cm^-1  (      1.2207 THz )
      3    127.0738 cm^-1  (      3.8096 THz )
      4    359.8283 cm^-1  (     10.7874 THz )
      5    359.8283 cm^-1  (     10.7874 THz )
      6    378.3937 cm^-1  (     11.3440 THz )

 # k point   123 : (  0.2000,  0.2000,  0.2000)
   Mode, Frequency 
      1     42.4255 cm^-1  (      1.2719 THz )
      2     42.4255 cm^-1  (      1.2719 THz )
      3    133.8369 cm^-1  (      4.0123 THz )
      4    360.1065 cm^-1  (     10.7957 THz )
      5    360.1065 cm^-1  (     10.7957 THz )
      6    379.9958 cm^-1  (     11.3920 THz )

 # k point   124 : (  0.2100,  0.2100,  0.2100)
   Mode, Frequency 
      1     44.0723 cm^-1  (      1.3213 THz )
      2     44.0723 cm^-1  (      1.3213 THz )
      3    140.5846 cm^-1  (      4.2146 THz )
      4    360.3934 cm^-1  (     10.8043 THz )
      5    360.3934 cm^-1  (     10.8043 THz )
      6    381.5575 cm^-1  (     11.4388 THz )

 # k point   125 : (  0.2200,  0.2200,  0.2200)
   Mode, Frequency 
      1     45.6589 cm^-1  (      1.3688 THz )
      2     45.6589 cm^-1  (      1.3688 THz )
      3    147.3105 cm^-1  (      4.4163 THz )
      4    360.6881 cm^-1  (     10.8132 THz )
      5    360.6881 cm^-1  (     10.8132 THz )
      6    383.0670 cm^-1  (     11.4841 THz )

 # k point   126 : (  0.2300,  0.2300,  0.2300)
   Mode, Frequency 
      1     47.1843 cm^-1  (      1.4146 THz )
      2     47.1843 cm^-1  (      1.4146 THz )
      3    154.0072 cm^-1  (      4.6170 THz )
      4    360.9895 cm^-1  (     10.8222 THz )
      5    360.9895 cm^-1  (     10.8222 THz )
      6    384.5131 cm^-1  (     11.5274 THz )

 # k point   127 : (  0.2400,  0.2400,  0.2400)
   Mode, Frequency 
      1     48.6480 cm^-1  (      1.4584 THz )
      2     48.6480 cm^-1  (      1.4584 THz )
      3    160.6668 cm^-1  (      4.8167 THz )
      4    361.2965 cm^-1  (     10.8314 THz )
      5    361.2965 cm^-1  (     10.8314 THz )
      6    385.8852 cm^-1  (     11.5685 THz )

 # k point   128 : (  0.2500,  0.2500,  0.2500)
   Mode, Frequency 
      1     50.0494 cm^-1  (      1.5004 THz )
      2     50.0494 cm^-1  (      1.5004 THz )
      3    167.2809 cm^-1  (      5.0150 THz )
      4    361.6079 cm^-1  (     10.8407 THz )
      5    361.6079 cm^-1  (     10.8407 THz )
      6    387.1738 cm^-1  (     11.6072 THz )

 # k point   129 : (  0.2600,  0.2600,  0.2600)
   Mode, Frequency 
      1     51.3882 cm^-1  (      1.5406 THz )
      2     51.3882 cm^-1  (      1.5406 THz )
      3    173.8402 cm^-1  (      5.2116 THz )
      4    361.9225 cm^-1  (     10.8502 THz )
      5    361.9225 cm^-1  (     10.8502 THz )
      6    388.3700 cm^-1  (     11.6430 THz )

 # k point   130 : (  0.2700,  0.2700,  0.2700)
   Mode, Frequency 
      1     52.6644 cm^-1  (      1.5788 THz )
      2     52.6644 cm^-1  (      1.5788 THz )
      3    180.3349 cm^-1  (      5.4063 THz )
      4    362.2391 cm^-1  (     10.8597 THz )
      5    362.2391 cm^-1  (     10.8597 THz )
      6    389.4660 cm^-1  (     11.6759 THz )

 # k point   131 : (  0.2800,  0.2800,  0.2800)
   Mode, Frequency 
      1     53.8780 cm^-1  (      1.6152 THz )
      2     53.8780 cm^-1  (      1.6152 THz )
      3    186.7542 cm^-1  (      5.5988 THz )
      4    362.5562 cm^-1  (     10.8692 THz )
      5    362.5562 cm^-1  (     10.8692 THz )
      6    390.4550 cm^-1  (     11.7055 THz )

 # k point   132 : (  0.2900,  0.2900,  0.2900)
   Mode, Frequency 
      1     55.0292 cm^-1  (      1.6497 THz )
      2     55.0292 cm^-1  (      1.6497 THz )
      3    193.0869 cm^-1  (      5.7886 THz )
      4    362.8725 cm^-1  (     10.8786 THz )
      5    362.8725 cm^-1  (     10.8786 THz )
      6    391.3314 cm^-1  (     11.7318 THz )

 # k point   133 : (  0.3000,  0.3000,  0.3000)
   Mode, Frequency 
      1     56.1185 cm^-1  (      1.6824 THz )
      2     56.1185 cm^-1  (      1.6824 THz )
      3    199.3209 cm^-1  (      5.9755 THz )
      4    363.1867 cm^-1  (     10.8881 THz )
      5    363.1867 cm^-1  (     10.8881 THz )
      6    392.0906 cm^-1  (     11.7546 THz )

 # k point   134 : (  0.3100,  0.3100,  0.3100)
   Mode, Frequency 
      1     57.1463 cm^-1  (      1.7132 THz )
      2     57.1463 cm^-1  (      1.7132 THz )
      3    205.4432 cm^-1  (      6.1590 THz )
      4    363.4973 cm^-1  (     10.8974 THz )
      5    363.4973 cm^-1  (     10.8974 THz )
      6    392.7296 cm^-1  (     11.7737 THz )

 # k point   135 : (  0.3200,  0.3200,  0.3200)
   Mode, Frequency 
      1     58.1133 cm^-1  (      1.7422 THz )
      2     58.1133 cm^-1  (      1.7422 THz )
      3    211.4400 cm^-1  (      6.3388 THz )
      4    363.8029 cm^-1  (     10.9065 THz )
      5    363.8029 cm^-1  (     10.9065 THz )
      6    393.2466 cm^-1  (     11.7892 THz )

 # k point   136 : (  0.3300,  0.3300,  0.3300)
   Mode, Frequency 
      1     59.0203 cm^-1  (      1.7694 THz )
      2     59.0203 cm^-1  (      1.7694 THz )
      3    217.2965 cm^-1  (      6.5144 THz )
      4    364.1020 cm^-1  (     10.9155 THz )
      5    364.1020 cm^-1  (     10.9155 THz )
      6    393.6415 cm^-1  (     11.8011 THz )

 # k point   137 : (  0.3400,  0.3400,  0.3400)
   Mode, Frequency 
      1     59.8680 cm^-1  (      1.7948 THz )
      2     59.8680 cm^-1  (      1.7948 THz )
      3    222.9970 cm^-1  (      6.6853 THz )
      4    364.3933 cm^-1  (     10.9242 THz )
      5    364.3933 cm^-1  (     10.9242 THz )
      6    393.9157 cm^-1  (     11.8093 THz )

 # k point   138 : (  0.3500,  0.3500,  0.3500)
   Mode, Frequency 
      1     60.6574 cm^-1  (      1.8185 THz )
      2     60.6574 cm^-1  (      1.8185 THz )
      3    228.5246 cm^-1  (      6.8510 THz )
      4    364.6753 cm^-1  (     10.9327 THz )
      5    364.6753 cm^-1  (     10.9327 THz )
      6    394.0722 cm^-1  (     11.8140 THz )

 # k point   139 : (  0.3600,  0.3600,  0.3600)
   Mode, Frequency 
      1     61.3895 cm^-1  (      1.8404 THz )
      2     61.3895 cm^-1  (      1.8404 THz )
      3    233.8614 cm^-1  (      7.0110 THz )
      4    364.9466 cm^-1  (     10.9408 THz )
      5    364.9466 cm^-1  (     10.9408 THz )
      6    394.1161 cm^-1  (     11.8153 THz )

 # k point   140 : (  0.3700,  0.3700,  0.3700)
   Mode, Frequency 
      1     62.0653 cm^-1  (      1.8607 THz )
      2     62.0653 cm^-1  (      1.8607 THz )
      3    238.9880 cm^-1  (      7.1647 THz )
      4    365.2059 cm^-1  (     10.9486 THz )
      5    365.2059 cm^-1  (     10.9486 THz )
      6    394.0544 cm^-1  (     11.8135 THz )

 # k point   141 : (  0.3800,  0.3800,  0.3800)
   Mode, Frequency 
      1     62.6857 cm^-1  (      1.8793 THz )
      2     62.6857 cm^-1  (      1.8793 THz )
      3    243.8839 cm^-1  (      7.3115 THz )
      4    365.4519 cm^-1  (     10.9560 THz )
      5    365.4519 cm^-1  (     10.9560 THz )
      6    393.8959 cm^-1  (     11.8087 THz )

 # k point   142 : (  0.3900,  0.3900,  0.3900)
   Mode, Frequency 
      1     63.2519 cm^-1  (      1.8962 THz )
      2     63.2519 cm^-1  (      1.8962 THz )
      3    248.5271 cm^-1  (      7.4507 THz )
      4    365.6833 cm^-1  (     10.9629 THz )
      5    365.6833 cm^-1  (     10.9629 THz )
      6    393.6520 cm^-1  (     11.8014 THz )

 # k point   143 : (  0.4000,  0.4000,  0.4000)
   Mode, Frequency 
      1     63.7648 cm^-1  (      1.9116 THz )
      2     63.7648 cm^-1  (      1.9116 THz )
      3    252.8944 cm^-1  (      7.5816 THz )
      4    365.8989 cm^-1  (     10.9694 THz )
      5    365.8989 cm^-1  (     10.9694 THz )
      6    393.3357 cm^-1  (     11.7919 THz )

 # k point   144 : (  0.4100,  0.4100,  0.4100)
   Mode, Frequency 
      1     64.2254 cm^-1  (      1.9254 THz )
      2     64.2254 cm^-1  (      1.9254 THz )
      3    256.9611 cm^-1  (      7.7035 THz )
      4    366.0975 cm^-1  (     10.9753 THz )
      5    366.0975 cm^-1  (     10.9753 THz )
      6    392.9625 cm^-1  (     11.7807 THz )

 # k point   145 : (  0.4200,  0.4200,  0.4200)
   Mode, Frequency 
      1     64.6347 cm^-1  (      1.9377 THz )
      2     64.6347 cm^-1  (      1.9377 THz )
      3    260.7015 cm^-1  (      7.8156 THz )
      4    366.2783 cm^-1  (     10.9807 THz )
      5    366.2783 cm^-1  (     10.9807 THz )
      6    392.5497 cm^-1  (     11.7683 THz )

 # k point   146 : (  0.4300,  0.4300,  0.4300)
   Mode, Frequency 
      1     64.9936 cm^-1  (      1.9485 THz )
      2     64.9936 cm^-1  (      1.9485 THz )
      3    264.0890 cm^-1  (      7.9172 THz )
      4    366.4401 cm^-1  (     10.9856 THz )
      5    366.4401 cm^-1  (     10.9856 THz )
      6    392.1164 cm^-1  (     11.7554 THz )

 # k point   147 : (  0.4400,  0.4400,  0.4400)
   Mode, Frequency 
      1     65.3028 cm^-1  (      1.9577 THz )
      2     65.3028 cm^-1  (      1.9577 THz )
      3    267.0968 cm^-1  (      8.0074 THz )
      4    366.5821 cm^-1  (     10.9899 THz )
      5    366.5821 cm^-1  (     10.9899 THz )
      6    391.6826 cm^-1  (     11.7423 THz )

 # k point   148 : (  0.4500,  0.4500,  0.4500)
   Mode, Frequency 
      1     65.5632 cm^-1  (      1.9655 THz )
      2     65.5632 cm^-1  (      1.9655 THz )
      3    269.6981 cm^-1  (      8.0853 THz )
      4    366.7036 cm^-1  (     10.9935 THz )
      5    366.7036 cm^-1  (     10.9935 THz )
      6    391.2692 cm^-1  (     11.7300 THz )

 # k point   149 : (  0.4600,  0.4600,  0.4600)
   Mode, Frequency 
      1     65.7753 cm^-1  (      1.9719 THz )
      2     65.7753 cm^-1  (      1.9719 THz )
      3    271.8677 cm^-1  (      8.1504 THz )
      4    366.8039 cm^-1  (     10.9965 THz )
      5    366.8039 cm^-1  (     10.9965 THz )
      6    390.8966 cm^-1  (     11.7188 THz )

 # k point   150 : (  0.4700,  0.4700,  0.4700)
   Mode, Frequency 
      1     65.9397 cm^-1  (      1.9768 THz )
      2     65.9397 cm^-1  (      1.9768 THz )
      3    273.5824 cm^-1  (      8.2018 THz )
      4    366.8825 cm^-1  (     10.9989 THz )
      5    366.8825 cm^-1  (     10.9989 THz )
      6    390.5838 cm^-1  (     11.7094 THz )

 # k point   151 : (  0.4800,  0.4800,  0.4800)
   Mode, Frequency 
      1     66.0569 cm^-1  (      1.9803 THz )
      2     66.0569 cm^-1  (      1.9803 THz )
      3    274.8225 cm^-1  (      8.2390 THz )
      4    366.9390 cm^-1  (     11.0006 THz )
      5    366.9390 cm^-1  (     11.0006 THz )
      6    390.3473 cm^-1  (     11.7023 THz )

 # k point   152 : (  0.4900,  0.4900,  0.4900)
   Mode, Frequency 
      1     66.1270 cm^-1  (      1.9824 THz )
      2     66.1270 cm^-1  (      1.9824 THz )
      3    275.5729 cm^-1  (      8.2615 THz )
      4    366.9730 cm^-1  (     11.0016 THz )
      5    366.9730 cm^-1  (     11.0016 THz )
      6    390.1999 cm^-1  (     11.6979 THz )

 # k point   153 : (  0.5000,  0.5000,  0.5000)
   Mode, Frequency 
      1     66.1504 cm^-1  (      1.9831 THz )
      2     66.1504 cm^-1  (      1.9831 THz )
      3    275.8241 cm^-1  (      8.2690 THz )
      4    366.9843 cm^-1  (     11.0019 THz )
      5    366.9843 cm^-1  (     11.0019 THz )
      6    390.1499 cm^-1  (     11.6964 THz )


 -----------------------------------------------------------------

 The following files are created: 
  sc222.bands       : Phonon band structure

 Job finished at Fri May 24 15:16:11 2024

