 +-----------------------------------------------------------------+
 +                         Program ANPHON                          +
 +                             Ver.  1.4.1                         +
 +-----------------------------------------------------------------+

 Job started at Mon Jul 11 22:39:57 2022

 The number of MPI processes: 1
 The number of OpenMP threads: 4


 Input variables:
 -----------------------------------------------------------------
 General:
  PREFIX = si222_10
  MODE = RTA
  FCSXML = si222_cubic.xml

  NKD = 1; KD =   Si
  MASS =    28.0855
  NSYM = 0; TOLERANCE = 0.001; PRINTSYM = 0

  NONANALYTIC = 0

  TMIN = 0; TMAX = 1000; DT = 10
  EMIN = 0; EMAX = 1000; DELTA_E = 10

  ISMEAR = -1; EPSILON = 10

  CLASSICAL = 0
  BCONNECT = 0

  RESTART = 1
  TRISYM = 1


 Kpoint:
  KPMODE (1st entry for &kpoint) = 2


 Analysis:
  ISOTOPE = 0
  KAPPA_SPEC = 0


 -----------------------------------------------------------------

                        MODE = RTA                           
                                                             
      Calculation of phonon line width (lifetime) and        
      lattice thermal conductivity within the RTA            
      (relaxation time approximation).                       
      Harmonic and anharmonic force constants will be used.  


      Restart mode is switched on!                                  
      The calculation will be restart from the existing result file.
      If you want to start a calculation from scratch,              
      please set RESTART = 0 in the input file                      

 -----------------------------------------------------------------

 Crystal structure
 =================

 Lattice Vectors:

 * Supercell (from si222_cubic.xml )

    2.040600e+01   0.000000e+00   0.000000e+00 : a1
    0.000000e+00   2.040600e+01   0.000000e+00 : a2
    0.000000e+00   0.000000e+00   2.040600e+01 : a3

    3.079087e-01   0.000000e+00   0.000000e+00 : b1
    0.000000e+00   3.079087e-01   0.000000e+00 : b2
    0.000000e+00   0.000000e+00   3.079087e-01 : b3

 * Primitive cell 

    0.000000e+00   5.101500e+00   5.101500e+00 : a1
    5.101500e+00   0.000000e+00   5.101500e+00 : a2
    5.101500e+00   5.101500e+00   0.000000e+00 : a3

   -6.158174e-01   6.158174e-01   6.158174e-01 : b1
    6.158174e-01  -6.158174e-01   6.158174e-01 : b2
    6.158174e-01   6.158174e-01  -6.158174e-01 : b3


  Volume of the primitive cell : 2.655362e+02 (a.u.)^3

  Number of atoms in the supercell     : 64
  Number of atoms in the primitive cell: 2

  Atomic positions in the primitive cell (fractional):
   1:   0.000000e+00   0.000000e+00   0.000000e+00  Si
   2:   2.500000e-01   2.500000e-01   2.500000e-01  Si

  Mass of atomic species (u):
  Si:   28.085500


 Symmetry
 ========

  NSYM = 0 is given: Trying to find symmetry operations.
  Number of symmetry operations : 48

 k points
 ========

  KPMODE = 2: Uniform grid
  Gamma-centered uniform grid with the following mesh density: 
  nk1:  10
  nk2:  10
  nk3:  10

  Number of k points : 1000
  Number of irreducible k points : 47

  List of irreducible k points (reciprocal coordinate, weight) : 
      1:   0.00000e+00   0.00000e+00   0.00000e+00   0.001000
      2:   0.00000e+00   0.00000e+00   1.00000e-01   0.008000
      3:   0.00000e+00   0.00000e+00   2.00000e-01   0.008000
      4:   0.00000e+00   0.00000e+00   3.00000e-01   0.008000
      5:   0.00000e+00   0.00000e+00   4.00000e-01   0.008000
      6:   0.00000e+00   0.00000e+00  -5.00000e-01   0.004000
      7:   0.00000e+00   1.00000e-01   1.00000e-01   0.006000
      8:   0.00000e+00   1.00000e-01   2.00000e-01   0.024000
      9:   0.00000e+00   1.00000e-01   3.00000e-01   0.024000
     10:   0.00000e+00   1.00000e-01   4.00000e-01   0.024000
     11:   0.00000e+00   1.00000e-01  -5.00000e-01   0.024000
     12:   0.00000e+00   1.00000e-01  -4.00000e-01   0.024000
     13:   0.00000e+00   1.00000e-01  -3.00000e-01   0.024000
     14:   0.00000e+00   1.00000e-01  -2.00000e-01   0.024000
     15:   0.00000e+00   1.00000e-01  -1.00000e-01   0.012000
     16:   0.00000e+00   2.00000e-01   2.00000e-01   0.006000
     17:   0.00000e+00   2.00000e-01   3.00000e-01   0.024000
     18:   0.00000e+00   2.00000e-01   4.00000e-01   0.024000
     19:   0.00000e+00   2.00000e-01  -5.00000e-01   0.024000
     20:   0.00000e+00   2.00000e-01  -4.00000e-01   0.024000
     21:   0.00000e+00   2.00000e-01  -3.00000e-01   0.024000
     22:   0.00000e+00   2.00000e-01  -2.00000e-01   0.012000
     23:   0.00000e+00   3.00000e-01   3.00000e-01   0.006000
     24:   0.00000e+00   3.00000e-01   4.00000e-01   0.024000
     25:   0.00000e+00   3.00000e-01  -5.00000e-01   0.024000
     26:   0.00000e+00   3.00000e-01  -4.00000e-01   0.024000
     27:   0.00000e+00   3.00000e-01  -3.00000e-01   0.012000
     28:   0.00000e+00   4.00000e-01   4.00000e-01   0.006000
     29:   0.00000e+00   4.00000e-01  -5.00000e-01   0.024000
     30:   0.00000e+00   4.00000e-01  -4.00000e-01   0.012000
     31:   0.00000e+00  -5.00000e-01  -5.00000e-01   0.003000
     32:   1.00000e-01   2.00000e-01   3.00000e-01   0.024000
     33:   1.00000e-01   2.00000e-01   4.00000e-01   0.048000
     34:   1.00000e-01   2.00000e-01  -5.00000e-01   0.048000
     35:   1.00000e-01   2.00000e-01  -4.00000e-01   0.024000
     36:   1.00000e-01   3.00000e-01   4.00000e-01   0.024000
     37:   1.00000e-01   3.00000e-01  -5.00000e-01   0.048000
     38:   1.00000e-01   3.00000e-01  -4.00000e-01   0.048000
     39:   1.00000e-01   3.00000e-01  -3.00000e-01   0.048000
     40:   1.00000e-01   3.00000e-01  -2.00000e-01   0.024000
     41:   1.00000e-01   4.00000e-01  -5.00000e-01   0.024000
     42:   1.00000e-01   4.00000e-01  -4.00000e-01   0.048000
     43:   1.00000e-01   4.00000e-01  -3.00000e-01   0.024000
     44:   1.00000e-01  -5.00000e-01  -4.00000e-01   0.012000
     45:   2.00000e-01   4.00000e-01  -4.00000e-01   0.024000
     46:   2.00000e-01   4.00000e-01  -3.00000e-01   0.024000
     47:   2.00000e-01  -5.00000e-01  -3.00000e-01   0.012000

 Force constant
 ==============

  Reading force constants from the XML file ... done !
  Number of non-zero IFCs for 2 order: 306
  Number of non-zero IFCs for 3 order: 6708

  Maximum deviation from the translational invariance: 
   Order 2 : 1.387779e-17
   Order 3 : 4.440892e-16


 Dynamical matrix
 ================

  NONANALYTIC = 0 : No non-analytic correction. 


 -----------------------------------------------------------------


 ISMEAR = -1: Tetrahedron method will be used.

 Now, move on to phonon calculations.

 Diagonalizing dynamical matrices for all k points ... done!
 RESTART = 1 : Restart from the interrupted run.
               Phonon lifetimes will be load from file si222_10.result
               and check the consistency of the computational settings.

 Start calculating anharmonic phonon self-energies ... 
 Total Number of phonon modes to be calculated : 0
 All modes are distributed to MPI threads as the following :
 RANK:     1 MODES:     0


 -----------------------------------------------------------------

 Lattice thermal conductivity is stored in the file si222_10.kl

 Job finished at Mon Jul 11 22:39:59 2022

