 +-----------------------------------------------------------------+
 +                         Program ALM                             +
 +                             Ver.  1.4.1                         +
 +-----------------------------------------------------------------+

 Number of OpenMP threads = 20

 Job started at Fri May 24 18:37:41 2024


 Input variables:
 -------------------------------------------------------------------
 General:
  PREFIX = sc222_harm
  MODE = optimize
  NAT = 16; NKD = 1
  PRINTSYM = 0; TOLERANCE = 0.001
  KD =   Fe
  FCSYM_BASIS = Lattice
  PERIODIC =   1  1  1
  MAGMOM = 
  FCS_ALAMODE = 1;  NMAXSAVE = 5
  FC3_SHENGBTE = 0
  FC2_QEFC = 0
  HESSIAN = 0
  FC_ZERO_THR = 0

 Interaction:
  NORDER = 1
  NBODY =   2

 Optimize:
  LMODEL = least-squares
  DFSET = displace/DFSET_harmonic
  NDATA = 1; NSTART = 1; NEND = 1   SKIP = 

  ICONST = 11
  ROTAXIS = 
  FC2XML = 
  FC3XML = 

  SPARSE = 0
  SPARSESOLVER = SimplicialLDLT
  CONV_TOL = 1e-08
  MAXITER = 10000
  MIRROR_IMAGE_CONV = 0

 -------------------------------------------------------------------

 SYSTEM
 ======

  Lattice Vector
    1.073386e+01   0.000000e+00   0.000000e+00 : a1
    0.000000e+00   1.073386e+01   0.000000e+00 : a2
    0.000000e+00   0.000000e+00   1.073386e+01 : a3

  Cell volume = 1.236710e+03

  Reciprocal Lattice Vector
    5.853611e-01   0.000000e+00   0.000000e+00 : b1
    0.000000e+00   5.853611e-01   0.000000e+00 : b2
    0.000000e+00   0.000000e+00   5.853611e-01 : b3

  Atomic species:
     1   Fe

  Atomic positions in fractional basis and atomic species
     1   0.000000e+00   0.000000e+00   0.000000e+00    1
     2   0.000000e+00   0.000000e+00   5.000000e-01    1
     3   0.000000e+00   5.000000e-01   0.000000e+00    1
     4   0.000000e+00   5.000000e-01   5.000000e-01    1
     5   5.000000e-01   0.000000e+00   0.000000e+00    1
     6   5.000000e-01   0.000000e+00   5.000000e-01    1
     7   5.000000e-01   5.000000e-01   0.000000e+00    1
     8   5.000000e-01   5.000000e-01   5.000000e-01    1
     9   2.500000e-01   2.500000e-01   2.500000e-01    1
    10   2.500000e-01   2.500000e-01   7.500000e-01    1
    11   2.500000e-01   7.500000e-01   2.500000e-01    1
    12   2.500000e-01   7.500000e-01   7.500000e-01    1
    13   7.500000e-01   2.500000e-01   2.500000e-01    1
    14   7.500000e-01   2.500000e-01   7.500000e-01    1
    15   7.500000e-01   7.500000e-01   2.500000e-01    1
    16   7.500000e-01   7.500000e-01   7.500000e-01    1


  Time Elapsed: 0.013408 sec.

 -------------------------------------------------------------------

 SYMMETRY
 ========

  Space group: Im-3m (229)
  Number of symmetry operations = 768

  Given system is not a primitive cell.
  There are    16 translation operations.
  Primitive cell contains 1 atoms

  **Cell-Atom Correspondens Below**
  CELL |  ATOM
     1 |     1
     2 |     2
     3 |     3
     4 |     4
     5 |     9
     6 |    10
     7 |    11
     8 |    12
     9 |     5
    10 |     6
    11 |     7
    12 |     8
    13 |    13
    14 |    14
    15 |    15
    16 |    16

  Time Elapsed: 0.051931 sec.

 -------------------------------------------------------------------

 INTERACTION
 ===========

  +++ Cutoff Radii Matrix (NKD x NKD matrix) +++
   HARMONIC
       12


  List of neighboring atoms below.
  Format [N th-nearest shell, distance (Number of atoms on the shell)]

    1 ( Fe):   1    4.6479 (  8) -  16( Fe)  12( Fe)  14( Fe)  15( Fe)
                                    10( Fe)  11( Fe)  13( Fe)   9( Fe)
               2   5.36693 (  3) -   2( Fe)   3( Fe)   5( Fe)
               3   7.58999 (  3) -   4( Fe)   6( Fe)   7( Fe)
               4    9.2958 (  1) -   8( Fe)

  Time Elapsed: 0.056431 sec.

 -------------------------------------------------------------------

 FORCE CONSTANT
 ==============

  Symmetry is handled in crystallographic (fractional) coordinates.

  Number of  HARMONIC FCs : 8

  Time Elapsed: 0.058692 sec.

 -------------------------------------------------------------------

 CONSTRAINT
 ==========

  ICONST = 1: Constraints for translational invariance
              will be considered.

  Generating constraints for translational invariance ...
   HARMONIC ... done.
  Finished !

  Number of constraints [T-inv, R-inv (self), R-inv (cross)]:
   HARMONIC      1    0    0

  Constraints of T-inv and R-inv (self) are merged.
  If there are redundant constraints, they are removed in this process.

  Number of inequivalent constraints (self, cross) : 
   HARMONIC      1    0

  ICONST >= 10 : Constraints will be considered algebraically.

  Number of free HARMONIC FCs : 7

  Time Elapsed: 0.061972 sec.

 -------------------------------------------------------------------

 OPTIMIZATION
 ============

  LMODEL = least-squares

  Training data file (DFSET) : displace/DFSET_harmonic

  NSTART = 1; NEND = 1
  1 entries will be used for training.

  Total Number of Parameters : 8
  Total Number of Free Parameters : 7

  Entering fitting routine: SVD with constraints considered algebraically.
  SVD has started ... finished !

  RANK of the matrix = 7

  Residual sum of squares for the solution: 1.27429e-05
  Fitting error (%) : 0.454336

  Time Elapsed: 0.08772 sec.

 -------------------------------------------------------------------

 The following files are created:

 Force constants in a human-readable format : sc222_harm.fcs
 Input data for the phonon code ANPHON      : sc222_harm.xml

 Job finished at Fri May 24 18:37:42 2024

