 +-----------------------------------------------------------------+
 +                         Program ANPHON                          +
 +                             Ver.  1.4.1                         +
 +-----------------------------------------------------------------+

 Job started at Fri May 24 17:20:10 2024

 The number of MPI processes: 1
 The number of OpenMP threads: 20


 Input variables:
 -----------------------------------------------------------------
 General:
  PREFIX = sc222
  MODE = PHONONS
  FCSXML = sc222_harm.xml

  NKD = 1; KD =   Fe
  MASS =     55.845
  NSYM = 0; TOLERANCE = 0.001; PRINTSYM = 0

  NONANALYTIC = 0

  TMIN = 0; TMAX = 1000; DT = 10
  EMIN = 0; EMAX = 1000; DELTA_E = 10

  ISMEAR = -1; EPSILON = 10

  CLASSICAL = 0
  BCONNECT = 0


 Kpoint:
  KPMODE (1st entry for &kpoint) = 1


 Analysis:
  PRINTVEL = 0
  PRINTVEC = 0
  PRINTXSF = 0

  GRUNEISEN = 0
  NEWFCS = 0


 -----------------------------------------------------------------

                      MODE = phonons                         
                                                             
      Phonon calculation within harmonic approximation       
      Harmonic force constants will be used.                 

 -----------------------------------------------------------------

 Crystal structure
 =================

 Lattice Vectors:

 * Supercell (from sc222_harm.xml )

    1.073386e+01   0.000000e+00   0.000000e+00 : a1
    0.000000e+00   1.073386e+01   0.000000e+00 : a2
    0.000000e+00   0.000000e+00   1.073386e+01 : a3

    5.853611e-01   0.000000e+00   0.000000e+00 : b1
    0.000000e+00   5.853611e-01   0.000000e+00 : b2
    0.000000e+00   0.000000e+00   5.853611e-01 : b3

 * Primitive cell 

    4.649310e+00   0.000000e+00   0.000000e+00 : a1
   -1.549755e+00   4.383416e+00   0.000000e+00 : a2
   -1.549755e+00  -2.191685e+00   3.796115e+00 : a3

    1.351423e+00   4.777950e-01   8.275698e-01 : b1
   -0.000000e+00   1.433399e+00   8.275722e-01 : b2
    0.000000e+00  -0.000000e+00   1.655162e+00 : b3


  Volume of the primitive cell : 7.736429e+01 (a.u.)^3

  Number of atoms in the supercell     : 16
  Number of atoms in the primitive cell: 1

  Atomic positions in the primitive cell (fractional):
   1:   0.000000e+00   0.000000e+00   0.000000e+00  Fe

  Mass of atomic species (u):
  Fe:   55.845000


 Symmetry
 ========

  NSYM = 0 is given: Trying to find symmetry operations.
  Number of symmetry operations : 48

 k points
 ========

  KPMODE = 1: Band structure calculation
  Number of paths : 5

  List of k paths : 
   1:  G (  0.0000  0.0000  0.0000)  N (  0.5000  0.5000  0.0000)  51
   2:  N (  0.5000  0.5000  0.0000)  G (  0.0000  0.0000  0.0000)  51
   3:  G (  0.0000  0.0000  0.0000)  H (  0.0000  1.0000  0.0000)  51
   4:  H (  0.0000  1.0000  0.0000)  P (  0.5000  0.5000  0.5000)  51
   5:  P (  0.5000  0.5000  0.5000)  G (  0.0000  0.0000  0.0000)  51

  Number of k points : 255

 Force constant
 ==============

  Reading force constants from the XML file ... done !
  Number of non-zero IFCs for 2 order: 315

  Maximum deviation from the translational invariance: 
   Order 2 :   9.3675e-17


 Dynamical matrix
 ================

  NONANALYTIC = 0 : No non-analytic correction. 


 -----------------------------------------------------------------


 ISMEAR = -1: Tetrahedron method will be used.

 Now, move on to phonon calculations.

 Diagonalizing dynamical matrices for all k points ... done!

 -----------------------------------------------------------------

 Phonon frequencies below:

 # k point     1 : (  0.0000,  0.0000,  0.0000)
   Mode, Frequency 
      1      0.0000 cm^-1  (      0.0000 THz )
      2      0.0000 cm^-1  (      0.0000 THz )
      3      0.0000 cm^-1  (      0.0000 THz )

 # k point     2 : (  0.0100,  0.0100,  0.0000)
   Mode, Frequency 
      1      4.4599 cm^-1  (      0.1337 THz )
      2      6.4869 cm^-1  (      0.1945 THz )
      3     13.9619 cm^-1  (      0.4186 THz )

 # k point     3 : (  0.0200,  0.0200,  0.0000)
   Mode, Frequency 
      1      8.8915 cm^-1  (      0.2666 THz )
      2     12.9434 cm^-1  (      0.3880 THz )
      3     27.8559 cm^-1  (      0.8351 THz )

 # k point     4 : (  0.0300,  0.0300,  0.0000)
   Mode, Frequency 
      1     13.2680 cm^-1  (      0.3978 THz )
      2     19.3401 cm^-1  (      0.5798 THz )
      3     41.6146 cm^-1  (      1.2476 THz )

 # k point     5 : (  0.0400,  0.0400,  0.0000)
   Mode, Frequency 
      1     17.5649 cm^-1  (      0.5266 THz )
      2     25.6500 cm^-1  (      0.7690 THz )
      3     55.1722 cm^-1  (      1.6540 THz )

 # k point     6 : (  0.0500,  0.0500,  0.0000)
   Mode, Frequency 
      1     21.7612 cm^-1  (      0.6524 THz )
      2     31.8491 cm^-1  (      0.9548 THz )
      3     68.4647 cm^-1  (      2.0525 THz )

 # k point     7 : (  0.0600,  0.0600,  0.0000)
   Mode, Frequency 
      1     25.8408 cm^-1  (      0.7747 THz )
      2     37.9177 cm^-1  (      1.1367 THz )
      3     81.4307 cm^-1  (      2.4412 THz )

 # k point     8 : (  0.0700,  0.0700,  0.0000)
   Mode, Frequency 
      1     29.7932 cm^-1  (      0.8932 THz )
      2     43.8406 cm^-1  (      1.3143 THz )
      3     94.0119 cm^-1  (      2.8184 THz )

 # k point     9 : (  0.0800,  0.0800,  0.0000)
   Mode, Frequency 
      1     33.6139 cm^-1  (      1.0077 THz )
      2     49.6084 cm^-1  (      1.4872 THz )
      3    106.1536 cm^-1  (      3.1824 THz )

 # k point    10 : (  0.0900,  0.0900,  0.0000)
   Mode, Frequency 
      1     37.3055 cm^-1  (      1.1184 THz )
      2     55.2175 cm^-1  (      1.6554 THz )
      3    117.8049 cm^-1  (      3.5317 THz )

 # k point    11 : (  0.1000,  0.1000,  0.0000)
   Mode, Frequency 
      1     40.8771 cm^-1  (      1.2255 THz )
      2     60.6701 cm^-1  (      1.8188 THz )
      3    128.9193 cm^-1  (      3.8649 THz )

 # k point    12 : (  0.1100,  0.1100,  0.0000)
   Mode, Frequency 
      1     44.3444 cm^-1  (      1.3294 THz )
      2     65.9744 cm^-1  (      1.9779 THz )
      3    139.4545 cm^-1  (      4.1807 THz )

 # k point    13 : (  0.1200,  0.1200,  0.0000)
   Mode, Frequency 
      1     47.7294 cm^-1  (      1.4309 THz )
      2     71.1439 cm^-1  (      2.1328 THz )
      3    149.3727 cm^-1  (      4.4781 THz )

 # k point    14 : (  0.1300,  0.1300,  0.0000)
   Mode, Frequency 
      1     51.0585 cm^-1  (      1.5307 THz )
      2     76.1971 cm^-1  (      2.2843 THz )
      3    158.6409 cm^-1  (      4.7559 THz )

 # k point    15 : (  0.1400,  0.1400,  0.0000)
   Mode, Frequency 
      1     54.3619 cm^-1  (      1.6297 THz )
      2     81.1558 cm^-1  (      2.4330 THz )
      3    167.2304 cm^-1  (      5.0134 THz )

 # k point    16 : (  0.1500,  0.1500,  0.0000)
   Mode, Frequency 
      1     57.6711 cm^-1  (      1.7289 THz )
      2     86.0446 cm^-1  (      2.5796 THz )
      3    175.1167 cm^-1  (      5.2499 THz )

 # k point    17 : (  0.1600,  0.1600,  0.0000)
   Mode, Frequency 
      1     61.0173 cm^-1  (      1.8293 THz )
      2     90.8890 cm^-1  (      2.7248 THz )
      3    182.2797 cm^-1  (      5.4646 THz )

 # k point    18 : (  0.1700,  0.1700,  0.0000)
   Mode, Frequency 
      1     64.4290 cm^-1  (      1.9315 THz )
      2     95.7140 cm^-1  (      2.8694 THz )
      3    188.7032 cm^-1  (      5.6572 THz )

 # k point    19 : (  0.1800,  0.1800,  0.0000)
   Mode, Frequency 
      1     67.9299 cm^-1  (      2.0365 THz )
      2    100.5424 cm^-1  (      3.0142 THz )
      3    194.3745 cm^-1  (      5.8272 THz )

 # k point    20 : (  0.1900,  0.1900,  0.0000)
   Mode, Frequency 
      1     71.5376 cm^-1  (      2.1446 THz )
      2    105.3934 cm^-1  (      3.1596 THz )
      3    199.2847 cm^-1  (      5.9744 THz )

 # k point    21 : (  0.2000,  0.2000,  0.0000)
   Mode, Frequency 
      1     75.2621 cm^-1  (      2.2563 THz )
      2    110.2813 cm^-1  (      3.3062 THz )
      3    203.4277 cm^-1  (      6.0986 THz )

 # k point    22 : (  0.2100,  0.2100,  0.0000)
   Mode, Frequency 
      1     79.1048 cm^-1  (      2.3715 THz )
      2    115.2143 cm^-1  (      3.4540 THz )
      3    206.8011 cm^-1  (      6.1997 THz )

 # k point    23 : (  0.2200,  0.2200,  0.0000)
   Mode, Frequency 
      1     83.0590 cm^-1  (      2.4900 THz )
      2    120.1937 cm^-1  (      3.6033 THz )
      3    209.4050 cm^-1  (      6.2778 THz )

 # k point    24 : (  0.2300,  0.2300,  0.0000)
   Mode, Frequency 
      1     87.1097 cm^-1  (      2.6115 THz )
      2    125.2135 cm^-1  (      3.7538 THz )
      3    211.2433 cm^-1  (      6.3329 THz )

 # k point    25 : (  0.2400,  0.2400,  0.0000)
   Mode, Frequency 
      1     91.2349 cm^-1  (      2.7352 THz )
      2    130.2598 cm^-1  (      3.9051 THz )
      3    212.3232 cm^-1  (      6.3653 THz )

 # k point    26 : (  0.2500,  0.2500,  0.0000)
   Mode, Frequency 
      1     95.4064 cm^-1  (      2.8602 THz )
      2    135.3109 cm^-1  (      4.0565 THz )
      3    212.6566 cm^-1  (      6.3753 THz )

 # k point    27 : (  0.2600,  0.2600,  0.0000)
   Mode, Frequency 
      1     99.5911 cm^-1  (      2.9857 THz )
      2    140.3366 cm^-1  (      4.2072 THz )
      3    212.2613 cm^-1  (      6.3634 THz )

 # k point    28 : (  0.2700,  0.2700,  0.0000)
   Mode, Frequency 
      1    103.7526 cm^-1  (      3.1104 THz )
      2    145.2971 cm^-1  (      4.3559 THz )
      3    211.1636 cm^-1  (      6.3305 THz )

 # k point    29 : (  0.2800,  0.2800,  0.0000)
   Mode, Frequency 
      1    107.8516 cm^-1  (      3.2333 THz )
      2    150.1404 cm^-1  (      4.5011 THz )
      3    209.4025 cm^-1  (      6.2777 THz )

 # k point    30 : (  0.2900,  0.2900,  0.0000)
   Mode, Frequency 
      1    111.8474 cm^-1  (      3.3531 THz )
      2    154.7961 cm^-1  (      4.6407 THz )
      3    207.0388 cm^-1  (      6.2069 THz )

 # k point    31 : (  0.3000,  0.3000,  0.0000)
   Mode, Frequency 
      1    115.6976 cm^-1  (      3.4685 THz )
      2    159.1614 cm^-1  (      4.7715 THz )
      3    204.1708 cm^-1  (      6.1209 THz )

 # k point    32 : (  0.3100,  0.3100,  0.0000)
   Mode, Frequency 
      1    119.3570 cm^-1  (      3.5782 THz )
      2    163.0720 cm^-1  (      4.8888 THz )
      3    200.9683 cm^-1  (      6.0249 THz )

 # k point    33 : (  0.3200,  0.3200,  0.0000)
   Mode, Frequency 
      1    122.7745 cm^-1  (      3.6807 THz )
      2    166.2395 cm^-1  (      4.9837 THz )
      3    197.7401 cm^-1  (      5.9281 THz )

 # k point    34 : (  0.3300,  0.3300,  0.0000)
   Mode, Frequency 
      1    125.8868 cm^-1  (      3.7740 THz )
      2    168.1614 cm^-1  (      5.0414 THz )
      3    195.0337 cm^-1  (      5.8470 THz )

 # k point    35 : (  0.3400,  0.3400,  0.0000)
   Mode, Frequency 
      1    128.6020 cm^-1  (      3.8554 THz )
      2    168.1767 cm^-1  (      5.0418 THz )
      3    193.5970 cm^-1  (      5.8039 THz )

 # k point    36 : (  0.3500,  0.3500,  0.0000)
   Mode, Frequency 
      1    130.7674 cm^-1  (      3.9203 THz )
      2    166.0439 cm^-1  (      4.9779 THz )
      3    193.8353 cm^-1  (      5.8110 THz )

 # k point    37 : (  0.3600,  0.3600,  0.0000)
   Mode, Frequency 
      1    132.0998 cm^-1  (      3.9603 THz )
      2    162.4444 cm^-1  (      4.8700 THz )
      3    195.3791 cm^-1  (      5.8573 THz )

 # k point    38 : (  0.3700,  0.3700,  0.0000)
   Mode, Frequency 
      1    132.0803 cm^-1  (      3.9597 THz )
      2    158.5684 cm^-1  (      4.7538 THz )
      3    197.6048 cm^-1  (      5.9240 THz )

 # k point    39 : (  0.3800,  0.3800,  0.0000)
   Mode, Frequency 
      1    129.9996 cm^-1  (      3.8973 THz )
      2    155.6226 cm^-1  (      4.6654 THz )
      3    200.0842 cm^-1  (      5.9984 THz )

 # k point    40 : (  0.3900,  0.3900,  0.0000)
   Mode, Frequency 
      1    125.5422 cm^-1  (      3.7637 THz )
      2    154.2469 cm^-1  (      4.6242 THz )
      3    202.5861 cm^-1  (      6.0734 THz )

 # k point    41 : (  0.4000,  0.4000,  0.0000)
   Mode, Frequency 
      1    119.2203 cm^-1  (      3.5741 THz )
      2    154.1702 cm^-1  (      4.6219 THz )
      3    204.9893 cm^-1  (      6.1454 THz )

 # k point    42 : (  0.4100,  0.4100,  0.0000)
   Mode, Frequency 
      1    111.8150 cm^-1  (      3.3521 THz )
      2    154.8287 cm^-1  (      4.6416 THz )
      3    207.2284 cm^-1  (      6.2126 THz )

 # k point    43 : (  0.4200,  0.4200,  0.0000)
   Mode, Frequency 
      1    103.9345 cm^-1  (      3.1159 THz )
      2    155.8405 cm^-1  (      4.6720 THz )
      3    209.2674 cm^-1  (      6.2737 THz )

 # k point    44 : (  0.4300,  0.4300,  0.0000)
   Mode, Frequency 
      1     96.0328 cm^-1  (      2.8790 THz )
      2    157.0091 cm^-1  (      4.7070 THz )
      3    211.0866 cm^-1  (      6.3282 THz )

 # k point    45 : (  0.4400,  0.4400,  0.0000)
   Mode, Frequency 
      1     88.5107 cm^-1  (      2.6535 THz )
      2    158.2400 cm^-1  (      4.7439 THz )
      3    212.6751 cm^-1  (      6.3758 THz )

 # k point    46 : (  0.4500,  0.4500,  0.0000)
   Mode, Frequency 
      1     81.7787 cm^-1  (      2.4517 THz )
      2    159.4884 cm^-1  (      4.7813 THz )
      3    214.0281 cm^-1  (      6.4164 THz )

 # k point    47 : (  0.4600,  0.4600,  0.0000)
   Mode, Frequency 
      1     76.2783 cm^-1  (      2.2868 THz )
      2    160.7332 cm^-1  (      4.8187 THz )
      3    215.1436 cm^-1  (      6.4498 THz )

 # k point    48 : (  0.4700,  0.4700,  0.0000)
   Mode, Frequency 
      1     72.4576 cm^-1  (      2.1722 THz )
      2    161.9647 cm^-1  (      4.8556 THz )
      3    216.0215 cm^-1  (      6.4762 THz )

 # k point    49 : (  0.4800,  0.4800,  0.0000)
   Mode, Frequency 
      1     70.6922 cm^-1  (      2.1193 THz )
      2    163.1779 cm^-1  (      4.8919 THz )
      3    216.6628 cm^-1  (      6.4954 THz )

 # k point    50 : (  0.4900,  0.4900,  0.0000)
   Mode, Frequency 
      1     71.1751 cm^-1  (      2.1338 THz )
      2    164.3695 cm^-1  (      4.9277 THz )
      3    217.0685 cm^-1  (      6.5076 THz )

 # k point    51 : (  0.5000,  0.5000,  0.0000)
   Mode, Frequency 
      1     73.8446 cm^-1  (      2.2138 THz )
      2    165.5363 cm^-1  (      4.9627 THz )
      3    217.2404 cm^-1  (      6.5127 THz )

 # k point    52 : (  0.5000,  0.5000,  0.0000)
   Mode, Frequency 
      1     73.8446 cm^-1  (      2.2138 THz )
      2    165.5363 cm^-1  (      4.9627 THz )
      3    217.2404 cm^-1  (      6.5127 THz )

 # k point    53 : (  0.4900,  0.4900,  0.0000)
   Mode, Frequency 
      1     71.1751 cm^-1  (      2.1338 THz )
      2    164.3695 cm^-1  (      4.9277 THz )
      3    217.0685 cm^-1  (      6.5076 THz )

 # k point    54 : (  0.4800,  0.4800,  0.0000)
   Mode, Frequency 
      1     70.6922 cm^-1  (      2.1193 THz )
      2    163.1779 cm^-1  (      4.8919 THz )
      3    216.6628 cm^-1  (      6.4954 THz )

 # k point    55 : (  0.4700,  0.4700,  0.0000)
   Mode, Frequency 
      1     72.4576 cm^-1  (      2.1722 THz )
      2    161.9647 cm^-1  (      4.8556 THz )
      3    216.0215 cm^-1  (      6.4762 THz )

 # k point    56 : (  0.4600,  0.4600,  0.0000)
   Mode, Frequency 
      1     76.2783 cm^-1  (      2.2868 THz )
      2    160.7332 cm^-1  (      4.8187 THz )
      3    215.1436 cm^-1  (      6.4498 THz )

 # k point    57 : (  0.4500,  0.4500,  0.0000)
   Mode, Frequency 
      1     81.7787 cm^-1  (      2.4517 THz )
      2    159.4884 cm^-1  (      4.7813 THz )
      3    214.0281 cm^-1  (      6.4164 THz )

 # k point    58 : (  0.4400,  0.4400,  0.0000)
   Mode, Frequency 
      1     88.5107 cm^-1  (      2.6535 THz )
      2    158.2400 cm^-1  (      4.7439 THz )
      3    212.6751 cm^-1  (      6.3758 THz )

 # k point    59 : (  0.4300,  0.4300,  0.0000)
   Mode, Frequency 
      1     96.0328 cm^-1  (      2.8790 THz )
      2    157.0091 cm^-1  (      4.7070 THz )
      3    211.0866 cm^-1  (      6.3282 THz )

 # k point    60 : (  0.4200,  0.4200,  0.0000)
   Mode, Frequency 
      1    103.9345 cm^-1  (      3.1159 THz )
      2    155.8405 cm^-1  (      4.6720 THz )
      3    209.2674 cm^-1  (      6.2737 THz )

 # k point    61 : (  0.4100,  0.4100,  0.0000)
   Mode, Frequency 
      1    111.8150 cm^-1  (      3.3521 THz )
      2    154.8287 cm^-1  (      4.6416 THz )
      3    207.2284 cm^-1  (      6.2126 THz )

 # k point    62 : (  0.4000,  0.4000,  0.0000)
   Mode, Frequency 
      1    119.2203 cm^-1  (      3.5741 THz )
      2    154.1702 cm^-1  (      4.6219 THz )
      3    204.9893 cm^-1  (      6.1454 THz )

 # k point    63 : (  0.3900,  0.3900,  0.0000)
   Mode, Frequency 
      1    125.5422 cm^-1  (      3.7637 THz )
      2    154.2469 cm^-1  (      4.6242 THz )
      3    202.5861 cm^-1  (      6.0734 THz )

 # k point    64 : (  0.3800,  0.3800,  0.0000)
   Mode, Frequency 
      1    129.9996 cm^-1  (      3.8973 THz )
      2    155.6226 cm^-1  (      4.6654 THz )
      3    200.0842 cm^-1  (      5.9984 THz )

 # k point    65 : (  0.3700,  0.3700,  0.0000)
   Mode, Frequency 
      1    132.0803 cm^-1  (      3.9597 THz )
      2    158.5684 cm^-1  (      4.7538 THz )
      3    197.6048 cm^-1  (      5.9240 THz )

 # k point    66 : (  0.3600,  0.3600,  0.0000)
   Mode, Frequency 
      1    132.0998 cm^-1  (      3.9603 THz )
      2    162.4444 cm^-1  (      4.8700 THz )
      3    195.3791 cm^-1  (      5.8573 THz )

 # k point    67 : (  0.3500,  0.3500,  0.0000)
   Mode, Frequency 
      1    130.7674 cm^-1  (      3.9203 THz )
      2    166.0439 cm^-1  (      4.9779 THz )
      3    193.8353 cm^-1  (      5.8110 THz )

 # k point    68 : (  0.3400,  0.3400,  0.0000)
   Mode, Frequency 
      1    128.6020 cm^-1  (      3.8554 THz )
      2    168.1767 cm^-1  (      5.0418 THz )
      3    193.5970 cm^-1  (      5.8039 THz )

 # k point    69 : (  0.3300,  0.3300,  0.0000)
   Mode, Frequency 
      1    125.8868 cm^-1  (      3.7740 THz )
      2    168.1614 cm^-1  (      5.0414 THz )
      3    195.0337 cm^-1  (      5.8470 THz )

 # k point    70 : (  0.3200,  0.3200,  0.0000)
   Mode, Frequency 
      1    122.7745 cm^-1  (      3.6807 THz )
      2    166.2395 cm^-1  (      4.9837 THz )
      3    197.7401 cm^-1  (      5.9281 THz )

 # k point    71 : (  0.3100,  0.3100,  0.0000)
   Mode, Frequency 
      1    119.3570 cm^-1  (      3.5782 THz )
      2    163.0720 cm^-1  (      4.8888 THz )
      3    200.9683 cm^-1  (      6.0249 THz )

 # k point    72 : (  0.3000,  0.3000,  0.0000)
   Mode, Frequency 
      1    115.6976 cm^-1  (      3.4685 THz )
      2    159.1614 cm^-1  (      4.7715 THz )
      3    204.1708 cm^-1  (      6.1209 THz )

 # k point    73 : (  0.2900,  0.2900,  0.0000)
   Mode, Frequency 
      1    111.8474 cm^-1  (      3.3531 THz )
      2    154.7961 cm^-1  (      4.6407 THz )
      3    207.0388 cm^-1  (      6.2069 THz )

 # k point    74 : (  0.2800,  0.2800,  0.0000)
   Mode, Frequency 
      1    107.8516 cm^-1  (      3.2333 THz )
      2    150.1404 cm^-1  (      4.5011 THz )
      3    209.4025 cm^-1  (      6.2777 THz )

 # k point    75 : (  0.2700,  0.2700,  0.0000)
   Mode, Frequency 
      1    103.7526 cm^-1  (      3.1104 THz )
      2    145.2971 cm^-1  (      4.3559 THz )
      3    211.1636 cm^-1  (      6.3305 THz )

 # k point    76 : (  0.2600,  0.2600,  0.0000)
   Mode, Frequency 
      1     99.5911 cm^-1  (      2.9857 THz )
      2    140.3366 cm^-1  (      4.2072 THz )
      3    212.2613 cm^-1  (      6.3634 THz )

 # k point    77 : (  0.2500,  0.2500,  0.0000)
   Mode, Frequency 
      1     95.4064 cm^-1  (      2.8602 THz )
      2    135.3109 cm^-1  (      4.0565 THz )
      3    212.6566 cm^-1  (      6.3753 THz )

 # k point    78 : (  0.2400,  0.2400,  0.0000)
   Mode, Frequency 
      1     91.2349 cm^-1  (      2.7352 THz )
      2    130.2598 cm^-1  (      3.9051 THz )
      3    212.3232 cm^-1  (      6.3653 THz )

 # k point    79 : (  0.2300,  0.2300,  0.0000)
   Mode, Frequency 
      1     87.1097 cm^-1  (      2.6115 THz )
      2    125.2135 cm^-1  (      3.7538 THz )
      3    211.2433 cm^-1  (      6.3329 THz )

 # k point    80 : (  0.2200,  0.2200,  0.0000)
   Mode, Frequency 
      1     83.0590 cm^-1  (      2.4900 THz )
      2    120.1937 cm^-1  (      3.6033 THz )
      3    209.4050 cm^-1  (      6.2778 THz )

 # k point    81 : (  0.2100,  0.2100,  0.0000)
   Mode, Frequency 
      1     79.1048 cm^-1  (      2.3715 THz )
      2    115.2143 cm^-1  (      3.4540 THz )
      3    206.8011 cm^-1  (      6.1997 THz )

 # k point    82 : (  0.2000,  0.2000,  0.0000)
   Mode, Frequency 
      1     75.2621 cm^-1  (      2.2563 THz )
      2    110.2813 cm^-1  (      3.3062 THz )
      3    203.4277 cm^-1  (      6.0986 THz )

 # k point    83 : (  0.1900,  0.1900,  0.0000)
   Mode, Frequency 
      1     71.5376 cm^-1  (      2.1446 THz )
      2    105.3934 cm^-1  (      3.1596 THz )
      3    199.2847 cm^-1  (      5.9744 THz )

 # k point    84 : (  0.1800,  0.1800,  0.0000)
   Mode, Frequency 
      1     67.9299 cm^-1  (      2.0365 THz )
      2    100.5424 cm^-1  (      3.0142 THz )
      3    194.3745 cm^-1  (      5.8272 THz )

 # k point    85 : (  0.1700,  0.1700,  0.0000)
   Mode, Frequency 
      1     64.4290 cm^-1  (      1.9315 THz )
      2     95.7140 cm^-1  (      2.8694 THz )
      3    188.7032 cm^-1  (      5.6572 THz )

 # k point    86 : (  0.1600,  0.1600,  0.0000)
   Mode, Frequency 
      1     61.0173 cm^-1  (      1.8293 THz )
      2     90.8890 cm^-1  (      2.7248 THz )
      3    182.2797 cm^-1  (      5.4646 THz )

 # k point    87 : (  0.1500,  0.1500,  0.0000)
   Mode, Frequency 
      1     57.6711 cm^-1  (      1.7289 THz )
      2     86.0446 cm^-1  (      2.5796 THz )
      3    175.1167 cm^-1  (      5.2499 THz )

 # k point    88 : (  0.1400,  0.1400,  0.0000)
   Mode, Frequency 
      1     54.3619 cm^-1  (      1.6297 THz )
      2     81.1558 cm^-1  (      2.4330 THz )
      3    167.2304 cm^-1  (      5.0134 THz )

 # k point    89 : (  0.1300,  0.1300,  0.0000)
   Mode, Frequency 
      1     51.0585 cm^-1  (      1.5307 THz )
      2     76.1971 cm^-1  (      2.2843 THz )
      3    158.6409 cm^-1  (      4.7559 THz )

 # k point    90 : (  0.1200,  0.1200,  0.0000)
   Mode, Frequency 
      1     47.7294 cm^-1  (      1.4309 THz )
      2     71.1439 cm^-1  (      2.1328 THz )
      3    149.3727 cm^-1  (      4.4781 THz )

 # k point    91 : (  0.1100,  0.1100,  0.0000)
   Mode, Frequency 
      1     44.3444 cm^-1  (      1.3294 THz )
      2     65.9744 cm^-1  (      1.9779 THz )
      3    139.4545 cm^-1  (      4.1807 THz )

 # k point    92 : (  0.1000,  0.1000,  0.0000)
   Mode, Frequency 
      1     40.8771 cm^-1  (      1.2255 THz )
      2     60.6701 cm^-1  (      1.8188 THz )
      3    128.9193 cm^-1  (      3.8649 THz )

 # k point    93 : (  0.0900,  0.0900,  0.0000)
   Mode, Frequency 
      1     37.3055 cm^-1  (      1.1184 THz )
      2     55.2175 cm^-1  (      1.6554 THz )
      3    117.8049 cm^-1  (      3.5317 THz )

 # k point    94 : (  0.0800,  0.0800,  0.0000)
   Mode, Frequency 
      1     33.6139 cm^-1  (      1.0077 THz )
      2     49.6084 cm^-1  (      1.4872 THz )
      3    106.1536 cm^-1  (      3.1824 THz )

 # k point    95 : (  0.0700,  0.0700,  0.0000)
   Mode, Frequency 
      1     29.7932 cm^-1  (      0.8932 THz )
      2     43.8406 cm^-1  (      1.3143 THz )
      3     94.0119 cm^-1  (      2.8184 THz )

 # k point    96 : (  0.0600,  0.0600,  0.0000)
   Mode, Frequency 
      1     25.8408 cm^-1  (      0.7747 THz )
      2     37.9177 cm^-1  (      1.1367 THz )
      3     81.4307 cm^-1  (      2.4412 THz )

 # k point    97 : (  0.0500,  0.0500,  0.0000)
   Mode, Frequency 
      1     21.7612 cm^-1  (      0.6524 THz )
      2     31.8491 cm^-1  (      0.9548 THz )
      3     68.4647 cm^-1  (      2.0525 THz )

 # k point    98 : (  0.0400,  0.0400,  0.0000)
   Mode, Frequency 
      1     17.5649 cm^-1  (      0.5266 THz )
      2     25.6500 cm^-1  (      0.7690 THz )
      3     55.1722 cm^-1  (      1.6540 THz )

 # k point    99 : (  0.0300,  0.0300,  0.0000)
   Mode, Frequency 
      1     13.2680 cm^-1  (      0.3978 THz )
      2     19.3401 cm^-1  (      0.5798 THz )
      3     41.6146 cm^-1  (      1.2476 THz )

 # k point   100 : (  0.0200,  0.0200,  0.0000)
   Mode, Frequency 
      1      8.8915 cm^-1  (      0.2666 THz )
      2     12.9434 cm^-1  (      0.3880 THz )
      3     27.8559 cm^-1  (      0.8351 THz )

 # k point   101 : (  0.0100,  0.0100,  0.0000)
   Mode, Frequency 
      1      4.4599 cm^-1  (      0.1337 THz )
      2      6.4869 cm^-1  (      0.1945 THz )
      3     13.9619 cm^-1  (      0.4186 THz )

 # k point   102 : (  0.0000,  0.0000,  0.0000)
   Mode, Frequency 
      1      0.0000 cm^-1  (      0.0000 THz )
      2      0.0000 cm^-1  (      0.0000 THz )
      3      0.0000 cm^-1  (      0.0000 THz )

 # k point   103 : (  0.0000,  0.0000,  0.0000)
   Mode, Frequency 
      1      0.0000 cm^-1  (      0.0000 THz )
      2      0.0000 cm^-1  (      0.0000 THz )
      3      0.0000 cm^-1  (      0.0000 THz )

 # k point   104 : (  0.0000,  0.0200,  0.0000)
   Mode, Frequency 
      1      4.0810 cm^-1  (      0.1223 THz )
      2     10.7175 cm^-1  (      0.3213 THz )
      3     14.5242 cm^-1  (      0.4354 THz )

 # k point   105 : (  0.0000,  0.0400,  0.0000)
   Mode, Frequency 
      1      8.1280 cm^-1  (      0.2437 THz )
      2     21.3545 cm^-1  (      0.6402 THz )
      3     28.9860 cm^-1  (      0.8690 THz )

 # k point   106 : (  0.0000,  0.0600,  0.0000)
   Mode, Frequency 
      1     12.1079 cm^-1  (      0.3630 THz )
      2     31.8318 cm^-1  (      0.9543 THz )
      3     43.3237 cm^-1  (      1.2988 THz )

 # k point   107 : (  0.0000,  0.0800,  0.0000)
   Mode, Frequency 
      1     15.9891 cm^-1  (      0.4793 THz )
      2     42.0735 cm^-1  (      1.2613 THz )
      3     57.4762 cm^-1  (      1.7231 THz )

 # k point   108 : (  0.0000,  0.1000,  0.0000)
   Mode, Frequency 
      1     19.7427 cm^-1  (      0.5919 THz )
      2     52.0077 cm^-1  (      1.5592 THz )
      3     71.3837 cm^-1  (      2.1400 THz )

 # k point   109 : (  0.0000,  0.1200,  0.0000)
   Mode, Frequency 
      1     23.3427 cm^-1  (      0.6998 THz )
      2     61.5685 cm^-1  (      1.8458 THz )
      3     84.9883 cm^-1  (      2.5479 THz )

 # k point   110 : (  0.0000,  0.1400,  0.0000)
   Mode, Frequency 
      1     26.7673 cm^-1  (      0.8025 THz )
      2     70.6968 cm^-1  (      2.1194 THz )
      3     98.2339 cm^-1  (      2.9450 THz )

 # k point   111 : (  0.0000,  0.1600,  0.0000)
   Mode, Frequency 
      1     29.9994 cm^-1  (      0.8994 THz )
      2     79.3416 cm^-1  (      2.3786 THz )
      3    111.0668 cm^-1  (      3.3297 THz )

 # k point   112 : (  0.0000,  0.1800,  0.0000)
   Mode, Frequency 
      1     33.0274 cm^-1  (      0.9901 THz )
      2     87.4610 cm^-1  (      2.6220 THz )
      3    123.4361 cm^-1  (      3.7005 THz )

 # k point   113 : (  0.0000,  0.2000,  0.0000)
   Mode, Frequency 
      1     35.8458 cm^-1  (      1.0746 THz )
      2     95.0227 cm^-1  (      2.8487 THz )
      3    135.2938 cm^-1  (      4.0560 THz )

 # k point   114 : (  0.0000,  0.2200,  0.0000)
   Mode, Frequency 
      1     38.4556 cm^-1  (      1.1529 THz )
      2    102.0051 cm^-1  (      3.0580 THz )
      3    146.5950 cm^-1  (      4.3948 THz )

 # k point   115 : (  0.0000,  0.2400,  0.0000)
   Mode, Frequency 
      1     40.8653 cm^-1  (      1.2251 THz )
      2    108.3969 cm^-1  (      3.2497 THz )
      3    157.2981 cm^-1  (      4.7157 THz )

 # k point   116 : (  0.0000,  0.2600,  0.0000)
   Mode, Frequency 
      1     43.0904 cm^-1  (      1.2918 THz )
      2    114.1978 cm^-1  (      3.4236 THz )
      3    167.3650 cm^-1  (      5.0175 THz )

 # k point   117 : (  0.0000,  0.2800,  0.0000)
   Mode, Frequency 
      1     45.1545 cm^-1  (      1.3537 THz )
      2    119.4180 cm^-1  (      3.5801 THz )
      3    176.7610 cm^-1  (      5.2992 THz )

 # k point   118 : (  0.0000,  0.3000,  0.0000)
   Mode, Frequency 
      1     47.0881 cm^-1  (      1.4117 THz )
      2    124.0776 cm^-1  (      3.7198 THz )
      3    185.4550 cm^-1  (      5.5598 THz )

 # k point   119 : (  0.0000,  0.3200,  0.0000)
   Mode, Frequency 
      1     48.9287 cm^-1  (      1.4668 THz )
      2    128.2058 cm^-1  (      3.8435 THz )
      3    193.4196 cm^-1  (      5.7986 THz )

 # k point   120 : (  0.0000,  0.3400,  0.0000)
   Mode, Frequency 
      1     50.7198 cm^-1  (      1.5205 THz )
      2    131.8395 cm^-1  (      3.9524 THz )
      3    200.6307 cm^-1  (      6.0148 THz )

 # k point   121 : (  0.0000,  0.3600,  0.0000)
   Mode, Frequency 
      1     52.5090 cm^-1  (      1.5742 THz )
      2    135.0220 cm^-1  (      4.0479 THz )
      3    207.0676 cm^-1  (      6.2077 THz )

 # k point   122 : (  0.0000,  0.3800,  0.0000)
   Mode, Frequency 
      1     54.3463 cm^-1  (      1.6293 THz )
      2    137.8006 cm^-1  (      4.1312 THz )
      3    212.7131 cm^-1  (      6.3770 THz )

 # k point   123 : (  0.0000,  0.4000,  0.0000)
   Mode, Frequency 
      1     56.2818 cm^-1  (      1.6873 THz )
      2    140.2250 cm^-1  (      4.2038 THz )
      3    217.5529 cm^-1  (      6.5221 THz )

 # k point   124 : (  0.0000,  0.4200,  0.0000)
   Mode, Frequency 
      1     58.3628 cm^-1  (      1.7497 THz )
      2    142.3443 cm^-1  (      4.2674 THz )
      3    221.5760 cm^-1  (      6.6427 THz )

 # k point   125 : (  0.0000,  0.4400,  0.0000)
   Mode, Frequency 
      1     60.6313 cm^-1  (      1.8177 THz )
      2    144.2050 cm^-1  (      4.3232 THz )
      3    224.7744 cm^-1  (      6.7386 THz )

 # k point   126 : (  0.0000,  0.4600,  0.0000)
   Mode, Frequency 
      1     63.1215 cm^-1  (      1.8923 THz )
      2    145.8483 cm^-1  (      4.3724 THz )
      3    227.1425 cm^-1  (      6.8096 THz )

 # k point   127 : (  0.0000,  0.4800,  0.0000)
   Mode, Frequency 
      1     65.8583 cm^-1  (      1.9744 THz )
      2    147.3081 cm^-1  (      4.4162 THz )
      3    228.6777 cm^-1  (      6.8556 THz )

 # k point   128 : (  0.0000,  0.5000,  0.0000)
   Mode, Frequency 
      1     68.8564 cm^-1  (      2.0643 THz )
      2    148.6090 cm^-1  (      4.4552 THz )
      3    229.3797 cm^-1  (      6.8766 THz )

 # k point   129 : (  0.0000,  0.5200,  0.0000)
   Mode, Frequency 
      1     72.1197 cm^-1  (      2.1621 THz )
      2    149.7656 cm^-1  (      4.4899 THz )
      3    229.2506 cm^-1  (      6.8728 THz )

 # k point   130 : (  0.0000,  0.5400,  0.0000)
   Mode, Frequency 
      1     75.6427 cm^-1  (      2.2677 THz )
      2    150.7814 cm^-1  (      4.5203 THz )
      3    228.2949 cm^-1  (      6.8441 THz )

 # k point   131 : (  0.0000,  0.5600,  0.0000)
   Mode, Frequency 
      1     79.4113 cm^-1  (      2.3807 THz )
      2    151.6491 cm^-1  (      4.5463 THz )
      3    226.5192 cm^-1  (      6.7909 THz )

 # k point   132 : (  0.0000,  0.5800,  0.0000)
   Mode, Frequency 
      1     83.4047 cm^-1  (      2.5004 THz )
      2    152.3517 cm^-1  (      4.5674 THz )
      3    223.9325 cm^-1  (      6.7133 THz )

 # k point   133 : (  0.0000,  0.6000,  0.0000)
   Mode, Frequency 
      1     87.5970 cm^-1  (      2.6261 THz )
      2    152.8637 cm^-1  (      4.5827 THz )
      3    220.5456 cm^-1  (      6.6118 THz )

 # k point   134 : (  0.0000,  0.6200,  0.0000)
   Mode, Frequency 
      1     91.9587 cm^-1  (      2.7569 THz )
      2    153.1535 cm^-1  (      4.5914 THz )
      3    216.3718 cm^-1  (      6.4867 THz )

 # k point   135 : (  0.0000,  0.6400,  0.0000)
   Mode, Frequency 
      1     96.4588 cm^-1  (      2.8918 THz )
      2    153.1854 cm^-1  (      4.5924 THz )
      3    211.4263 cm^-1  (      6.3384 THz )

 # k point   136 : (  0.0000,  0.6600,  0.0000)
   Mode, Frequency 
      1    101.0653 cm^-1  (      3.0299 THz )
      2    152.9228 cm^-1  (      4.5845 THz )
      3    205.7267 cm^-1  (      6.1675 THz )

 # k point   137 : (  0.0000,  0.6800,  0.0000)
   Mode, Frequency 
      1    105.7468 cm^-1  (      3.1702 THz )
      2    152.3305 cm^-1  (      4.5668 THz )
      3    199.2927 cm^-1  (      5.9746 THz )

 # k point   138 : (  0.0000,  0.7000,  0.0000)
   Mode, Frequency 
      1    110.4731 cm^-1  (      3.3119 THz )
      2    151.3779 cm^-1  (      4.5382 THz )
      3    192.1462 cm^-1  (      5.7604 THz )

 # k point   139 : (  0.0000,  0.7200,  0.0000)
   Mode, Frequency 
      1    115.2156 cm^-1  (      3.4541 THz )
      2    150.0415 cm^-1  (      4.4981 THz )
      3    184.3117 cm^-1  (      5.5255 THz )

 # k point   140 : (  0.0000,  0.7400,  0.0000)
   Mode, Frequency 
      1    119.9476 cm^-1  (      3.5959 THz )
      2    148.3073 cm^-1  (      4.4461 THz )
      3    175.8157 cm^-1  (      5.2708 THz )

 # k point   141 : (  0.0000,  0.7600,  0.0000)
   Mode, Frequency 
      1    124.6445 cm^-1  (      3.7367 THz )
      2    146.1736 cm^-1  (      4.3822 THz )
      3    166.6874 cm^-1  (      4.9972 THz )

 # k point   142 : (  0.0000,  0.7800,  0.0000)
   Mode, Frequency 
      1    129.2833 cm^-1  (      3.8758 THz )
      2    143.6527 cm^-1  (      4.3066 THz )
      3    156.9584 cm^-1  (      4.7055 THz )

 # k point   143 : (  0.0000,  0.8000,  0.0000)
   Mode, Frequency 
      1    133.8380 cm^-1  (      4.0124 THz )
      2    140.7731 cm^-1  (      4.2203 THz )
      3    146.6678 cm^-1  (      4.3970 THz )

 # k point   144 : (  0.0000,  0.8200,  0.0000)
   Mode, Frequency 
      1    135.7112 cm^-1  (      4.0685 THz )
      2    137.5814 cm^-1  (      4.1246 THz )
      3    138.4292 cm^-1  (      4.1500 THz )

 # k point   145 : (  0.0000,  0.8400,  0.0000)
   Mode, Frequency 
      1    124.4596 cm^-1  (      3.7312 THz )
      2    134.1434 cm^-1  (      4.0215 THz )
      3    142.7052 cm^-1  (      4.2782 THz )

 # k point   146 : (  0.0000,  0.8600,  0.0000)
   Mode, Frequency 
      1    112.6649 cm^-1  (      3.3776 THz )
      2    130.5456 cm^-1  (      3.9137 THz )
      3    146.9350 cm^-1  (      4.4050 THz )

 # k point   147 : (  0.0000,  0.8800,  0.0000)
   Mode, Frequency 
      1    100.4345 cm^-1  (      3.0109 THz )
      2    126.8948 cm^-1  (      3.8042 THz )
      3    151.0308 cm^-1  (      4.5278 THz )

 # k point   148 : (  0.0000,  0.9000,  0.0000)
   Mode, Frequency 
      1     87.7994 cm^-1  (      2.6322 THz )
      2    123.3180 cm^-1  (      3.6970 THz )
      3    154.9773 cm^-1  (      4.6461 THz )

 # k point   149 : (  0.0000,  0.9200,  0.0000)
   Mode, Frequency 
      1     74.7761 cm^-1  (      2.2417 THz )
      2    119.9592 cm^-1  (      3.5963 THz )
      3    158.7621 cm^-1  (      4.7596 THz )

 # k point   150 : (  0.0000,  0.9400,  0.0000)
   Mode, Frequency 
      1     61.3516 cm^-1  (      1.8393 THz )
      2    116.9743 cm^-1  (      3.5068 THz )
      3    162.3737 cm^-1  (      4.8678 THz )

 # k point   151 : (  0.0000,  0.9600,  0.0000)
   Mode, Frequency 
      1     47.4378 cm^-1  (      1.4221 THz )
      2    114.5230 cm^-1  (      3.4333 THz )
      3    165.8011 cm^-1  (      4.9706 THz )

 # k point   152 : (  0.0000,  0.9800,  0.0000)
   Mode, Frequency 
      1     32.6984 cm^-1  (      0.9803 THz )
      2    112.7566 cm^-1  (      3.3804 THz )
      3    169.0333 cm^-1  (      5.0675 THz )

 # k point   153 : (  0.0000,  1.0000,  0.0000)
   Mode, Frequency 
      1     15.2884 cm^-1  (      0.4583 THz )
      2    111.8036 cm^-1  (      3.3518 THz )
      3    172.0596 cm^-1  (      5.1582 THz )

 # k point   154 : (  0.0000,  1.0000,  0.0000)
   Mode, Frequency 
      1     15.2884 cm^-1  (      0.4583 THz )
      2    111.8036 cm^-1  (      3.3518 THz )
      3    172.0596 cm^-1  (      5.1582 THz )

 # k point   155 : (  0.0100,  0.9900,  0.0100)
   Mode, Frequency 
      1     14.7149 cm^-1  (      0.4411 THz )
      2    108.7076 cm^-1  (      3.2590 THz )
      3    166.4945 cm^-1  (      4.9914 THz )

 # k point   156 : (  0.0200,  0.9800,  0.0200)
   Mode, Frequency 
      1     15.1846 cm^-1  (      0.4552 THz )
      2    105.1907 cm^-1  (      3.1535 THz )
      3    160.9594 cm^-1  (      4.8254 THz )

 # k point   157 : (  0.0300,  0.9700,  0.0300)
   Mode, Frequency 
      1     16.6654 cm^-1  (      0.4996 THz )
      2    101.1688 cm^-1  (      3.0330 THz )
      3    155.5531 cm^-1  (      4.6634 THz )

 # k point   158 : (  0.0400,  0.9600,  0.0400)
   Mode, Frequency 
      1     18.9751 cm^-1  (      0.5689 THz )
      2     96.5700 cm^-1  (      2.8951 THz )
      3    150.3702 cm^-1  (      4.5080 THz )

 # k point   159 : (  0.0500,  0.9500,  0.0500)
   Mode, Frequency 
      1     21.9010 cm^-1  (      0.6566 THz )
      2     91.3493 cm^-1  (      2.7386 THz )
      3    145.4880 cm^-1  (      4.3616 THz )

 # k point   160 : (  0.0600,  0.9400,  0.0600)
   Mode, Frequency 
      1     25.2721 cm^-1  (      0.7576 THz )
      2     85.5031 cm^-1  (      2.5633 THz )
      3    140.9542 cm^-1  (      4.2257 THz )

 # k point   161 : (  0.0700,  0.9300,  0.0700)
   Mode, Frequency 
      1     28.9688 cm^-1  (      0.8685 THz )
      2     79.0771 cm^-1  (      2.3707 THz )
      3    136.7823 cm^-1  (      4.1006 THz )

 # k point   162 : (  0.0800,  0.9200,  0.0800)
   Mode, Frequency 
      1     32.9099 cm^-1  (      0.9866 THz )
      2     72.1687 cm^-1  (      2.1636 THz )
      3    132.9554 cm^-1  (      3.9859 THz )

 # k point   163 : (  0.0900,  0.9100,  0.0900)
   Mode, Frequency 
      1     37.0386 cm^-1  (      1.1104 THz )
      2     64.9248 cm^-1  (      1.9464 THz )
      3    129.4375 cm^-1  (      3.8804 THz )

 # k point   164 : (  0.1000,  0.9000,  0.1000)
   Mode, Frequency 
      1     41.3125 cm^-1  (      1.2385 THz )
      2     57.5483 cm^-1  (      1.7253 THz )
      3    126.1853 cm^-1  (      3.7829 THz )

 # k point   165 : (  0.1100,  0.8900,  0.1100)
   Mode, Frequency 
      1     45.6958 cm^-1  (      1.3699 THz )
      2     50.3202 cm^-1  (      1.5086 THz )
      3    123.1577 cm^-1  (      3.6922 THz )

 # k point   166 : (  0.1200,  0.8800,  0.1200)
   Mode, Frequency 
      1     43.6327 cm^-1  (      1.3081 THz )
      2     50.1693 cm^-1  (      1.5040 THz )
      3    120.3210 cm^-1  (      3.6071 THz )

 # k point   167 : (  0.1300,  0.8700,  0.1300)
   Mode, Frequency 
      1     38.0922 cm^-1  (      1.1420 THz )
      2     54.6904 cm^-1  (      1.6396 THz )
      3    117.6513 cm^-1  (      3.5271 THz )

 # k point   168 : (  0.1400,  0.8600,  0.1400)
   Mode, Frequency 
      1     34.4909 cm^-1  (      1.0340 THz )
      2     59.2408 cm^-1  (      1.7760 THz )
      3    115.1362 cm^-1  (      3.4517 THz )

 # k point   169 : (  0.1500,  0.8500,  0.1500)
   Mode, Frequency 
      1     33.6201 cm^-1  (      1.0079 THz )
      2     63.7922 cm^-1  (      1.9124 THz )
      3    112.7758 cm^-1  (      3.3809 THz )

 # k point   170 : (  0.1600,  0.8400,  0.1600)
   Mode, Frequency 
      1     35.7408 cm^-1  (      1.0715 THz )
      2     68.3142 cm^-1  (      2.0480 THz )
      3    110.5857 cm^-1  (      3.3153 THz )

 # k point   171 : (  0.1700,  0.8300,  0.1700)
   Mode, Frequency 
      1     40.3518 cm^-1  (      1.2097 THz )
      2     72.7705 cm^-1  (      2.1816 THz )
      3    108.6042 cm^-1  (      3.2559 THz )

 # k point   172 : (  0.1800,  0.8200,  0.1800)
   Mode, Frequency 
      1     46.6033 cm^-1  (      1.3971 THz )
      2     77.1117 cm^-1  (      2.3117 THz )
      3    106.9068 cm^-1  (      3.2050 THz )

 # k point   173 : (  0.1900,  0.8100,  0.1900)
   Mode, Frequency 
      1     53.7172 cm^-1  (      1.6104 THz )
      2     81.2616 cm^-1  (      2.4362 THz )
      3    105.6369 cm^-1  (      3.1669 THz )

 # k point   174 : (  0.2000,  0.8000,  0.2000)
   Mode, Frequency 
      1     61.0586 cm^-1  (      1.8305 THz )
      2     85.0995 cm^-1  (      2.5512 THz )
      3    105.0580 cm^-1  (      3.1496 THz )

 # k point   175 : (  0.2100,  0.7900,  0.2100)
   Mode, Frequency 
      1     68.0166 cm^-1  (      2.0391 THz )
      2     88.4858 cm^-1  (      2.6527 THz )
      3    105.5971 cm^-1  (      3.1657 THz )

 # k point   176 : (  0.2200,  0.7800,  0.2200)
   Mode, Frequency 
      1     73.8413 cm^-1  (      2.2137 THz )
      2     91.4913 cm^-1  (      2.7428 THz )
      3    107.7159 cm^-1  (      3.2292 THz )

 # k point   177 : (  0.2300,  0.7700,  0.2300)
   Mode, Frequency 
      1     77.6937 cm^-1  (      2.3292 THz )
      2     94.6597 cm^-1  (      2.8378 THz )
      3    111.5564 cm^-1  (      3.3444 THz )

 # k point   178 : (  0.2400,  0.7600,  0.2400)
   Mode, Frequency 
      1     79.3209 cm^-1  (      2.3780 THz )
      2     98.3828 cm^-1  (      2.9494 THz )
      3    116.8663 cm^-1  (      3.5036 THz )

 # k point   179 : (  0.2500,  0.7500,  0.2500)
   Mode, Frequency 
      1     79.3472 cm^-1  (      2.3788 THz )
      2    102.3526 cm^-1  (      3.0685 THz )
      3    123.2427 cm^-1  (      3.6947 THz )

 # k point   180 : (  0.2600,  0.7400,  0.2600)
   Mode, Frequency 
      1     78.4778 cm^-1  (      2.3527 THz )
      2    106.1989 cm^-1  (      3.1838 THz )
      3    130.2828 cm^-1  (      3.9058 THz )

 # k point   181 : (  0.2700,  0.7300,  0.2700)
   Mode, Frequency 
      1     77.1250 cm^-1  (      2.3122 THz )
      2    109.7885 cm^-1  (      3.2914 THz )
      3    137.6545 cm^-1  (      4.1268 THz )

 # k point   182 : (  0.2800,  0.7200,  0.2800)
   Mode, Frequency 
      1     75.4986 cm^-1  (      2.2634 THz )
      2    113.1100 cm^-1  (      3.3910 THz )
      3    145.1193 cm^-1  (      4.3506 THz )

 # k point   183 : (  0.2900,  0.7100,  0.2900)
   Mode, Frequency 
      1     73.7093 cm^-1  (      2.2097 THz )
      2    116.1839 cm^-1  (      3.4831 THz )
      3    152.5164 cm^-1  (      4.5723 THz )

 # k point   184 : (  0.3000,  0.7000,  0.3000)
   Mode, Frequency 
      1     71.8219 cm^-1  (      2.1532 THz )
      2    119.0346 cm^-1  (      3.5686 THz )
      3    159.7381 cm^-1  (      4.7888 THz )

 # k point   185 : (  0.3100,  0.6900,  0.3100)
   Mode, Frequency 
      1     69.8798 cm^-1  (      2.0949 THz )
      2    121.6843 cm^-1  (      3.6480 THz )
      3    166.7096 cm^-1  (      4.9978 THz )

 # k point   186 : (  0.3200,  0.6800,  0.3200)
   Mode, Frequency 
      1     67.9166 cm^-1  (      2.0361 THz )
      2    124.1536 cm^-1  (      3.7220 THz )
      3    173.3781 cm^-1  (      5.1977 THz )

 # k point   187 : (  0.3300,  0.6700,  0.3300)
   Mode, Frequency 
      1     65.9620 cm^-1  (      1.9775 THz )
      2    126.4617 cm^-1  (      3.7912 THz )
      3    179.7044 cm^-1  (      5.3874 THz )

 # k point   188 : (  0.3400,  0.6600,  0.3400)
   Mode, Frequency 
      1     64.0457 cm^-1  (      1.9200 THz )
      2    128.6276 cm^-1  (      3.8562 THz )
      3    185.6590 cm^-1  (      5.5659 THz )

 # k point   189 : (  0.3500,  0.6500,  0.3500)
   Mode, Frequency 
      1     62.1986 cm^-1  (      1.8647 THz )
      2    130.6700 cm^-1  (      3.9174 THz )
      3    191.2196 cm^-1  (      5.7326 THz )

 # k point   190 : (  0.3600,  0.6400,  0.3600)
   Mode, Frequency 
      1     60.4538 cm^-1  (      1.8124 THz )
      2    132.6074 cm^-1  (      3.9755 THz )
      3    196.3689 cm^-1  (      5.8870 THz )

 # k point   191 : (  0.3700,  0.6300,  0.3700)
   Mode, Frequency 
      1     58.8466 cm^-1  (      1.7642 THz )
      2    134.4575 cm^-1  (      4.0309 THz )
      3    201.0941 cm^-1  (      6.0286 THz )

 # k point   192 : (  0.3800,  0.6200,  0.3800)
   Mode, Frequency 
      1     57.4140 cm^-1  (      1.7212 THz )
      2    136.2371 cm^-1  (      4.0843 THz )
      3    205.3858 cm^-1  (      6.1573 THz )

 # k point   193 : (  0.3900,  0.6100,  0.3900)
   Mode, Frequency 
      1     56.1931 cm^-1  (      1.6846 THz )
      2    137.9614 cm^-1  (      4.1360 THz )
      3    209.2377 cm^-1  (      6.2728 THz )

 # k point   194 : (  0.4000,  0.6000,  0.4000)
   Mode, Frequency 
      1     55.2195 cm^-1  (      1.6554 THz )
      2    139.6430 cm^-1  (      4.1864 THz )
      3    212.6464 cm^-1  (      6.3750 THz )

 # k point   195 : (  0.4100,  0.5900,  0.4100)
   Mode, Frequency 
      1     54.5247 cm^-1  (      1.6346 THz )
      2    141.2919 cm^-1  (      4.2358 THz )
      3    215.6109 cm^-1  (      6.4639 THz )

 # k point   196 : (  0.4200,  0.5800,  0.4200)
   Mode, Frequency 
      1     54.1336 cm^-1  (      1.6229 THz )
      2    142.9140 cm^-1  (      4.2845 THz )
      3    218.1332 cm^-1  (      6.5395 THz )

 # k point   197 : (  0.4300,  0.5700,  0.4300)
   Mode, Frequency 
      1     54.0623 cm^-1  (      1.6207 THz )
      2    144.5112 cm^-1  (      4.3323 THz )
      3    220.2178 cm^-1  (      6.6020 THz )

 # k point   198 : (  0.4400,  0.5600,  0.4400)
   Mode, Frequency 
      1     54.3162 cm^-1  (      1.6284 THz )
      2    146.0803 cm^-1  (      4.3794 THz )
      3    221.8721 cm^-1  (      6.6516 THz )

 # k point   199 : (  0.4500,  0.5500,  0.4500)
   Mode, Frequency 
      1     54.8892 cm^-1  (      1.6455 THz )
      2    147.6127 cm^-1  (      4.4253 THz )
      3    223.1070 cm^-1  (      6.6886 THz )

 # k point   200 : (  0.4600,  0.5400,  0.4600)
   Mode, Frequency 
      1     55.7646 cm^-1  (      1.6718 THz )
      2    149.0937 cm^-1  (      4.4697 THz )
      3    223.9369 cm^-1  (      6.7135 THz )

 # k point   201 : (  0.4700,  0.5300,  0.4700)
   Mode, Frequency 
      1     56.9161 cm^-1  (      1.7063 THz )
      2    150.5021 cm^-1  (      4.5119 THz )
      3    224.3804 cm^-1  (      6.7268 THz )

 # k point   202 : (  0.4800,  0.5200,  0.4800)
   Mode, Frequency 
      1     58.3101 cm^-1  (      1.7481 THz )
      2    151.8097 cm^-1  (      4.5511 THz )
      3    224.4612 cm^-1  (      6.7292 THz )

 # k point   203 : (  0.4900,  0.5100,  0.4900)
   Mode, Frequency 
      1     59.9086 cm^-1  (      1.7960 THz )
      2    152.9813 cm^-1  (      4.5863 THz )
      3    224.2088 cm^-1  (      6.7216 THz )

 # k point   204 : (  0.5000,  0.5000,  0.5000)
   Mode, Frequency 
      1     61.6709 cm^-1  (      1.8488 THz )
      2    153.9739 cm^-1  (      4.6160 THz )
      3    223.6590 cm^-1  (      6.7051 THz )

 # k point   205 : (  0.5000,  0.5000,  0.5000)
   Mode, Frequency 
      1     61.6709 cm^-1  (      1.8488 THz )
      2    153.9739 cm^-1  (      4.6160 THz )
      3    223.6590 cm^-1  (      6.7051 THz )

 # k point   206 : (  0.4900,  0.4900,  0.4900)
   Mode, Frequency 
      1     66.2156 cm^-1  (      1.9851 THz )
      2    157.6391 cm^-1  (      4.7259 THz )
      3    221.1496 cm^-1  (      6.6299 THz )

 # k point   207 : (  0.4800,  0.4800,  0.4800)
   Mode, Frequency 
      1     69.8144 cm^-1  (      2.0930 THz )
      2    160.5783 cm^-1  (      4.8140 THz )
      3    218.3586 cm^-1  (      6.5462 THz )

 # k point   208 : (  0.4700,  0.4700,  0.4700)
   Mode, Frequency 
      1     72.3631 cm^-1  (      2.1694 THz )
      2    162.3262 cm^-1  (      4.8664 THz )
      3    215.7716 cm^-1  (      6.4687 THz )

 # k point   209 : (  0.4600,  0.4600,  0.4600)
   Mode, Frequency 
      1     73.7234 cm^-1  (      2.2102 THz )
      2    162.4111 cm^-1  (      4.8690 THz )
      3    213.9361 cm^-1  (      6.4136 THz )

 # k point   210 : (  0.4500,  0.4500,  0.4500)
   Mode, Frequency 
      1     73.7129 cm^-1  (      2.2099 THz )
      2    160.5826 cm^-1  (      4.8141 THz )
      3    213.2519 cm^-1  (      6.3931 THz )

 # k point   211 : (  0.4400,  0.4400,  0.4400)
   Mode, Frequency 
      1     72.0944 cm^-1  (      2.1613 THz )
      2    157.0380 cm^-1  (      4.7079 THz )
      3    213.7574 cm^-1  (      6.4083 THz )

 # k point   212 : (  0.4300,  0.4300,  0.4300)
   Mode, Frequency 
      1     68.5768 cm^-1  (      2.0559 THz )
      2    152.3761 cm^-1  (      4.5681 THz )
      3    215.1678 cm^-1  (      6.4506 THz )

 # k point   213 : (  0.4200,  0.4200,  0.4200)
   Mode, Frequency 
      1     62.8370 cm^-1  (      1.8838 THz )
      2    147.3317 cm^-1  (      4.4169 THz )
      3    217.1003 cm^-1  (      6.5085 THz )

 # k point   214 : (  0.4100,  0.4100,  0.4100)
   Mode, Frequency 
      1     54.5458 cm^-1  (      1.6352 THz )
      2    142.5387 cm^-1  (      4.2732 THz )
      3    219.2298 cm^-1  (      6.5723 THz )

 # k point   215 : (  0.4000,  0.4000,  0.4000)
   Mode, Frequency 
      1     43.2810 cm^-1  (      1.2975 THz )
      2    138.4131 cm^-1  (      4.1495 THz )
      3    221.3263 cm^-1  (      6.6352 THz )

 # k point   216 : (  0.3900,  0.3900,  0.3900)
   Mode, Frequency 
      1     27.7595 cm^-1  (      0.8322 THz )
      2    135.1476 cm^-1  (      4.0516 THz )
      3    223.2371 cm^-1  (      6.6925 THz )

 # k point   217 : (  0.3800,  0.3800,  0.3800)
   Mode, Frequency 
      1    -13.9517 cm^-1  (     -0.4183 THz )
      2    132.7825 cm^-1  (      3.9807 THz )
      3    224.8622 cm^-1  (      6.7412 THz )

 # k point   218 : (  0.3700,  0.3700,  0.3700)
   Mode, Frequency 
      1    -30.0389 cm^-1  (     -0.9005 THz )
      2    131.2956 cm^-1  (      3.9361 THz )
      3    226.1347 cm^-1  (      6.7793 THz )

 # k point   219 : (  0.3600,  0.3600,  0.3600)
   Mode, Frequency 
      1    -35.6080 cm^-1  (     -1.0675 THz )
      2    130.6638 cm^-1  (      3.9172 THz )
      3    227.0085 cm^-1  (      6.8055 THz )

 # k point   220 : (  0.3500,  0.3500,  0.3500)
   Mode, Frequency 
      1    -35.3600 cm^-1  (     -1.0601 THz )
      2    130.8915 cm^-1  (      3.9240 THz )
      3    227.4500 cm^-1  (      6.8188 THz )

 # k point   221 : (  0.3400,  0.3400,  0.3400)
   Mode, Frequency 
      1    -29.2256 cm^-1  (     -0.8762 THz )
      2    132.0186 cm^-1  (      3.9578 THz )
      3    227.4344 cm^-1  (      6.8183 THz )

 # k point   222 : (  0.3300,  0.3300,  0.3300)
   Mode, Frequency 
      1    -11.3465 cm^-1  (     -0.3402 THz )
      2    134.1159 cm^-1  (      4.0207 THz )
      3    226.9434 cm^-1  (      6.8036 THz )

 # k point   223 : (  0.3200,  0.3200,  0.3200)
   Mode, Frequency 
      1     28.9193 cm^-1  (      0.8670 THz )
      2    137.2687 cm^-1  (      4.1152 THz )
      3    225.9668 cm^-1  (      6.7743 THz )

 # k point   224 : (  0.3100,  0.3100,  0.3100)
   Mode, Frequency 
      1     43.8502 cm^-1  (      1.3146 THz )
      2    141.5387 cm^-1  (      4.2432 THz )
      3    224.5041 cm^-1  (      6.7305 THz )

 # k point   225 : (  0.3000,  0.3000,  0.3000)
   Mode, Frequency 
      1     54.8163 cm^-1  (      1.6434 THz )
      2    146.9018 cm^-1  (      4.4040 THz )
      3    222.5700 cm^-1  (      6.6725 THz )

 # k point   226 : (  0.2900,  0.2900,  0.2900)
   Mode, Frequency 
      1     63.0508 cm^-1  (      1.8902 THz )
      2    153.1826 cm^-1  (      4.5923 THz )
      3    220.2030 cm^-1  (      6.6015 THz )

 # k point   227 : (  0.2800,  0.2800,  0.2800)
   Mode, Frequency 
      1     69.0438 cm^-1  (      2.0699 THz )
      2    160.0274 cm^-1  (      4.7975 THz )
      3    217.4819 cm^-1  (      6.5199 THz )

 # k point   228 : (  0.2700,  0.2700,  0.2700)
   Mode, Frequency 
      1     73.1740 cm^-1  (      2.1937 THz )
      2    166.9236 cm^-1  (      5.0042 THz )
      3    214.5583 cm^-1  (      6.4323 THz )

 # k point   229 : (  0.2600,  0.2600,  0.2600)
   Mode, Frequency 
      1     75.7814 cm^-1  (      2.2719 THz )
      2    173.2118 cm^-1  (      5.1928 THz )
      3    211.7239 cm^-1  (      6.3473 THz )

 # k point   230 : (  0.2500,  0.2500,  0.2500)
   Mode, Frequency 
      1     77.1585 cm^-1  (      2.3132 THz )
      2    178.0355 cm^-1  (      5.3374 THz )
      3    209.5212 cm^-1  (      6.2813 THz )

 # k point   231 : (  0.2400,  0.2400,  0.2400)
   Mode, Frequency 
      1     77.5452 cm^-1  (      2.3247 THz )
      2    180.3819 cm^-1  (      5.4077 THz )
      3    208.7245 cm^-1  (      6.2574 THz )

 # k point   232 : (  0.2300,  0.2300,  0.2300)
   Mode, Frequency 
      1     77.1372 cm^-1  (      2.3125 THz )
      2    179.7293 cm^-1  (      5.3881 THz )
      3    209.6917 cm^-1  (      6.2864 THz )

 # k point   233 : (  0.2200,  0.2200,  0.2200)
   Mode, Frequency 
      1     76.0975 cm^-1  (      2.2813 THz )
      2    176.6564 cm^-1  (      5.2960 THz )
      3    211.7405 cm^-1  (      6.3478 THz )

 # k point   234 : (  0.2100,  0.2100,  0.2100)
   Mode, Frequency 
      1     74.5662 cm^-1  (      2.2354 THz )
      2    172.1043 cm^-1  (      5.1596 THz )
      3    213.8709 cm^-1  (      6.4117 THz )

 # k point   235 : (  0.2000,  0.2000,  0.2000)
   Mode, Frequency 
      1     72.6665 cm^-1  (      2.1785 THz )
      2    166.7093 cm^-1  (      4.9978 THz )
      3    215.4181 cm^-1  (      6.4581 THz )

 # k point   236 : (  0.1900,  0.1900,  0.1900)
   Mode, Frequency 
      1     70.5064 cm^-1  (      2.1137 THz )
      2    160.8176 cm^-1  (      4.8212 THz )
      3    216.0243 cm^-1  (      6.4762 THz )

 # k point   237 : (  0.1800,  0.1800,  0.1800)
   Mode, Frequency 
      1     68.1774 cm^-1  (      2.0439 THz )
      2    154.6180 cm^-1  (      4.6353 THz )
      3    215.4968 cm^-1  (      6.4604 THz )

 # k point   238 : (  0.1700,  0.1700,  0.1700)
   Mode, Frequency 
      1     65.7519 cm^-1  (      1.9712 THz )
      2    148.2144 cm^-1  (      4.4434 THz )
      3    213.7265 cm^-1  (      6.4074 THz )

 # k point   239 : (  0.1600,  0.1600,  0.1600)
   Mode, Frequency 
      1     63.2796 cm^-1  (      1.8971 THz )
      2    141.6601 cm^-1  (      4.2469 THz )
      3    210.6500 cm^-1  (      6.3151 THz )

 # k point   240 : (  0.1500,  0.1500,  0.1500)
   Mode, Frequency 
      1     60.7849 cm^-1  (      1.8223 THz )
      2    134.9723 cm^-1  (      4.0464 THz )
      3    206.2310 cm^-1  (      6.1827 THz )

 # k point   241 : (  0.1400,  0.1400,  0.1400)
   Mode, Frequency 
      1     58.2668 cm^-1  (      1.7468 THz )
      2    128.1416 cm^-1  (      3.8416 THz )
      3    200.4522 cm^-1  (      6.0094 THz )

 # k point   242 : (  0.1300,  0.1300,  0.1300)
   Mode, Frequency 
      1     55.7004 cm^-1  (      1.6699 THz )
      2    121.1381 cm^-1  (      3.6316 THz )
      3    193.3108 cm^-1  (      5.7953 THz )

 # k point   243 : (  0.1200,  0.1200,  0.1200)
   Mode, Frequency 
      1     53.0417 cm^-1  (      1.5902 THz )
      2    113.9183 cm^-1  (      3.4152 THz )
      3    184.8175 cm^-1  (      5.5407 THz )

 # k point   244 : (  0.1100,  0.1100,  0.1100)
   Mode, Frequency 
      1     50.2341 cm^-1  (      1.5060 THz )
      2    106.4313 cm^-1  (      3.1907 THz )
      3    174.9957 cm^-1  (      5.2462 THz )

 # k point   245 : (  0.1000,  0.1000,  0.1000)
   Mode, Frequency 
      1     47.2165 cm^-1  (      1.4155 THz )
      2     98.6252 cm^-1  (      2.9567 THz )
      3    163.8818 cm^-1  (      4.9131 THz )

 # k point   246 : (  0.0900,  0.0900,  0.0900)
   Mode, Frequency 
      1     43.9306 cm^-1  (      1.3170 THz )
      2     90.4533 cm^-1  (      2.7117 THz )
      3    151.5266 cm^-1  (      4.5427 THz )

 # k point   247 : (  0.0800,  0.0800,  0.0800)
   Mode, Frequency 
      1     40.3279 cm^-1  (      1.2090 THz )
      2     81.8795 cm^-1  (      2.4547 THz )
      3    137.9951 cm^-1  (      4.1370 THz )

 # k point   248 : (  0.0700,  0.0700,  0.0700)
   Mode, Frequency 
      1     36.3749 cm^-1  (      1.0905 THz )
      2     72.8824 cm^-1  (      2.1850 THz )
      3    123.3673 cm^-1  (      3.6985 THz )

 # k point   249 : (  0.0600,  0.0600,  0.0600)
   Mode, Frequency 
      1     32.0563 cm^-1  (      0.9610 THz )
      2     63.4578 cm^-1  (      1.9024 THz )
      3    107.7386 cm^-1  (      3.2299 THz )

 # k point   250 : (  0.0500,  0.0500,  0.0500)
   Mode, Frequency 
      1     27.3766 cm^-1  (      0.8207 THz )
      2     53.6207 cm^-1  (      1.6075 THz )
      3     91.2191 cm^-1  (      2.7347 THz )

 # k point   251 : (  0.0400,  0.0400,  0.0400)
   Mode, Frequency 
      1     22.3603 cm^-1  (      0.6703 THz )
      2     43.4050 cm^-1  (      1.3012 THz )
      3     73.9326 cm^-1  (      2.2164 THz )

 # k point   252 : (  0.0300,  0.0300,  0.0300)
   Mode, Frequency 
      1     17.0499 cm^-1  (      0.5111 THz )
      2     32.8621 cm^-1  (      0.9852 THz )
      3     56.0161 cm^-1  (      1.6793 THz )

 # k point   253 : (  0.0200,  0.0200,  0.0200)
   Mode, Frequency 
      1     11.5042 cm^-1  (      0.3449 THz )
      2     22.0593 cm^-1  (      0.6613 THz )
      3     37.6168 cm^-1  (      1.1277 THz )

 # k point   254 : (  0.0100,  0.0100,  0.0100)
   Mode, Frequency 
      1      5.7943 cm^-1  (      0.1737 THz )
      2     11.0759 cm^-1  (      0.3320 THz )
      3     18.8908 cm^-1  (      0.5663 THz )

 # k point   255 : (  0.0000,  0.0000,  0.0000)
   Mode, Frequency 
      1      0.0000 cm^-1  (      0.0000 THz )
      2      0.0000 cm^-1  (      0.0000 THz )
      3      0.0000 cm^-1  (      0.0000 THz )


 -----------------------------------------------------------------

 The following files are created: 
  sc222.bands       : Phonon band structure

 Job finished at Fri May 24 17:20:10 2024

