 +-----------------------------------------------------------------+
 +                         Program ALM                             +
 +                             Ver.  1.4.1                         +
 +-----------------------------------------------------------------+

 Number of OpenMP threads = 14

 Job started at Sat Nov  5 14:25:06 2022


 Input variables:
 -------------------------------------------------------------------
 General:
  PREFIX = al222
  MODE = suggest
  NAT = 32; NKD = 1
  PRINTSYM = 0; TOLERANCE = 0.001
  KD =   Al
  FCSYM_BASIS = Lattice
  PERIODIC =   1  1  1
  MAGMOM = 
  FCS_ALAMODE = 1;  NMAXSAVE = 5
  FC3_SHENGBTE = 0
  FC2_QEFC = 0
  HESSIAN = 0
  FC_ZERO_THR = 0

 Interaction:
  NORDER = 2
  NBODY =   2  3

  DBASIS = CART

 -------------------------------------------------------------------

 SYSTEM
 ======

  Lattice Vector
    1.526890e+01   0.000000e+00   0.000000e+00 : a1
    0.000000e+00   1.526890e+01   0.000000e+00 : a2
    0.000000e+00   0.000000e+00   1.526890e+01 : a3

  Cell volume = 3.559781e+03

  Reciprocal Lattice Vector
    4.115022e-01   0.000000e+00   0.000000e+00 : b1
    0.000000e+00   4.115022e-01   0.000000e+00 : b2
    0.000000e+00   0.000000e+00   4.115022e-01 : b3

  Atomic species:
     1   Al

  Atomic positions in fractional basis and atomic species
     1   0.000000e+00   0.000000e+00   0.000000e+00    1
     2   0.000000e+00   0.000000e+00   5.000000e-01    1
     3   0.000000e+00   5.000000e-01   0.000000e+00    1
     4   0.000000e+00   5.000000e-01   5.000000e-01    1
     5   5.000000e-01   0.000000e+00   0.000000e+00    1
     6   5.000000e-01   0.000000e+00   5.000000e-01    1
     7   5.000000e-01   5.000000e-01   0.000000e+00    1
     8   5.000000e-01   5.000000e-01   5.000000e-01    1
     9   0.000000e+00   2.500000e-01   2.500000e-01    1
    10   0.000000e+00   2.500000e-01   7.500000e-01    1
    11   0.000000e+00   7.500000e-01   2.500000e-01    1
    12   0.000000e+00   7.500000e-01   7.500000e-01    1
    13   5.000000e-01   2.500000e-01   2.500000e-01    1
    14   5.000000e-01   2.500000e-01   7.500000e-01    1
    15   5.000000e-01   7.500000e-01   2.500000e-01    1
    16   5.000000e-01   7.500000e-01   7.500000e-01    1
    17   2.500000e-01   0.000000e+00   2.500000e-01    1
    18   2.500000e-01   0.000000e+00   7.500000e-01    1
    19   2.500000e-01   5.000000e-01   2.500000e-01    1
    20   2.500000e-01   5.000000e-01   7.500000e-01    1
    21   7.500000e-01   0.000000e+00   2.500000e-01    1
    22   7.500000e-01   0.000000e+00   7.500000e-01    1
    23   7.500000e-01   5.000000e-01   2.500000e-01    1
    24   7.500000e-01   5.000000e-01   7.500000e-01    1
    25   2.500000e-01   2.500000e-01   0.000000e+00    1
    26   2.500000e-01   2.500000e-01   5.000000e-01    1
    27   2.500000e-01   7.500000e-01   0.000000e+00    1
    28   2.500000e-01   7.500000e-01   5.000000e-01    1
    29   7.500000e-01   2.500000e-01   0.000000e+00    1
    30   7.500000e-01   2.500000e-01   5.000000e-01    1
    31   7.500000e-01   7.500000e-01   0.000000e+00    1
    32   7.500000e-01   7.500000e-01   5.000000e-01    1


  Time Elapsed: 0.001122 sec.

 -------------------------------------------------------------------

 SYMMETRY
 ========

  Space group: Fm-3m (225)
  Number of symmetry operations = 1536

  Given system is not a primitive cell.
  There are    32 translation operations.
  Primitive cell contains 1 atoms

  **Cell-Atom Correspondens Below**
  CELL |  ATOM
     1 |     1
     2 |     2
     3 |     9
     4 |    10
     5 |     3
     6 |     4
     7 |    11
     8 |    12
     9 |    17
    10 |    18
    11 |    25
    12 |    26
    13 |    19
    14 |    20
    15 |    27
    16 |    28
    17 |     5
    18 |     6
    19 |    13
    20 |    14
    21 |     7
    22 |     8
    23 |    15
    24 |    16
    25 |    21
    26 |    22
    27 |    29
    28 |    30
    29 |    23
    30 |    24
    31 |    31
    32 |    32

  Time Elapsed: 0.125175 sec.

 -------------------------------------------------------------------

 INTERACTION
 ===========

  +++ Cutoff Radii Matrix (NKD x NKD matrix) +++
   HARMONIC
      7.3

    ANHARM3
      7.3


  List of neighboring atoms below.
  Format [N th-nearest shell, distance (Number of atoms on the shell)]

    1 ( Al):   1   5.39837 ( 12) -   9( Al)  10( Al)  11( Al)  12( Al)
                                    17( Al)  18( Al)  21( Al)  22( Al)
                                    25( Al)  27( Al)  29( Al)  31( Al)
               2   7.63445 (  3) -   2( Al)   3( Al)   5( Al)
               3   9.35025 ( 12) -  13( Al)  14( Al)  15( Al)  16( Al)
                                    19( Al)  20( Al)  23( Al)  24( Al)
                                    26( Al)  28( Al)  30( Al)  32( Al)
               4   10.7967 (  3) -   4( Al)   6( Al)   7( Al)
               5   13.2233 (  1) -   8( Al)

  Time Elapsed: 0.133469 sec.

 -------------------------------------------------------------------

 FORCE CONSTANT
 ==============

  Symmetry is handled in crystallographic (fractional) coordinates.

  Number of  HARMONIC FCs : 4
  Number of   ANHARM3 FCs : 12

  Time Elapsed: 0.142279 sec.

 -------------------------------------------------------------------

 DISPLACEMENT PATTERN
 ====================

  Number of free HARMONIC FCs : 4
  Number of free  ANHARM3 FCs : 12

  Generating displacement patterns in Cartesian coordinate...  done!

  Number of disp. patterns for  HARMONIC : 1
  Number of disp. patterns for   ANHARM3 : 10

 Suggested displacement patterns are printed in the following files: 
  HARMONIC : al222.pattern_HARMONIC
  ANHARM3 : al222.pattern_ANHARM3


 Job finished at Sat Nov  5 14:25:06 2022

 +-----------------------------------------------------------------+
 +                         Program ALM                             +
 +                             Ver.  1.4.1                         +
 +-----------------------------------------------------------------+

 Number of OpenMP threads = 14

 Job started at Sat Nov  5 15:31:37 2022


 Input variables:
 -------------------------------------------------------------------
 General:
  PREFIX = al222_harm
  MODE = optimize
  NAT = 32; NKD = 1
  PRINTSYM = 0; TOLERANCE = 0.001
  KD =   Al
  FCSYM_BASIS = Lattice
  PERIODIC =   1  1  1
  MAGMOM = 
  FCS_ALAMODE = 1;  NMAXSAVE = 5
  FC3_SHENGBTE = 0
  FC2_QEFC = 0
  HESSIAN = 0
  FC_ZERO_THR = 0

 Interaction:
  NORDER = 1
  NBODY =   2

 Optimize:
  LMODEL = least-squares
  DFSET = displace/DFSET_harmonic
  NDATA = 1; NSTART = 1; NEND = 1   SKIP = 

  ICONST = 11
  ROTAXIS = 
  FC2XML = 
  FC3XML = 

  SPARSE = 0
  SPARSESOLVER = SimplicialLDLT
  CONV_TOL = 1e-08
  MAXITER = 10000
  MIRROR_IMAGE_CONV = 0

 -------------------------------------------------------------------

 SYSTEM
 ======

  Lattice Vector
    1.526890e+01   0.000000e+00   0.000000e+00 : a1
    0.000000e+00   1.526890e+01   0.000000e+00 : a2
    0.000000e+00   0.000000e+00   1.526890e+01 : a3

  Cell volume = 3.559781e+03

  Reciprocal Lattice Vector
    4.115022e-01   0.000000e+00   0.000000e+00 : b1
    0.000000e+00   4.115022e-01   0.000000e+00 : b2
    0.000000e+00   0.000000e+00   4.115022e-01 : b3

  Atomic species:
     1   Al

  Atomic positions in fractional basis and atomic species
     1   0.000000e+00   0.000000e+00   0.000000e+00    1
     2   0.000000e+00   0.000000e+00   5.000000e-01    1
     3   0.000000e+00   5.000000e-01   0.000000e+00    1
     4   0.000000e+00   5.000000e-01   5.000000e-01    1
     5   5.000000e-01   0.000000e+00   0.000000e+00    1
     6   5.000000e-01   0.000000e+00   5.000000e-01    1
     7   5.000000e-01   5.000000e-01   0.000000e+00    1
     8   5.000000e-01   5.000000e-01   5.000000e-01    1
     9   0.000000e+00   2.500000e-01   2.500000e-01    1
    10   0.000000e+00   2.500000e-01   7.500000e-01    1
    11   0.000000e+00   7.500000e-01   2.500000e-01    1
    12   0.000000e+00   7.500000e-01   7.500000e-01    1
    13   5.000000e-01   2.500000e-01   2.500000e-01    1
    14   5.000000e-01   2.500000e-01   7.500000e-01    1
    15   5.000000e-01   7.500000e-01   2.500000e-01    1
    16   5.000000e-01   7.500000e-01   7.500000e-01    1
    17   2.500000e-01   0.000000e+00   2.500000e-01    1
    18   2.500000e-01   0.000000e+00   7.500000e-01    1
    19   2.500000e-01   5.000000e-01   2.500000e-01    1
    20   2.500000e-01   5.000000e-01   7.500000e-01    1
    21   7.500000e-01   0.000000e+00   2.500000e-01    1
    22   7.500000e-01   0.000000e+00   7.500000e-01    1
    23   7.500000e-01   5.000000e-01   2.500000e-01    1
    24   7.500000e-01   5.000000e-01   7.500000e-01    1
    25   2.500000e-01   2.500000e-01   0.000000e+00    1
    26   2.500000e-01   2.500000e-01   5.000000e-01    1
    27   2.500000e-01   7.500000e-01   0.000000e+00    1
    28   2.500000e-01   7.500000e-01   5.000000e-01    1
    29   7.500000e-01   2.500000e-01   0.000000e+00    1
    30   7.500000e-01   2.500000e-01   5.000000e-01    1
    31   7.500000e-01   7.500000e-01   0.000000e+00    1
    32   7.500000e-01   7.500000e-01   5.000000e-01    1


  Time Elapsed: 0.001157 sec.

 -------------------------------------------------------------------

 SYMMETRY
 ========

  Space group: Fm-3m (225)
  Number of symmetry operations = 1536

  Given system is not a primitive cell.
  There are    32 translation operations.
  Primitive cell contains 1 atoms

  **Cell-Atom Correspondens Below**
  CELL |  ATOM
     1 |     1
     2 |     2
     3 |     9
     4 |    10
     5 |     3
     6 |     4
     7 |    11
     8 |    12
     9 |    17
    10 |    18
    11 |    25
    12 |    26
    13 |    19
    14 |    20
    15 |    27
    16 |    28
    17 |     5
    18 |     6
    19 |    13
    20 |    14
    21 |     7
    22 |     8
    23 |    15
    24 |    16
    25 |    21
    26 |    22
    27 |    29
    28 |    30
    29 |    23
    30 |    24
    31 |    31
    32 |    32

  Time Elapsed: 0.137534 sec.

 -------------------------------------------------------------------

 INTERACTION
 ===========

  +++ Cutoff Radii Matrix (NKD x NKD matrix) +++
   HARMONIC
      7.3


  List of neighboring atoms below.
  Format [N th-nearest shell, distance (Number of atoms on the shell)]

    1 ( Al):   1   5.39837 ( 12) -   9( Al)  10( Al)  11( Al)  12( Al)
                                    17( Al)  18( Al)  21( Al)  22( Al)
                                    25( Al)  27( Al)  29( Al)  31( Al)
               2   7.63445 (  3) -   2( Al)   3( Al)   5( Al)
               3   9.35025 ( 12) -  13( Al)  14( Al)  15( Al)  16( Al)
                                    19( Al)  20( Al)  23( Al)  24( Al)
                                    26( Al)  28( Al)  30( Al)  32( Al)
               4   10.7967 (  3) -   4( Al)   6( Al)   7( Al)
               5   13.2233 (  1) -   8( Al)

  Time Elapsed: 0.145128 sec.

 -------------------------------------------------------------------

 FORCE CONSTANT
 ==============

  Symmetry is handled in crystallographic (fractional) coordinates.

  Number of  HARMONIC FCs : 4

  Time Elapsed: 0.146931 sec.

 -------------------------------------------------------------------

 CONSTRAINT
 ==========

  ICONST = 1: Constraints for translational invariance
              will be considered.

  Generating constraints for translational invariance ...
   HARMONIC ... done.
  Finished !

  Number of constraints [T-inv, R-inv (self), R-inv (cross)]:
   HARMONIC      1    0    0

  Constraints of T-inv and R-inv (self) are merged.
  If there are redundant constraints, they are removed in this process.

  Number of inequivalent constraints (self, cross) : 
   HARMONIC      1    0

  ICONST >= 10 : Constraints will be considered algebraically.

  Number of free HARMONIC FCs : 3

  Time Elapsed: 0.14735 sec.

 -------------------------------------------------------------------

 OPTIMIZATION
 ============

  LMODEL = least-squares

  Training data file (DFSET) : displace/DFSET_harmonic

  NSTART = 1; NEND = 1
  1 entries will be used for training.

  Total Number of Parameters : 4
  Total Number of Free Parameters : 3

  Entering fitting routine: SVD with constraints considered algebraically.
  SVD has started ... finished !

  RANK of the matrix = 3

  Residual sum of squares for the solution: 0.00187561
  Fitting error (%) : 57.5253

  Time Elapsed: 0.156398 sec.

 -------------------------------------------------------------------

 The following files are created:

 Force constants in a human-readable format : al222_harm.fcs
 Input data for the phonon code ANPHON      : al222_harm.xml

 Job finished at Sat Nov  5 15:31:38 2022

 +-----------------------------------------------------------------+
 +                         Program ALM                             +
 +                             Ver.  1.4.1                         +
 +-----------------------------------------------------------------+

 Number of OpenMP threads = 14

 Job started at Sat Nov  5 18:23:54 2022


 Input variables:
 -------------------------------------------------------------------
 General:
  PREFIX = al222_harm
  MODE = optimize
  NAT = 32; NKD = 1
  PRINTSYM = 0; TOLERANCE = 0.001
  KD =   Al
  FCSYM_BASIS = Lattice
  PERIODIC =   1  1  1
  MAGMOM = 
  FCS_ALAMODE = 1;  NMAXSAVE = 5
  FC3_SHENGBTE = 0
  FC2_QEFC = 0
  HESSIAN = 0
  FC_ZERO_THR = 0

 Interaction:
  NORDER = 1
  NBODY =   2

 Optimize:
  LMODEL = least-squares
  DFSET = displace/DFSET_harmonic
  NDATA = 1; NSTART = 1; NEND = 1   SKIP = 

  ICONST = 11
  ROTAXIS = 
  FC2XML = 
  FC3XML = 

  SPARSE = 0
  SPARSESOLVER = SimplicialLDLT
  CONV_TOL = 1e-08
  MAXITER = 10000
  MIRROR_IMAGE_CONV = 0

 -------------------------------------------------------------------

 SYSTEM
 ======

  Lattice Vector
    1.526890e+01   0.000000e+00   0.000000e+00 : a1
    0.000000e+00   1.526890e+01   0.000000e+00 : a2
    0.000000e+00   0.000000e+00   1.526890e+01 : a3

  Cell volume = 3.559781e+03

  Reciprocal Lattice Vector
    4.115022e-01   0.000000e+00   0.000000e+00 : b1
    0.000000e+00   4.115022e-01   0.000000e+00 : b2
    0.000000e+00   0.000000e+00   4.115022e-01 : b3

  Atomic species:
     1   Al

  Atomic positions in fractional basis and atomic species
     1   0.000000e+00   0.000000e+00   0.000000e+00    1
     2   0.000000e+00   0.000000e+00   5.000000e-01    1
     3   0.000000e+00   5.000000e-01   0.000000e+00    1
     4   0.000000e+00   5.000000e-01   5.000000e-01    1
     5   5.000000e-01   0.000000e+00   0.000000e+00    1
     6   5.000000e-01   0.000000e+00   5.000000e-01    1
     7   5.000000e-01   5.000000e-01   0.000000e+00    1
     8   5.000000e-01   5.000000e-01   5.000000e-01    1
     9   0.000000e+00   2.500000e-01   2.500000e-01    1
    10   0.000000e+00   2.500000e-01   7.500000e-01    1
    11   0.000000e+00   7.500000e-01   2.500000e-01    1
    12   0.000000e+00   7.500000e-01   7.500000e-01    1
    13   5.000000e-01   2.500000e-01   2.500000e-01    1
    14   5.000000e-01   2.500000e-01   7.500000e-01    1
    15   5.000000e-01   7.500000e-01   2.500000e-01    1
    16   5.000000e-01   7.500000e-01   7.500000e-01    1
    17   2.500000e-01   0.000000e+00   2.500000e-01    1
    18   2.500000e-01   0.000000e+00   7.500000e-01    1
    19   2.500000e-01   5.000000e-01   2.500000e-01    1
    20   2.500000e-01   5.000000e-01   7.500000e-01    1
    21   7.500000e-01   0.000000e+00   2.500000e-01    1
    22   7.500000e-01   0.000000e+00   7.500000e-01    1
    23   7.500000e-01   5.000000e-01   2.500000e-01    1
    24   7.500000e-01   5.000000e-01   7.500000e-01    1
    25   2.500000e-01   2.500000e-01   0.000000e+00    1
    26   2.500000e-01   2.500000e-01   5.000000e-01    1
    27   2.500000e-01   7.500000e-01   0.000000e+00    1
    28   2.500000e-01   7.500000e-01   5.000000e-01    1
    29   7.500000e-01   2.500000e-01   0.000000e+00    1
    30   7.500000e-01   2.500000e-01   5.000000e-01    1
    31   7.500000e-01   7.500000e-01   0.000000e+00    1
    32   7.500000e-01   7.500000e-01   5.000000e-01    1


  Time Elapsed: 0.001279 sec.

 -------------------------------------------------------------------

 SYMMETRY
 ========

  Space group: Fm-3m (225)
  Number of symmetry operations = 1536

  Given system is not a primitive cell.
  There are    32 translation operations.
  Primitive cell contains 1 atoms

  **Cell-Atom Correspondens Below**
  CELL |  ATOM
     1 |     1
     2 |     2
     3 |     9
     4 |    10
     5 |     3
     6 |     4
     7 |    11
     8 |    12
     9 |    17
    10 |    18
    11 |    25
    12 |    26
    13 |    19
    14 |    20
    15 |    27
    16 |    28
    17 |     5
    18 |     6
    19 |    13
    20 |    14
    21 |     7
    22 |     8
    23 |    15
    24 |    16
    25 |    21
    26 |    22
    27 |    29
    28 |    30
    29 |    23
    30 |    24
    31 |    31
    32 |    32

  Time Elapsed: 0.137373 sec.

 -------------------------------------------------------------------

 INTERACTION
 ===========

  +++ Cutoff Radii Matrix (NKD x NKD matrix) +++
   HARMONIC
      7.3


  List of neighboring atoms below.
  Format [N th-nearest shell, distance (Number of atoms on the shell)]

    1 ( Al):   1   5.39837 ( 12) -   9( Al)  10( Al)  11( Al)  12( Al)
                                    17( Al)  18( Al)  21( Al)  22( Al)
                                    25( Al)  27( Al)  29( Al)  31( Al)
               2   7.63445 (  3) -   2( Al)   3( Al)   5( Al)
               3   9.35025 ( 12) -  13( Al)  14( Al)  15( Al)  16( Al)
                                    19( Al)  20( Al)  23( Al)  24( Al)
                                    26( Al)  28( Al)  30( Al)  32( Al)
               4   10.7967 (  3) -   4( Al)   6( Al)   7( Al)
               5   13.2233 (  1) -   8( Al)

  Time Elapsed: 0.144745 sec.

 -------------------------------------------------------------------

 FORCE CONSTANT
 ==============

  Symmetry is handled in crystallographic (fractional) coordinates.

  Number of  HARMONIC FCs : 4

  Time Elapsed: 0.146103 sec.

 -------------------------------------------------------------------

 CONSTRAINT
 ==========

  ICONST = 1: Constraints for translational invariance
              will be considered.

  Generating constraints for translational invariance ...
   HARMONIC ... done.
  Finished !

  Number of constraints [T-inv, R-inv (self), R-inv (cross)]:
   HARMONIC      1    0    0

  Constraints of T-inv and R-inv (self) are merged.
  If there are redundant constraints, they are removed in this process.

  Number of inequivalent constraints (self, cross) : 
   HARMONIC      1    0

  ICONST >= 10 : Constraints will be considered algebraically.

  Number of free HARMONIC FCs : 3

  Time Elapsed: 0.146427 sec.

 -------------------------------------------------------------------

 OPTIMIZATION
 ============

  LMODEL = least-squares

  Training data file (DFSET) : displace/DFSET_harmonic

  NSTART = 1; NEND = 1
  1 entries will be used for training.

  Total Number of Parameters : 4
  Total Number of Free Parameters : 3

  Entering fitting routine: SVD with constraints considered algebraically.
  SVD has started ... finished !

  RANK of the matrix = 3

  Residual sum of squares for the solution: 0.00252648
  Fitting error (%) : 96.81

  Time Elapsed: 0.148308 sec.

 -------------------------------------------------------------------

 The following files are created:

 Force constants in a human-readable format : al222_harm.fcs
 Input data for the phonon code ANPHON      : al222_harm.xml

 Job finished at Sat Nov  5 18:23:54 2022

 +-----------------------------------------------------------------+
 +                         Program ALM                             +
 +                             Ver.  1.4.1                         +
 +-----------------------------------------------------------------+

 Number of OpenMP threads = 14

 Job started at Sat Nov  5 18:27:09 2022


 Input variables:
 -------------------------------------------------------------------
 General:
  PREFIX = al222_harm
  MODE = optimize
  NAT = 32; NKD = 1
  PRINTSYM = 0; TOLERANCE = 0.001
  KD =   Al
  FCSYM_BASIS = Lattice
  PERIODIC =   1  1  1
  MAGMOM = 
  FCS_ALAMODE = 1;  NMAXSAVE = 5
  FC3_SHENGBTE = 0
  FC2_QEFC = 0
  HESSIAN = 0
  FC_ZERO_THR = 0

 Interaction:
  NORDER = 1
  NBODY =   2

 Optimize:
  LMODEL = least-squares
  DFSET = displace/DFSET_harmonic
  NDATA = 1; NSTART = 1; NEND = 1   SKIP = 

  ICONST = 11
  ROTAXIS = 
  FC2XML = 
  FC3XML = 

  SPARSE = 0
  SPARSESOLVER = SimplicialLDLT
  CONV_TOL = 1e-08
  MAXITER = 10000
  MIRROR_IMAGE_CONV = 0

 -------------------------------------------------------------------

 SYSTEM
 ======

  Lattice Vector
    1.526890e+01   0.000000e+00   0.000000e+00 : a1
    0.000000e+00   1.526890e+01   0.000000e+00 : a2
    0.000000e+00   0.000000e+00   1.526890e+01 : a3

  Cell volume = 3.559781e+03

  Reciprocal Lattice Vector
    4.115022e-01   0.000000e+00   0.000000e+00 : b1
    0.000000e+00   4.115022e-01   0.000000e+00 : b2
    0.000000e+00   0.000000e+00   4.115022e-01 : b3

  Atomic species:
     1   Al

  Atomic positions in fractional basis and atomic species
     1   0.000000e+00   0.000000e+00   0.000000e+00    1
     2   0.000000e+00   0.000000e+00   5.000000e-01    1
     3   0.000000e+00   5.000000e-01   0.000000e+00    1
     4   0.000000e+00   5.000000e-01   5.000000e-01    1
     5   5.000000e-01   0.000000e+00   0.000000e+00    1
     6   5.000000e-01   0.000000e+00   5.000000e-01    1
     7   5.000000e-01   5.000000e-01   0.000000e+00    1
     8   5.000000e-01   5.000000e-01   5.000000e-01    1
     9   0.000000e+00   2.500000e-01   2.500000e-01    1
    10   0.000000e+00   2.500000e-01   7.500000e-01    1
    11   0.000000e+00   7.500000e-01   2.500000e-01    1
    12   0.000000e+00   7.500000e-01   7.500000e-01    1
    13   5.000000e-01   2.500000e-01   2.500000e-01    1
    14   5.000000e-01   2.500000e-01   7.500000e-01    1
    15   5.000000e-01   7.500000e-01   2.500000e-01    1
    16   5.000000e-01   7.500000e-01   7.500000e-01    1
    17   2.500000e-01   0.000000e+00   2.500000e-01    1
    18   2.500000e-01   0.000000e+00   7.500000e-01    1
    19   2.500000e-01   5.000000e-01   2.500000e-01    1
    20   2.500000e-01   5.000000e-01   7.500000e-01    1
    21   7.500000e-01   0.000000e+00   2.500000e-01    1
    22   7.500000e-01   0.000000e+00   7.500000e-01    1
    23   7.500000e-01   5.000000e-01   2.500000e-01    1
    24   7.500000e-01   5.000000e-01   7.500000e-01    1
    25   2.500000e-01   2.500000e-01   0.000000e+00    1
    26   2.500000e-01   2.500000e-01   5.000000e-01    1
    27   2.500000e-01   7.500000e-01   0.000000e+00    1
    28   2.500000e-01   7.500000e-01   5.000000e-01    1
    29   7.500000e-01   2.500000e-01   0.000000e+00    1
    30   7.500000e-01   2.500000e-01   5.000000e-01    1
    31   7.500000e-01   7.500000e-01   0.000000e+00    1
    32   7.500000e-01   7.500000e-01   5.000000e-01    1


  Time Elapsed: 0.001171 sec.

 -------------------------------------------------------------------

 SYMMETRY
 ========

  Space group: Fm-3m (225)
  Number of symmetry operations = 1536

  Given system is not a primitive cell.
  There are    32 translation operations.
  Primitive cell contains 1 atoms

  **Cell-Atom Correspondens Below**
  CELL |  ATOM
     1 |     1
     2 |     2
     3 |     9
     4 |    10
     5 |     3
     6 |     4
     7 |    11
     8 |    12
     9 |    17
    10 |    18
    11 |    25
    12 |    26
    13 |    19
    14 |    20
    15 |    27
    16 |    28
    17 |     5
    18 |     6
    19 |    13
    20 |    14
    21 |     7
    22 |     8
    23 |    15
    24 |    16
    25 |    21
    26 |    22
    27 |    29
    28 |    30
    29 |    23
    30 |    24
    31 |    31
    32 |    32

  Time Elapsed: 0.13684 sec.

 -------------------------------------------------------------------

 INTERACTION
 ===========

  +++ Cutoff Radii Matrix (NKD x NKD matrix) +++
   HARMONIC
      7.3


  List of neighboring atoms below.
  Format [N th-nearest shell, distance (Number of atoms on the shell)]

    1 ( Al):   1   5.39837 ( 12) -   9( Al)  10( Al)  11( Al)  12( Al)
                                    17( Al)  18( Al)  21( Al)  22( Al)
                                    25( Al)  27( Al)  29( Al)  31( Al)
               2   7.63445 (  3) -   2( Al)   3( Al)   5( Al)
               3   9.35025 ( 12) -  13( Al)  14( Al)  15( Al)  16( Al)
                                    19( Al)  20( Al)  23( Al)  24( Al)
                                    26( Al)  28( Al)  30( Al)  32( Al)
               4   10.7967 (  3) -   4( Al)   6( Al)   7( Al)
               5   13.2233 (  1) -   8( Al)

  Time Elapsed: 0.144476 sec.

 -------------------------------------------------------------------

 FORCE CONSTANT
 ==============

  Symmetry is handled in crystallographic (fractional) coordinates.

  Number of  HARMONIC FCs : 4

  Time Elapsed: 0.146032 sec.

 -------------------------------------------------------------------

 CONSTRAINT
 ==========

  ICONST = 1: Constraints for translational invariance
              will be considered.

  Generating constraints for translational invariance ...
   HARMONIC ... done.
  Finished !

  Number of constraints [T-inv, R-inv (self), R-inv (cross)]:
   HARMONIC      1    0    0

  Constraints of T-inv and R-inv (self) are merged.
  If there are redundant constraints, they are removed in this process.

  Number of inequivalent constraints (self, cross) : 
   HARMONIC      1    0

  ICONST >= 10 : Constraints will be considered algebraically.

  Number of free HARMONIC FCs : 3

  Time Elapsed: 0.146432 sec.

 -------------------------------------------------------------------

 OPTIMIZATION
 ============

  LMODEL = least-squares

  Training data file (DFSET) : displace/DFSET_harmonic

  NSTART = 1; NEND = 1
  1 entries will be used for training.

  Total Number of Parameters : 4
  Total Number of Free Parameters : 3

  Entering fitting routine: SVD with constraints considered algebraically.
  SVD has started ... finished !

  RANK of the matrix = 3

  Residual sum of squares for the solution: 0.00252648
  Fitting error (%) : 96.81

  Time Elapsed: 0.148785 sec.

 -------------------------------------------------------------------

 The following files are created:

 Force constants in a human-readable format : al222_harm.fcs
 Input data for the phonon code ANPHON      : al222_harm.xml

 Job finished at Sat Nov  5 18:27:09 2022

 +-----------------------------------------------------------------+
 +                         Program ALM                             +
 +                             Ver.  1.4.1                         +
 +-----------------------------------------------------------------+

 Number of OpenMP threads = 14

 Job started at Sat Nov  5 18:27:33 2022


 Input variables:
 -------------------------------------------------------------------
 General:
  PREFIX = al222_harm
  MODE = optimize
  NAT = 32; NKD = 1
  PRINTSYM = 0; TOLERANCE = 0.001
  KD =   Al
  FCSYM_BASIS = Lattice
  PERIODIC =   1  1  1
  MAGMOM = 
  FCS_ALAMODE = 1;  NMAXSAVE = 5
  FC3_SHENGBTE = 0
  FC2_QEFC = 0
  HESSIAN = 0
  FC_ZERO_THR = 0

 Interaction:
  NORDER = 1
  NBODY =   2

 Optimize:
  LMODEL = least-squares
  DFSET = displace/DFSET_harmonic
  NDATA = 1; NSTART = 1; NEND = 1   SKIP = 

  ICONST = 11
  ROTAXIS = 
  FC2XML = 
  FC3XML = 

  SPARSE = 0
  SPARSESOLVER = SimplicialLDLT
  CONV_TOL = 1e-08
  MAXITER = 10000
  MIRROR_IMAGE_CONV = 0

 -------------------------------------------------------------------

 SYSTEM
 ======

  Lattice Vector
    1.526890e+01   0.000000e+00   0.000000e+00 : a1
    0.000000e+00   1.526890e+01   0.000000e+00 : a2
    0.000000e+00   0.000000e+00   1.526890e+01 : a3

  Cell volume = 3.559781e+03

  Reciprocal Lattice Vector
    4.115022e-01   0.000000e+00   0.000000e+00 : b1
    0.000000e+00   4.115022e-01   0.000000e+00 : b2
    0.000000e+00   0.000000e+00   4.115022e-01 : b3

  Atomic species:
     1   Al

  Atomic positions in fractional basis and atomic species
     1   0.000000e+00   0.000000e+00   0.000000e+00    1
     2   0.000000e+00   0.000000e+00   5.000000e-01    1
     3   0.000000e+00   5.000000e-01   0.000000e+00    1
     4   0.000000e+00   5.000000e-01   5.000000e-01    1
     5   5.000000e-01   0.000000e+00   0.000000e+00    1
     6   5.000000e-01   0.000000e+00   5.000000e-01    1
     7   5.000000e-01   5.000000e-01   0.000000e+00    1
     8   5.000000e-01   5.000000e-01   5.000000e-01    1
     9   0.000000e+00   2.500000e-01   2.500000e-01    1
    10   0.000000e+00   2.500000e-01   7.500000e-01    1
    11   0.000000e+00   7.500000e-01   2.500000e-01    1
    12   0.000000e+00   7.500000e-01   7.500000e-01    1
    13   5.000000e-01   2.500000e-01   2.500000e-01    1
    14   5.000000e-01   2.500000e-01   7.500000e-01    1
    15   5.000000e-01   7.500000e-01   2.500000e-01    1
    16   5.000000e-01   7.500000e-01   7.500000e-01    1
    17   2.500000e-01   0.000000e+00   2.500000e-01    1
    18   2.500000e-01   0.000000e+00   7.500000e-01    1
    19   2.500000e-01   5.000000e-01   2.500000e-01    1
    20   2.500000e-01   5.000000e-01   7.500000e-01    1
    21   7.500000e-01   0.000000e+00   2.500000e-01    1
    22   7.500000e-01   0.000000e+00   7.500000e-01    1
    23   7.500000e-01   5.000000e-01   2.500000e-01    1
    24   7.500000e-01   5.000000e-01   7.500000e-01    1
    25   2.500000e-01   2.500000e-01   0.000000e+00    1
    26   2.500000e-01   2.500000e-01   5.000000e-01    1
    27   2.500000e-01   7.500000e-01   0.000000e+00    1
    28   2.500000e-01   7.500000e-01   5.000000e-01    1
    29   7.500000e-01   2.500000e-01   0.000000e+00    1
    30   7.500000e-01   2.500000e-01   5.000000e-01    1
    31   7.500000e-01   7.500000e-01   0.000000e+00    1
    32   7.500000e-01   7.500000e-01   5.000000e-01    1


  Time Elapsed: 0.001246 sec.

 -------------------------------------------------------------------

 SYMMETRY
 ========

  Space group: Fm-3m (225)
  Number of symmetry operations = 1536

  Given system is not a primitive cell.
  There are    32 translation operations.
  Primitive cell contains 1 atoms

  **Cell-Atom Correspondens Below**
  CELL |  ATOM
     1 |     1
     2 |     2
     3 |     9
     4 |    10
     5 |     3
     6 |     4
     7 |    11
     8 |    12
     9 |    17
    10 |    18
    11 |    25
    12 |    26
    13 |    19
    14 |    20
    15 |    27
    16 |    28
    17 |     5
    18 |     6
    19 |    13
    20 |    14
    21 |     7
    22 |     8
    23 |    15
    24 |    16
    25 |    21
    26 |    22
    27 |    29
    28 |    30
    29 |    23
    30 |    24
    31 |    31
    32 |    32

  Time Elapsed: 0.141791 sec.

 -------------------------------------------------------------------

 INTERACTION
 ===========

  +++ Cutoff Radii Matrix (NKD x NKD matrix) +++
   HARMONIC
      7.3


  List of neighboring atoms below.
  Format [N th-nearest shell, distance (Number of atoms on the shell)]

    1 ( Al):   1   5.39837 ( 12) -   9( Al)  10( Al)  11( Al)  12( Al)
                                    17( Al)  18( Al)  21( Al)  22( Al)
                                    25( Al)  27( Al)  29( Al)  31( Al)
               2   7.63445 (  3) -   2( Al)   3( Al)   5( Al)
               3   9.35025 ( 12) -  13( Al)  14( Al)  15( Al)  16( Al)
                                    19( Al)  20( Al)  23( Al)  24( Al)
                                    26( Al)  28( Al)  30( Al)  32( Al)
               4   10.7967 (  3) -   4( Al)   6( Al)   7( Al)
               5   13.2233 (  1) -   8( Al)

  Time Elapsed: 0.149485 sec.

 -------------------------------------------------------------------

 FORCE CONSTANT
 ==============

  Symmetry is handled in crystallographic (fractional) coordinates.

  Number of  HARMONIC FCs : 4

  Time Elapsed: 0.151183 sec.

 -------------------------------------------------------------------

 CONSTRAINT
 ==========

  ICONST = 1: Constraints for translational invariance
              will be considered.

  Generating constraints for translational invariance ...
   HARMONIC ... done.
  Finished !

  Number of constraints [T-inv, R-inv (self), R-inv (cross)]:
   HARMONIC      1    0    0

  Constraints of T-inv and R-inv (self) are merged.
  If there are redundant constraints, they are removed in this process.

  Number of inequivalent constraints (self, cross) : 
   HARMONIC      1    0

  ICONST >= 10 : Constraints will be considered algebraically.

  Number of free HARMONIC FCs : 3

  Time Elapsed: 0.151572 sec.

 -------------------------------------------------------------------

 OPTIMIZATION
 ============

  LMODEL = least-squares

  Training data file (DFSET) : displace/DFSET_harmonic

  NSTART = 1; NEND = 1
  1 entries will be used for training.

  Total Number of Parameters : 4
  Total Number of Free Parameters : 3

  Entering fitting routine: SVD with constraints considered algebraically.
  SVD has started ... finished !

  RANK of the matrix = 3

  Residual sum of squares for the solution: 0.00252648
  Fitting error (%) : 96.81

  Time Elapsed: 0.153685 sec.

 -------------------------------------------------------------------

 The following files are created:

 Force constants in a human-readable format : al222_harm.fcs
 Input data for the phonon code ANPHON      : al222_harm.xml

 Job finished at Sat Nov  5 18:27:33 2022

 +-----------------------------------------------------------------+
 +                         Program ALM                             +
 +                             Ver.  1.4.1                         +
 +-----------------------------------------------------------------+

 Number of OpenMP threads = 14

 Job started at Sat Nov  5 20:36:11 2022


 Input variables:
 -------------------------------------------------------------------
 General:
  PREFIX = al222_harm
  MODE = optimize
  NAT = 32; NKD = 1
  PRINTSYM = 0; TOLERANCE = 0.001
  KD =   Al
  FCSYM_BASIS = Lattice
  PERIODIC =   1  1  1
  MAGMOM = 
  FCS_ALAMODE = 1;  NMAXSAVE = 5
  FC3_SHENGBTE = 0
  FC2_QEFC = 0
  HESSIAN = 0
  FC_ZERO_THR = 0

 Interaction:
  NORDER = 1
  NBODY =   2

 Optimize:
  LMODEL = least-squares
  DFSET = displace/DFSET_harmonic
  NDATA = 1; NSTART = 1; NEND = 1   SKIP = 

  ICONST = 11
  ROTAXIS = 
  FC2XML = 
  FC3XML = 

  SPARSE = 0
  SPARSESOLVER = SimplicialLDLT
  CONV_TOL = 1e-08
  MAXITER = 10000
  MIRROR_IMAGE_CONV = 0

 -------------------------------------------------------------------

 SYSTEM
 ======

  Lattice Vector
    1.526890e+01   0.000000e+00   0.000000e+00 : a1
    0.000000e+00   1.526890e+01   0.000000e+00 : a2
    0.000000e+00   0.000000e+00   1.526890e+01 : a3

  Cell volume = 3.559781e+03

  Reciprocal Lattice Vector
    4.115022e-01   0.000000e+00   0.000000e+00 : b1
    0.000000e+00   4.115022e-01   0.000000e+00 : b2
    0.000000e+00   0.000000e+00   4.115022e-01 : b3

  Atomic species:
     1   Al

  Atomic positions in fractional basis and atomic species
     1   0.000000e+00   0.000000e+00   0.000000e+00    1
     2   0.000000e+00   0.000000e+00   5.000000e-01    1
     3   0.000000e+00   5.000000e-01   0.000000e+00    1
     4   0.000000e+00   5.000000e-01   5.000000e-01    1
     5   5.000000e-01   0.000000e+00   0.000000e+00    1
     6   5.000000e-01   0.000000e+00   5.000000e-01    1
     7   5.000000e-01   5.000000e-01   0.000000e+00    1
     8   5.000000e-01   5.000000e-01   5.000000e-01    1
     9   0.000000e+00   2.500000e-01   2.500000e-01    1
    10   0.000000e+00   2.500000e-01   7.500000e-01    1
    11   0.000000e+00   7.500000e-01   2.500000e-01    1
    12   0.000000e+00   7.500000e-01   7.500000e-01    1
    13   5.000000e-01   2.500000e-01   2.500000e-01    1
    14   5.000000e-01   2.500000e-01   7.500000e-01    1
    15   5.000000e-01   7.500000e-01   2.500000e-01    1
    16   5.000000e-01   7.500000e-01   7.500000e-01    1
    17   2.500000e-01   0.000000e+00   2.500000e-01    1
    18   2.500000e-01   0.000000e+00   7.500000e-01    1
    19   2.500000e-01   5.000000e-01   2.500000e-01    1
    20   2.500000e-01   5.000000e-01   7.500000e-01    1
    21   7.500000e-01   0.000000e+00   2.500000e-01    1
    22   7.500000e-01   0.000000e+00   7.500000e-01    1
    23   7.500000e-01   5.000000e-01   2.500000e-01    1
    24   7.500000e-01   5.000000e-01   7.500000e-01    1
    25   2.500000e-01   2.500000e-01   0.000000e+00    1
    26   2.500000e-01   2.500000e-01   5.000000e-01    1
    27   2.500000e-01   7.500000e-01   0.000000e+00    1
    28   2.500000e-01   7.500000e-01   5.000000e-01    1
    29   7.500000e-01   2.500000e-01   0.000000e+00    1
    30   7.500000e-01   2.500000e-01   5.000000e-01    1
    31   7.500000e-01   7.500000e-01   0.000000e+00    1
    32   7.500000e-01   7.500000e-01   5.000000e-01    1


  Time Elapsed: 0.001196 sec.

 -------------------------------------------------------------------

 SYMMETRY
 ========

  Space group: Fm-3m (225)
  Number of symmetry operations = 1536

  Given system is not a primitive cell.
  There are    32 translation operations.
  Primitive cell contains 1 atoms

  **Cell-Atom Correspondens Below**
  CELL |  ATOM
     1 |     1
     2 |     2
     3 |     9
     4 |    10
     5 |     3
     6 |     4
     7 |    11
     8 |    12
     9 |    17
    10 |    18
    11 |    25
    12 |    26
    13 |    19
    14 |    20
    15 |    27
    16 |    28
    17 |     5
    18 |     6
    19 |    13
    20 |    14
    21 |     7
    22 |     8
    23 |    15
    24 |    16
    25 |    21
    26 |    22
    27 |    29
    28 |    30
    29 |    23
    30 |    24
    31 |    31
    32 |    32

  Time Elapsed: 0.137942 sec.

 -------------------------------------------------------------------

 INTERACTION
 ===========

  +++ Cutoff Radii Matrix (NKD x NKD matrix) +++
   HARMONIC
      7.3


  List of neighboring atoms below.
  Format [N th-nearest shell, distance (Number of atoms on the shell)]

    1 ( Al):   1   5.39837 ( 12) -   9( Al)  10( Al)  11( Al)  12( Al)
                                    17( Al)  18( Al)  21( Al)  22( Al)
                                    25( Al)  27( Al)  29( Al)  31( Al)
               2   7.63445 (  3) -   2( Al)   3( Al)   5( Al)
               3   9.35025 ( 12) -  13( Al)  14( Al)  15( Al)  16( Al)
                                    19( Al)  20( Al)  23( Al)  24( Al)
                                    26( Al)  28( Al)  30( Al)  32( Al)
               4   10.7967 (  3) -   4( Al)   6( Al)   7( Al)
               5   13.2233 (  1) -   8( Al)

  Time Elapsed: 0.145741 sec.

 -------------------------------------------------------------------

 FORCE CONSTANT
 ==============

  Symmetry is handled in crystallographic (fractional) coordinates.

  Number of  HARMONIC FCs : 4

  Time Elapsed: 0.147381 sec.

 -------------------------------------------------------------------

 CONSTRAINT
 ==========

  ICONST = 1: Constraints for translational invariance
              will be considered.

  Generating constraints for translational invariance ...
   HARMONIC ... done.
  Finished !

  Number of constraints [T-inv, R-inv (self), R-inv (cross)]:
   HARMONIC      1    0    0

  Constraints of T-inv and R-inv (self) are merged.
  If there are redundant constraints, they are removed in this process.

  Number of inequivalent constraints (self, cross) : 
   HARMONIC      1    0

  ICONST >= 10 : Constraints will be considered algebraically.

  Number of free HARMONIC FCs : 3

  Time Elapsed: 0.1478 sec.

 -------------------------------------------------------------------

 OPTIMIZATION
 ============

  LMODEL = least-squares

  Training data file (DFSET) : displace/DFSET_harmonic

  NSTART = 1; NEND = 1
  1 entries will be used for training.

  Total Number of Parameters : 4
  Total Number of Free Parameters : 3

  Entering fitting routine: SVD with constraints considered algebraically.
  SVD has started ... finished !

  RANK of the matrix = 3

  Residual sum of squares for the solution: 0.00490968
  Fitting error (%) : 86.4525

  Time Elapsed: 0.149896 sec.

 -------------------------------------------------------------------

 The following files are created:

 Force constants in a human-readable format : al222_harm.fcs
 Input data for the phonon code ANPHON      : al222_harm.xml

 Job finished at Sat Nov  5 20:36:11 2022

 +-----------------------------------------------------------------+
 +                         Program ALM                             +
 +                             Ver.  1.4.1                         +
 +-----------------------------------------------------------------+

 Number of OpenMP threads = 14

 Job started at Sat Nov  5 20:39:13 2022


 Input variables:
 -------------------------------------------------------------------
 General:
  PREFIX = al222_harm
  MODE = optimize
  NAT = 32; NKD = 1
  PRINTSYM = 0; TOLERANCE = 0.001
  KD =   Al
  FCSYM_BASIS = Lattice
  PERIODIC =   1  1  1
  MAGMOM = 
  FCS_ALAMODE = 1;  NMAXSAVE = 5
  FC3_SHENGBTE = 0
  FC2_QEFC = 0
  HESSIAN = 0
  FC_ZERO_THR = 0

 Interaction:
  NORDER = 1
  NBODY =   2

 Optimize:
  LMODEL = least-squares
  DFSET = displace/DFSET_harmonic
  NDATA = 1; NSTART = 1; NEND = 1   SKIP = 

  ICONST = 11
  ROTAXIS = 
  FC2XML = 
  FC3XML = 

  SPARSE = 0
  SPARSESOLVER = SimplicialLDLT
  CONV_TOL = 1e-08
  MAXITER = 10000
  MIRROR_IMAGE_CONV = 0

 -------------------------------------------------------------------

 SYSTEM
 ======

  Lattice Vector
    1.526890e+01   0.000000e+00   0.000000e+00 : a1
    0.000000e+00   1.526890e+01   0.000000e+00 : a2
    0.000000e+00   0.000000e+00   1.526890e+01 : a3

  Cell volume = 3.559781e+03

  Reciprocal Lattice Vector
    4.115022e-01   0.000000e+00   0.000000e+00 : b1
    0.000000e+00   4.115022e-01   0.000000e+00 : b2
    0.000000e+00   0.000000e+00   4.115022e-01 : b3

  Atomic species:
     1   Al

  Atomic positions in fractional basis and atomic species
     1   0.000000e+00   0.000000e+00   0.000000e+00    1
     2   0.000000e+00   0.000000e+00   5.000000e-01    1
     3   0.000000e+00   5.000000e-01   0.000000e+00    1
     4   0.000000e+00   5.000000e-01   5.000000e-01    1
     5   5.000000e-01   0.000000e+00   0.000000e+00    1
     6   5.000000e-01   0.000000e+00   5.000000e-01    1
     7   5.000000e-01   5.000000e-01   0.000000e+00    1
     8   5.000000e-01   5.000000e-01   5.000000e-01    1
     9   0.000000e+00   2.500000e-01   2.500000e-01    1
    10   0.000000e+00   2.500000e-01   7.500000e-01    1
    11   0.000000e+00   7.500000e-01   2.500000e-01    1
    12   0.000000e+00   7.500000e-01   7.500000e-01    1
    13   5.000000e-01   2.500000e-01   2.500000e-01    1
    14   5.000000e-01   2.500000e-01   7.500000e-01    1
    15   5.000000e-01   7.500000e-01   2.500000e-01    1
    16   5.000000e-01   7.500000e-01   7.500000e-01    1
    17   2.500000e-01   0.000000e+00   2.500000e-01    1
    18   2.500000e-01   0.000000e+00   7.500000e-01    1
    19   2.500000e-01   5.000000e-01   2.500000e-01    1
    20   2.500000e-01   5.000000e-01   7.500000e-01    1
    21   7.500000e-01   0.000000e+00   2.500000e-01    1
    22   7.500000e-01   0.000000e+00   7.500000e-01    1
    23   7.500000e-01   5.000000e-01   2.500000e-01    1
    24   7.500000e-01   5.000000e-01   7.500000e-01    1
    25   2.500000e-01   2.500000e-01   0.000000e+00    1
    26   2.500000e-01   2.500000e-01   5.000000e-01    1
    27   2.500000e-01   7.500000e-01   0.000000e+00    1
    28   2.500000e-01   7.500000e-01   5.000000e-01    1
    29   7.500000e-01   2.500000e-01   0.000000e+00    1
    30   7.500000e-01   2.500000e-01   5.000000e-01    1
    31   7.500000e-01   7.500000e-01   0.000000e+00    1
    32   7.500000e-01   7.500000e-01   5.000000e-01    1


  Time Elapsed: 0.001174 sec.

 -------------------------------------------------------------------

 SYMMETRY
 ========

  Space group: Fm-3m (225)
  Number of symmetry operations = 1536

  Given system is not a primitive cell.
  There are    32 translation operations.
  Primitive cell contains 1 atoms

  **Cell-Atom Correspondens Below**
  CELL |  ATOM
     1 |     1
     2 |     2
     3 |     9
     4 |    10
     5 |     3
     6 |     4
     7 |    11
     8 |    12
     9 |    17
    10 |    18
    11 |    25
    12 |    26
    13 |    19
    14 |    20
    15 |    27
    16 |    28
    17 |     5
    18 |     6
    19 |    13
    20 |    14
    21 |     7
    22 |     8
    23 |    15
    24 |    16
    25 |    21
    26 |    22
    27 |    29
    28 |    30
    29 |    23
    30 |    24
    31 |    31
    32 |    32

  Time Elapsed: 0.137664 sec.

 -------------------------------------------------------------------

 INTERACTION
 ===========

  +++ Cutoff Radii Matrix (NKD x NKD matrix) +++
   HARMONIC
      7.3


  List of neighboring atoms below.
  Format [N th-nearest shell, distance (Number of atoms on the shell)]

    1 ( Al):   1   5.39837 ( 12) -   9( Al)  10( Al)  11( Al)  12( Al)
                                    17( Al)  18( Al)  21( Al)  22( Al)
                                    25( Al)  27( Al)  29( Al)  31( Al)
               2   7.63445 (  3) -   2( Al)   3( Al)   5( Al)
               3   9.35025 ( 12) -  13( Al)  14( Al)  15( Al)  16( Al)
                                    19( Al)  20( Al)  23( Al)  24( Al)
                                    26( Al)  28( Al)  30( Al)  32( Al)
               4   10.7967 (  3) -   4( Al)   6( Al)   7( Al)
               5   13.2233 (  1) -   8( Al)

  Time Elapsed: 0.147984 sec.

 -------------------------------------------------------------------

 FORCE CONSTANT
 ==============

  Symmetry is handled in crystallographic (fractional) coordinates.

  Number of  HARMONIC FCs : 4

  Time Elapsed: 0.150044 sec.

 -------------------------------------------------------------------

 CONSTRAINT
 ==========

  ICONST = 1: Constraints for translational invariance
              will be considered.

  Generating constraints for translational invariance ...
   HARMONIC ... done.
  Finished !

  Number of constraints [T-inv, R-inv (self), R-inv (cross)]:
   HARMONIC      1    0    0

  Constraints of T-inv and R-inv (self) are merged.
  If there are redundant constraints, they are removed in this process.

  Number of inequivalent constraints (self, cross) : 
   HARMONIC      1    0

  ICONST >= 10 : Constraints will be considered algebraically.

  Number of free HARMONIC FCs : 3

  Time Elapsed: 0.150521 sec.

 -------------------------------------------------------------------

 OPTIMIZATION
 ============

  LMODEL = least-squares

  Training data file (DFSET) : displace/DFSET_harmonic

  NSTART = 1; NEND = 1
  1 entries will be used for training.

  Total Number of Parameters : 4
  Total Number of Free Parameters : 3

  Entering fitting routine: SVD with constraints considered algebraically.
  SVD has started ... finished !

  RANK of the matrix = 3

  Residual sum of squares for the solution: 0.00490968
  Fitting error (%) : 86.4525

  Time Elapsed: 0.152477 sec.

 -------------------------------------------------------------------

 The following files are created:

 Force constants in a human-readable format : al222_harm.fcs
 Input data for the phonon code ANPHON      : al222_harm.xml

 Job finished at Sat Nov  5 20:39:13 2022

 +-----------------------------------------------------------------+
 +                         Program ALM                             +
 +                             Ver.  1.4.1                         +
 +-----------------------------------------------------------------+

 Number of OpenMP threads = 14

 Job started at Sat Nov  5 21:55:11 2022


 Input variables:
 -------------------------------------------------------------------
 General:
  PREFIX = al222_harm
  MODE = optimize
  NAT = 32; NKD = 1
  PRINTSYM = 0; TOLERANCE = 0.001
  KD =   Al
  FCSYM_BASIS = Lattice
  PERIODIC =   1  1  1
  MAGMOM = 
  FCS_ALAMODE = 1;  NMAXSAVE = 5
  FC3_SHENGBTE = 0
  FC2_QEFC = 0
  HESSIAN = 0
  FC_ZERO_THR = 0

 Interaction:
  NORDER = 1
  NBODY =   2

 Optimize:
  LMODEL = least-squares
  DFSET = displace/DFSET_harmonic
  NDATA = 1; NSTART = 1; NEND = 1   SKIP = 

  ICONST = 11
  ROTAXIS = 
  FC2XML = 
  FC3XML = 

  SPARSE = 0
  SPARSESOLVER = SimplicialLDLT
  CONV_TOL = 1e-08
  MAXITER = 10000
  MIRROR_IMAGE_CONV = 0

 -------------------------------------------------------------------

 SYSTEM
 ======

  Lattice Vector
    1.526890e+01   0.000000e+00   0.000000e+00 : a1
    0.000000e+00   1.526890e+01   0.000000e+00 : a2
    0.000000e+00   0.000000e+00   1.526890e+01 : a3

  Cell volume = 3.559781e+03

  Reciprocal Lattice Vector
    4.115022e-01   0.000000e+00   0.000000e+00 : b1
    0.000000e+00   4.115022e-01   0.000000e+00 : b2
    0.000000e+00   0.000000e+00   4.115022e-01 : b3

  Atomic species:
     1   Al

  Atomic positions in fractional basis and atomic species
     1   0.000000e+00   0.000000e+00   0.000000e+00    1
     2   0.000000e+00   0.000000e+00   5.000000e-01    1
     3   0.000000e+00   5.000000e-01   0.000000e+00    1
     4   0.000000e+00   5.000000e-01   5.000000e-01    1
     5   5.000000e-01   0.000000e+00   0.000000e+00    1
     6   5.000000e-01   0.000000e+00   5.000000e-01    1
     7   5.000000e-01   5.000000e-01   0.000000e+00    1
     8   5.000000e-01   5.000000e-01   5.000000e-01    1
     9   0.000000e+00   2.500000e-01   2.500000e-01    1
    10   0.000000e+00   2.500000e-01   7.500000e-01    1
    11   0.000000e+00   7.500000e-01   2.500000e-01    1
    12   0.000000e+00   7.500000e-01   7.500000e-01    1
    13   5.000000e-01   2.500000e-01   2.500000e-01    1
    14   5.000000e-01   2.500000e-01   7.500000e-01    1
    15   5.000000e-01   7.500000e-01   2.500000e-01    1
    16   5.000000e-01   7.500000e-01   7.500000e-01    1
    17   2.500000e-01   0.000000e+00   2.500000e-01    1
    18   2.500000e-01   0.000000e+00   7.500000e-01    1
    19   2.500000e-01   5.000000e-01   2.500000e-01    1
    20   2.500000e-01   5.000000e-01   7.500000e-01    1
    21   7.500000e-01   0.000000e+00   2.500000e-01    1
    22   7.500000e-01   0.000000e+00   7.500000e-01    1
    23   7.500000e-01   5.000000e-01   2.500000e-01    1
    24   7.500000e-01   5.000000e-01   7.500000e-01    1
    25   2.500000e-01   2.500000e-01   0.000000e+00    1
    26   2.500000e-01   2.500000e-01   5.000000e-01    1
    27   2.500000e-01   7.500000e-01   0.000000e+00    1
    28   2.500000e-01   7.500000e-01   5.000000e-01    1
    29   7.500000e-01   2.500000e-01   0.000000e+00    1
    30   7.500000e-01   2.500000e-01   5.000000e-01    1
    31   7.500000e-01   7.500000e-01   0.000000e+00    1
    32   7.500000e-01   7.500000e-01   5.000000e-01    1


  Time Elapsed: 0.000928 sec.

 -------------------------------------------------------------------

 SYMMETRY
 ========

  Space group: Fm-3m (225)
  Number of symmetry operations = 1536

  Given system is not a primitive cell.
  There are    32 translation operations.
  Primitive cell contains 1 atoms

  **Cell-Atom Correspondens Below**
  CELL |  ATOM
     1 |     1
     2 |     2
     3 |     9
     4 |    10
     5 |     3
     6 |     4
     7 |    11
     8 |    12
     9 |    17
    10 |    18
    11 |    25
    12 |    26
    13 |    19
    14 |    20
    15 |    27
    16 |    28
    17 |     5
    18 |     6
    19 |    13
    20 |    14
    21 |     7
    22 |     8
    23 |    15
    24 |    16
    25 |    21
    26 |    22
    27 |    29
    28 |    30
    29 |    23
    30 |    24
    31 |    31
    32 |    32

  Time Elapsed: 0.138068 sec.

 -------------------------------------------------------------------

 INTERACTION
 ===========

  +++ Cutoff Radii Matrix (NKD x NKD matrix) +++
   HARMONIC
      7.3


  List of neighboring atoms below.
  Format [N th-nearest shell, distance (Number of atoms on the shell)]

    1 ( Al):   1   5.39837 ( 12) -   9( Al)  10( Al)  11( Al)  12( Al)
                                    17( Al)  18( Al)  21( Al)  22( Al)
                                    25( Al)  27( Al)  29( Al)  31( Al)
               2   7.63445 (  3) -   2( Al)   3( Al)   5( Al)
               3   9.35025 ( 12) -  13( Al)  14( Al)  15( Al)  16( Al)
                                    19( Al)  20( Al)  23( Al)  24( Al)
                                    26( Al)  28( Al)  30( Al)  32( Al)
               4   10.7967 (  3) -   4( Al)   6( Al)   7( Al)
               5   13.2233 (  1) -   8( Al)

  Time Elapsed: 0.145808 sec.

 -------------------------------------------------------------------

 FORCE CONSTANT
 ==============

  Symmetry is handled in crystallographic (fractional) coordinates.

  Number of  HARMONIC FCs : 4

  Time Elapsed: 0.14763 sec.

 -------------------------------------------------------------------

 CONSTRAINT
 ==========

  ICONST = 1: Constraints for translational invariance
              will be considered.

  Generating constraints for translational invariance ...
   HARMONIC ... done.
  Finished !

  Number of constraints [T-inv, R-inv (self), R-inv (cross)]:
   HARMONIC      1    0    0

  Constraints of T-inv and R-inv (self) are merged.
  If there are redundant constraints, they are removed in this process.

  Number of inequivalent constraints (self, cross) : 
   HARMONIC      1    0

  ICONST >= 10 : Constraints will be considered algebraically.

  Number of free HARMONIC FCs : 3

  Time Elapsed: 0.148036 sec.

 -------------------------------------------------------------------

 OPTIMIZATION
 ============

  LMODEL = least-squares

  Training data file (DFSET) : displace/DFSET_harmonic

  NSTART = 1; NEND = 1
  1 entries will be used for training.

  Total Number of Parameters : 4
  Total Number of Free Parameters : 3

  Entering fitting routine: SVD with constraints considered algebraically.
  SVD has started ... finished !

  RANK of the matrix = 3

  Residual sum of squares for the solution: 0.00493748
  Fitting error (%) : 98.8862

  Time Elapsed: 0.150117 sec.

 -------------------------------------------------------------------

 The following files are created:

 Force constants in a human-readable format : al222_harm.fcs
 Input data for the phonon code ANPHON      : al222_harm.xml

 Job finished at Sat Nov  5 21:55:11 2022

 +-----------------------------------------------------------------+
 +                         Program ALM                             +
 +                             Ver.  1.4.1                         +
 +-----------------------------------------------------------------+

 Number of OpenMP threads = 14

 Job started at Sun Nov  6 07:15:12 2022


 Input variables:
 -------------------------------------------------------------------
 General:
  PREFIX = al222_harm
  MODE = optimize
  NAT = 32; NKD = 1
  PRINTSYM = 0; TOLERANCE = 0.001
  KD =   Al
  FCSYM_BASIS = Lattice
  PERIODIC =   1  1  1
  MAGMOM = 
  FCS_ALAMODE = 1;  NMAXSAVE = 5
  FC3_SHENGBTE = 0
  FC2_QEFC = 0
  HESSIAN = 0
  FC_ZERO_THR = 0

 Interaction:
  NORDER = 1
  NBODY =   2

 Optimize:
  LMODEL = least-squares
  DFSET = displace/DFSET_harmonic
  NDATA = 1; NSTART = 1; NEND = 1   SKIP = 

  ICONST = 11
  ROTAXIS = 
  FC2XML = 
  FC3XML = 

  SPARSE = 0
  SPARSESOLVER = SimplicialLDLT
  CONV_TOL = 1e-08
  MAXITER = 10000
  MIRROR_IMAGE_CONV = 0

 -------------------------------------------------------------------

 SYSTEM
 ======

  Lattice Vector
    1.526890e+01   0.000000e+00   0.000000e+00 : a1
    0.000000e+00   1.526890e+01   0.000000e+00 : a2
    0.000000e+00   0.000000e+00   1.526890e+01 : a3

  Cell volume = 3.559781e+03

  Reciprocal Lattice Vector
    4.115022e-01   0.000000e+00   0.000000e+00 : b1
    0.000000e+00   4.115022e-01   0.000000e+00 : b2
    0.000000e+00   0.000000e+00   4.115022e-01 : b3

  Atomic species:
     1   Al

  Atomic positions in fractional basis and atomic species
     1   0.000000e+00   0.000000e+00   0.000000e+00    1
     2   0.000000e+00   0.000000e+00   5.000000e-01    1
     3   0.000000e+00   5.000000e-01   0.000000e+00    1
     4   0.000000e+00   5.000000e-01   5.000000e-01    1
     5   5.000000e-01   0.000000e+00   0.000000e+00    1
     6   5.000000e-01   0.000000e+00   5.000000e-01    1
     7   5.000000e-01   5.000000e-01   0.000000e+00    1
     8   5.000000e-01   5.000000e-01   5.000000e-01    1
     9   0.000000e+00   2.500000e-01   2.500000e-01    1
    10   0.000000e+00   2.500000e-01   7.500000e-01    1
    11   0.000000e+00   7.500000e-01   2.500000e-01    1
    12   0.000000e+00   7.500000e-01   7.500000e-01    1
    13   5.000000e-01   2.500000e-01   2.500000e-01    1
    14   5.000000e-01   2.500000e-01   7.500000e-01    1
    15   5.000000e-01   7.500000e-01   2.500000e-01    1
    16   5.000000e-01   7.500000e-01   7.500000e-01    1
    17   2.500000e-01   0.000000e+00   2.500000e-01    1
    18   2.500000e-01   0.000000e+00   7.500000e-01    1
    19   2.500000e-01   5.000000e-01   2.500000e-01    1
    20   2.500000e-01   5.000000e-01   7.500000e-01    1
    21   7.500000e-01   0.000000e+00   2.500000e-01    1
    22   7.500000e-01   0.000000e+00   7.500000e-01    1
    23   7.500000e-01   5.000000e-01   2.500000e-01    1
    24   7.500000e-01   5.000000e-01   7.500000e-01    1
    25   2.500000e-01   2.500000e-01   0.000000e+00    1
    26   2.500000e-01   2.500000e-01   5.000000e-01    1
    27   2.500000e-01   7.500000e-01   0.000000e+00    1
    28   2.500000e-01   7.500000e-01   5.000000e-01    1
    29   7.500000e-01   2.500000e-01   0.000000e+00    1
    30   7.500000e-01   2.500000e-01   5.000000e-01    1
    31   7.500000e-01   7.500000e-01   0.000000e+00    1
    32   7.500000e-01   7.500000e-01   5.000000e-01    1


  Time Elapsed: 0.002565 sec.

 -------------------------------------------------------------------

 SYMMETRY
 ========

  Space group: Fm-3m (225)
  Number of symmetry operations = 1536

  Given system is not a primitive cell.
  There are    32 translation operations.
  Primitive cell contains 1 atoms

  **Cell-Atom Correspondens Below**
  CELL |  ATOM
     1 |     1
     2 |     2
     3 |     9
     4 |    10
     5 |     3
     6 |     4
     7 |    11
     8 |    12
     9 |    17
    10 |    18
    11 |    25
    12 |    26
    13 |    19
    14 |    20
    15 |    27
    16 |    28
    17 |     5
    18 |     6
    19 |    13
    20 |    14
    21 |     7
    22 |     8
    23 |    15
    24 |    16
    25 |    21
    26 |    22
    27 |    29
    28 |    30
    29 |    23
    30 |    24
    31 |    31
    32 |    32

  Time Elapsed: 0.129196 sec.

 -------------------------------------------------------------------

 INTERACTION
 ===========

  +++ Cutoff Radii Matrix (NKD x NKD matrix) +++
   HARMONIC
      7.3


  List of neighboring atoms below.
  Format [N th-nearest shell, distance (Number of atoms on the shell)]

    1 ( Al):   1   5.39837 ( 12) -   9( Al)  10( Al)  11( Al)  12( Al)
                                    17( Al)  18( Al)  21( Al)  22( Al)
                                    25( Al)  27( Al)  29( Al)  31( Al)
               2   7.63445 (  3) -   2( Al)   3( Al)   5( Al)
               3   9.35025 ( 12) -  13( Al)  14( Al)  15( Al)  16( Al)
                                    19( Al)  20( Al)  23( Al)  24( Al)
                                    26( Al)  28( Al)  30( Al)  32( Al)
               4   10.7967 (  3) -   4( Al)   6( Al)   7( Al)
               5   13.2233 (  1) -   8( Al)

  Time Elapsed: 0.136725 sec.

 -------------------------------------------------------------------

 FORCE CONSTANT
 ==============

  Symmetry is handled in crystallographic (fractional) coordinates.

  Number of  HARMONIC FCs : 4

  Time Elapsed: 0.138526 sec.

 -------------------------------------------------------------------

 CONSTRAINT
 ==========

  ICONST = 1: Constraints for translational invariance
              will be considered.

  Generating constraints for translational invariance ...
   HARMONIC ... done.
  Finished !

  Number of constraints [T-inv, R-inv (self), R-inv (cross)]:
   HARMONIC      1    0    0

  Constraints of T-inv and R-inv (self) are merged.
  If there are redundant constraints, they are removed in this process.

  Number of inequivalent constraints (self, cross) : 
   HARMONIC      1    0

  ICONST >= 10 : Constraints will be considered algebraically.

  Number of free HARMONIC FCs : 3

  Time Elapsed: 0.138966 sec.

 -------------------------------------------------------------------

 OPTIMIZATION
 ============

  LMODEL = least-squares

  Training data file (DFSET) : displace/DFSET_harmonic

  NSTART = 1; NEND = 1
  1 entries will be used for training.

  Total Number of Parameters : 4
  Total Number of Free Parameters : 3

  Entering fitting routine: SVD with constraints considered algebraically.
  SVD has started ... finished !

  RANK of the matrix = 3

  Residual sum of squares for the solution: 0.00524854
  Fitting error (%) : 98.6605

  Time Elapsed: 0.147743 sec.

 -------------------------------------------------------------------

 The following files are created:

 Force constants in a human-readable format : al222_harm.fcs
 Input data for the phonon code ANPHON      : al222_harm.xml

 Job finished at Sun Nov  6 07:15:12 2022

