 +-----------------------------------------------------------------+
 +                         Program ALM                             +
 +                             Ver.  1.4.1                         +
 +-----------------------------------------------------------------+

 Number of OpenMP threads = 4

 Job started at Sun Jul 10 01:02:05 2022


 Input variables:
 -------------------------------------------------------------------
 General:
  PREFIX = si222
  MODE = suggest
  NAT = 64; NKD = 1
  PRINTSYM = 0; TOLERANCE = 0.001
  KD =   Si
  FCSYM_BASIS = Lattice
  PERIODIC =   1  1  1
  MAGMOM = 
  FCS_ALAMODE = 1;  NMAXSAVE = 5
  FC3_SHENGBTE = 0
  FC2_QEFC = 0
  HESSIAN = 0
  FC_ZERO_THR = 0

 Interaction:
  NORDER = 3
  NBODY =   2  3  3

  DBASIS = CART

 -------------------------------------------------------------------

 SYSTEM
 ======

  Lattice Vector
    2.040600e+01   0.000000e+00   0.000000e+00 : a1
    0.000000e+00   2.040600e+01   0.000000e+00 : a2
    0.000000e+00   0.000000e+00   2.040600e+01 : a3

  Cell volume = 8.497157e+03

  Reciprocal Lattice Vector
    3.079087e-01   0.000000e+00   0.000000e+00 : b1
    0.000000e+00   3.079087e-01   0.000000e+00 : b2
    0.000000e+00   0.000000e+00   3.079087e-01 : b3

  Atomic species:
     1   Si

  Atomic positions in fractional basis and atomic species
     1   0.000000e+00   0.000000e+00   0.000000e+00    1
     2   0.000000e+00   0.000000e+00   5.000000e-01    1
     3   0.000000e+00   2.500000e-01   2.500000e-01    1
     4   0.000000e+00   2.500000e-01   7.500000e-01    1
     5   0.000000e+00   5.000000e-01   0.000000e+00    1
     6   0.000000e+00   5.000000e-01   5.000000e-01    1
     7   0.000000e+00   7.500000e-01   2.500000e-01    1
     8   0.000000e+00   7.500000e-01   7.500000e-01    1
     9   1.250000e-01   1.250000e-01   1.250000e-01    1
    10   1.250000e-01   1.250000e-01   6.250000e-01    1
    11   1.250000e-01   3.750000e-01   3.750000e-01    1
    12   1.250000e-01   3.750000e-01   8.750000e-01    1
    13   1.250000e-01   6.250000e-01   1.250000e-01    1
    14   1.250000e-01   6.250000e-01   6.250000e-01    1
    15   1.250000e-01   8.750000e-01   3.750000e-01    1
    16   1.250000e-01   8.750000e-01   8.750000e-01    1
    17   2.500000e-01   0.000000e+00   2.500000e-01    1
    18   2.500000e-01   0.000000e+00   7.500000e-01    1
    19   2.500000e-01   2.500000e-01   0.000000e+00    1
    20   2.500000e-01   2.500000e-01   5.000000e-01    1
    21   2.500000e-01   5.000000e-01   2.500000e-01    1
    22   2.500000e-01   5.000000e-01   7.500000e-01    1
    23   2.500000e-01   7.500000e-01   0.000000e+00    1
    24   2.500000e-01   7.500000e-01   5.000000e-01    1
    25   3.750000e-01   1.250000e-01   3.750000e-01    1
    26   3.750000e-01   1.250000e-01   8.750000e-01    1
    27   3.750000e-01   3.750000e-01   1.250000e-01    1
    28   3.750000e-01   3.750000e-01   6.250000e-01    1
    29   3.750000e-01   6.250000e-01   3.750000e-01    1
    30   3.750000e-01   6.250000e-01   8.750000e-01    1
    31   3.750000e-01   8.750000e-01   1.250000e-01    1
    32   3.750000e-01   8.750000e-01   6.250000e-01    1
    33   5.000000e-01   0.000000e+00   0.000000e+00    1
    34   5.000000e-01   0.000000e+00   5.000000e-01    1
    35   5.000000e-01   2.500000e-01   2.500000e-01    1
    36   5.000000e-01   2.500000e-01   7.500000e-01    1
    37   5.000000e-01   5.000000e-01   0.000000e+00    1
    38   5.000000e-01   5.000000e-01   5.000000e-01    1
    39   5.000000e-01   7.500000e-01   2.500000e-01    1
    40   5.000000e-01   7.500000e-01   7.500000e-01    1
    41   6.250000e-01   1.250000e-01   1.250000e-01    1
    42   6.250000e-01   1.250000e-01   6.250000e-01    1
    43   6.250000e-01   3.750000e-01   3.750000e-01    1
    44   6.250000e-01   3.750000e-01   8.750000e-01    1
    45   6.250000e-01   6.250000e-01   1.250000e-01    1
    46   6.250000e-01   6.250000e-01   6.250000e-01    1
    47   6.250000e-01   8.750000e-01   3.750000e-01    1
    48   6.250000e-01   8.750000e-01   8.750000e-01    1
    49   7.500000e-01   0.000000e+00   2.500000e-01    1
    50   7.500000e-01   0.000000e+00   7.500000e-01    1
    51   7.500000e-01   2.500000e-01   0.000000e+00    1
    52   7.500000e-01   2.500000e-01   5.000000e-01    1
    53   7.500000e-01   5.000000e-01   2.500000e-01    1
    54   7.500000e-01   5.000000e-01   7.500000e-01    1
    55   7.500000e-01   7.500000e-01   0.000000e+00    1
    56   7.500000e-01   7.500000e-01   5.000000e-01    1
    57   8.750000e-01   1.250000e-01   3.750000e-01    1
    58   8.750000e-01   1.250000e-01   8.750000e-01    1
    59   8.750000e-01   3.750000e-01   1.250000e-01    1
    60   8.750000e-01   3.750000e-01   6.250000e-01    1
    61   8.750000e-01   6.250000e-01   3.750000e-01    1
    62   8.750000e-01   6.250000e-01   8.750000e-01    1
    63   8.750000e-01   8.750000e-01   1.250000e-01    1
    64   8.750000e-01   8.750000e-01   6.250000e-01    1


  Time Elapsed: 0.011267 sec.

 -------------------------------------------------------------------

 SYMMETRY
 ========

  Space group: Fd-3m (227)
  Number of symmetry operations = 1536

  Given system is not a primitive cell.
  There are    32 translation operations.
  Primitive cell contains 2 atoms

  **Cell-Atom Correspondens Below**
  CELL |  ATOM
     1 |     1    9
     2 |     2   10
     3 |     3   11
     4 |     4   12
     5 |     5   13
     6 |     6   14
     7 |     7   15
     8 |     8   16
     9 |    17   25
    10 |    18   26
    11 |    19   27
    12 |    20   28
    13 |    21   29
    14 |    22   30
    15 |    23   31
    16 |    24   32
    17 |    33   41
    18 |    34   42
    19 |    35   43
    20 |    36   44
    21 |    37   45
    22 |    38   46
    23 |    39   47
    24 |    40   48
    25 |    49   57
    26 |    50   58
    27 |    51   59
    28 |    52   60
    29 |    53   61
    30 |    54   62
    31 |    55   63
    32 |    56   64

  Time Elapsed: 0.309374 sec.

 -------------------------------------------------------------------

 INTERACTION
 ===========

  +++ Cutoff Radii Matrix (NKD x NKD matrix) +++
   HARMONIC
      8.1

    ANHARM3
      8.1

    ANHARM4
      8.1


  List of neighboring atoms below.
  Format [N th-nearest shell, distance (Number of atoms on the shell)]

    1 ( Si):   1   4.41803 (  4) -   9( Si)  16( Si)  58( Si)  63( Si)
               2   7.21461 ( 12) -   3( Si)   4( Si)   7( Si)   8( Si)
                                    17( Si)  18( Si)  19( Si)  23( Si)
                                    49( Si)  50( Si)  51( Si)  55( Si)
               3   8.45988 ( 12) -  10( Si)  12( Si)  13( Si)  15( Si)
                                    26( Si)  31( Si)  41( Si)  48( Si)
                                    57( Si)  59( Si)  62( Si)  64( Si)
               4    10.203 (  3) -   2( Si)   5( Si)  33( Si)
               5   11.1185 ( 12) -  11( Si)  14( Si)  25( Si)  27( Si)
                                    30( Si)  32( Si)  42( Si)  44( Si)
                                    45( Si)  47( Si)  60( Si)  61( Si)
               6   12.4961 ( 12) -  20( Si)  21( Si)  22( Si)  24( Si)
                                    35( Si)  36( Si)  39( Si)  40( Si)
                                    52( Si)  53( Si)  54( Si)  56( Si)
               7   13.2541 (  4) -  28( Si)  29( Si)  43( Si)  46( Si)
               8   14.4292 (  3) -   6( Si)  34( Si)  37( Si)
               9   17.6721 (  1) -  38( Si)

    9 ( Si):   1   4.41803 (  4) -   1( Si)   3( Si)  17( Si)  19( Si)
               2   7.21461 ( 12) -  11( Si)  12( Si)  15( Si)  16( Si)
                                    25( Si)  26( Si)  27( Si)  31( Si)
                                    57( Si)  58( Si)  59( Si)  63( Si)
               3   8.45988 ( 12) -   2( Si)   4( Si)   5( Si)   7( Si)
                                    18( Si)  20( Si)  21( Si)  23( Si)
                                    33( Si)  35( Si)  49( Si)  51( Si)
               4    10.203 (  3) -  10( Si)  13( Si)  41( Si)
               5   11.1185 ( 12) -   6( Si)   8( Si)  22( Si)  24( Si)
                                    34( Si)  36( Si)  37( Si)  39( Si)
                                    50( Si)  52( Si)  53( Si)  55( Si)
               6   12.4961 ( 12) -  28( Si)  29( Si)  30( Si)  32( Si)
                                    43( Si)  44( Si)  47( Si)  48( Si)
                                    60( Si)  61( Si)  62( Si)  64( Si)
               7   13.2541 (  4) -  38( Si)  40( Si)  54( Si)  56( Si)
               8   14.4292 (  3) -  14( Si)  42( Si)  45( Si)
               9   17.6721 (  1) -  46( Si)

  For  ANHARM4, interactions related to more than 3 atoms will be neglected.
  Time Elapsed: 0.383689 sec.

 -------------------------------------------------------------------

 FORCE CONSTANT
 ==============

  Symmetry is handled in crystallographic (fractional) coordinates.

  Number of  HARMONIC FCs : 7
  Number of   ANHARM3 FCs : 36
  Number of   ANHARM4 FCs : 148

  Time Elapsed: 0.601031 sec.

 -------------------------------------------------------------------

 DISPLACEMENT PATTERN
 ====================

  Number of free HARMONIC FCs : 7
  Number of free  ANHARM3 FCs : 36
  Number of free  ANHARM4 FCs : 148

  Generating displacement patterns in Cartesian coordinate...  done!

  Number of disp. patterns for  HARMONIC : 1
  Number of disp. patterns for   ANHARM3 : 20
  Number of disp. patterns for   ANHARM4 : 75

 Suggested displacement patterns are printed in the following files: 
  HARMONIC : si222.pattern_HARMONIC
  ANHARM3 : si222.pattern_ANHARM3
  ANHARM4 : si222.pattern_ANHARM4


 Job finished at Sun Jul 10 01:02:05 2022

 +-----------------------------------------------------------------+
 +                         Program ALM                             +
 +                             Ver.  1.4.1                         +
 +-----------------------------------------------------------------+

 Number of OpenMP threads = 4

 Job started at Sun Jul 10 10:22:29 2022


 Input variables:
 -------------------------------------------------------------------
 General:
  PREFIX = si222_harm
  MODE = optimize
  NAT = 64; NKD = 1
  PRINTSYM = 0; TOLERANCE = 0.001
  KD =   Si
  FCSYM_BASIS = Lattice
  PERIODIC =   1  1  1
  MAGMOM = 
  FCS_ALAMODE = 1;  NMAXSAVE = 5
  FC3_SHENGBTE = 0
  FC2_QEFC = 0
  HESSIAN = 0
  FC_ZERO_THR = 0

 Interaction:
  NORDER = 1
  NBODY =   2

 Optimize:
  LMODEL = least-squares
  DFSET = displace/DFSET_harmonic
  NDATA = 1; NSTART = 1; NEND = 1   SKIP = 

  ICONST = 11
  ROTAXIS = 
  FC2XML = 
  FC3XML = 

  SPARSE = 0
  SPARSESOLVER = SimplicialLDLT
  CONV_TOL = 1e-08
  MAXITER = 10000
  MIRROR_IMAGE_CONV = 0

 -------------------------------------------------------------------

 SYSTEM
 ======

  Lattice Vector
    2.040600e+01   0.000000e+00   0.000000e+00 : a1
    0.000000e+00   2.040600e+01   0.000000e+00 : a2
    0.000000e+00   0.000000e+00   2.040600e+01 : a3

  Cell volume = 8.497157e+03

  Reciprocal Lattice Vector
    3.079087e-01   0.000000e+00   0.000000e+00 : b1
    0.000000e+00   3.079087e-01   0.000000e+00 : b2
    0.000000e+00   0.000000e+00   3.079087e-01 : b3

  Atomic species:
     1   Si

  Atomic positions in fractional basis and atomic species
     1   0.000000e+00   0.000000e+00   0.000000e+00    1
     2   0.000000e+00   0.000000e+00   5.000000e-01    1
     3   0.000000e+00   2.500000e-01   2.500000e-01    1
     4   0.000000e+00   2.500000e-01   7.500000e-01    1
     5   0.000000e+00   5.000000e-01   0.000000e+00    1
     6   0.000000e+00   5.000000e-01   5.000000e-01    1
     7   0.000000e+00   7.500000e-01   2.500000e-01    1
     8   0.000000e+00   7.500000e-01   7.500000e-01    1
     9   1.250000e-01   1.250000e-01   1.250000e-01    1
    10   1.250000e-01   1.250000e-01   6.250000e-01    1
    11   1.250000e-01   3.750000e-01   3.750000e-01    1
    12   1.250000e-01   3.750000e-01   8.750000e-01    1
    13   1.250000e-01   6.250000e-01   1.250000e-01    1
    14   1.250000e-01   6.250000e-01   6.250000e-01    1
    15   1.250000e-01   8.750000e-01   3.750000e-01    1
    16   1.250000e-01   8.750000e-01   8.750000e-01    1
    17   2.500000e-01   0.000000e+00   2.500000e-01    1
    18   2.500000e-01   0.000000e+00   7.500000e-01    1
    19   2.500000e-01   2.500000e-01   0.000000e+00    1
    20   2.500000e-01   2.500000e-01   5.000000e-01    1
    21   2.500000e-01   5.000000e-01   2.500000e-01    1
    22   2.500000e-01   5.000000e-01   7.500000e-01    1
    23   2.500000e-01   7.500000e-01   0.000000e+00    1
    24   2.500000e-01   7.500000e-01   5.000000e-01    1
    25   3.750000e-01   1.250000e-01   3.750000e-01    1
    26   3.750000e-01   1.250000e-01   8.750000e-01    1
    27   3.750000e-01   3.750000e-01   1.250000e-01    1
    28   3.750000e-01   3.750000e-01   6.250000e-01    1
    29   3.750000e-01   6.250000e-01   3.750000e-01    1
    30   3.750000e-01   6.250000e-01   8.750000e-01    1
    31   3.750000e-01   8.750000e-01   1.250000e-01    1
    32   3.750000e-01   8.750000e-01   6.250000e-01    1
    33   5.000000e-01   0.000000e+00   0.000000e+00    1
    34   5.000000e-01   0.000000e+00   5.000000e-01    1
    35   5.000000e-01   2.500000e-01   2.500000e-01    1
    36   5.000000e-01   2.500000e-01   7.500000e-01    1
    37   5.000000e-01   5.000000e-01   0.000000e+00    1
    38   5.000000e-01   5.000000e-01   5.000000e-01    1
    39   5.000000e-01   7.500000e-01   2.500000e-01    1
    40   5.000000e-01   7.500000e-01   7.500000e-01    1
    41   6.250000e-01   1.250000e-01   1.250000e-01    1
    42   6.250000e-01   1.250000e-01   6.250000e-01    1
    43   6.250000e-01   3.750000e-01   3.750000e-01    1
    44   6.250000e-01   3.750000e-01   8.750000e-01    1
    45   6.250000e-01   6.250000e-01   1.250000e-01    1
    46   6.250000e-01   6.250000e-01   6.250000e-01    1
    47   6.250000e-01   8.750000e-01   3.750000e-01    1
    48   6.250000e-01   8.750000e-01   8.750000e-01    1
    49   7.500000e-01   0.000000e+00   2.500000e-01    1
    50   7.500000e-01   0.000000e+00   7.500000e-01    1
    51   7.500000e-01   2.500000e-01   0.000000e+00    1
    52   7.500000e-01   2.500000e-01   5.000000e-01    1
    53   7.500000e-01   5.000000e-01   2.500000e-01    1
    54   7.500000e-01   5.000000e-01   7.500000e-01    1
    55   7.500000e-01   7.500000e-01   0.000000e+00    1
    56   7.500000e-01   7.500000e-01   5.000000e-01    1
    57   8.750000e-01   1.250000e-01   3.750000e-01    1
    58   8.750000e-01   1.250000e-01   8.750000e-01    1
    59   8.750000e-01   3.750000e-01   1.250000e-01    1
    60   8.750000e-01   3.750000e-01   6.250000e-01    1
    61   8.750000e-01   6.250000e-01   3.750000e-01    1
    62   8.750000e-01   6.250000e-01   8.750000e-01    1
    63   8.750000e-01   8.750000e-01   1.250000e-01    1
    64   8.750000e-01   8.750000e-01   6.250000e-01    1


  Time Elapsed: 0.009151 sec.

 -------------------------------------------------------------------

 SYMMETRY
 ========

  Space group: Fd-3m (227)
  Number of symmetry operations = 1536

  Given system is not a primitive cell.
  There are    32 translation operations.
  Primitive cell contains 2 atoms

  **Cell-Atom Correspondens Below**
  CELL |  ATOM
     1 |     1    9
     2 |     2   10
     3 |     3   11
     4 |     4   12
     5 |     5   13
     6 |     6   14
     7 |     7   15
     8 |     8   16
     9 |    17   25
    10 |    18   26
    11 |    19   27
    12 |    20   28
    13 |    21   29
    14 |    22   30
    15 |    23   31
    16 |    24   32
    17 |    33   41
    18 |    34   42
    19 |    35   43
    20 |    36   44
    21 |    37   45
    22 |    38   46
    23 |    39   47
    24 |    40   48
    25 |    49   57
    26 |    50   58
    27 |    51   59
    28 |    52   60
    29 |    53   61
    30 |    54   62
    31 |    55   63
    32 |    56   64

  Time Elapsed: 0.32755 sec.

 -------------------------------------------------------------------

 INTERACTION
 ===========

  +++ Cutoff Radii Matrix (NKD x NKD matrix) +++
   HARMONIC
      7.3


  List of neighboring atoms below.
  Format [N th-nearest shell, distance (Number of atoms on the shell)]

    1 ( Si):   1   4.41803 (  4) -   9( Si)  16( Si)  58( Si)  63( Si)
               2   7.21461 ( 12) -   3( Si)   4( Si)   7( Si)   8( Si)
                                    17( Si)  18( Si)  19( Si)  23( Si)
                                    49( Si)  50( Si)  51( Si)  55( Si)
               3   8.45988 ( 12) -  10( Si)  12( Si)  13( Si)  15( Si)
                                    26( Si)  31( Si)  41( Si)  48( Si)
                                    57( Si)  59( Si)  62( Si)  64( Si)
               4    10.203 (  3) -   2( Si)   5( Si)  33( Si)
               5   11.1185 ( 12) -  11( Si)  14( Si)  25( Si)  27( Si)
                                    30( Si)  32( Si)  42( Si)  44( Si)
                                    45( Si)  47( Si)  60( Si)  61( Si)
               6   12.4961 ( 12) -  20( Si)  21( Si)  22( Si)  24( Si)
                                    35( Si)  36( Si)  39( Si)  40( Si)
                                    52( Si)  53( Si)  54( Si)  56( Si)
               7   13.2541 (  4) -  28( Si)  29( Si)  43( Si)  46( Si)
               8   14.4292 (  3) -   6( Si)  34( Si)  37( Si)
               9   17.6721 (  1) -  38( Si)

    9 ( Si):   1   4.41803 (  4) -   1( Si)   3( Si)  17( Si)  19( Si)
               2   7.21461 ( 12) -  11( Si)  12( Si)  15( Si)  16( Si)
                                    25( Si)  26( Si)  27( Si)  31( Si)
                                    57( Si)  58( Si)  59( Si)  63( Si)
               3   8.45988 ( 12) -   2( Si)   4( Si)   5( Si)   7( Si)
                                    18( Si)  20( Si)  21( Si)  23( Si)
                                    33( Si)  35( Si)  49( Si)  51( Si)
               4    10.203 (  3) -  10( Si)  13( Si)  41( Si)
               5   11.1185 ( 12) -   6( Si)   8( Si)  22( Si)  24( Si)
                                    34( Si)  36( Si)  37( Si)  39( Si)
                                    50( Si)  52( Si)  53( Si)  55( Si)
               6   12.4961 ( 12) -  28( Si)  29( Si)  30( Si)  32( Si)
                                    43( Si)  44( Si)  47( Si)  48( Si)
                                    60( Si)  61( Si)  62( Si)  64( Si)
               7   13.2541 (  4) -  38( Si)  40( Si)  54( Si)  56( Si)
               8   14.4292 (  3) -  14( Si)  42( Si)  45( Si)
               9   17.6721 (  1) -  46( Si)

  Time Elapsed: 0.391335 sec.

 -------------------------------------------------------------------

 FORCE CONSTANT
 ==============

  Symmetry is handled in crystallographic (fractional) coordinates.

  Number of  HARMONIC FCs : 7

  Time Elapsed: 0.397503 sec.

 -------------------------------------------------------------------

 CONSTRAINT
 ==========

  ICONST = 1: Constraints for translational invariance
              will be considered.

  Generating constraints for translational invariance ...
   HARMONIC ... done.
  Finished !

  Number of constraints [T-inv, R-inv (self), R-inv (cross)]:
   HARMONIC      1    0    0

  Constraints of T-inv and R-inv (self) are merged.
  If there are redundant constraints, they are removed in this process.

  Number of inequivalent constraints (self, cross) : 
   HARMONIC      1    0

  ICONST >= 10 : Constraints will be considered algebraically.

  Number of free HARMONIC FCs : 6

  Time Elapsed: 0.402486 sec.

 -------------------------------------------------------------------

 OPTIMIZATION
 ============

  LMODEL = least-squares

  Training data file (DFSET) : displace/DFSET_harmonic

  NSTART = 1; NEND = 1
  1 entries will be used for training.

  Total Number of Parameters : 7
  Total Number of Free Parameters : 6

  Entering fitting routine: SVD with constraints considered algebraically.
  SVD has started ... finished !

  RANK of the matrix = 6

  Residual sum of squares for the solution: 0.000215824
  Fitting error (%) : 3.4966

  Time Elapsed: 0.427398 sec.

 -------------------------------------------------------------------

 The following files are created:

 Force constants in a human-readable format : si222_harm.fcs
 Input data for the phonon code ANPHON      : si222_harm.xml

 Job finished at Sun Jul 10 10:22:29 2022

 +-----------------------------------------------------------------+
 +                         Program ALM                             +
 +                             Ver.  1.4.1                         +
 +-----------------------------------------------------------------+

 Number of OpenMP threads = 4

 Job started at Sun Jul 10 10:22:29 2022


 Input variables:
 -------------------------------------------------------------------
 General:
  PREFIX = si222_anharm
  MODE = optimize
  NAT = 64; NKD = 1
  PRINTSYM = 0; TOLERANCE = 0.001
  KD =   Si
  FCSYM_BASIS = Lattice
  PERIODIC =   1  1  1
  MAGMOM = 
  FCS_ALAMODE = 1;  NMAXSAVE = 5
  FC3_SHENGBTE = 0
  FC2_QEFC = 0
  HESSIAN = 0
  FC_ZERO_THR = 0

 Interaction:
  NORDER = 3
  NBODY =   2  3  3

 Optimize:
  LMODEL = elastic-net
  DFSET = displace/DFSET_random
  NDATA = 20; NSTART = 1; NEND = 20   SKIP = 

  ICONST = 11
  ROTAXIS = 
  FC2XML = si222_harm.xml
  FC3XML = 

  SPARSE = 0
  SPARSESOLVER = SimplicialLDLT
  CONV_TOL = 1e-08
  MAXITER = 10000
  MIRROR_IMAGE_CONV = 0

 Elastic-net related variables:
  CV =     4
  DFSET_CV = displace/DFSET_random
  NDATA_CV = 20; NSTART_CV = 1; NEND_CV = 20

  L1_RATIO = 1
  L1_ALPHA = 0
  CV_MINALPHA = -1; CV_MAXALPHA = -1;  CV_NALPHA = 50
  STANDARDIZE = 1
  ENET_DNORM = 1
  NWRITE =  1000
  DEBIAS_OLS = 0

 -------------------------------------------------------------------

 SYSTEM
 ======

  Lattice Vector
    2.040600e+01   0.000000e+00   0.000000e+00 : a1
    0.000000e+00   2.040600e+01   0.000000e+00 : a2
    0.000000e+00   0.000000e+00   2.040600e+01 : a3

  Cell volume = 8.497157e+03

  Reciprocal Lattice Vector
    3.079087e-01   0.000000e+00   0.000000e+00 : b1
    0.000000e+00   3.079087e-01   0.000000e+00 : b2
    0.000000e+00   0.000000e+00   3.079087e-01 : b3

  Atomic species:
     1   Si

  Atomic positions in fractional basis and atomic species
     1   0.000000e+00   0.000000e+00   0.000000e+00    1
     2   0.000000e+00   0.000000e+00   5.000000e-01    1
     3   0.000000e+00   2.500000e-01   2.500000e-01    1
     4   0.000000e+00   2.500000e-01   7.500000e-01    1
     5   0.000000e+00   5.000000e-01   0.000000e+00    1
     6   0.000000e+00   5.000000e-01   5.000000e-01    1
     7   0.000000e+00   7.500000e-01   2.500000e-01    1
     8   0.000000e+00   7.500000e-01   7.500000e-01    1
     9   1.250000e-01   1.250000e-01   1.250000e-01    1
    10   1.250000e-01   1.250000e-01   6.250000e-01    1
    11   1.250000e-01   3.750000e-01   3.750000e-01    1
    12   1.250000e-01   3.750000e-01   8.750000e-01    1
    13   1.250000e-01   6.250000e-01   1.250000e-01    1
    14   1.250000e-01   6.250000e-01   6.250000e-01    1
    15   1.250000e-01   8.750000e-01   3.750000e-01    1
    16   1.250000e-01   8.750000e-01   8.750000e-01    1
    17   2.500000e-01   0.000000e+00   2.500000e-01    1
    18   2.500000e-01   0.000000e+00   7.500000e-01    1
    19   2.500000e-01   2.500000e-01   0.000000e+00    1
    20   2.500000e-01   2.500000e-01   5.000000e-01    1
    21   2.500000e-01   5.000000e-01   2.500000e-01    1
    22   2.500000e-01   5.000000e-01   7.500000e-01    1
    23   2.500000e-01   7.500000e-01   0.000000e+00    1
    24   2.500000e-01   7.500000e-01   5.000000e-01    1
    25   3.750000e-01   1.250000e-01   3.750000e-01    1
    26   3.750000e-01   1.250000e-01   8.750000e-01    1
    27   3.750000e-01   3.750000e-01   1.250000e-01    1
    28   3.750000e-01   3.750000e-01   6.250000e-01    1
    29   3.750000e-01   6.250000e-01   3.750000e-01    1
    30   3.750000e-01   6.250000e-01   8.750000e-01    1
    31   3.750000e-01   8.750000e-01   1.250000e-01    1
    32   3.750000e-01   8.750000e-01   6.250000e-01    1
    33   5.000000e-01   0.000000e+00   0.000000e+00    1
    34   5.000000e-01   0.000000e+00   5.000000e-01    1
    35   5.000000e-01   2.500000e-01   2.500000e-01    1
    36   5.000000e-01   2.500000e-01   7.500000e-01    1
    37   5.000000e-01   5.000000e-01   0.000000e+00    1
    38   5.000000e-01   5.000000e-01   5.000000e-01    1
    39   5.000000e-01   7.500000e-01   2.500000e-01    1
    40   5.000000e-01   7.500000e-01   7.500000e-01    1
    41   6.250000e-01   1.250000e-01   1.250000e-01    1
    42   6.250000e-01   1.250000e-01   6.250000e-01    1
    43   6.250000e-01   3.750000e-01   3.750000e-01    1
    44   6.250000e-01   3.750000e-01   8.750000e-01    1
    45   6.250000e-01   6.250000e-01   1.250000e-01    1
    46   6.250000e-01   6.250000e-01   6.250000e-01    1
    47   6.250000e-01   8.750000e-01   3.750000e-01    1
    48   6.250000e-01   8.750000e-01   8.750000e-01    1
    49   7.500000e-01   0.000000e+00   2.500000e-01    1
    50   7.500000e-01   0.000000e+00   7.500000e-01    1
    51   7.500000e-01   2.500000e-01   0.000000e+00    1
    52   7.500000e-01   2.500000e-01   5.000000e-01    1
    53   7.500000e-01   5.000000e-01   2.500000e-01    1
    54   7.500000e-01   5.000000e-01   7.500000e-01    1
    55   7.500000e-01   7.500000e-01   0.000000e+00    1
    56   7.500000e-01   7.500000e-01   5.000000e-01    1
    57   8.750000e-01   1.250000e-01   3.750000e-01    1
    58   8.750000e-01   1.250000e-01   8.750000e-01    1
    59   8.750000e-01   3.750000e-01   1.250000e-01    1
    60   8.750000e-01   3.750000e-01   6.250000e-01    1
    61   8.750000e-01   6.250000e-01   3.750000e-01    1
    62   8.750000e-01   6.250000e-01   8.750000e-01    1
    63   8.750000e-01   8.750000e-01   1.250000e-01    1
    64   8.750000e-01   8.750000e-01   6.250000e-01    1


  Time Elapsed: 0.019391 sec.

 -------------------------------------------------------------------

 SYMMETRY
 ========

  Space group: Fd-3m (227)
  Number of symmetry operations = 1536

  Given system is not a primitive cell.
  There are    32 translation operations.
  Primitive cell contains 2 atoms

  **Cell-Atom Correspondens Below**
  CELL |  ATOM
     1 |     1    9
     2 |     2   10
     3 |     3   11
     4 |     4   12
     5 |     5   13
     6 |     6   14
     7 |     7   15
     8 |     8   16
     9 |    17   25
    10 |    18   26
    11 |    19   27
    12 |    20   28
    13 |    21   29
    14 |    22   30
    15 |    23   31
    16 |    24   32
    17 |    33   41
    18 |    34   42
    19 |    35   43
    20 |    36   44
    21 |    37   45
    22 |    38   46
    23 |    39   47
    24 |    40   48
    25 |    49   57
    26 |    50   58
    27 |    51   59
    28 |    52   60
    29 |    53   61
    30 |    54   62
    31 |    55   63
    32 |    56   64

  Time Elapsed: 0.341027 sec.

 -------------------------------------------------------------------

 INTERACTION
 ===========

  +++ Cutoff Radii Matrix (NKD x NKD matrix) +++
   HARMONIC
      8.1

    ANHARM3
      8.1

    ANHARM4
      8.1


  List of neighboring atoms below.
  Format [N th-nearest shell, distance (Number of atoms on the shell)]

    1 ( Si):   1   4.41803 (  4) -   9( Si)  16( Si)  58( Si)  63( Si)
               2   7.21461 ( 12) -   3( Si)   4( Si)   7( Si)   8( Si)
                                    17( Si)  18( Si)  19( Si)  23( Si)
                                    49( Si)  50( Si)  51( Si)  55( Si)
               3   8.45988 ( 12) -  10( Si)  12( Si)  13( Si)  15( Si)
                                    26( Si)  31( Si)  41( Si)  48( Si)
                                    57( Si)  59( Si)  62( Si)  64( Si)
               4    10.203 (  3) -   2( Si)   5( Si)  33( Si)
               5   11.1185 ( 12) -  11( Si)  14( Si)  25( Si)  27( Si)
                                    30( Si)  32( Si)  42( Si)  44( Si)
                                    45( Si)  47( Si)  60( Si)  61( Si)
               6   12.4961 ( 12) -  20( Si)  21( Si)  22( Si)  24( Si)
                                    35( Si)  36( Si)  39( Si)  40( Si)
                                    52( Si)  53( Si)  54( Si)  56( Si)
               7   13.2541 (  4) -  28( Si)  29( Si)  43( Si)  46( Si)
               8   14.4292 (  3) -   6( Si)  34( Si)  37( Si)
               9   17.6721 (  1) -  38( Si)

    9 ( Si):   1   4.41803 (  4) -   1( Si)   3( Si)  17( Si)  19( Si)
               2   7.21461 ( 12) -  11( Si)  12( Si)  15( Si)  16( Si)
                                    25( Si)  26( Si)  27( Si)  31( Si)
                                    57( Si)  58( Si)  59( Si)  63( Si)
               3   8.45988 ( 12) -   2( Si)   4( Si)   5( Si)   7( Si)
                                    18( Si)  20( Si)  21( Si)  23( Si)
                                    33( Si)  35( Si)  49( Si)  51( Si)
               4    10.203 (  3) -  10( Si)  13( Si)  41( Si)
               5   11.1185 ( 12) -   6( Si)   8( Si)  22( Si)  24( Si)
                                    34( Si)  36( Si)  37( Si)  39( Si)
                                    50( Si)  52( Si)  53( Si)  55( Si)
               6   12.4961 ( 12) -  28( Si)  29( Si)  30( Si)  32( Si)
                                    43( Si)  44( Si)  47( Si)  48( Si)
                                    60( Si)  61( Si)  62( Si)  64( Si)
               7   13.2541 (  4) -  38( Si)  40( Si)  54( Si)  56( Si)
               8   14.4292 (  3) -  14( Si)  42( Si)  45( Si)
               9   17.6721 (  1) -  46( Si)

  For  ANHARM4, interactions related to more than 3 atoms will be neglected.
  Time Elapsed: 0.420081 sec.

 -------------------------------------------------------------------

 FORCE CONSTANT
 ==============

  Symmetry is handled in crystallographic (fractional) coordinates.

  Number of  HARMONIC FCs : 7
  Number of   ANHARM3 FCs : 36
  Number of   ANHARM4 FCs : 148

  Time Elapsed: 0.691739 sec.

 -------------------------------------------------------------------

 CONSTRAINT
 ==========

  ICONST = 1: Constraints for translational invariance
              will be considered.

  FC2XML is given : Harmonic force constants will be 
                    fixed to the values given in si222_harm.xml

  Generating constraints for translational invariance ...
   HARMONIC ... done.
    ANHARM3 ... done.
    ANHARM4 ... done.
  Finished !

  Number of constraints [T-inv, R-inv (self), R-inv (cross)]:
   HARMONIC      1    0    0
    ANHARM3      9    0    0
    ANHARM4     85    0    0

  Constraints of T-inv and R-inv (self) are merged.
  If there are redundant constraints, they are removed in this process.

  Number of inequivalent constraints (self, cross) : 
   HARMONIC      1    0
    ANHARM3      9    0
    ANHARM4     85    0

  ICONST >= 10 : Constraints will be considered algebraically.

  Number of free HARMONIC FCs : 0
  Number of free  ANHARM3 FCs : 27
  Number of free  ANHARM4 FCs : 63

  Time Elapsed: 1.42477 sec.

 -------------------------------------------------------------------

 OPTIMIZATION
 ============

  LMODEL = elastic-net

  Training data file (DFSET) : displace/DFSET_random

  NSTART = 1; NEND = 20
  20 entries will be used for training.

  Total Number of Parameters : 191
  Total Number of Free Parameters : 90

 Elastic-net  cross-validation with the following parameters:
   L1_RATIO = 1
   CV =               4
   CV_MINALPHA = CV_MAXALPHA*1e-6  CV_MAXALPHA = (Use recommended value)
   CV_NALPHA =    50
   CONV_TOL =           1e-08
   MAXITER = 10000
   STOP_CRITERION =     5
   ENET_DNORM =               1

  STANDARDIZE = 1 : Standardization will be performed for matrix A and vector b.
                    The ENET_DNORM-tag will be neglected.

  CV > 0: Automatic CV mode.

  Start 4-fold CV with 20 Datasets

  Recommended CV_MAXALPHA (  1) = 0.00127773
  Recommended CV_MAXALPHA (  2) = 0.00130662
  Recommended CV_MAXALPHA (  3) = 0.00130658
  Recommended CV_MAXALPHA (  4) = 0.00122528

  SET :   1
  Recommended CV_MAXALPHA = 0.00127773

  .....................
  STOP_CRITERION is satisfied: The solution path calculation has stopped.
  SET   1 has been finished.
  Minimum validation error at alpha = 1.5709e-05
  The CV result is saved in si222_anharm.cvset1

  ---------------------------------------------------

  SET :   2
  Recommended CV_MAXALPHA = 0.00130662

  .......................
  STOP_CRITERION is satisfied: The solution path calculation has stopped.
  SET   2 has been finished.
  Minimum validation error at alpha = 9.03961e-06
  The CV result is saved in si222_anharm.cvset2

  ---------------------------------------------------

  SET :   3
  Recommended CV_MAXALPHA = 0.00130658

  .........................

  STOP_CRITERION is satisfied: The solution path calculation has stopped.
  SET   3 has been finished.
  Minimum validation error at alpha = 5.20175e-06
  The CV result is saved in si222_anharm.cvset3

  ---------------------------------------------------

  SET :   4
  Recommended CV_MAXALPHA = 0.00122528

  ........................
  STOP_CRITERION is satisfied: The solution path calculation has stopped.
  SET   4 has been finished.
  Minimum validation error at alpha = 6.85725e-06
  The CV result is saved in si222_anharm.cvset4

  ---------------------------------------------------
 Average and standard deviation of the CV error are
 saved in si222_anharm.cvscore
 Minimum CVSCORE at alpha = 9.03961e-06


  Time Elapsed: 21.8453 sec.

 -------------------------------------------------------------------


 Job finished at Sun Jul 10 10:22:51 2022

 +-----------------------------------------------------------------+
 +                         Program ALM                             +
 +                             Ver.  1.4.1                         +
 +-----------------------------------------------------------------+

 Number of OpenMP threads = 4

 Job started at Sun Jul 10 10:22:51 2022


 Input variables:
 -------------------------------------------------------------------
 General:
  PREFIX = si222_anharm
  MODE = optimize
  NAT = 64; NKD = 1
  PRINTSYM = 0; TOLERANCE = 0.001
  KD =   Si
  FCSYM_BASIS = Lattice
  PERIODIC =   1  1  1
  MAGMOM = 
  FCS_ALAMODE = 1;  NMAXSAVE = 5
  FC3_SHENGBTE = 0
  FC2_QEFC = 0
  HESSIAN = 0
  FC_ZERO_THR = 0

 Interaction:
  NORDER = 3
  NBODY =   2  3  3

 Optimize:
  LMODEL = elastic-net
  DFSET = displace/DFSET_random
  NDATA = 20; NSTART = 1; NEND = 20   SKIP = 

  ICONST = 11
  ROTAXIS = 
  FC2XML = si222_harm.xml
  FC3XML = 

  SPARSE = 0
  SPARSESOLVER = SimplicialLDLT
  CONV_TOL = 1e-08
  MAXITER = 10000
  MIRROR_IMAGE_CONV = 0

 Elastic-net related variables:
  CV =     0
  DFSET_CV = displace/DFSET_random
  NDATA_CV = 20; NSTART_CV = 1; NEND_CV = 20

  L1_RATIO = 1
  L1_ALPHA = 9.03961e-06
  CV_MINALPHA = -1; CV_MAXALPHA = -1;  CV_NALPHA = 50
  STANDARDIZE = 1
  ENET_DNORM = 1
  NWRITE =  1000
  DEBIAS_OLS = 0

 -------------------------------------------------------------------

 SYSTEM
 ======

  Lattice Vector
    2.040600e+01   0.000000e+00   0.000000e+00 : a1
    0.000000e+00   2.040600e+01   0.000000e+00 : a2
    0.000000e+00   0.000000e+00   2.040600e+01 : a3

  Cell volume = 8.497157e+03

  Reciprocal Lattice Vector
    3.079087e-01   0.000000e+00   0.000000e+00 : b1
    0.000000e+00   3.079087e-01   0.000000e+00 : b2
    0.000000e+00   0.000000e+00   3.079087e-01 : b3

  Atomic species:
     1   Si

  Atomic positions in fractional basis and atomic species
     1   0.000000e+00   0.000000e+00   0.000000e+00    1
     2   0.000000e+00   0.000000e+00   5.000000e-01    1
     3   0.000000e+00   2.500000e-01   2.500000e-01    1
     4   0.000000e+00   2.500000e-01   7.500000e-01    1
     5   0.000000e+00   5.000000e-01   0.000000e+00    1
     6   0.000000e+00   5.000000e-01   5.000000e-01    1
     7   0.000000e+00   7.500000e-01   2.500000e-01    1
     8   0.000000e+00   7.500000e-01   7.500000e-01    1
     9   1.250000e-01   1.250000e-01   1.250000e-01    1
    10   1.250000e-01   1.250000e-01   6.250000e-01    1
    11   1.250000e-01   3.750000e-01   3.750000e-01    1
    12   1.250000e-01   3.750000e-01   8.750000e-01    1
    13   1.250000e-01   6.250000e-01   1.250000e-01    1
    14   1.250000e-01   6.250000e-01   6.250000e-01    1
    15   1.250000e-01   8.750000e-01   3.750000e-01    1
    16   1.250000e-01   8.750000e-01   8.750000e-01    1
    17   2.500000e-01   0.000000e+00   2.500000e-01    1
    18   2.500000e-01   0.000000e+00   7.500000e-01    1
    19   2.500000e-01   2.500000e-01   0.000000e+00    1
    20   2.500000e-01   2.500000e-01   5.000000e-01    1
    21   2.500000e-01   5.000000e-01   2.500000e-01    1
    22   2.500000e-01   5.000000e-01   7.500000e-01    1
    23   2.500000e-01   7.500000e-01   0.000000e+00    1
    24   2.500000e-01   7.500000e-01   5.000000e-01    1
    25   3.750000e-01   1.250000e-01   3.750000e-01    1
    26   3.750000e-01   1.250000e-01   8.750000e-01    1
    27   3.750000e-01   3.750000e-01   1.250000e-01    1
    28   3.750000e-01   3.750000e-01   6.250000e-01    1
    29   3.750000e-01   6.250000e-01   3.750000e-01    1
    30   3.750000e-01   6.250000e-01   8.750000e-01    1
    31   3.750000e-01   8.750000e-01   1.250000e-01    1
    32   3.750000e-01   8.750000e-01   6.250000e-01    1
    33   5.000000e-01   0.000000e+00   0.000000e+00    1
    34   5.000000e-01   0.000000e+00   5.000000e-01    1
    35   5.000000e-01   2.500000e-01   2.500000e-01    1
    36   5.000000e-01   2.500000e-01   7.500000e-01    1
    37   5.000000e-01   5.000000e-01   0.000000e+00    1
    38   5.000000e-01   5.000000e-01   5.000000e-01    1
    39   5.000000e-01   7.500000e-01   2.500000e-01    1
    40   5.000000e-01   7.500000e-01   7.500000e-01    1
    41   6.250000e-01   1.250000e-01   1.250000e-01    1
    42   6.250000e-01   1.250000e-01   6.250000e-01    1
    43   6.250000e-01   3.750000e-01   3.750000e-01    1
    44   6.250000e-01   3.750000e-01   8.750000e-01    1
    45   6.250000e-01   6.250000e-01   1.250000e-01    1
    46   6.250000e-01   6.250000e-01   6.250000e-01    1
    47   6.250000e-01   8.750000e-01   3.750000e-01    1
    48   6.250000e-01   8.750000e-01   8.750000e-01    1
    49   7.500000e-01   0.000000e+00   2.500000e-01    1
    50   7.500000e-01   0.000000e+00   7.500000e-01    1
    51   7.500000e-01   2.500000e-01   0.000000e+00    1
    52   7.500000e-01   2.500000e-01   5.000000e-01    1
    53   7.500000e-01   5.000000e-01   2.500000e-01    1
    54   7.500000e-01   5.000000e-01   7.500000e-01    1
    55   7.500000e-01   7.500000e-01   0.000000e+00    1
    56   7.500000e-01   7.500000e-01   5.000000e-01    1
    57   8.750000e-01   1.250000e-01   3.750000e-01    1
    58   8.750000e-01   1.250000e-01   8.750000e-01    1
    59   8.750000e-01   3.750000e-01   1.250000e-01    1
    60   8.750000e-01   3.750000e-01   6.250000e-01    1
    61   8.750000e-01   6.250000e-01   3.750000e-01    1
    62   8.750000e-01   6.250000e-01   8.750000e-01    1
    63   8.750000e-01   8.750000e-01   1.250000e-01    1
    64   8.750000e-01   8.750000e-01   6.250000e-01    1


  Time Elapsed: 0.021104 sec.

 -------------------------------------------------------------------

 SYMMETRY
 ========

  Space group: Fd-3m (227)
  Number of symmetry operations = 1536

  Given system is not a primitive cell.
  There are    32 translation operations.
  Primitive cell contains 2 atoms

  **Cell-Atom Correspondens Below**
  CELL |  ATOM
     1 |     1    9
     2 |     2   10
     3 |     3   11
     4 |     4   12
     5 |     5   13
     6 |     6   14
     7 |     7   15
     8 |     8   16
     9 |    17   25
    10 |    18   26
    11 |    19   27
    12 |    20   28
    13 |    21   29
    14 |    22   30
    15 |    23   31
    16 |    24   32
    17 |    33   41
    18 |    34   42
    19 |    35   43
    20 |    36   44
    21 |    37   45
    22 |    38   46
    23 |    39   47
    24 |    40   48
    25 |    49   57
    26 |    50   58
    27 |    51   59
    28 |    52   60
    29 |    53   61
    30 |    54   62
    31 |    55   63
    32 |    56   64

  Time Elapsed: 0.341406 sec.

 -------------------------------------------------------------------

 INTERACTION
 ===========

  +++ Cutoff Radii Matrix (NKD x NKD matrix) +++
   HARMONIC
      8.1

    ANHARM3
      8.1

    ANHARM4
      8.1


  List of neighboring atoms below.
  Format [N th-nearest shell, distance (Number of atoms on the shell)]

    1 ( Si):   1   4.41803 (  4) -   9( Si)  16( Si)  58( Si)  63( Si)
               2   7.21461 ( 12) -   3( Si)   4( Si)   7( Si)   8( Si)
                                    17( Si)  18( Si)  19( Si)  23( Si)
                                    49( Si)  50( Si)  51( Si)  55( Si)
               3   8.45988 ( 12) -  10( Si)  12( Si)  13( Si)  15( Si)
                                    26( Si)  31( Si)  41( Si)  48( Si)
                                    57( Si)  59( Si)  62( Si)  64( Si)
               4    10.203 (  3) -   2( Si)   5( Si)  33( Si)
               5   11.1185 ( 12) -  11( Si)  14( Si)  25( Si)  27( Si)
                                    30( Si)  32( Si)  42( Si)  44( Si)
                                    45( Si)  47( Si)  60( Si)  61( Si)
               6   12.4961 ( 12) -  20( Si)  21( Si)  22( Si)  24( Si)
                                    35( Si)  36( Si)  39( Si)  40( Si)
                                    52( Si)  53( Si)  54( Si)  56( Si)
               7   13.2541 (  4) -  28( Si)  29( Si)  43( Si)  46( Si)
               8   14.4292 (  3) -   6( Si)  34( Si)  37( Si)
               9   17.6721 (  1) -  38( Si)

    9 ( Si):   1   4.41803 (  4) -   1( Si)   3( Si)  17( Si)  19( Si)
               2   7.21461 ( 12) -  11( Si)  12( Si)  15( Si)  16( Si)
                                    25( Si)  26( Si)  27( Si)  31( Si)
                                    57( Si)  58( Si)  59( Si)  63( Si)
               3   8.45988 ( 12) -   2( Si)   4( Si)   5( Si)   7( Si)
                                    18( Si)  20( Si)  21( Si)  23( Si)
                                    33( Si)  35( Si)  49( Si)  51( Si)
               4    10.203 (  3) -  10( Si)  13( Si)  41( Si)
               5   11.1185 ( 12) -   6( Si)   8( Si)  22( Si)  24( Si)
                                    34( Si)  36( Si)  37( Si)  39( Si)
                                    50( Si)  52( Si)  53( Si)  55( Si)
               6   12.4961 ( 12) -  28( Si)  29( Si)  30( Si)  32( Si)
                                    43( Si)  44( Si)  47( Si)  48( Si)
                                    60( Si)  61( Si)  62( Si)  64( Si)
               7   13.2541 (  4) -  38( Si)  40( Si)  54( Si)  56( Si)
               8   14.4292 (  3) -  14( Si)  42( Si)  45( Si)
               9   17.6721 (  1) -  46( Si)

  For  ANHARM4, interactions related to more than 3 atoms will be neglected.
  Time Elapsed: 0.423192 sec.

 -------------------------------------------------------------------

 FORCE CONSTANT
 ==============

  Symmetry is handled in crystallographic (fractional) coordinates.

  Number of  HARMONIC FCs : 7
  Number of   ANHARM3 FCs : 36
  Number of   ANHARM4 FCs : 148

  Time Elapsed: 0.69424 sec.

 -------------------------------------------------------------------

 CONSTRAINT
 ==========

  ICONST = 1: Constraints for translational invariance
              will be considered.

  FC2XML is given : Harmonic force constants will be 
                    fixed to the values given in si222_harm.xml

  Generating constraints for translational invariance ...
   HARMONIC ... done.
    ANHARM3 ... done.
    ANHARM4 ... done.
  Finished !

  Number of constraints [T-inv, R-inv (self), R-inv (cross)]:
   HARMONIC      1    0    0
    ANHARM3      9    0    0
    ANHARM4     85    0    0

  Constraints of T-inv and R-inv (self) are merged.
  If there are redundant constraints, they are removed in this process.

  Number of inequivalent constraints (self, cross) : 
   HARMONIC      1    0
    ANHARM3      9    0
    ANHARM4     85    0

  ICONST >= 10 : Constraints will be considered algebraically.

  Number of free HARMONIC FCs : 0
  Number of free  ANHARM3 FCs : 27
  Number of free  ANHARM4 FCs : 63

  Time Elapsed: 1.42875 sec.

 -------------------------------------------------------------------

 OPTIMIZATION
 ============

  LMODEL = elastic-net

  Training data file (DFSET) : displace/DFSET_random

  NSTART = 1; NEND = 20
  20 entries will be used for training.

  Total Number of Parameters : 191
  Total Number of Free Parameters : 90

  Elastic-net minimization with the following parameters:
   L1_RATIO = 1
   ENET_DNORM =               1
  STANDARDIZE = 1 : Standardization will be performed for matrix A and vector b.
                    The ENET_DNORM-tag will be neglected.

   L1_ALPHA =     9.03961e-06
   CONV_TOL =           1e-08
   MAXITER = 10000

  RESIDUAL (%): 3.30444
  Number of non-zero  HARMONIC FCs : 0
  Number of non-zero   ANHARM3 FCs : 10
  Number of non-zero   ANHARM4 FCs : 13


  Time Elapsed: 7.28586 sec.

 -------------------------------------------------------------------

 The following files are created:

 Force constants in a human-readable format : si222_anharm.fcs
 Input data for the phonon code ANPHON      : si222_anharm.xml

 Job finished at Sun Jul 10 10:23:01 2022

