 +-----------------------------------------------------------------+
 +                         Program ANPHON                          +
 +                             Ver.  1.4.1                         +
 +-----------------------------------------------------------------+

 Job started at Sun Jul 10 10:23:02 2022

 The number of MPI processes: 1
 The number of OpenMP threads: 4


 Input variables:
 -----------------------------------------------------------------
 General:
  PREFIX = si222_scph
  MODE = SCPH
  FCSXML = si222_anharm.xml

  NKD = 1; KD =   Si
  MASS =    28.0855
  NSYM = 0; TOLERANCE = 0.001; PRINTSYM = 0

  NONANALYTIC = 0

  TMIN = 0; TMAX = 1000; DT = 50
  EMIN = 0; EMAX = 1000; DELTA_E = 10

  ISMEAR = -1; EPSILON = 10

  CLASSICAL = 0
  BCONNECT = 0

 Scph:
  KMESH_INTERPOLATE =     2    2    2
  KMESH_SCPH        =     2    2    2
  SELF_OFFDIAG = 0
  IALGO = 0

  RESTART_SCPH = 0
  LOWER_TEMP = 1
  WARMSTART = 1

  TOL_SCPH = 1e-10
  MAXITER = 1000
  MIXALPHA = 0.2

 Kpoint:
  KPMODE (1st entry for &kpoint) = 1


 Analysis:


 -----------------------------------------------------------------

                        MODE = SCPH                           
                                                             
      Self-consistent phonon calculation to estimate         
      anharmonic phonon frequencies.                         
      Harmonic and quartic force constants will be used.  

 -----------------------------------------------------------------

 Crystal structure
 =================

 Lattice Vectors:

 * Supercell (from si222_anharm.xml )

    2.040600e+01   0.000000e+00   0.000000e+00 : a1
    0.000000e+00   2.040600e+01   0.000000e+00 : a2
    0.000000e+00   0.000000e+00   2.040600e+01 : a3

    3.079087e-01   0.000000e+00   0.000000e+00 : b1
    0.000000e+00   3.079087e-01   0.000000e+00 : b2
    0.000000e+00   0.000000e+00   3.079087e-01 : b3

 * Primitive cell 

    0.000000e+00   5.101500e+00   5.101500e+00 : a1
    5.101500e+00   0.000000e+00   5.101500e+00 : a2
    5.101500e+00   5.101500e+00   0.000000e+00 : a3

   -6.158174e-01   6.158174e-01   6.158174e-01 : b1
    6.158174e-01  -6.158174e-01   6.158174e-01 : b2
    6.158174e-01   6.158174e-01  -6.158174e-01 : b3


  Volume of the primitive cell : 2.655362e+02 (a.u.)^3

  Number of atoms in the supercell     : 64
  Number of atoms in the primitive cell: 2

  Atomic positions in the primitive cell (fractional):
   1:   0.000000e+00   0.000000e+00   0.000000e+00  Si
   2:   2.500000e-01   2.500000e-01   2.500000e-01  Si

  Mass of atomic species (u):
  Si:   28.085500


 Symmetry
 ========

  NSYM = 0 is given: Trying to find symmetry operations.
  Number of symmetry operations : 48

 k points
 ========

  KPMODE = 1: Band structure calculation
  Number of paths : 3

  List of k paths : 
   1:  G (  0.0000  0.0000  0.0000)  X (  0.5000  0.5000  0.0000)  51
   2:  X (  0.5000  0.5000  1.0000)  G (  0.0000  0.0000  0.0000)  51
   3:  G (  0.0000  0.0000  0.0000)  L (  0.5000  0.5000  0.5000)  51

  Number of k points : 153

 Force constant
 ==============

  Reading force constants from the XML file ... done !
  Number of non-zero IFCs for 2 order: 306
  Number of non-zero IFCs for 3 order: 2964
  Number of non-zero IFCs for 4 order: 24450

  Maximum deviation from the translational invariance: 
   Order 2 :   1.8041e-16
   Order 3 :   2.2204e-16
   Order 4 :   5.5511e-16


 Dynamical matrix
 ================

  NONANALYTIC = 0 : No non-analytic correction. 


 -----------------------------------------------------------------


 ISMEAR = -1: Tetrahedron method will be used.

 Now, move on to phonon calculations.

 Diagonalizing dynamical matrices for all k points ... done!
 Setting up the SCPH calculations ...

  Gamma-centered uniform grid with the following mesh density:
  nk1:    2
  nk2:    2
  nk3:    2

  Number of k points : 8
  Number of irreducible k points : 3

  Fourier interpolation from reciprocal to real space
  will be performed with the following mesh density:
  nk1:    2
  nk2:    2
  nk3:    2

  Number of k points : 8
  Number of irreducible k points : 3

 Diagonalizing dynamical matrices for all k points ... done !
 Preparing for calculating V4  ... done!
 SELF_OFFDIAG = 0: Calculating diagonal components of v4_array ...  done !

 Time Elapsed: 4.4385e+00 sec.

 Temperature = 1.0000e+03 K
  SCPH ITER     1 :  DIFF = N/A
  SCPH ITER     2 :  DIFF =      1.8375e-04
  SCPH ITER     3 :  DIFF =      3.8333e-05
  SCPH ITER     4 :  DIFF =      1.8865e-05
  SCPH ITER     5 :  DIFF =      1.2143e-05
  SCPH ITER     6 :  DIFF =      8.5449e-06
  SCPH ITER     7 :  DIFF =      6.2929e-06
  SCPH ITER     8 :  DIFF =      4.7624e-06
  SCPH ITER     9 :  DIFF =      3.6700e-06
  SCPH ITER    10 :  DIFF =      2.8651e-06
  SCPH ITER    11 :  DIFF =      2.2589e-06
  SCPH ITER    12 :  DIFF =      1.7951e-06
  SCPH ITER    13 :  DIFF =      1.4357e-06
  SCPH ITER    14 :  DIFF =      1.1546e-06
  SCPH ITER    15 :  DIFF =      9.3281e-07
  SCPH ITER    16 :  DIFF =      7.5665e-07
  SCPH ITER    17 :  DIFF =      6.1586e-07
  SCPH ITER    18 :  DIFF =      5.0276e-07
  SCPH ITER    19 :  DIFF =      4.1148e-07
  SCPH ITER    20 :  DIFF =      3.3753e-07
  SCPH ITER    21 :  DIFF =      2.7739e-07
  SCPH ITER    22 :  DIFF =      2.2835e-07
  SCPH ITER    23 :  DIFF =      1.8824e-07
  SCPH ITER    24 :  DIFF =      1.5537e-07
  SCPH ITER    25 :  DIFF =      1.2837e-07
  SCPH ITER    26 :  DIFF =      1.0616e-07
  SCPH ITER    27 :  DIFF =      8.7862e-08
  SCPH ITER    28 :  DIFF =      7.2766e-08
  SCPH ITER    29 :  DIFF =      6.0298e-08
  SCPH ITER    30 :  DIFF =      4.9992e-08
  SCPH ITER    31 :  DIFF =      4.1465e-08
  SCPH ITER    32 :  DIFF =      3.4405e-08
  SCPH ITER    33 :  DIFF =      2.8557e-08
  SCPH ITER    34 :  DIFF =      2.3709e-08
  SCPH ITER    35 :  DIFF =      1.9689e-08
  SCPH ITER    36 :  DIFF =      1.6354e-08
  SCPH ITER    37 :  DIFF =      1.3586e-08
  SCPH ITER    38 :  DIFF =      1.1288e-08
  SCPH ITER    39 :  DIFF =      9.3808e-09
  SCPH ITER    40 :  DIFF =      7.7964e-09
  SCPH ITER    41 :  DIFF =      6.4803e-09
  SCPH ITER    42 :  DIFF =      5.3869e-09
  SCPH ITER    43 :  DIFF =      4.4783e-09
  SCPH ITER    44 :  DIFF =      3.7232e-09
  SCPH ITER    45 :  DIFF =      3.0956e-09
  SCPH ITER    46 :  DIFF =      2.5740e-09
  SCPH ITER    47 :  DIFF =      2.1403e-09
  SCPH ITER    48 :  DIFF =      1.7798e-09
  SCPH ITER    49 :  DIFF =      1.4801e-09
  SCPH ITER    50 :  DIFF =      1.2308e-09
  SCPH ITER    51 :  DIFF =      1.0236e-09
  SCPH ITER    52 :  DIFF =      8.5128e-10
  SCPH ITER    53 :  DIFF =      7.0799e-10
  SCPH ITER    54 :  DIFF =      5.8883e-10
  SCPH ITER    55 :  DIFF =      4.8973e-10
  SCPH ITER    56 :  DIFF =      4.0744e-10
  SCPH ITER    57 :  DIFF =      3.3893e-10
  SCPH ITER    58 :  DIFF =      2.8207e-10
  SCPH ITER    59 :  DIFF =      2.3472e-10
  SCPH ITER    60 :  DIFF =      1.9493e-10
  SCPH ITER    61 :  DIFF =      1.6213e-10
  SCPH ITER    62 :  DIFF =      1.3596e-10
  SCPH ITER    63 :  DIFF =      1.1350e-10
  SCPH ITER    64 :  DIFF =      9.4868e-11
  DIFF < SCPH_TOL : break SCPH loop
 Temp = 1.0000e+03 : convergence achieved in    64 iterations.
 Temperature = 9.5000e+02 K
  SCPH ITER     1 :  DIFF = N/A
  SCPH ITER     2 :  DIFF =      4.7349e-06
  SCPH ITER     3 :  DIFF =      2.5513e-06
  SCPH ITER     4 :  DIFF =      1.4262e-06
  SCPH ITER     5 :  DIFF =      8.1803e-07
  SCPH ITER     6 :  DIFF =      4.8290e-07
  SCPH ITER     7 :  DIFF =      2.9761e-07
  SCPH ITER     8 :  DIFF =      1.9513e-07
  SCPH ITER     9 :  DIFF =      1.3736e-07
  SCPH ITER    10 :  DIFF =      1.0279e-07
  SCPH ITER    11 :  DIFF =      8.0039e-08
  SCPH ITER    12 :  DIFF =      6.3626e-08
  SCPH ITER    13 :  DIFF =      5.1024e-08
  SCPH ITER    14 :  DIFF =      4.1036e-08
  SCPH ITER    15 :  DIFF =      3.3017e-08
  SCPH ITER    16 :  DIFF =      2.6556e-08
  SCPH ITER    17 :  DIFF =      2.1354e-08
  SCPH ITER    18 :  DIFF =      1.7170e-08
  SCPH ITER    19 :  DIFF =      1.3810e-08
  SCPH ITER    20 :  DIFF =      1.1115e-08
  SCPH ITER    21 :  DIFF =      8.9531e-09
  SCPH ITER    22 :  DIFF =      7.2195e-09
  SCPH ITER    23 :  DIFF =      5.8284e-09
  SCPH ITER    24 :  DIFF =      4.7112e-09
  SCPH ITER    25 :  DIFF =      3.8129e-09
  SCPH ITER    26 :  DIFF =      3.0897e-09
  SCPH ITER    27 :  DIFF =      2.5067e-09
  SCPH ITER    28 :  DIFF =      2.0361e-09
  SCPH ITER    29 :  DIFF =      1.6556e-09
  SCPH ITER    30 :  DIFF =      1.3476e-09
  SCPH ITER    31 :  DIFF =      1.0980e-09
  SCPH ITER    32 :  DIFF =      8.9540e-10
  SCPH ITER    33 :  DIFF =      7.3078e-10
  SCPH ITER    34 :  DIFF =      5.9688e-10
  SCPH ITER    35 :  DIFF =      4.8785e-10
  SCPH ITER    36 :  DIFF =      3.9899e-10
  SCPH ITER    37 :  DIFF =      3.2650e-10
  SCPH ITER    38 :  DIFF =      2.6732e-10
  SCPH ITER    39 :  DIFF =      2.1897e-10
  SCPH ITER    40 :  DIFF =      1.7944e-10
  SCPH ITER    41 :  DIFF =      1.4710e-10
  SCPH ITER    42 :  DIFF =      1.2064e-10
  SCPH ITER    43 :  DIFF =      9.8965e-11
  DIFF < SCPH_TOL : break SCPH loop
 Temp = 9.5000e+02 : convergence achieved in    43 iterations.
 Temperature = 9.0000e+02 K
  SCPH ITER     1 :  DIFF = N/A
  SCPH ITER     2 :  DIFF =      7.2947e-06
  SCPH ITER     3 :  DIFF =      3.4304e-06
  SCPH ITER     4 :  DIFF =      1.7068e-06
  SCPH ITER     5 :  DIFF =      8.7214e-07
  SCPH ITER     6 :  DIFF =      4.5721e-07
  SCPH ITER     7 :  DIFF =      2.5216e-07
  SCPH ITER     8 :  DIFF =      1.5322e-07
  SCPH ITER     9 :  DIFF =      1.0520e-07
  SCPH ITER    10 :  DIFF =      7.9146e-08
  SCPH ITER    11 :  DIFF =      6.2104e-08
  SCPH ITER    12 :  DIFF =      4.9309e-08
  SCPH ITER    13 :  DIFF =      3.9145e-08
  SCPH ITER    14 :  DIFF =      3.0973e-08
  SCPH ITER    15 :  DIFF =      2.4427e-08
  SCPH ITER    16 :  DIFF =      1.9221e-08
  SCPH ITER    17 :  DIFF =      1.5106e-08
  SCPH ITER    18 :  DIFF =      1.1869e-08
  SCPH ITER    19 :  DIFF =      9.3294e-09
  SCPH ITER    20 :  DIFF =      7.3403e-09
  SCPH ITER    21 :  DIFF =      5.7830e-09
  SCPH ITER    22 :  DIFF =      4.5634e-09
  SCPH ITER    23 :  DIFF =      3.6073e-09
  SCPH ITER    24 :  DIFF =      2.8567e-09
  SCPH ITER    25 :  DIFF =      2.2666e-09
  SCPH ITER    26 :  DIFF =      1.8017e-09
  SCPH ITER    27 :  DIFF =      1.4349e-09
  SCPH ITER    28 :  DIFF =      1.1448e-09
  SCPH ITER    29 :  DIFF =      9.1488e-10
  SCPH ITER    30 :  DIFF =      7.3236e-10
  SCPH ITER    31 :  DIFF =      5.8718e-10
  SCPH ITER    32 :  DIFF =      4.7148e-10
  SCPH ITER    33 :  DIFF =      3.7910e-10
  SCPH ITER    34 :  DIFF =      3.0522e-10
  SCPH ITER    35 :  DIFF =      2.4604e-10
  SCPH ITER    36 :  DIFF =      1.9856e-10
  SCPH ITER    37 :  DIFF =      1.6041e-10
  SCPH ITER    38 :  DIFF =      1.2972e-10
  SCPH ITER    39 :  DIFF =      1.0499e-10
  SCPH ITER    40 :  DIFF =      8.5052e-11
  DIFF < SCPH_TOL : break SCPH loop
 Temp = 9.0000e+02 : convergence achieved in    40 iterations.
 Temperature = 8.5000e+02 K
  SCPH ITER     1 :  DIFF = N/A
  SCPH ITER     2 :  DIFF =      9.9803e-06
  SCPH ITER     3 :  DIFF =      4.0531e-06
  SCPH ITER     4 :  DIFF =      1.8008e-06
  SCPH ITER     5 :  DIFF =      8.2580e-07
  SCPH ITER     6 :  DIFF =      3.9069e-07
  SCPH ITER     7 :  DIFF =      2.0164e-07
  SCPH ITER     8 :  DIFF =      1.2410e-07
  SCPH ITER     9 :  DIFF =      9.0406e-08
  SCPH ITER    10 :  DIFF =      7.0872e-08
  SCPH ITER    11 :  DIFF =      5.6277e-08
  SCPH ITER    12 :  DIFF =      4.4451e-08
  SCPH ITER    13 :  DIFF =      3.4846e-08
  SCPH ITER    14 :  DIFF =      2.7156e-08
  SCPH ITER    15 :  DIFF =      2.1084e-08
  SCPH ITER    16 :  DIFF =      1.6337e-08
  SCPH ITER    17 :  DIFF =      1.2649e-08
  SCPH ITER    18 :  DIFF =      9.7947e-09
  SCPH ITER    19 :  DIFF =      7.5897e-09
  SCPH ITER    20 :  DIFF =      5.8876e-09
  SCPH ITER    21 :  DIFF =      4.5736e-09
  SCPH ITER    22 :  DIFF =      3.5584e-09
  SCPH ITER    23 :  DIFF =      2.7733e-09
  SCPH ITER    24 :  DIFF =      2.1652e-09
  SCPH ITER    25 :  DIFF =      1.6935e-09
  SCPH ITER    26 :  DIFF =      1.3270e-09
  SCPH ITER    27 :  DIFF =      1.0418e-09
  SCPH ITER    28 :  DIFF =      8.1938e-10
  SCPH ITER    29 :  DIFF =      6.4575e-10
  SCPH ITER    30 :  DIFF =      5.0978e-10
  SCPH ITER    31 :  DIFF =      4.0296e-10
  SCPH ITER    32 :  DIFF =      3.1918e-10
  SCPH ITER    33 :  DIFF =      2.5323e-10
  SCPH ITER    34 :  DIFF =      2.0123e-10
  SCPH ITER    35 :  DIFF =      1.6015e-10
  SCPH ITER    36 :  DIFF =      1.2800e-10
  SCPH ITER    37 :  DIFF =      1.0232e-10
  SCPH ITER    38 :  DIFF =      8.1421e-11
  DIFF < SCPH_TOL : break SCPH loop
 Temp = 8.5000e+02 : convergence achieved in    38 iterations.
 Temperature = 8.0000e+02 K
  SCPH ITER     1 :  DIFF = N/A
  SCPH ITER     2 :  DIFF =      1.2964e-05
  SCPH ITER     3 :  DIFF =      4.4119e-06
  SCPH ITER     4 :  DIFF =      1.7346e-06
  SCPH ITER     5 :  DIFF =      7.0876e-07
  SCPH ITER     6 :  DIFF =      3.0520e-07
  SCPH ITER     7 :  DIFF =      1.5815e-07
  SCPH ITER     8 :  DIFF =      1.0834e-07
  SCPH ITER     9 :  DIFF =      8.5030e-08
  SCPH ITER    10 :  DIFF =      6.7891e-08
  SCPH ITER    11 :  DIFF =      5.3611e-08
  SCPH ITER    12 :  DIFF =      4.1852e-08
  SCPH ITER    13 :  DIFF =      3.2423e-08
  SCPH ITER    14 :  DIFF =      2.5007e-08
  SCPH ITER    15 :  DIFF =      1.9244e-08
  SCPH ITER    16 :  DIFF =      1.4795e-08
  SCPH ITER    17 :  DIFF =      1.1374e-08
  SCPH ITER    18 :  DIFF =      8.7485e-09
  SCPH ITER    19 :  DIFF =      6.7341e-09
  SCPH ITER    20 :  DIFF =      5.1886e-09
  SCPH ITER    21 :  DIFF =      4.0024e-09
  SCPH ITER    22 :  DIFF =      3.0912e-09
  SCPH ITER    23 :  DIFF =      2.3906e-09
  SCPH ITER    24 :  DIFF =      1.8513e-09
  SCPH ITER    25 :  DIFF =      1.4357e-09
  SCPH ITER    26 :  DIFF =      1.1150e-09
  SCPH ITER    27 :  DIFF =      8.6725e-10
  SCPH ITER    28 :  DIFF =      6.7556e-10
  SCPH ITER    29 :  DIFF =      5.2705e-10
  SCPH ITER    30 :  DIFF =      4.1182e-10
  SCPH ITER    31 :  DIFF =      3.2229e-10
  SCPH ITER    32 :  DIFF =      2.5261e-10
  SCPH ITER    33 :  DIFF =      1.9830e-10
  SCPH ITER    34 :  DIFF =      1.5590e-10
  SCPH ITER    35 :  DIFF =      1.2276e-10
  SCPH ITER    36 :  DIFF =      9.6803e-11
  DIFF < SCPH_TOL : break SCPH loop
 Temp = 8.0000e+02 : convergence achieved in    36 iterations.
 Temperature = 7.5000e+02 K
  SCPH ITER     1 :  DIFF = N/A
  SCPH ITER     2 :  DIFF =      1.6458e-05
  SCPH ITER     3 :  DIFF =      4.4449e-06
  SCPH ITER     4 :  DIFF =      1.5221e-06
  SCPH ITER     5 :  DIFF =      5.4729e-07
  SCPH ITER     6 :  DIFF =      2.2313e-07
  SCPH ITER     7 :  DIFF =      1.3264e-07
  SCPH ITER     8 :  DIFF =      1.0322e-07
  SCPH ITER     9 :  DIFF =      8.3147e-08
  SCPH ITER    10 :  DIFF =      6.5828e-08
  SCPH ITER    11 :  DIFF =      5.1324e-08
  SCPH ITER    12 :  DIFF =      3.9662e-08
  SCPH ITER    13 :  DIFF =      3.0509e-08
  SCPH ITER    14 :  DIFF =      2.3419e-08
  SCPH ITER    15 :  DIFF =      1.7963e-08
  SCPH ITER    16 :  DIFF =      1.3777e-08
  SCPH ITER    17 :  DIFF =      1.0570e-08
  SCPH ITER    18 :  DIFF =      8.1135e-09
  SCPH ITER    19 :  DIFF =      6.2324e-09
  SCPH ITER    20 :  DIFF =      4.7911e-09
  SCPH ITER    21 :  DIFF =      3.6861e-09
  SCPH ITER    22 :  DIFF =      2.8385e-09
  SCPH ITER    23 :  DIFF =      2.1878e-09
  SCPH ITER    24 :  DIFF =      1.6880e-09
  SCPH ITER    25 :  DIFF =      1.3036e-09
  SCPH ITER    26 :  DIFF =      1.0078e-09
  SCPH ITER    27 :  DIFF =      7.7996e-10
  SCPH ITER    28 :  DIFF =      6.0431e-10
  SCPH ITER    29 :  DIFF =      4.6875e-10
  SCPH ITER    30 :  DIFF =      3.6403e-10
  SCPH ITER    31 :  DIFF =      2.8304e-10
  SCPH ITER    32 :  DIFF =      2.2034e-10
  SCPH ITER    33 :  DIFF =      1.7174e-10
  SCPH ITER    34 :  DIFF =      1.3403e-10
  SCPH ITER    35 :  DIFF =      1.0473e-10
  SCPH ITER    36 :  DIFF =      8.1945e-11
  DIFF < SCPH_TOL : break SCPH loop
 Temp = 7.5000e+02 : convergence achieved in    36 iterations.
 Temperature = 7.0000e+02 K
  SCPH ITER     1 :  DIFF = N/A
  SCPH ITER     2 :  DIFF =      2.0737e-05
  SCPH ITER     3 :  DIFF =      4.0070e-06
  SCPH ITER     4 :  DIFF =      1.1677e-06
  SCPH ITER     5 :  DIFF =      3.6819e-07
  SCPH ITER     6 :  DIFF =      1.6718e-07
  SCPH ITER     7 :  DIFF =      1.2504e-07
  SCPH ITER     8 :  DIFF =      1.0186e-07
  SCPH ITER     9 :  DIFF =      8.0968e-08
  SCPH ITER    10 :  DIFF =      6.3123e-08
  SCPH ITER    11 :  DIFF =      4.8741e-08
  SCPH ITER    12 :  DIFF =      3.7475e-08
  SCPH ITER    13 :  DIFF =      2.8764e-08
  SCPH ITER    14 :  DIFF =      2.2067e-08
  SCPH ITER    15 :  DIFF =      1.6929e-08
  SCPH ITER    16 :  DIFF =      1.2991e-08
  SCPH ITER    17 :  DIFF =      9.9726e-09
  SCPH ITER    18 :  DIFF =      7.6593e-09
  SCPH ITER    19 :  DIFF =      5.8856e-09
  SCPH ITER    20 :  DIFF =      4.5252e-09
  SCPH ITER    21 :  DIFF =      3.4812e-09
  SCPH ITER    22 :  DIFF =      2.6797e-09
  SCPH ITER    23 :  DIFF =      2.0641e-09
  SCPH ITER    24 :  DIFF =      1.5909e-09
  SCPH ITER    25 :  DIFF =      1.2271e-09
  SCPH ITER    26 :  DIFF =      9.4715e-10
  SCPH ITER    27 :  DIFF =      7.3162e-10
  SCPH ITER    28 :  DIFF =      5.6558e-10
  SCPH ITER    29 :  DIFF =      4.3758e-10
  SCPH ITER    30 :  DIFF =      3.3907e-10
  SCPH ITER    31 :  DIFF =      2.6291e-10
  SCPH ITER    32 :  DIFF =      2.0370e-10
  SCPH ITER    33 :  DIFF =      1.5816e-10
  SCPH ITER    34 :  DIFF =      1.2292e-10
  SCPH ITER    35 :  DIFF =      9.5987e-11
  DIFF < SCPH_TOL : break SCPH loop
 Temp = 7.0000e+02 : convergence achieved in    35 iterations.
 Temperature = 6.5000e+02 K
  SCPH ITER     1 :  DIFF = N/A
  SCPH ITER     2 :  DIFF =      2.6207e-05
  SCPH ITER     3 :  DIFF =      2.8263e-06
  SCPH ITER     4 :  DIFF =      6.8096e-07
  SCPH ITER     5 :  DIFF =      2.1886e-07
  SCPH ITER     6 :  DIFF =      1.5107e-07
  SCPH ITER     7 :  DIFF =      1.2456e-07
  SCPH ITER     8 :  DIFF =      9.9194e-08
  SCPH ITER     9 :  DIFF =      7.7252e-08
  SCPH ITER    10 :  DIFF =      5.9626e-08
  SCPH ITER    11 :  DIFF =      4.5873e-08
  SCPH ITER    12 :  DIFF =      3.5256e-08
  SCPH ITER    13 :  DIFF =      2.7090e-08
  SCPH ITER    14 :  DIFF =      2.0818e-08
  SCPH ITER    15 :  DIFF =      1.6002e-08
  SCPH ITER    16 :  DIFF =      1.2304e-08
  SCPH ITER    17 :  DIFF =      9.4636e-09
  SCPH ITER    18 :  DIFF =      7.2815e-09
  SCPH ITER    19 :  DIFF =      5.6045e-09
  SCPH ITER    20 :  DIFF =      4.3155e-09
  SCPH ITER    21 :  DIFF =      3.3243e-09
  SCPH ITER    22 :  DIFF =      2.5618e-09
  SCPH ITER    23 :  DIFF =      1.9751e-09
  SCPH ITER    24 :  DIFF =      1.5235e-09
  SCPH ITER    25 :  DIFF =      1.1757e-09
  SCPH ITER    26 :  DIFF =      9.0781e-10
  SCPH ITER    27 :  DIFF =      7.0130e-10
  SCPH ITER    28 :  DIFF =      5.4208e-10
  SCPH ITER    29 :  DIFF =      4.1924e-10
  SCPH ITER    30 :  DIFF =      3.2443e-10
  SCPH ITER    31 :  DIFF =      2.5124e-10
  SCPH ITER    32 :  DIFF =      1.9469e-10
  SCPH ITER    33 :  DIFF =      1.5106e-10
  SCPH ITER    34 :  DIFF =      1.1710e-10
  SCPH ITER    35 :  DIFF =      9.0925e-11
  DIFF < SCPH_TOL : break SCPH loop
 Temp = 6.5000e+02 : convergence achieved in    35 iterations.
 Temperature = 6.0000e+02 K
  SCPH ITER     1 :  DIFF = N/A
  SCPH ITER     2 :  DIFF =      3.3508e-05
  SCPH ITER     3 :  DIFF =      4.9203e-07
  SCPH ITER     4 :  DIFF =      2.3250e-07
  SCPH ITER     5 :  DIFF =      1.9422e-07
  SCPH ITER     6 :  DIFF =      1.5571e-07
  SCPH ITER     7 :  DIFF =      1.2136e-07
  SCPH ITER     8 :  DIFF =      9.3750e-08
  SCPH ITER     9 :  DIFF =      7.2246e-08
  SCPH ITER    10 :  DIFF =      5.5643e-08
  SCPH ITER    11 :  DIFF =      4.2855e-08
  SCPH ITER    12 :  DIFF =      3.3010e-08
  SCPH ITER    13 :  DIFF =      2.5432e-08
  SCPH ITER    14 :  DIFF =      1.9598e-08
  SCPH ITER    15 :  DIFF =      1.5105e-08
  SCPH ITER    16 :  DIFF =      1.1646e-08
  SCPH ITER    17 :  DIFF =      8.9805e-09
  SCPH ITER    18 :  DIFF =      6.9271e-09
  SCPH ITER    19 :  DIFF =      5.3446e-09
  SCPH ITER    20 :  DIFF =      4.1249e-09
  SCPH ITER    21 :  DIFF =      3.1844e-09
  SCPH ITER    22 :  DIFF =      2.4592e-09
  SCPH ITER    23 :  DIFF =      1.8997e-09
  SCPH ITER    24 :  DIFF =      1.4680e-09
  SCPH ITER    25 :  DIFF =      1.1348e-09
  SCPH ITER    26 :  DIFF =      8.7759e-10
  SCPH ITER    27 :  DIFF =      6.7892e-10
  SCPH ITER    28 :  DIFF =      5.2543e-10
  SCPH ITER    29 :  DIFF =      4.0682e-10
  SCPH ITER    30 :  DIFF =      3.1511e-10
  SCPH ITER    31 :  DIFF =      2.4419e-10
  SCPH ITER    32 :  DIFF =      1.8932e-10
  SCPH ITER    33 :  DIFF =      1.4685e-10
  SCPH ITER    34 :  DIFF =      1.1397e-10
  SCPH ITER    35 :  DIFF =      8.8490e-11
  DIFF < SCPH_TOL : break SCPH loop
 Temp = 6.0000e+02 : convergence achieved in    35 iterations.
 Temperature = 5.5000e+02 K
  SCPH ITER     1 :  DIFF = N/A
  SCPH ITER     2 :  DIFF =      4.3736e-05
  SCPH ITER     3 :  DIFF =      4.1224e-06
  SCPH ITER     4 :  DIFF =      8.5120e-07
  SCPH ITER     5 :  DIFF =      2.5815e-07
  SCPH ITER     6 :  DIFF =      1.5311e-07
  SCPH ITER     7 :  DIFF =      1.1282e-07
  SCPH ITER     8 :  DIFF =      8.6385e-08
  SCPH ITER     9 :  DIFF =      6.6617e-08
  SCPH ITER    10 :  DIFF =      5.1449e-08
  SCPH ITER    11 :  DIFF =      3.9751e-08
  SCPH ITER    12 :  DIFF =      3.0719e-08
  SCPH ITER    13 :  DIFF =      2.3744e-08
  SCPH ITER    14 :  DIFF =      1.8355e-08
  SCPH ITER    15 :  DIFF =      1.4193e-08
  SCPH ITER    16 :  DIFF =      1.0976e-08
  SCPH ITER    17 :  DIFF =      8.4899e-09
  SCPH ITER    18 :  DIFF =      6.5684e-09
  SCPH ITER    19 :  DIFF =      5.0828e-09
  SCPH ITER    20 :  DIFF =      3.9341e-09
  SCPH ITER    21 :  DIFF =      3.0457e-09
  SCPH ITER    22 :  DIFF =      2.3585e-09
  SCPH ITER    23 :  DIFF =      1.8269e-09
  SCPH ITER    24 :  DIFF =      1.4154e-09
  SCPH ITER    25 :  DIFF =      1.0969e-09
  SCPH ITER    26 :  DIFF =      8.5033e-10
  SCPH ITER    27 :  DIFF =      6.5937e-10
  SCPH ITER    28 :  DIFF =      5.1145e-10
  SCPH ITER    29 :  DIFF =      3.9685e-10
  SCPH ITER    30 :  DIFF =      3.0802e-10
  SCPH ITER    31 :  DIFF =      2.3916e-10
  SCPH ITER    32 :  DIFF =      1.8576e-10
  SCPH ITER    33 :  DIFF =      1.4434e-10
  SCPH ITER    34 :  DIFF =      1.1220e-10
  SCPH ITER    35 :  DIFF =      8.7239e-11
  DIFF < SCPH_TOL : break SCPH loop
 Temp = 5.5000e+02 : convergence achieved in    35 iterations.
 Temperature = 5.0000e+02 K
  SCPH ITER     1 :  DIFF = N/A
  SCPH ITER     2 :  DIFF =      5.8924e-05
  SCPH ITER     3 :  DIFF =      1.2128e-05
  SCPH ITER     4 :  DIFF =      2.0647e-06
  SCPH ITER     5 :  DIFF =      2.8088e-07
  SCPH ITER     6 :  DIFF =      1.3599e-07
  SCPH ITER     7 :  DIFF =      1.0152e-07
  SCPH ITER     8 :  DIFF =      7.8450e-08
  SCPH ITER     9 :  DIFF =      6.0804e-08
  SCPH ITER    10 :  DIFF =      4.7146e-08
  SCPH ITER    11 :  DIFF =      3.6561e-08
  SCPH ITER    12 :  DIFF =      2.8357e-08
  SCPH ITER    13 :  DIFF =      2.1998e-08
  SCPH ITER    14 :  DIFF =      1.7067e-08
  SCPH ITER    15 :  DIFF =      1.3244e-08
  SCPH ITER    16 :  DIFF =      1.0279e-08
  SCPH ITER    17 :  DIFF =      7.9787e-09
  SCPH ITER    18 :  DIFF =      6.1945e-09
  SCPH ITER    19 :  DIFF =      4.8102e-09
  SCPH ITER    20 :  DIFF =      3.7360e-09
  SCPH ITER    21 :  DIFF =      2.9023e-09
  SCPH ITER    22 :  DIFF =      2.2551e-09
  SCPH ITER    23 :  DIFF =      1.7526e-09
  SCPH ITER    24 :  DIFF =      1.3624e-09
  SCPH ITER    25 :  DIFF =      1.0593e-09
  SCPH ITER    26 :  DIFF =      8.2381e-10
  SCPH ITER    27 :  DIFF =      6.4085e-10
  SCPH ITER    28 :  DIFF =      4.9865e-10
  SCPH ITER    29 :  DIFF =      3.8811e-10
  SCPH ITER    30 :  DIFF =      3.0215e-10
  SCPH ITER    31 :  DIFF =      2.3530e-10
  SCPH ITER    32 :  DIFF =      1.8330e-10
  SCPH ITER    33 :  DIFF =      1.4283e-10
  SCPH ITER    34 :  DIFF =      1.1143e-10
  SCPH ITER    35 :  DIFF =      8.6940e-11
  DIFF < SCPH_TOL : break SCPH loop
 Temp = 5.0000e+02 : convergence achieved in    35 iterations.
 Temperature = 4.5000e+02 K
  SCPH ITER     1 :  DIFF = N/A
  SCPH ITER     2 :  DIFF =      8.3273e-05
  SCPH ITER     3 :  DIFF =      2.5816e-05
  SCPH ITER     4 :  DIFF =      5.2069e-06
  SCPH ITER     5 :  DIFF =      1.7392e-07
  SCPH ITER     6 :  DIFF =      1.1588e-07
  SCPH ITER     7 :  DIFF =      9.0680e-08
  SCPH ITER     8 :  DIFF =      7.0579e-08
  SCPH ITER     9 :  DIFF =      5.4953e-08
  SCPH ITER    10 :  DIFF =      4.2793e-08
  SCPH ITER    11 :  DIFF =      3.3329e-08
  SCPH ITER    12 :  DIFF =      2.5962e-08
  SCPH ITER    13 :  DIFF =      2.0227e-08
  SCPH ITER    14 :  DIFF =      1.5761e-08
  SCPH ITER    15 :  DIFF =      1.2284e-08
  SCPH ITER    16 :  DIFF =      9.5749e-09
  SCPH ITER    17 :  DIFF =      7.4649e-09
  SCPH ITER    18 :  DIFF =      5.8210e-09
  SCPH ITER    19 :  DIFF =      4.5400e-09
  SCPH ITER    20 :  DIFF =      3.5416e-09
  SCPH ITER    21 :  DIFF =      2.7633e-09
  SCPH ITER    22 :  DIFF =      2.1566e-09
  SCPH ITER    23 :  DIFF =      1.6834e-09
  SCPH ITER    24 :  DIFF =      1.3143e-09
  SCPH ITER    25 :  DIFF =      1.0264e-09
  SCPH ITER    26 :  DIFF =      8.0177e-10
  SCPH ITER    27 :  DIFF =      6.2643e-10
  SCPH ITER    28 :  DIFF =      4.8957e-10
  SCPH ITER    29 :  DIFF =      3.8270e-10
  SCPH ITER    30 :  DIFF =      2.9925e-10
  SCPH ITER    31 :  DIFF =      2.3405e-10
  SCPH ITER    32 :  DIFF =      1.8358e-10
  SCPH ITER    33 :  DIFF =      1.4390e-10
  SCPH ITER    34 :  DIFF =      1.1218e-10
  SCPH ITER    35 :  DIFF =      8.7848e-11
  DIFF < SCPH_TOL : break SCPH loop
 Temp = 4.5000e+02 : convergence achieved in    35 iterations.
 Temperature = 4.0000e+02 K
  SCPH ITER     1 :  DIFF = N/A
  SCPH ITER     2 :  DIFF =      1.2705e-04
  SCPH ITER     3 :  DIFF =      4.7544e-05
  SCPH ITER     4 :  DIFF =      1.7080e-05
  SCPH ITER     5 :  DIFF =      1.4963e-07
  SCPH ITER     6 :  DIFF =      1.1651e-07
  SCPH ITER     7 :  DIFF =      7.9878e-08
  SCPH ITER     8 :  DIFF =      6.3995e-08
  SCPH ITER     9 :  DIFF =      4.9917e-08
  SCPH ITER    10 :  DIFF =      3.9146e-08
  SCPH ITER    11 :  DIFF =      3.0675e-08
  SCPH ITER    12 :  DIFF =      2.4047e-08
  SCPH ITER    13 :  DIFF =      1.8855e-08
  SCPH ITER    14 :  DIFF =      1.4787e-08
  SCPH ITER    15 :  DIFF =      1.1600e-08
  SCPH ITER    16 :  DIFF =      9.1012e-09
  SCPH ITER    17 :  DIFF =      7.1426e-09
  SCPH ITER    18 :  DIFF =      5.6069e-09
  SCPH ITER    19 :  DIFF =      4.4024e-09
  SCPH ITER    20 :  DIFF =      3.4576e-09
  SCPH ITER    21 :  DIFF =      2.7162e-09
  SCPH ITER    22 :  DIFF =      2.1343e-09
  SCPH ITER    23 :  DIFF =      1.6776e-09
  SCPH ITER    24 :  DIFF =      1.3190e-09
  SCPH ITER    25 :  DIFF =      1.0372e-09
  SCPH ITER    26 :  DIFF =      8.1589e-10
  SCPH ITER    27 :  DIFF =      6.4199e-10
  SCPH ITER    28 :  DIFF =      5.0575e-10
  SCPH ITER    29 :  DIFF =      3.9840e-10
  SCPH ITER    30 :  DIFF =      3.1329e-10
  SCPH ITER    31 :  DIFF =      2.4679e-10
  SCPH ITER    32 :  DIFF =      1.9447e-10
  SCPH ITER    33 :  DIFF =      1.5329e-10
  SCPH ITER    34 :  DIFF =      1.2086e-10
  SCPH ITER    35 :  DIFF =      9.5322e-11
  DIFF < SCPH_TOL : break SCPH loop
 Temp = 4.0000e+02 : convergence achieved in    35 iterations.
 Temperature = 3.5000e+02 K
  SCPH ITER     1 :  DIFF = N/A
  SCPH ITER     2 :  DIFF =      2.2586e-04
  SCPH ITER     3 :  DIFF =      7.8263e-05
  SCPH ITER     4 :  DIFF =      5.4468e-05
  SCPH ITER     5 :  DIFF =      1.8431e-05
  SCPH ITER     6 :  DIFF =      2.7292e-06
  SCPH ITER     7 :  DIFF =      9.0629e-07
  SCPH ITER     8 :  DIFF =      2.2141e-07
  SCPH ITER     9 :  DIFF =      1.1386e-07
  SCPH ITER    10 :  DIFF =      4.2834e-08
  SCPH ITER    11 :  DIFF =      4.1471e-08
  SCPH ITER    12 :  DIFF =      2.9589e-08
  SCPH ITER    13 :  DIFF =      2.4356e-08
  SCPH ITER    14 :  DIFF =      1.9072e-08
  SCPH ITER    15 :  DIFF =      1.5223e-08
  SCPH ITER    16 :  DIFF =      1.2069e-08
  SCPH ITER    17 :  DIFF =      9.5955e-09
  SCPH ITER    18 :  DIFF =      7.6234e-09
  SCPH ITER    19 :  DIFF =      6.0600e-09
  SCPH ITER    20 :  DIFF =      4.8176e-09
  SCPH ITER    21 :  DIFF =      3.8310e-09
  SCPH ITER    22 :  DIFF =      3.0469e-09
  SCPH ITER    23 :  DIFF =      2.4239e-09
  SCPH ITER    24 :  DIFF =      1.9286e-09
  SCPH ITER    25 :  DIFF =      1.5349e-09
  SCPH ITER    26 :  DIFF =      1.2217e-09
  SCPH ITER    27 :  DIFF =      9.7267e-10
  SCPH ITER    28 :  DIFF =      7.7454e-10
  SCPH ITER    29 :  DIFF =      6.1687e-10
  SCPH ITER    30 :  DIFF =      4.9140e-10
  SCPH ITER    31 :  DIFF =      3.9151e-10
  SCPH ITER    32 :  DIFF =      3.1199e-10
  SCPH ITER    33 :  DIFF =      2.4896e-10
  SCPH ITER    34 :  DIFF =      1.9861e-10
  SCPH ITER    35 :  DIFF =      1.5804e-10
  SCPH ITER    36 :  DIFF =      1.2602e-10
  SCPH ITER    37 :  DIFF =      1.0056e-10
  SCPH ITER    38 :  DIFF =      8.0233e-11
  DIFF < SCPH_TOL : break SCPH loop
 Temp = 3.5000e+02 : convergence achieved in    38 iterations.
 Temperature = 3.0000e+02 K
  SCPH ITER     1 :  DIFF = N/A
  SCPH ITER     2 :  DIFF =      7.4084e-04
  SCPH ITER     3 :  DIFF =      2.3683e-04
  SCPH ITER     4 :  DIFF =      3.7116e-05
  SCPH ITER     5 :  DIFF =      9.1815e-05
  SCPH ITER     6 :  DIFF =      1.3375e-04
  SCPH ITER     7 :  DIFF =      1.1635e-04
  SCPH ITER     8 :  DIFF =      9.6796e-05
  SCPH ITER     9 :  DIFF =      7.3020e-05
  SCPH ITER    10 :  DIFF =      3.3459e-05
  SCPH ITER    11 :  DIFF =      6.9857e-06
  SCPH ITER    12 :  DIFF =      6.8765e-06
  SCPH ITER    13 :  DIFF =      3.2190e-06
  SCPH ITER    14 :  DIFF =      3.2196e-06
  SCPH ITER    15 :  DIFF =      2.0675e-06
  SCPH ITER    16 :  DIFF =      1.8171e-06
  SCPH ITER    17 :  DIFF =      1.3288e-06
  SCPH ITER    18 :  DIFF =      1.0925e-06
  SCPH ITER    19 :  DIFF =      8.3768e-07
  SCPH ITER    20 :  DIFF =      6.7082e-07
  SCPH ITER    21 :  DIFF =      5.2345e-07
  SCPH ITER    22 :  DIFF =      4.1513e-07
  SCPH ITER    23 :  DIFF =      3.2610e-07
  SCPH ITER    24 :  DIFF =      2.5774e-07
  SCPH ITER    25 :  DIFF =      2.0300e-07
  SCPH ITER    26 :  DIFF =      1.6027e-07
  SCPH ITER    27 :  DIFF =      1.2639e-07
  SCPH ITER    28 :  DIFF =      9.9767e-08
  SCPH ITER    29 :  DIFF =      7.8725e-08
  SCPH ITER    30 :  DIFF =      6.2150e-08
  SCPH ITER    31 :  DIFF =      4.9063e-08
  SCPH ITER    32 :  DIFF =      3.8743e-08
  SCPH ITER    33 :  DIFF =      3.0596e-08
  SCPH ITER    34 :  DIFF =      2.4168e-08
  SCPH ITER    35 :  DIFF =      1.9092e-08
  SCPH ITER    36 :  DIFF =      1.5086e-08
  SCPH ITER    37 :  DIFF =      1.1921e-08
  SCPH ITER    38 :  DIFF =      9.4226e-09
  SCPH ITER    39 :  DIFF =      7.4488e-09
  SCPH ITER    40 :  DIFF =      5.8894e-09
  SCPH ITER    41 :  DIFF =      4.6573e-09
  SCPH ITER    42 :  DIFF =      3.6835e-09
  SCPH ITER    43 :  DIFF =      2.9139e-09
  SCPH ITER    44 :  DIFF =      2.3054e-09
  SCPH ITER    45 :  DIFF =      1.8244e-09
  SCPH ITER    46 :  DIFF =      1.4439e-09
  SCPH ITER    47 :  DIFF =      1.1430e-09
  SCPH ITER    48 :  DIFF =      9.0510e-10
  SCPH ITER    49 :  DIFF =      7.1680e-10
  SCPH ITER    50 :  DIFF =      5.6758e-10
  SCPH ITER    51 :  DIFF =      4.4961e-10
  SCPH ITER    52 :  DIFF =      3.5623e-10
  SCPH ITER    53 :  DIFF =      2.8229e-10
  SCPH ITER    54 :  DIFF =      2.2374e-10
  SCPH ITER    55 :  DIFF =      1.7736e-10
  SCPH ITER    56 :  DIFF =      1.4071e-10
  SCPH ITER    57 :  DIFF =      1.1162e-10
  SCPH ITER    58 :  DIFF =      8.8479e-11
  DIFF < SCPH_TOL : break SCPH loop
 Temp = 3.0000e+02 : convergence achieved in    58 iterations.
 Temperature = 2.5000e+02 K
  SCPH ITER     1 :  DIFF = N/A
  SCPH ITER     2 :  DIFF =      2.6509e-04
  SCPH ITER     3 :  DIFF =      9.4029e-05
  SCPH ITER     4 :  DIFF =      7.4296e-05
  SCPH ITER     5 :  DIFF =      2.8060e-05
  SCPH ITER     6 :  DIFF =      1.6289e-05
  SCPH ITER     7 :  DIFF =      1.2417e-05
  SCPH ITER     8 :  DIFF =      8.5625e-06
  SCPH ITER     9 :  DIFF =      6.4786e-06
  SCPH ITER    10 :  DIFF =      4.6295e-06
  SCPH ITER    11 :  DIFF =      3.4773e-06
  SCPH ITER    12 :  DIFF =      2.5183e-06
  SCPH ITER    13 :  DIFF =      1.8827e-06
  SCPH ITER    14 :  DIFF =      1.3712e-06
  SCPH ITER    15 :  DIFF =      1.0225e-06
  SCPH ITER    16 :  DIFF =      7.4642e-07
  SCPH ITER    17 :  DIFF =      5.5614e-07
  SCPH ITER    18 :  DIFF =      4.0616e-07
  SCPH ITER    19 :  DIFF =      3.0267e-07
  SCPH ITER    20 :  DIFF =      2.2095e-07
  SCPH ITER    21 :  DIFF =      1.6480e-07
  SCPH ITER    22 :  DIFF =      1.2016e-07
  SCPH ITER    23 :  DIFF =      8.9751e-08
  SCPH ITER    24 :  DIFF =      6.5334e-08
  SCPH ITER    25 :  DIFF =      4.8893e-08
  SCPH ITER    26 :  DIFF =      3.5516e-08
  SCPH ITER    27 :  DIFF =      2.6641e-08
  SCPH ITER    28 :  DIFF =      1.9303e-08
  SCPH ITER    29 :  DIFF =      1.4520e-08
  SCPH ITER    30 :  DIFF =      1.0489e-08
  SCPH ITER    31 :  DIFF =      7.9164e-09
  SCPH ITER    32 :  DIFF =      5.6981e-09
  SCPH ITER    33 :  DIFF =      4.3175e-09
  SCPH ITER    34 :  DIFF =      3.0946e-09
  SCPH ITER    35 :  DIFF =      2.3557e-09
  SCPH ITER    36 :  DIFF =      1.6801e-09
  SCPH ITER    37 :  DIFF =      1.2860e-09
  SCPH ITER    38 :  DIFF =      9.1184e-10
  SCPH ITER    39 :  DIFF =      7.0241e-10
  SCPH ITER    40 :  DIFF =      4.9466e-10
  SCPH ITER    41 :  DIFF =      3.8395e-10
  SCPH ITER    42 :  DIFF =      2.6824e-10
  SCPH ITER    43 :  DIFF =      2.1006e-10
  SCPH ITER    44 :  DIFF =      1.4539e-10
  SCPH ITER    45 :  DIFF =      1.1504e-10
  SCPH ITER    46 :  DIFF =      7.8768e-11
  DIFF < SCPH_TOL : break SCPH loop
 Temp = 2.5000e+02 : convergence achieved in    46 iterations.
 Temperature = 2.0000e+02 K
  SCPH ITER     1 :  DIFF = N/A
  SCPH ITER     2 :  DIFF =      5.7904e-05
  SCPH ITER     3 :  DIFF =      3.0360e-04
  SCPH ITER     4 :  DIFF =      1.0528e-04
  SCPH ITER     5 :  DIFF =      8.9867e-05
  SCPH ITER     6 :  DIFF =      5.6874e-05
  SCPH ITER     7 :  DIFF =      4.0766e-05
  SCPH ITER     8 :  DIFF =      4.0289e-05
  SCPH ITER     9 :  DIFF =      3.9305e-05
  SCPH ITER    10 :  DIFF =      3.9078e-05
  SCPH ITER    11 :  DIFF =      3.8602e-05
  SCPH ITER    12 :  DIFF =      3.8487e-05
  SCPH ITER    13 :  DIFF =      3.8240e-05
  SCPH ITER    14 :  DIFF =      3.8180e-05
  SCPH ITER    15 :  DIFF =      3.8047e-05
  SCPH ITER    16 :  DIFF =      3.8015e-05
  SCPH ITER    17 :  DIFF =      3.7943e-05
  SCPH ITER    18 :  DIFF =      3.7926e-05
  SCPH ITER    19 :  DIFF =      3.7887e-05
  SCPH ITER    20 :  DIFF =      3.7877e-05
  SCPH ITER    21 :  DIFF =      3.7856e-05
  SCPH ITER    22 :  DIFF =      3.7851e-05
  SCPH ITER    23 :  DIFF =      3.7839e-05
  SCPH ITER    24 :  DIFF =      3.7836e-05
  SCPH ITER    25 :  DIFF =      3.7829e-05
  SCPH ITER    26 :  DIFF =      3.7828e-05
  SCPH ITER    27 :  DIFF =      3.7824e-05
  SCPH ITER    28 :  DIFF =      3.7824e-05
  SCPH ITER    29 :  DIFF =      3.7822e-05
  SCPH ITER    30 :  DIFF =      3.7821e-05
  SCPH ITER    31 :  DIFF =      3.7820e-05
  SCPH ITER    32 :  DIFF =      3.7820e-05
  SCPH ITER    33 :  DIFF =      3.7819e-05
  SCPH ITER    34 :  DIFF =      3.7819e-05
  SCPH ITER    35 :  DIFF =      3.7819e-05
  SCPH ITER    36 :  DIFF =      3.7819e-05
  SCPH ITER    37 :  DIFF =      3.7819e-05
  SCPH ITER    38 :  DIFF =      3.7819e-05
  SCPH ITER    39 :  DIFF =      3.7819e-05
  SCPH ITER    40 :  DIFF =      3.7819e-05
  SCPH ITER    41 :  DIFF =      3.7819e-05
  SCPH ITER    42 :  DIFF =      3.7819e-05
  SCPH ITER    43 :  DIFF =      3.7819e-05
  SCPH ITER    44 :  DIFF =      3.7819e-05
  SCPH ITER    45 :  DIFF =      3.7819e-05
  SCPH ITER    46 :  DIFF =      3.7819e-05
  SCPH ITER    47 :  DIFF =      3.7819e-05
  SCPH ITER    48 :  DIFF =      3.7819e-05
  SCPH ITER    49 :  DIFF =      3.7819e-05
  SCPH ITER    50 :  DIFF =      3.7819e-05
  SCPH ITER    51 :  DIFF =      3.7819e-05
  SCPH ITER    52 :  DIFF =      3.7819e-05
  SCPH ITER    53 :  DIFF =      3.7819e-05
  SCPH ITER    54 :  DIFF =      3.7819e-05
  SCPH ITER    55 :  DIFF =      3.7819e-05
  SCPH ITER    56 :  DIFF =      3.7819e-05
  SCPH ITER    57 :  DIFF =      3.7819e-05
  SCPH ITER    58 :  DIFF =      3.7819e-05
  SCPH ITER    59 :  DIFF =      3.7819e-05
  SCPH ITER    60 :  DIFF =      3.7819e-05
  SCPH ITER    61 :  DIFF =      3.7819e-05
  SCPH ITER    62 :  DIFF =      3.7819e-05
  SCPH ITER    63 :  DIFF =      3.7819e-05
  SCPH ITER    64 :  DIFF =      3.7819e-05
  SCPH ITER    65 :  DIFF =      3.7819e-05
  SCPH ITER    66 :  DIFF =      3.7819e-05
  SCPH ITER    67 :  DIFF =      3.7819e-05
  SCPH ITER    68 :  DIFF =      3.7819e-05
  SCPH ITER    69 :  DIFF =      3.7819e-05
  SCPH ITER    70 :  DIFF =      3.7819e-05
  SCPH ITER    71 :  DIFF =      3.7819e-05
  SCPH ITER    72 :  DIFF =      3.7819e-05
  SCPH ITER    73 :  DIFF =      3.7819e-05
  SCPH ITER    74 :  DIFF =      3.7819e-05
  SCPH ITER    75 :  DIFF =      3.7819e-05
  SCPH ITER    76 :  DIFF =      3.7819e-05
  SCPH ITER    77 :  DIFF =      3.7819e-05
  SCPH ITER    78 :  DIFF =      3.7819e-05
  SCPH ITER    79 :  DIFF =      3.7819e-05
  SCPH ITER    80 :  DIFF =      3.7819e-05
  SCPH ITER    81 :  DIFF =      3.7819e-05
  SCPH ITER    82 :  DIFF =      3.7819e-05
  SCPH ITER    83 :  DIFF =      3.7819e-05
  SCPH ITER    84 :  DIFF =      3.7819e-05
  SCPH ITER    85 :  DIFF =      3.7819e-05
  SCPH ITER    86 :  DIFF =      3.7819e-05
  SCPH ITER    87 :  DIFF =      3.7819e-05
  SCPH ITER    88 :  DIFF =      3.7819e-05
  SCPH ITER    89 :  DIFF =      3.7819e-05
  SCPH ITER    90 :  DIFF =      3.7819e-05
  SCPH ITER    91 :  DIFF =      3.7819e-05
  SCPH ITER    92 :  DIFF =      3.7819e-05
  SCPH ITER    93 :  DIFF =      3.7819e-05
  SCPH ITER    94 :  DIFF =      3.7819e-05
  SCPH ITER    95 :  DIFF =      3.7819e-05
  SCPH ITER    96 :  DIFF =      3.7819e-05
  SCPH ITER    97 :  DIFF =      3.7819e-05
  SCPH ITER    98 :  DIFF =      3.7819e-05
  SCPH ITER    99 :  DIFF =      3.7819e-05
  SCPH ITER   100 :  DIFF =      3.7819e-05
  SCPH ITER   101 :  DIFF =      3.7819e-05
  SCPH ITER   102 :  DIFF =      3.7819e-05
  SCPH ITER   103 :  DIFF =      3.7819e-05
  SCPH ITER   104 :  DIFF =      3.7819e-05
  SCPH ITER   105 :  DIFF =      3.7819e-05
  SCPH ITER   106 :  DIFF =      3.7819e-05
  SCPH ITER   107 :  DIFF =      3.7819e-05
  SCPH ITER   108 :  DIFF =      3.7819e-05
  SCPH ITER   109 :  DIFF =      3.7819e-05
  SCPH ITER   110 :  DIFF =      3.7819e-05
  SCPH ITER   111 :  DIFF =      3.7819e-05
  SCPH ITER   112 :  DIFF =      3.7819e-05
  SCPH ITER   113 :  DIFF =      3.7819e-05
  SCPH ITER   114 :  DIFF =      3.7819e-05
  SCPH ITER   115 :  DIFF =      3.7819e-05
  SCPH ITER   116 :  DIFF =      3.7819e-05
  SCPH ITER   117 :  DIFF =      3.7819e-05
  SCPH ITER   118 :  DIFF =      3.7819e-05
  SCPH ITER   119 :  DIFF =      3.7819e-05
  SCPH ITER   120 :  DIFF =      3.7819e-05
  SCPH ITER   121 :  DIFF =      3.7819e-05
  SCPH ITER   122 :  DIFF =      3.7819e-05
  SCPH ITER   123 :  DIFF =      3.7819e-05
  SCPH ITER   124 :  DIFF =      3.7819e-05
  SCPH ITER   125 :  DIFF =      3.7819e-05
  SCPH ITER   126 :  DIFF =      3.7819e-05
  SCPH ITER   127 :  DIFF =      3.7819e-05
  SCPH ITER   128 :  DIFF =      3.7819e-05
  SCPH ITER   129 :  DIFF =      3.7819e-05
  SCPH ITER   130 :  DIFF =      3.7819e-05
  SCPH ITER   131 :  DIFF =      3.7819e-05
  SCPH ITER   132 :  DIFF =      3.7819e-05
  SCPH ITER   133 :  DIFF =      3.7819e-05
  SCPH ITER   134 :  DIFF =      3.7819e-05
  SCPH ITER   135 :  DIFF =      3.7819e-05
  SCPH ITER   136 :  DIFF =      3.7819e-05
  SCPH ITER   137 :  DIFF =      3.7819e-05
  SCPH ITER   138 :  DIFF =      3.7819e-05
  SCPH ITER   139 :  DIFF =      3.7819e-05
  SCPH ITER   140 :  DIFF =      3.7819e-05
  SCPH ITER   141 :  DIFF =      3.7819e-05
  SCPH ITER   142 :  DIFF =      3.7819e-05
  SCPH ITER   143 :  DIFF =      3.7819e-05
  SCPH ITER   144 :  DIFF =      3.7819e-05
  SCPH ITER   145 :  DIFF =      3.7819e-05
  SCPH ITER   146 :  DIFF =      3.7819e-05
  SCPH ITER   147 :  DIFF =      3.7819e-05
  SCPH ITER   148 :  DIFF =      3.7819e-05
  SCPH ITER   149 :  DIFF =      3.7819e-05
  SCPH ITER   150 :  DIFF =      3.7819e-05
  SCPH ITER   151 :  DIFF =      3.7819e-05
  SCPH ITER   152 :  DIFF =      3.7819e-05
  SCPH ITER   153 :  DIFF =      3.7819e-05
  SCPH ITER   154 :  DIFF =      3.7819e-05
  SCPH ITER   155 :  DIFF =      3.7819e-05
  SCPH ITER   156 :  DIFF =      3.7819e-05
  SCPH ITER   157 :  DIFF =      3.7819e-05
  SCPH ITER   158 :  DIFF =      3.7819e-05
  SCPH ITER   159 :  DIFF =      3.7819e-05
  SCPH ITER   160 :  DIFF =      3.7819e-05
  SCPH ITER   161 :  DIFF =      3.7819e-05
  SCPH ITER   162 :  DIFF =      3.7819e-05
  SCPH ITER   163 :  DIFF =      3.7819e-05
  SCPH ITER   164 :  DIFF =      3.7819e-05
  SCPH ITER   165 :  DIFF =      3.7819e-05
  SCPH ITER   166 :  DIFF =      3.7819e-05
  SCPH ITER   167 :  DIFF =      3.7819e-05
  SCPH ITER   168 :  DIFF =      3.7819e-05
  SCPH ITER   169 :  DIFF =      3.7819e-05
  SCPH ITER   170 :  DIFF =      3.7819e-05
  SCPH ITER   171 :  DIFF =      3.7819e-05
  SCPH ITER   172 :  DIFF =      3.7819e-05
  SCPH ITER   173 :  DIFF =      3.7819e-05
  SCPH ITER   174 :  DIFF =      3.7819e-05
  SCPH ITER   175 :  DIFF =      3.7819e-05
  SCPH ITER   176 :  DIFF =      3.7819e-05
  SCPH ITER   177 :  DIFF =      3.7819e-05
  SCPH ITER   178 :  DIFF =      3.7819e-05
  SCPH ITER   179 :  DIFF =      3.7819e-05
  SCPH ITER   180 :  DIFF =      3.7819e-05
  SCPH ITER   181 :  DIFF =      3.7819e-05
  SCPH ITER   182 :  DIFF =      3.7819e-05
  SCPH ITER   183 :  DIFF =      3.7819e-05
  SCPH ITER   184 :  DIFF =      3.7819e-05
  SCPH ITER   185 :  DIFF =      3.7819e-05
  SCPH ITER   186 :  DIFF =      3.7819e-05
  SCPH ITER   187 :  DIFF =      3.7819e-05
  SCPH ITER   188 :  DIFF =      3.7819e-05
  SCPH ITER   189 :  DIFF =      3.7819e-05
  SCPH ITER   190 :  DIFF =      3.7819e-05
  SCPH ITER   191 :  DIFF =      3.7819e-05
  SCPH ITER   192 :  DIFF =      3.7819e-05
  SCPH ITER   193 :  DIFF =      3.7819e-05
  SCPH ITER   194 :  DIFF =      3.7819e-05
  SCPH ITER   195 :  DIFF =      3.7819e-05
  SCPH ITER   196 :  DIFF =      3.7819e-05
  SCPH ITER   197 :  DIFF =      3.7819e-05
  SCPH ITER   198 :  DIFF =      3.7819e-05
  SCPH ITER   199 :  DIFF =      3.7819e-05
  SCPH ITER   200 :  DIFF =      3.7819e-05
  SCPH ITER   201 :  DIFF =      3.7819e-05
  SCPH ITER   202 :  DIFF =      3.7819e-05
  SCPH ITER   203 :  DIFF =      3.7819e-05
  SCPH ITER   204 :  DIFF =      3.7819e-05
  SCPH ITER   205 :  DIFF =      3.7819e-05
  SCPH ITER   206 :  DIFF =      3.7819e-05
  SCPH ITER   207 :  DIFF =      3.7819e-05
  SCPH ITER   208 :  DIFF =      3.7819e-05
  SCPH ITER   209 :  DIFF =      3.7819e-05
  SCPH ITER   210 :  DIFF =      3.7819e-05
  SCPH ITER   211 :  DIFF =      3.7819e-05
  SCPH ITER   212 :  DIFF =      3.7819e-05
  SCPH ITER   213 :  DIFF =      3.7819e-05
  SCPH ITER   214 :  DIFF =      3.7819e-05
  SCPH ITER   215 :  DIFF =      3.7819e-05
  SCPH ITER   216 :  DIFF =      3.7819e-05
  SCPH ITER   217 :  DIFF =      3.7819e-05
  SCPH ITER   218 :  DIFF =      3.7819e-05
  SCPH ITER   219 :  DIFF =      3.7819e-05
  SCPH ITER   220 :  DIFF =      3.7819e-05
  SCPH ITER   221 :  DIFF =      3.7819e-05
  SCPH ITER   222 :  DIFF =      3.7819e-05
  SCPH ITER   223 :  DIFF =      3.7819e-05
  SCPH ITER   224 :  DIFF =      3.7819e-05
  SCPH ITER   225 :  DIFF =      3.7819e-05
  SCPH ITER   226 :  DIFF =      3.7819e-05
  SCPH ITER   227 :  DIFF =      3.7819e-05
  SCPH ITER   228 :  DIFF =      3.7819e-05
  SCPH ITER   229 :  DIFF =      3.7819e-05
  SCPH ITER   230 :  DIFF =      3.7819e-05
  SCPH ITER   231 :  DIFF =      3.7819e-05
  SCPH ITER   232 :  DIFF =      3.7819e-05
  SCPH ITER   233 :  DIFF =      3.7819e-05
  SCPH ITER   234 :  DIFF =      3.7819e-05
  SCPH ITER   235 :  DIFF =      3.7819e-05
  SCPH ITER   236 :  DIFF =      3.7819e-05
  SCPH ITER   237 :  DIFF =      3.7819e-05
  SCPH ITER   238 :  DIFF =      3.7819e-05
  SCPH ITER   239 :  DIFF =      3.7819e-05
  SCPH ITER   240 :  DIFF =      3.7819e-05
  SCPH ITER   241 :  DIFF =      3.7819e-05
  SCPH ITER   242 :  DIFF =      3.7819e-05
  SCPH ITER   243 :  DIFF =      3.7819e-05
  SCPH ITER   244 :  DIFF =      3.7819e-05
  SCPH ITER   245 :  DIFF =      3.7819e-05
  SCPH ITER   246 :  DIFF =      3.7819e-05
  SCPH ITER   247 :  DIFF =      3.7819e-05
  SCPH ITER   248 :  DIFF =      3.7819e-05
  SCPH ITER   249 :  DIFF =      3.7819e-05
  SCPH ITER   250 :  DIFF =      3.7819e-05
  SCPH ITER   251 :  DIFF =      3.7819e-05
  SCPH ITER   252 :  DIFF =      3.7819e-05
  SCPH ITER   253 :  DIFF =      3.7819e-05
  SCPH ITER   254 :  DIFF =      3.7819e-05
  SCPH ITER   255 :  DIFF =      3.7819e-05
  SCPH ITER   256 :  DIFF =      3.7819e-05
  SCPH ITER   257 :  DIFF =      3.7819e-05
  SCPH ITER   258 :  DIFF =      3.7819e-05
  SCPH ITER   259 :  DIFF =      3.7819e-05
  SCPH ITER   260 :  DIFF =      3.7819e-05
  SCPH ITER   261 :  DIFF =      3.7819e-05
  SCPH ITER   262 :  DIFF =      3.7819e-05
  SCPH ITER   263 :  DIFF =      3.7819e-05
  SCPH ITER   264 :  DIFF =      3.7819e-05
  SCPH ITER   265 :  DIFF =      3.7819e-05
  SCPH ITER   266 :  DIFF =      3.7819e-05
  SCPH ITER   267 :  DIFF =      3.7819e-05
  SCPH ITER   268 :  DIFF =      3.7819e-05
  SCPH ITER   269 :  DIFF =      3.7819e-05
  SCPH ITER   270 :  DIFF =      3.7819e-05
  SCPH ITER   271 :  DIFF =      3.7819e-05
  SCPH ITER   272 :  DIFF =      3.7819e-05
  SCPH ITER   273 :  DIFF =      3.7819e-05
  SCPH ITER   274 :  DIFF =      3.7819e-05
  SCPH ITER   275 :  DIFF =      3.7819e-05
  SCPH ITER   276 :  DIFF =      3.7819e-05
  SCPH ITER   277 :  DIFF =      3.7819e-05
  SCPH ITER   278 :  DIFF =      3.7819e-05
  SCPH ITER   279 :  DIFF =      3.7819e-05
  SCPH ITER   280 :  DIFF =      3.7819e-05
  SCPH ITER   281 :  DIFF =      3.7819e-05
  SCPH ITER   282 :  DIFF =      3.7819e-05
  SCPH ITER   283 :  DIFF =      3.7819e-05
  SCPH ITER   284 :  DIFF =      3.7819e-05
  SCPH ITER   285 :  DIFF =      3.7819e-05
  SCPH ITER   286 :  DIFF =      3.7819e-05
  SCPH ITER   287 :  DIFF =      3.7819e-05
  SCPH ITER   288 :  DIFF =      3.7819e-05
  SCPH ITER   289 :  DIFF =      3.7819e-05
  SCPH ITER   290 :  DIFF =      3.7819e-05
  SCPH ITER   291 :  DIFF =      3.7819e-05
  SCPH ITER   292 :  DIFF =      3.7819e-05
  SCPH ITER   293 :  DIFF =      3.7819e-05
  SCPH ITER   294 :  DIFF =      3.7819e-05
  SCPH ITER   295 :  DIFF =      3.7819e-05
  SCPH ITER   296 :  DIFF =      3.7819e-05
  SCPH ITER   297 :  DIFF =      3.7819e-05
  SCPH ITER   298 :  DIFF =      3.7819e-05
  SCPH ITER   299 :  DIFF =      3.7819e-05
  SCPH ITER   300 :  DIFF =      3.7819e-05
  SCPH ITER   301 :  DIFF =      3.7819e-05
  SCPH ITER   302 :  DIFF =      3.7819e-05
  SCPH ITER   303 :  DIFF =      3.7819e-05
  SCPH ITER   304 :  DIFF =      3.7819e-05
  SCPH ITER   305 :  DIFF =      3.7819e-05
  SCPH ITER   306 :  DIFF =      3.7819e-05
  SCPH ITER   307 :  DIFF =      3.7819e-05
  SCPH ITER   308 :  DIFF =      3.7819e-05
  SCPH ITER   309 :  DIFF =      3.7819e-05
  SCPH ITER   310 :  DIFF =      3.7819e-05
  SCPH ITER   311 :  DIFF =      3.7819e-05
  SCPH ITER   312 :  DIFF =      3.7819e-05
  SCPH ITER   313 :  DIFF =      3.7819e-05
  SCPH ITER   314 :  DIFF =      3.7819e-05
  SCPH ITER   315 :  DIFF =      3.7819e-05
  SCPH ITER   316 :  DIFF =      3.7819e-05
  SCPH ITER   317 :  DIFF =      3.7819e-05
  SCPH ITER   318 :  DIFF =      3.7819e-05
  SCPH ITER   319 :  DIFF =      3.7819e-05
  SCPH ITER   320 :  DIFF =      3.7819e-05
  SCPH ITER   321 :  DIFF =      3.7819e-05
  SCPH ITER   322 :  DIFF =      3.7819e-05
  SCPH ITER   323 :  DIFF =      3.7819e-05
  SCPH ITER   324 :  DIFF =      3.7819e-05
  SCPH ITER   325 :  DIFF =      3.7819e-05
  SCPH ITER   326 :  DIFF =      3.7819e-05
  SCPH ITER   327 :  DIFF =      3.7819e-05
  SCPH ITER   328 :  DIFF =      3.7819e-05
  SCPH ITER   329 :  DIFF =      3.7819e-05
  SCPH ITER   330 :  DIFF =      3.7819e-05
  SCPH ITER   331 :  DIFF =      3.7819e-05
  SCPH ITER   332 :  DIFF =      3.7819e-05
  SCPH ITER   333 :  DIFF =      3.7819e-05
  SCPH ITER   334 :  DIFF =      3.7819e-05
  SCPH ITER   335 :  DIFF =      3.7819e-05
  SCPH ITER   336 :  DIFF =      3.7819e-05
  SCPH ITER   337 :  DIFF =      3.7819e-05
  SCPH ITER   338 :  DIFF =      3.7819e-05
  SCPH ITER   339 :  DIFF =      3.7819e-05
  SCPH ITER   340 :  DIFF =      3.7819e-05
  SCPH ITER   341 :  DIFF =      3.7819e-05
  SCPH ITER   342 :  DIFF =      3.7819e-05
  SCPH ITER   343 :  DIFF =      3.7819e-05
  SCPH ITER   344 :  DIFF =      3.7819e-05
  SCPH ITER   345 :  DIFF =      3.7819e-05
  SCPH ITER   346 :  DIFF =      3.7819e-05
  SCPH ITER   347 :  DIFF =      3.7819e-05
  SCPH ITER   348 :  DIFF =      3.7819e-05
  SCPH ITER   349 :  DIFF =      3.7819e-05
  SCPH ITER   350 :  DIFF =      3.7819e-05
  SCPH ITER   351 :  DIFF =      3.7819e-05
  SCPH ITER   352 :  DIFF =      3.7819e-05
  SCPH ITER   353 :  DIFF =      3.7819e-05
  SCPH ITER   354 :  DIFF =      3.7819e-05
  SCPH ITER   355 :  DIFF =      3.7819e-05
  SCPH ITER   356 :  DIFF =      3.7819e-05
  SCPH ITER   357 :  DIFF =      3.7819e-05
  SCPH ITER   358 :  DIFF =      3.7819e-05
  SCPH ITER   359 :  DIFF =      3.7819e-05
  SCPH ITER   360 :  DIFF =      3.7819e-05
  SCPH ITER   361 :  DIFF =      3.7819e-05
  SCPH ITER   362 :  DIFF =      3.7819e-05
  SCPH ITER   363 :  DIFF =      3.7819e-05
  SCPH ITER   364 :  DIFF =      3.7819e-05
  SCPH ITER   365 :  DIFF =      3.7819e-05
  SCPH ITER   366 :  DIFF =      3.7819e-05
  SCPH ITER   367 :  DIFF =      3.7819e-05
  SCPH ITER   368 :  DIFF =      3.7819e-05
  SCPH ITER   369 :  DIFF =      3.7819e-05
  SCPH ITER   370 :  DIFF =      3.7819e-05
  SCPH ITER   371 :  DIFF =      3.7819e-05
  SCPH ITER   372 :  DIFF =      3.7819e-05
  SCPH ITER   373 :  DIFF =      3.7819e-05
  SCPH ITER   374 :  DIFF =      3.7819e-05
  SCPH ITER   375 :  DIFF =      3.7819e-05
  SCPH ITER   376 :  DIFF =      3.7819e-05
  SCPH ITER   377 :  DIFF =      3.7819e-05
  SCPH ITER   378 :  DIFF =      3.7819e-05
  SCPH ITER   379 :  DIFF =      3.7819e-05
  SCPH ITER   380 :  DIFF =      3.7819e-05
  SCPH ITER   381 :  DIFF =      3.7819e-05
  SCPH ITER   382 :  DIFF =      3.7819e-05
  SCPH ITER   383 :  DIFF =      3.7819e-05
  SCPH ITER   384 :  DIFF =      3.7819e-05
  SCPH ITER   385 :  DIFF =      3.7819e-05
  SCPH ITER   386 :  DIFF =      3.7819e-05
  SCPH ITER   387 :  DIFF =      3.7819e-05
  SCPH ITER   388 :  DIFF =      3.7819e-05
  SCPH ITER   389 :  DIFF =      3.7819e-05
  SCPH ITER   390 :  DIFF =      3.7819e-05
  SCPH ITER   391 :  DIFF =      3.7819e-05
  SCPH ITER   392 :  DIFF =      3.7819e-05
  SCPH ITER   393 :  DIFF =      3.7819e-05
  SCPH ITER   394 :  DIFF =      3.7819e-05
  SCPH ITER   395 :  DIFF =      3.7819e-05
  SCPH ITER   396 :  DIFF =      3.7819e-05
  SCPH ITER   397 :  DIFF =      3.7819e-05
  SCPH ITER   398 :  DIFF =      3.7819e-05
  SCPH ITER   399 :  DIFF =      3.7819e-05
  SCPH ITER   400 :  DIFF =      3.7819e-05
  SCPH ITER   401 :  DIFF =      3.7819e-05
  SCPH ITER   402 :  DIFF =      3.7819e-05
  SCPH ITER   403 :  DIFF =      3.7819e-05
  SCPH ITER   404 :  DIFF =      3.7819e-05
  SCPH ITER   405 :  DIFF =      3.7819e-05
  SCPH ITER   406 :  DIFF =      3.7819e-05
  SCPH ITER   407 :  DIFF =      3.7819e-05
  SCPH ITER   408 :  DIFF =      3.7819e-05
  SCPH ITER   409 :  DIFF =      3.7819e-05
  SCPH ITER   410 :  DIFF =      3.7819e-05
  SCPH ITER   411 :  DIFF =      3.7819e-05
  SCPH ITER   412 :  DIFF =      3.7819e-05
  SCPH ITER   413 :  DIFF =      3.7819e-05
  SCPH ITER   414 :  DIFF =      3.7819e-05
  SCPH ITER   415 :  DIFF =      3.7819e-05
  SCPH ITER   416 :  DIFF =      3.7819e-05
  SCPH ITER   417 :  DIFF =      3.7819e-05
  SCPH ITER   418 :  DIFF =      3.7819e-05
  SCPH ITER   419 :  DIFF =      3.7819e-05
  SCPH ITER   420 :  DIFF =      3.7819e-05
  SCPH ITER   421 :  DIFF =      3.7819e-05
  SCPH ITER   422 :  DIFF =      3.7819e-05
  SCPH ITER   423 :  DIFF =      3.7819e-05
  SCPH ITER   424 :  DIFF =      3.7819e-05
  SCPH ITER   425 :  DIFF =      3.7819e-05
  SCPH ITER   426 :  DIFF =      3.7819e-05
  SCPH ITER   427 :  DIFF =      3.7819e-05
  SCPH ITER   428 :  DIFF =      3.7819e-05
  SCPH ITER   429 :  DIFF =      3.7819e-05
  SCPH ITER   430 :  DIFF =      3.7819e-05
  SCPH ITER   431 :  DIFF =      3.7819e-05
  SCPH ITER   432 :  DIFF =      3.7819e-05
  SCPH ITER   433 :  DIFF =      3.7819e-05
  SCPH ITER   434 :  DIFF =      3.7819e-05
  SCPH ITER   435 :  DIFF =      3.7819e-05
  SCPH ITER   436 :  DIFF =      3.7819e-05
  SCPH ITER   437 :  DIFF =      3.7819e-05
  SCPH ITER   438 :  DIFF =      3.7819e-05
  SCPH ITER   439 :  DIFF =      3.7819e-05
  SCPH ITER   440 :  DIFF =      3.7819e-05
  SCPH ITER   441 :  DIFF =      3.7819e-05
  SCPH ITER   442 :  DIFF =      3.7819e-05
  SCPH ITER   443 :  DIFF =      3.7819e-05
  SCPH ITER   444 :  DIFF =      3.7819e-05
  SCPH ITER   445 :  DIFF =      3.7819e-05
  SCPH ITER   446 :  DIFF =      3.7819e-05
  SCPH ITER   447 :  DIFF =      3.7819e-05
  SCPH ITER   448 :  DIFF =      3.7819e-05
  SCPH ITER   449 :  DIFF =      3.7819e-05
  SCPH ITER   450 :  DIFF =      3.7819e-05
  SCPH ITER   451 :  DIFF =      3.7819e-05
  SCPH ITER   452 :  DIFF =      3.7819e-05
  SCPH ITER   453 :  DIFF =      3.7819e-05
  SCPH ITER   454 :  DIFF =      3.7819e-05
  SCPH ITER   455 :  DIFF =      3.7819e-05
  SCPH ITER   456 :  DIFF =      3.7819e-05
  SCPH ITER   457 :  DIFF =      3.7819e-05
  SCPH ITER   458 :  DIFF =      3.7819e-05
  SCPH ITER   459 :  DIFF =      3.7819e-05
  SCPH ITER   460 :  DIFF =      3.7819e-05
  SCPH ITER   461 :  DIFF =      3.7819e-05
  SCPH ITER   462 :  DIFF =      3.7819e-05
  SCPH ITER   463 :  DIFF =      3.7819e-05
  SCPH ITER   464 :  DIFF =      3.7819e-05
  SCPH ITER   465 :  DIFF =      3.7819e-05
  SCPH ITER   466 :  DIFF =      3.7819e-05
  SCPH ITER   467 :  DIFF =      3.7819e-05
  SCPH ITER   468 :  DIFF =      3.7819e-05
  SCPH ITER   469 :  DIFF =      3.7819e-05
  SCPH ITER   470 :  DIFF =      3.7819e-05
  SCPH ITER   471 :  DIFF =      3.7819e-05
  SCPH ITER   472 :  DIFF =      3.7819e-05
  SCPH ITER   473 :  DIFF =      3.7819e-05
  SCPH ITER   474 :  DIFF =      3.7819e-05
  SCPH ITER   475 :  DIFF =      3.7819e-05
  SCPH ITER   476 :  DIFF =      3.7819e-05
  SCPH ITER   477 :  DIFF =      3.7819e-05
  SCPH ITER   478 :  DIFF =      3.7819e-05
  SCPH ITER   479 :  DIFF =      3.7819e-05
  SCPH ITER   480 :  DIFF =      3.7819e-05
  SCPH ITER   481 :  DIFF =      3.7819e-05
  SCPH ITER   482 :  DIFF =      3.7819e-05
  SCPH ITER   483 :  DIFF =      3.7819e-05
  SCPH ITER   484 :  DIFF =      3.7819e-05
  SCPH ITER   485 :  DIFF =      3.7819e-05
  SCPH ITER   486 :  DIFF =      3.7819e-05
  SCPH ITER   487 :  DIFF =      3.7819e-05
  SCPH ITER   488 :  DIFF =      3.7819e-05
  SCPH ITER   489 :  DIFF =      3.7819e-05
  SCPH ITER   490 :  DIFF =      3.7819e-05
  SCPH ITER   491 :  DIFF =      3.7819e-05
  SCPH ITER   492 :  DIFF =      3.7819e-05
  SCPH ITER   493 :  DIFF =      3.7819e-05
  SCPH ITER   494 :  DIFF =      3.7819e-05
  SCPH ITER   495 :  DIFF =      3.7819e-05
  SCPH ITER   496 :  DIFF =      3.7819e-05
  SCPH ITER   497 :  DIFF =      3.7819e-05
  SCPH ITER   498 :  DIFF =      3.7819e-05
  SCPH ITER   499 :  DIFF =      3.7819e-05
  SCPH ITER   500 :  DIFF =      3.7819e-05
  SCPH ITER   501 :  DIFF =      3.7819e-05
  SCPH ITER   502 :  DIFF =      3.7819e-05
  SCPH ITER   503 :  DIFF =      3.7819e-05
  SCPH ITER   504 :  DIFF =      3.7819e-05
  SCPH ITER   505 :  DIFF =      3.7819e-05
  SCPH ITER   506 :  DIFF =      3.7819e-05
  SCPH ITER   507 :  DIFF =      3.7819e-05
  SCPH ITER   508 :  DIFF =      3.7819e-05
  SCPH ITER   509 :  DIFF =      3.7819e-05
  SCPH ITER   510 :  DIFF =      3.7819e-05
  SCPH ITER   511 :  DIFF =      3.7819e-05
  SCPH ITER   512 :  DIFF =      3.7819e-05
  SCPH ITER   513 :  DIFF =      3.7819e-05
  SCPH ITER   514 :  DIFF =      3.7819e-05
  SCPH ITER   515 :  DIFF =      3.7819e-05
  SCPH ITER   516 :  DIFF =      3.7819e-05
  SCPH ITER   517 :  DIFF =      3.7819e-05
  SCPH ITER   518 :  DIFF =      3.7819e-05
  SCPH ITER   519 :  DIFF =      3.7819e-05
  SCPH ITER   520 :  DIFF =      3.7819e-05
  SCPH ITER   521 :  DIFF =      3.7819e-05
  SCPH ITER   522 :  DIFF =      3.7819e-05
  SCPH ITER   523 :  DIFF =      3.7819e-05
  SCPH ITER   524 :  DIFF =      3.7819e-05
  SCPH ITER   525 :  DIFF =      3.7819e-05
  SCPH ITER   526 :  DIFF =      3.7819e-05
  SCPH ITER   527 :  DIFF =      3.7819e-05
  SCPH ITER   528 :  DIFF =      3.7819e-05
  SCPH ITER   529 :  DIFF =      3.7819e-05
  SCPH ITER   530 :  DIFF =      3.7819e-05
  SCPH ITER   531 :  DIFF =      3.7819e-05
  SCPH ITER   532 :  DIFF =      3.7819e-05
  SCPH ITER   533 :  DIFF =      3.7819e-05
  SCPH ITER   534 :  DIFF =      3.7819e-05
  SCPH ITER   535 :  DIFF =      3.7819e-05
  SCPH ITER   536 :  DIFF =      3.7819e-05
  SCPH ITER   537 :  DIFF =      3.7819e-05
  SCPH ITER   538 :  DIFF =      3.7819e-05
  SCPH ITER   539 :  DIFF =      3.7819e-05
  SCPH ITER   540 :  DIFF =      3.7819e-05
  SCPH ITER   541 :  DIFF =      3.7819e-05
  SCPH ITER   542 :  DIFF =      3.7819e-05
  SCPH ITER   543 :  DIFF =      3.7819e-05
  SCPH ITER   544 :  DIFF =      3.7819e-05
  SCPH ITER   545 :  DIFF =      3.7819e-05
  SCPH ITER   546 :  DIFF =      3.7819e-05
  SCPH ITER   547 :  DIFF =      3.7819e-05
  SCPH ITER   548 :  DIFF =      3.7819e-05
  SCPH ITER   549 :  DIFF =      3.7819e-05
  SCPH ITER   550 :  DIFF =      3.7819e-05
  SCPH ITER   551 :  DIFF =      3.7819e-05
  SCPH ITER   552 :  DIFF =      3.7819e-05
  SCPH ITER   553 :  DIFF =      3.7819e-05
  SCPH ITER   554 :  DIFF =      3.7819e-05
  SCPH ITER   555 :  DIFF =      3.7819e-05
  SCPH ITER   556 :  DIFF =      3.7819e-05
  SCPH ITER   557 :  DIFF =      3.7819e-05
  SCPH ITER   558 :  DIFF =      3.7819e-05
  SCPH ITER   559 :  DIFF =      3.7819e-05
  SCPH ITER   560 :  DIFF =      3.7819e-05
  SCPH ITER   561 :  DIFF =      3.7819e-05
  SCPH ITER   562 :  DIFF =      3.7819e-05
  SCPH ITER   563 :  DIFF =      3.7819e-05
  SCPH ITER   564 :  DIFF =      3.7819e-05
  SCPH ITER   565 :  DIFF =      3.7819e-05
  SCPH ITER   566 :  DIFF =      3.7819e-05
  SCPH ITER   567 :  DIFF =      3.7819e-05
  SCPH ITER   568 :  DIFF =      3.7819e-05
  SCPH ITER   569 :  DIFF =      3.7819e-05
  SCPH ITER   570 :  DIFF =      3.7819e-05
  SCPH ITER   571 :  DIFF =      3.7819e-05
  SCPH ITER   572 :  DIFF =      3.7819e-05
  SCPH ITER   573 :  DIFF =      3.7819e-05
  SCPH ITER   574 :  DIFF =      3.7819e-05
  SCPH ITER   575 :  DIFF =      3.7819e-05
  SCPH ITER   576 :  DIFF =      3.7819e-05
  SCPH ITER   577 :  DIFF =      3.7819e-05
  SCPH ITER   578 :  DIFF =      3.7819e-05
  SCPH ITER   579 :  DIFF =      3.7819e-05
  SCPH ITER   580 :  DIFF =      3.7819e-05
  SCPH ITER   581 :  DIFF =      3.7819e-05
  SCPH ITER   582 :  DIFF =      3.7819e-05
  SCPH ITER   583 :  DIFF =      3.7819e-05
  SCPH ITER   584 :  DIFF =      3.7819e-05
  SCPH ITER   585 :  DIFF =      3.7819e-05
  SCPH ITER   586 :  DIFF =      3.7819e-05
  SCPH ITER   587 :  DIFF =      3.7819e-05
  SCPH ITER   588 :  DIFF =      3.7819e-05
  SCPH ITER   589 :  DIFF =      3.7819e-05
  SCPH ITER   590 :  DIFF =      3.7819e-05
  SCPH ITER   591 :  DIFF =      3.7819e-05
  SCPH ITER   592 :  DIFF =      3.7819e-05
  SCPH ITER   593 :  DIFF =      3.7819e-05
  SCPH ITER   594 :  DIFF =      3.7819e-05
  SCPH ITER   595 :  DIFF =      3.7819e-05
  SCPH ITER   596 :  DIFF =      3.7819e-05
  SCPH ITER   597 :  DIFF =      3.7819e-05
  SCPH ITER   598 :  DIFF =      3.7819e-05
  SCPH ITER   599 :  DIFF =      3.7819e-05
  SCPH ITER   600 :  DIFF =      3.7819e-05
  SCPH ITER   601 :  DIFF =      3.7819e-05
  SCPH ITER   602 :  DIFF =      3.7819e-05
  SCPH ITER   603 :  DIFF =      3.7819e-05
  SCPH ITER   604 :  DIFF =      3.7819e-05
  SCPH ITER   605 :  DIFF =      3.7819e-05
  SCPH ITER   606 :  DIFF =      3.7819e-05
  SCPH ITER   607 :  DIFF =      3.7819e-05
  SCPH ITER   608 :  DIFF =      3.7819e-05
  SCPH ITER   609 :  DIFF =      3.7819e-05
  SCPH ITER   610 :  DIFF =      3.7819e-05
  SCPH ITER   611 :  DIFF =      3.7819e-05
  SCPH ITER   612 :  DIFF =      3.7819e-05
  SCPH ITER   613 :  DIFF =      3.7819e-05
  SCPH ITER   614 :  DIFF =      3.7819e-05
  SCPH ITER   615 :  DIFF =      3.7819e-05
  SCPH ITER   616 :  DIFF =      3.7819e-05
  SCPH ITER   617 :  DIFF =      3.7819e-05
  SCPH ITER   618 :  DIFF =      3.7819e-05
  SCPH ITER   619 :  DIFF =      3.7819e-05
  SCPH ITER   620 :  DIFF =      3.7819e-05
  SCPH ITER   621 :  DIFF =      3.7819e-05
  SCPH ITER   622 :  DIFF =      3.7819e-05
  SCPH ITER   623 :  DIFF =      3.7819e-05
  SCPH ITER   624 :  DIFF =      3.7819e-05
  SCPH ITER   625 :  DIFF =      3.7819e-05
  SCPH ITER   626 :  DIFF =      3.7819e-05
  SCPH ITER   627 :  DIFF =      3.7819e-05
  SCPH ITER   628 :  DIFF =      3.7819e-05
  SCPH ITER   629 :  DIFF =      3.7819e-05
  SCPH ITER   630 :  DIFF =      3.7819e-05
  SCPH ITER   631 :  DIFF =      3.7819e-05
  SCPH ITER   632 :  DIFF =      3.7819e-05
  SCPH ITER   633 :  DIFF =      3.7819e-05
  SCPH ITER   634 :  DIFF =      3.7819e-05
  SCPH ITER   635 :  DIFF =      3.7819e-05
  SCPH ITER   636 :  DIFF =      3.7819e-05
  SCPH ITER   637 :  DIFF =      3.7819e-05
  SCPH ITER   638 :  DIFF =      3.7819e-05
  SCPH ITER   639 :  DIFF =      3.7819e-05
  SCPH ITER   640 :  DIFF =      3.7819e-05
  SCPH ITER   641 :  DIFF =      3.7819e-05
  SCPH ITER   642 :  DIFF =      3.7819e-05
  SCPH ITER   643 :  DIFF =      3.7819e-05
  SCPH ITER   644 :  DIFF =      3.7819e-05
  SCPH ITER   645 :  DIFF =      3.7819e-05
  SCPH ITER   646 :  DIFF =      3.7819e-05
  SCPH ITER   647 :  DIFF =      3.7819e-05
  SCPH ITER   648 :  DIFF =      3.7819e-05
  SCPH ITER   649 :  DIFF =      3.7819e-05
  SCPH ITER   650 :  DIFF =      3.7819e-05
  SCPH ITER   651 :  DIFF =      3.7819e-05
  SCPH ITER   652 :  DIFF =      3.7819e-05
  SCPH ITER   653 :  DIFF =      3.7819e-05
  SCPH ITER   654 :  DIFF =      3.7819e-05
  SCPH ITER   655 :  DIFF =      3.7819e-05
  SCPH ITER   656 :  DIFF =      3.7819e-05
  SCPH ITER   657 :  DIFF =      3.7819e-05
  SCPH ITER   658 :  DIFF =      3.7819e-05
  SCPH ITER   659 :  DIFF =      3.7819e-05
  SCPH ITER   660 :  DIFF =      3.7819e-05
  SCPH ITER   661 :  DIFF =      3.7819e-05
  SCPH ITER   662 :  DIFF =      3.7819e-05
  SCPH ITER   663 :  DIFF =      3.7819e-05
  SCPH ITER   664 :  DIFF =      3.7819e-05
  SCPH ITER   665 :  DIFF =      3.7819e-05
  SCPH ITER   666 :  DIFF =      3.7819e-05
  SCPH ITER   667 :  DIFF =      3.7819e-05
  SCPH ITER   668 :  DIFF =      3.7819e-05
  SCPH ITER   669 :  DIFF =      3.7819e-05
  SCPH ITER   670 :  DIFF =      3.7819e-05
  SCPH ITER   671 :  DIFF =      3.7819e-05
  SCPH ITER   672 :  DIFF =      3.7819e-05
  SCPH ITER   673 :  DIFF =      3.7819e-05
  SCPH ITER   674 :  DIFF =      3.7819e-05
  SCPH ITER   675 :  DIFF =      3.7819e-05
  SCPH ITER   676 :  DIFF =      3.7819e-05
  SCPH ITER   677 :  DIFF =      3.7819e-05
  SCPH ITER   678 :  DIFF =      3.7819e-05
  SCPH ITER   679 :  DIFF =      3.7819e-05
  SCPH ITER   680 :  DIFF =      3.7819e-05
  SCPH ITER   681 :  DIFF =      3.7819e-05
  SCPH ITER   682 :  DIFF =      3.7819e-05
  SCPH ITER   683 :  DIFF =      3.7819e-05
  SCPH ITER   684 :  DIFF =      3.7819e-05
  SCPH ITER   685 :  DIFF =      3.7819e-05
  SCPH ITER   686 :  DIFF =      3.7819e-05
  SCPH ITER   687 :  DIFF =      3.7819e-05
  SCPH ITER   688 :  DIFF =      3.7819e-05
  SCPH ITER   689 :  DIFF =      3.7819e-05
  SCPH ITER   690 :  DIFF =      3.7819e-05
  SCPH ITER   691 :  DIFF =      3.7819e-05
  SCPH ITER   692 :  DIFF =      3.7819e-05
  SCPH ITER   693 :  DIFF =      3.7819e-05
  SCPH ITER   694 :  DIFF =      3.7819e-05
  SCPH ITER   695 :  DIFF =      3.7819e-05
  SCPH ITER   696 :  DIFF =      3.7819e-05
  SCPH ITER   697 :  DIFF =      3.7819e-05
  SCPH ITER   698 :  DIFF =      3.7819e-05
  SCPH ITER   699 :  DIFF =      3.7819e-05
  SCPH ITER   700 :  DIFF =      3.7819e-05
  SCPH ITER   701 :  DIFF =      3.7819e-05
  SCPH ITER   702 :  DIFF =      3.7819e-05
  SCPH ITER   703 :  DIFF =      3.7819e-05
  SCPH ITER   704 :  DIFF =      3.7819e-05
  SCPH ITER   705 :  DIFF =      3.7819e-05
  SCPH ITER   706 :  DIFF =      3.7819e-05
  SCPH ITER   707 :  DIFF =      3.7819e-05
  SCPH ITER   708 :  DIFF =      3.7819e-05
  SCPH ITER   709 :  DIFF =      3.7819e-05
  SCPH ITER   710 :  DIFF =      3.7819e-05
  SCPH ITER   711 :  DIFF =      3.7819e-05
  SCPH ITER   712 :  DIFF =      3.7819e-05
  SCPH ITER   713 :  DIFF =      3.7819e-05
  SCPH ITER   714 :  DIFF =      3.7819e-05
  SCPH ITER   715 :  DIFF =      3.7819e-05
  SCPH ITER   716 :  DIFF =      3.7819e-05
  SCPH ITER   717 :  DIFF =      3.7819e-05
  SCPH ITER   718 :  DIFF =      3.7819e-05
  SCPH ITER   719 :  DIFF =      3.7819e-05
  SCPH ITER   720 :  DIFF =      3.7819e-05
  SCPH ITER   721 :  DIFF =      3.7819e-05
  SCPH ITER   722 :  DIFF =      3.7819e-05
  SCPH ITER   723 :  DIFF =      3.7819e-05
  SCPH ITER   724 :  DIFF =      3.7819e-05
  SCPH ITER   725 :  DIFF =      3.7819e-05
  SCPH ITER   726 :  DIFF =      3.7819e-05
  SCPH ITER   727 :  DIFF =      3.7819e-05
  SCPH ITER   728 :  DIFF =      3.7819e-05
  SCPH ITER   729 :  DIFF =      3.7819e-05
  SCPH ITER   730 :  DIFF =      3.7819e-05
  SCPH ITER   731 :  DIFF =      3.7819e-05
  SCPH ITER   732 :  DIFF =      3.7819e-05
  SCPH ITER   733 :  DIFF =      3.7819e-05
  SCPH ITER   734 :  DIFF =      3.7819e-05
  SCPH ITER   735 :  DIFF =      3.7819e-05
  SCPH ITER   736 :  DIFF =      3.7819e-05
  SCPH ITER   737 :  DIFF =      3.7819e-05
  SCPH ITER   738 :  DIFF =      3.7819e-05
  SCPH ITER   739 :  DIFF =      3.7819e-05
  SCPH ITER   740 :  DIFF =      3.7819e-05
  SCPH ITER   741 :  DIFF =      3.7819e-05
  SCPH ITER   742 :  DIFF =      3.7819e-05
  SCPH ITER   743 :  DIFF =      3.7819e-05
  SCPH ITER   744 :  DIFF =      3.7819e-05
  SCPH ITER   745 :  DIFF =      3.7819e-05
  SCPH ITER   746 :  DIFF =      3.7819e-05
  SCPH ITER   747 :  DIFF =      3.7819e-05
  SCPH ITER   748 :  DIFF =      3.7819e-05
  SCPH ITER   749 :  DIFF =      3.7819e-05
  SCPH ITER   750 :  DIFF =      3.7819e-05
  SCPH ITER   751 :  DIFF =      3.7819e-05
  SCPH ITER   752 :  DIFF =      3.7819e-05
  SCPH ITER   753 :  DIFF =      3.7819e-05
  SCPH ITER   754 :  DIFF =      3.7819e-05
  SCPH ITER   755 :  DIFF =      3.7819e-05
  SCPH ITER   756 :  DIFF =      3.7819e-05
  SCPH ITER   757 :  DIFF =      3.7819e-05
  SCPH ITER   758 :  DIFF =      3.7819e-05
  SCPH ITER   759 :  DIFF =      3.7819e-05
  SCPH ITER   760 :  DIFF =      3.7819e-05
  SCPH ITER   761 :  DIFF =      3.7819e-05
  SCPH ITER   762 :  DIFF =      3.7819e-05
  SCPH ITER   763 :  DIFF =      3.7819e-05
  SCPH ITER   764 :  DIFF =      3.7819e-05
  SCPH ITER   765 :  DIFF =      3.7819e-05
  SCPH ITER   766 :  DIFF =      3.7819e-05
  SCPH ITER   767 :  DIFF =      3.7819e-05
  SCPH ITER   768 :  DIFF =      3.7819e-05
  SCPH ITER   769 :  DIFF =      3.7819e-05
  SCPH ITER   770 :  DIFF =      3.7819e-05
  SCPH ITER   771 :  DIFF =      3.7819e-05
  SCPH ITER   772 :  DIFF =      3.7819e-05
  SCPH ITER   773 :  DIFF =      3.7819e-05
  SCPH ITER   774 :  DIFF =      3.7819e-05
  SCPH ITER   775 :  DIFF =      3.7819e-05
  SCPH ITER   776 :  DIFF =      3.7819e-05
  SCPH ITER   777 :  DIFF =      3.7819e-05
  SCPH ITER   778 :  DIFF =      3.7819e-05
  SCPH ITER   779 :  DIFF =      3.7819e-05
  SCPH ITER   780 :  DIFF =      3.7819e-05
  SCPH ITER   781 :  DIFF =      3.7819e-05
  SCPH ITER   782 :  DIFF =      3.7819e-05
  SCPH ITER   783 :  DIFF =      3.7819e-05
  SCPH ITER   784 :  DIFF =      3.7819e-05
  SCPH ITER   785 :  DIFF =      3.7819e-05
  SCPH ITER   786 :  DIFF =      3.7819e-05
  SCPH ITER   787 :  DIFF =      3.7819e-05
  SCPH ITER   788 :  DIFF =      3.7819e-05
  SCPH ITER   789 :  DIFF =      3.7819e-05
  SCPH ITER   790 :  DIFF =      3.7819e-05
  SCPH ITER   791 :  DIFF =      3.7819e-05
  SCPH ITER   792 :  DIFF =      3.7819e-05
  SCPH ITER   793 :  DIFF =      3.7819e-05
  SCPH ITER   794 :  DIFF =      3.7819e-05
  SCPH ITER   795 :  DIFF =      3.7819e-05
  SCPH ITER   796 :  DIFF =      3.7819e-05
  SCPH ITER   797 :  DIFF =      3.7819e-05
  SCPH ITER   798 :  DIFF =      3.7819e-05
  SCPH ITER   799 :  DIFF =      3.7819e-05
  SCPH ITER   800 :  DIFF =      3.7819e-05
  SCPH ITER   801 :  DIFF =      3.7819e-05
  SCPH ITER   802 :  DIFF =      3.7819e-05
  SCPH ITER   803 :  DIFF =      3.7819e-05
  SCPH ITER   804 :  DIFF =      3.7819e-05
  SCPH ITER   805 :  DIFF =      3.7819e-05
  SCPH ITER   806 :  DIFF =      3.7819e-05
  SCPH ITER   807 :  DIFF =      3.7819e-05
  SCPH ITER   808 :  DIFF =      3.7819e-05
  SCPH ITER   809 :  DIFF =      3.7819e-05
  SCPH ITER   810 :  DIFF =      3.7819e-05
  SCPH ITER   811 :  DIFF =      3.7819e-05
  SCPH ITER   812 :  DIFF =      3.7819e-05
  SCPH ITER   813 :  DIFF =      3.7819e-05
  SCPH ITER   814 :  DIFF =      3.7819e-05
  SCPH ITER   815 :  DIFF =      3.7819e-05
  SCPH ITER   816 :  DIFF =      3.7819e-05
  SCPH ITER   817 :  DIFF =      3.7819e-05
  SCPH ITER   818 :  DIFF =      3.7819e-05
  SCPH ITER   819 :  DIFF =      3.7819e-05
  SCPH ITER   820 :  DIFF =      3.7819e-05
  SCPH ITER   821 :  DIFF =      3.7819e-05
  SCPH ITER   822 :  DIFF =      3.7819e-05
  SCPH ITER   823 :  DIFF =      3.7819e-05
  SCPH ITER   824 :  DIFF =      3.7819e-05
  SCPH ITER   825 :  DIFF =      3.7819e-05
  SCPH ITER   826 :  DIFF =      3.7819e-05
  SCPH ITER   827 :  DIFF =      3.7819e-05
  SCPH ITER   828 :  DIFF =      3.7819e-05
  SCPH ITER   829 :  DIFF =      3.7819e-05
  SCPH ITER   830 :  DIFF =      3.7819e-05
  SCPH ITER   831 :  DIFF =      3.7819e-05
  SCPH ITER   832 :  DIFF =      3.7819e-05
  SCPH ITER   833 :  DIFF =      3.7819e-05
  SCPH ITER   834 :  DIFF =      3.7819e-05
  SCPH ITER   835 :  DIFF =      3.7819e-05
  SCPH ITER   836 :  DIFF =      3.7819e-05
  SCPH ITER   837 :  DIFF =      3.7819e-05
  SCPH ITER   838 :  DIFF =      3.7819e-05
  SCPH ITER   839 :  DIFF =      3.7819e-05
  SCPH ITER   840 :  DIFF =      3.7819e-05
  SCPH ITER   841 :  DIFF =      3.7819e-05
  SCPH ITER   842 :  DIFF =      3.7819e-05
  SCPH ITER   843 :  DIFF =      3.7819e-05
  SCPH ITER   844 :  DIFF =      3.7819e-05
  SCPH ITER   845 :  DIFF =      3.7819e-05
  SCPH ITER   846 :  DIFF =      3.7819e-05
  SCPH ITER   847 :  DIFF =      3.7819e-05
  SCPH ITER   848 :  DIFF =      3.7819e-05
  SCPH ITER   849 :  DIFF =      3.7819e-05
  SCPH ITER   850 :  DIFF =      3.7819e-05
  SCPH ITER   851 :  DIFF =      3.7819e-05
  SCPH ITER   852 :  DIFF =      3.7819e-05
  SCPH ITER   853 :  DIFF =      3.7819e-05
  SCPH ITER   854 :  DIFF =      3.7819e-05
  SCPH ITER   855 :  DIFF =      3.7819e-05
  SCPH ITER   856 :  DIFF =      3.7819e-05
  SCPH ITER   857 :  DIFF =      3.7819e-05
  SCPH ITER   858 :  DIFF =      3.7819e-05
  SCPH ITER   859 :  DIFF =      3.7819e-05
  SCPH ITER   860 :  DIFF =      3.7819e-05
  SCPH ITER   861 :  DIFF =      3.7819e-05
  SCPH ITER   862 :  DIFF =      3.7819e-05
  SCPH ITER   863 :  DIFF =      3.7819e-05
  SCPH ITER   864 :  DIFF =      3.7819e-05
  SCPH ITER   865 :  DIFF =      3.7819e-05
  SCPH ITER   866 :  DIFF =      3.7819e-05
  SCPH ITER   867 :  DIFF =      3.7819e-05
  SCPH ITER   868 :  DIFF =      3.7819e-05
  SCPH ITER   869 :  DIFF =      3.7819e-05
  SCPH ITER   870 :  DIFF =      3.7819e-05
  SCPH ITER   871 :  DIFF =      3.7819e-05
  SCPH ITER   872 :  DIFF =      3.7819e-05
  SCPH ITER   873 :  DIFF =      3.7819e-05
  SCPH ITER   874 :  DIFF =      3.7819e-05
  SCPH ITER   875 :  DIFF =      3.7819e-05
  SCPH ITER   876 :  DIFF =      3.7819e-05
  SCPH ITER   877 :  DIFF =      3.7819e-05
  SCPH ITER   878 :  DIFF =      3.7819e-05
  SCPH ITER   879 :  DIFF =      3.7819e-05
  SCPH ITER   880 :  DIFF =      3.7819e-05
  SCPH ITER   881 :  DIFF =      3.7819e-05
  SCPH ITER   882 :  DIFF =      3.7819e-05
  SCPH ITER   883 :  DIFF =      3.7819e-05
  SCPH ITER   884 :  DIFF =      3.7819e-05
  SCPH ITER   885 :  DIFF =      3.7819e-05
  SCPH ITER   886 :  DIFF =      3.7819e-05
  SCPH ITER   887 :  DIFF =      3.7819e-05
  SCPH ITER   888 :  DIFF =      3.7819e-05
  SCPH ITER   889 :  DIFF =      3.7819e-05
  SCPH ITER   890 :  DIFF =      3.7819e-05
  SCPH ITER   891 :  DIFF =      3.7819e-05
  SCPH ITER   892 :  DIFF =      3.7819e-05
  SCPH ITER   893 :  DIFF =      3.7819e-05
  SCPH ITER   894 :  DIFF =      3.7819e-05
  SCPH ITER   895 :  DIFF =      3.7819e-05
  SCPH ITER   896 :  DIFF =      3.7819e-05
  SCPH ITER   897 :  DIFF =      3.7819e-05
  SCPH ITER   898 :  DIFF =      3.7819e-05
  SCPH ITER   899 :  DIFF =      3.7819e-05
  SCPH ITER   900 :  DIFF =      3.7819e-05
  SCPH ITER   901 :  DIFF =      3.7819e-05
  SCPH ITER   902 :  DIFF =      3.7819e-05
  SCPH ITER   903 :  DIFF =      3.7819e-05
  SCPH ITER   904 :  DIFF =      3.7819e-05
  SCPH ITER   905 :  DIFF =      3.7819e-05
  SCPH ITER   906 :  DIFF =      3.7819e-05
  SCPH ITER   907 :  DIFF =      3.7819e-05
  SCPH ITER   908 :  DIFF =      3.7819e-05
  SCPH ITER   909 :  DIFF =      3.7819e-05
  SCPH ITER   910 :  DIFF =      3.7819e-05
  SCPH ITER   911 :  DIFF =      3.7819e-05
  SCPH ITER   912 :  DIFF =      3.7819e-05
  SCPH ITER   913 :  DIFF =      3.7819e-05
  SCPH ITER   914 :  DIFF =      3.7819e-05
  SCPH ITER   915 :  DIFF =      3.7819e-05
  SCPH ITER   916 :  DIFF =      3.7819e-05
  SCPH ITER   917 :  DIFF =      3.7819e-05
  SCPH ITER   918 :  DIFF =      3.7819e-05
  SCPH ITER   919 :  DIFF =      3.7819e-05
  SCPH ITER   920 :  DIFF =      3.7819e-05
  SCPH ITER   921 :  DIFF =      3.7819e-05
  SCPH ITER   922 :  DIFF =      3.7819e-05
  SCPH ITER   923 :  DIFF =      3.7819e-05
  SCPH ITER   924 :  DIFF =      3.7819e-05
  SCPH ITER   925 :  DIFF =      3.7819e-05
  SCPH ITER   926 :  DIFF =      3.7819e-05
  SCPH ITER   927 :  DIFF =      3.7819e-05
  SCPH ITER   928 :  DIFF =      3.7819e-05
  SCPH ITER   929 :  DIFF =      3.7819e-05
  SCPH ITER   930 :  DIFF =      3.7819e-05
  SCPH ITER   931 :  DIFF =      3.7819e-05
  SCPH ITER   932 :  DIFF =      3.7819e-05
  SCPH ITER   933 :  DIFF =      3.7819e-05
  SCPH ITER   934 :  DIFF =      3.7819e-05
  SCPH ITER   935 :  DIFF =      3.7819e-05
  SCPH ITER   936 :  DIFF =      3.7819e-05
  SCPH ITER   937 :  DIFF =      3.7819e-05
  SCPH ITER   938 :  DIFF =      3.7819e-05
  SCPH ITER   939 :  DIFF =      3.7819e-05
  SCPH ITER   940 :  DIFF =      3.7819e-05
  SCPH ITER   941 :  DIFF =      3.7819e-05
  SCPH ITER   942 :  DIFF =      3.7819e-05
  SCPH ITER   943 :  DIFF =      3.7819e-05
  SCPH ITER   944 :  DIFF =      3.7819e-05
  SCPH ITER   945 :  DIFF =      3.7819e-05
  SCPH ITER   946 :  DIFF =      3.7819e-05
  SCPH ITER   947 :  DIFF =      3.7819e-05
  SCPH ITER   948 :  DIFF =      3.7819e-05
  SCPH ITER   949 :  DIFF =      3.7819e-05
  SCPH ITER   950 :  DIFF =      3.7819e-05
  SCPH ITER   951 :  DIFF =      3.7819e-05
  SCPH ITER   952 :  DIFF =      3.7819e-05
  SCPH ITER   953 :  DIFF =      3.7819e-05
  SCPH ITER   954 :  DIFF =      3.7819e-05
  SCPH ITER   955 :  DIFF =      3.7819e-05
  SCPH ITER   956 :  DIFF =      3.7819e-05
  SCPH ITER   957 :  DIFF =      3.7819e-05
  SCPH ITER   958 :  DIFF =      3.7819e-05
  SCPH ITER   959 :  DIFF =      3.7819e-05
  SCPH ITER   960 :  DIFF =      3.7819e-05
  SCPH ITER   961 :  DIFF =      3.7819e-05
  SCPH ITER   962 :  DIFF =      3.7819e-05
  SCPH ITER   963 :  DIFF =      3.7819e-05
  SCPH ITER   964 :  DIFF =      3.7819e-05
  SCPH ITER   965 :  DIFF =      3.7819e-05
  SCPH ITER   966 :  DIFF =      3.7819e-05
  SCPH ITER   967 :  DIFF =      3.7819e-05
  SCPH ITER   968 :  DIFF =      3.7819e-05
  SCPH ITER   969 :  DIFF =      3.7819e-05
  SCPH ITER   970 :  DIFF =      3.7819e-05
  SCPH ITER   971 :  DIFF =      3.7819e-05
  SCPH ITER   972 :  DIFF =      3.7819e-05
  SCPH ITER   973 :  DIFF =      3.7819e-05
  SCPH ITER   974 :  DIFF =      3.7819e-05
  SCPH ITER   975 :  DIFF =      3.7819e-05
  SCPH ITER   976 :  DIFF =      3.7819e-05
  SCPH ITER   977 :  DIFF =      3.7819e-05
  SCPH ITER   978 :  DIFF =      3.7819e-05
  SCPH ITER   979 :  DIFF =      3.7819e-05
  SCPH ITER   980 :  DIFF =      3.7819e-05
  SCPH ITER   981 :  DIFF =      3.7819e-05
  SCPH ITER   982 :  DIFF =      3.7819e-05
  SCPH ITER   983 :  DIFF =      3.7819e-05
  SCPH ITER   984 :  DIFF =      3.7819e-05
  SCPH ITER   985 :  DIFF =      3.7819e-05
  SCPH ITER   986 :  DIFF =      3.7819e-05
  SCPH ITER   987 :  DIFF =      3.7819e-05
  SCPH ITER   988 :  DIFF =      3.7819e-05
  SCPH ITER   989 :  DIFF =      3.7819e-05
  SCPH ITER   990 :  DIFF =      3.7819e-05
  SCPH ITER   991 :  DIFF =      3.7819e-05
  SCPH ITER   992 :  DIFF =      3.7819e-05
  SCPH ITER   993 :  DIFF =      3.7819e-05
  SCPH ITER   994 :  DIFF =      3.7819e-05
  SCPH ITER   995 :  DIFF =      3.7819e-05
  SCPH ITER   996 :  DIFF =      3.7819e-05
  SCPH ITER   997 :  DIFF =      3.7819e-05
  SCPH ITER   998 :  DIFF =      3.7819e-05
  SCPH ITER   999 :  DIFF =      3.7819e-05
  SCPH ITER  1000 :  DIFF =      3.7819e-05
Temp = 2.0000e+02 : not converged.
 Temperature = 1.5000e+02 K
  SCPH ITER     1 :  DIFF = N/A
  SCPH ITER     2 :  DIFF =      1.4127e-06
  SCPH ITER     3 :  DIFF =      1.1520e-06
  SCPH ITER     4 :  DIFF =      9.3980e-07
  SCPH ITER     5 :  DIFF =      7.6700e-07
  SCPH ITER     6 :  DIFF =      6.2622e-07
  SCPH ITER     7 :  DIFF =      5.1148e-07
  SCPH ITER     8 :  DIFF =      4.1793e-07
  SCPH ITER     9 :  DIFF =      3.4161e-07
  SCPH ITER    10 :  DIFF =      2.7933e-07
  SCPH ITER    11 :  DIFF =      2.2848e-07
  SCPH ITER    12 :  DIFF =      1.8695e-07
  SCPH ITER    13 :  DIFF =      1.5302e-07
  SCPH ITER    14 :  DIFF =      1.2529e-07
  SCPH ITER    15 :  DIFF =      1.0261e-07
  SCPH ITER    16 :  DIFF =      8.4066e-08
  SCPH ITER    17 :  DIFF =      6.8891e-08
  SCPH ITER    18 :  DIFF =      5.6471e-08
  SCPH ITER    19 :  DIFF =      4.6302e-08
  SCPH ITER    20 :  DIFF =      3.7974e-08
  SCPH ITER    21 :  DIFF =      3.1152e-08
  SCPH ITER    22 :  DIFF =      2.5561e-08
  SCPH ITER    23 :  DIFF =      2.0979e-08
  SCPH ITER    24 :  DIFF =      1.7222e-08
  SCPH ITER    25 :  DIFF =      1.4140e-08
  SCPH ITER    26 :  DIFF =      1.1613e-08
  SCPH ITER    27 :  DIFF =      9.5386e-09
  SCPH ITER    28 :  DIFF =      7.8365e-09
  SCPH ITER    29 :  DIFF =      6.4393e-09
  SCPH ITER    30 :  DIFF =      5.2921e-09
  SCPH ITER    31 :  DIFF =      4.3500e-09
  SCPH ITER    32 :  DIFF =      3.5762e-09
  SCPH ITER    33 :  DIFF =      2.9405e-09
  SCPH ITER    34 :  DIFF =      2.4182e-09
  SCPH ITER    35 :  DIFF =      1.9889e-09
  SCPH ITER    36 :  DIFF =      1.6361e-09
  SCPH ITER    37 :  DIFF =      1.3460e-09
  SCPH ITER    38 :  DIFF =      1.1075e-09
  SCPH ITER    39 :  DIFF =      9.1136e-10
  SCPH ITER    40 :  DIFF =      7.5004e-10
  SCPH ITER    41 :  DIFF =      6.1735e-10
  SCPH ITER    42 :  DIFF =      5.0819e-10
  SCPH ITER    43 :  DIFF =      4.1837e-10
  SCPH ITER    44 :  DIFF =      3.4446e-10
  SCPH ITER    45 :  DIFF =      2.8364e-10
  SCPH ITER    46 :  DIFF =      2.3357e-10
  SCPH ITER    47 :  DIFF =      1.9236e-10
  SCPH ITER    48 :  DIFF =      1.5843e-10
  SCPH ITER    49 :  DIFF =      1.3054e-10
  SCPH ITER    50 :  DIFF =      1.0755e-10
  SCPH ITER    51 :  DIFF =      8.9525e-11
  DIFF < SCPH_TOL : break SCPH loop
 Temp = 1.5000e+02 : convergence achieved in    51 iterations.
 Temperature = 1.0000e+02 K
  SCPH ITER     1 :  DIFF = N/A
  SCPH ITER     2 :  DIFF =      1.7066e-07
  SCPH ITER     3 :  DIFF =      1.3924e-07
  SCPH ITER     4 :  DIFF =      1.1361e-07
  SCPH ITER     5 :  DIFF =      9.2695e-08
  SCPH ITER     6 :  DIFF =      7.5631e-08
  SCPH ITER     7 :  DIFF =      6.1709e-08
  SCPH ITER     8 :  DIFF =      5.0349e-08
  SCPH ITER     9 :  DIFF =      4.1080e-08
  SCPH ITER    10 :  DIFF =      3.3518e-08
  SCPH ITER    11 :  DIFF =      2.7348e-08
  SCPH ITER    12 :  DIFF =      2.2313e-08
  SCPH ITER    13 :  DIFF =      1.8206e-08
  SCPH ITER    14 :  DIFF =      1.4854e-08
  SCPH ITER    15 :  DIFF =      1.2119e-08
  SCPH ITER    16 :  DIFF =      9.8883e-09
  SCPH ITER    17 :  DIFF =      8.0678e-09
  SCPH ITER    18 :  DIFF =      6.5825e-09
  SCPH ITER    19 :  DIFF =      5.3706e-09
  SCPH ITER    20 :  DIFF =      4.3818e-09
  SCPH ITER    21 :  DIFF =      3.5751e-09
  SCPH ITER    22 :  DIFF =      2.9168e-09
  SCPH ITER    23 :  DIFF =      2.3798e-09
  SCPH ITER    24 :  DIFF =      1.9416e-09
  SCPH ITER    25 :  DIFF =      1.5841e-09
  SCPH ITER    26 :  DIFF =      1.2924e-09
  SCPH ITER    27 :  DIFF =      1.0545e-09
  SCPH ITER    28 :  DIFF =      8.6030e-10
  SCPH ITER    29 :  DIFF =      7.0189e-10
  SCPH ITER    30 :  DIFF =      5.7267e-10
  SCPH ITER    31 :  DIFF =      4.6722e-10
  SCPH ITER    32 :  DIFF =      3.8117e-10
  SCPH ITER    33 :  DIFF =      3.1098e-10
  SCPH ITER    34 :  DIFF =      2.5372e-10
  SCPH ITER    35 :  DIFF =      2.0699e-10
  SCPH ITER    36 :  DIFF =      1.6888e-10
  SCPH ITER    37 :  DIFF =      1.3778e-10
  SCPH ITER    38 :  DIFF =      1.1241e-10
  SCPH ITER    39 :  DIFF =      9.1706e-11
  DIFF < SCPH_TOL : break SCPH loop
 Temp = 1.0000e+02 : convergence achieved in    39 iterations.
 Temperature = 5.0000e+01 K
  SCPH ITER     1 :  DIFF = N/A
  SCPH ITER     2 :  DIFF =      5.7639e-08
  SCPH ITER     3 :  DIFF =      4.6624e-08
  SCPH ITER     4 :  DIFF =      3.7715e-08
  SCPH ITER     5 :  DIFF =      3.0508e-08
  SCPH ITER     6 :  DIFF =      2.4679e-08
  SCPH ITER     7 :  DIFF =      1.9963e-08
  SCPH ITER     8 :  DIFF =      1.6149e-08
  SCPH ITER     9 :  DIFF =      1.3063e-08
  SCPH ITER    10 :  DIFF =      1.0567e-08
  SCPH ITER    11 :  DIFF =      8.5480e-09
  SCPH ITER    12 :  DIFF =      6.9147e-09
  SCPH ITER    13 :  DIFF =      5.5935e-09
  SCPH ITER    14 :  DIFF =      4.5247e-09
  SCPH ITER    15 :  DIFF =      3.6601e-09
  SCPH ITER    16 :  DIFF =      2.9607e-09
  SCPH ITER    17 :  DIFF =      2.3950e-09
  SCPH ITER    18 :  DIFF =      1.9373e-09
  SCPH ITER    19 :  DIFF =      1.5671e-09
  SCPH ITER    20 :  DIFF =      1.2677e-09
  SCPH ITER    21 :  DIFF =      1.0254e-09
  SCPH ITER    22 :  DIFF =      8.2940e-10
  SCPH ITER    23 :  DIFF =      6.7088e-10
  SCPH ITER    24 :  DIFF =      5.4276e-10
  SCPH ITER    25 :  DIFF =      4.3907e-10
  SCPH ITER    26 :  DIFF =      3.5505e-10
  SCPH ITER    27 :  DIFF =      2.8719e-10
  SCPH ITER    28 :  DIFF =      2.3229e-10
  SCPH ITER    29 :  DIFF =      1.8789e-10
  SCPH ITER    30 :  DIFF =      1.5197e-10
  SCPH ITER    31 :  DIFF =      1.2292e-10
  SCPH ITER    32 :  DIFF =      1.0018e-10
  SCPH ITER    33 :  DIFF =      8.1344e-11
  DIFF < SCPH_TOL : break SCPH loop
 Temp = 5.0000e+01 : convergence achieved in    33 iterations.
 Temperature = 0.0000e+00 K
  SCPH ITER     1 :  DIFF = N/A
  SCPH ITER     2 :  DIFF =      8.2998e-09
  SCPH ITER     3 :  DIFF =      6.6877e-09
  SCPH ITER     4 :  DIFF =      5.3888e-09
  SCPH ITER     5 :  DIFF =      4.3424e-09
  SCPH ITER     6 :  DIFF =      3.4992e-09
  SCPH ITER     7 :  DIFF =      2.8199e-09
  SCPH ITER     8 :  DIFF =      2.2725e-09
  SCPH ITER     9 :  DIFF =      1.8314e-09
  SCPH ITER    10 :  DIFF =      1.4759e-09
  SCPH ITER    11 :  DIFF =      1.1895e-09
  SCPH ITER    12 :  DIFF =      9.5873e-10
  SCPH ITER    13 :  DIFF =      7.7274e-10
  SCPH ITER    14 :  DIFF =      6.2273e-10
  SCPH ITER    15 :  DIFF =      5.0192e-10
  SCPH ITER    16 :  DIFF =      4.0455e-10
  SCPH ITER    17 :  DIFF =      3.2607e-10
  SCPH ITER    18 :  DIFF =      2.6282e-10
  SCPH ITER    19 :  DIFF =      2.1185e-10
  SCPH ITER    20 :  DIFF =      1.7076e-10
  SCPH ITER    21 :  DIFF =      1.3764e-10
  SCPH ITER    22 :  DIFF =      1.1095e-10
  SCPH ITER    23 :  DIFF =      8.9436e-11
  DIFF < SCPH_TOL : break SCPH loop
 Temp = 0.0000e+00 : convergence achieved in    23 iterations.
  si222_scph.scph_dymat  : Anharmonic dynamical matrix (restart file)
  si222_scph.scph_dfc2   : Anharmonic corrections to the second-order IFCs (SCPH)

 Running postprocess of SCPH (calculation of free energy, MSD, DOS)
 The number of temperature points: 21  
     si222_scph.scph_bands  : SCPH band structure

 Job finished at Sun Jul 10 10:23:43 2022

