 +-----------------------------------------------------------------+
 +                         Program ANPHON                          +
 +                             Ver.  1.4.1                         +
 +-----------------------------------------------------------------+

 Job started at Sun Nov  6 07:15:13 2022

 The number of MPI processes: 1
 The number of OpenMP threads: 14


 Input variables:
 -----------------------------------------------------------------
 General:
  PREFIX = al222
  MODE = PHONONS
  FCSXML = al222_harm.xml

  NKD = 1; KD =   Al
  MASS =    26.9815
  NSYM = 0; TOLERANCE = 0.001; PRINTSYM = 0

  NONANALYTIC = 0

  TMIN = 0; TMAX = 1000; DT = 10
  EMIN = 0; EMAX = 1000; DELTA_E = 10

  ISMEAR = -1; EPSILON = 10

  CLASSICAL = 0
  BCONNECT = 0


 Kpoint:
  KPMODE (1st entry for &kpoint) = 1


 Analysis:
  PRINTVEL = 0
  PRINTVEC = 0
  PRINTXSF = 0

  GRUNEISEN = 0
  NEWFCS = 0


 -----------------------------------------------------------------

                      MODE = phonons                         
                                                             
      Phonon calculation within harmonic approximation       
      Harmonic force constants will be used.                 

 -----------------------------------------------------------------

 Crystal structure
 =================

 Lattice Vectors:

 * Supercell (from al222_harm.xml )

    1.526890e+01   0.000000e+00   0.000000e+00 : a1
    0.000000e+00   1.526890e+01   0.000000e+00 : a2
    0.000000e+00   0.000000e+00   1.526890e+01 : a3

    4.115022e-01   0.000000e+00   0.000000e+00 : b1
    0.000000e+00   4.115022e-01   0.000000e+00 : b2
    0.000000e+00   0.000000e+00   4.115022e-01 : b3

 * Primitive cell 

    0.000000e+00   3.817000e+00   3.817000e+00 : a1
    3.817000e+00   0.000000e+00   3.817000e+00 : a2
    3.817000e+00   3.817000e+00   0.000000e+00 : a3

   -8.230528e-01   8.230528e-01   8.230528e-01 : b1
    8.230528e-01  -8.230528e-01   8.230528e-01 : b2
    8.230528e-01   8.230528e-01  -8.230528e-01 : b3


  Volume of the primitive cell : 1.112235e+02 (a.u.)^3

  Number of atoms in the supercell     : 32
  Number of atoms in the primitive cell: 1

  Atomic positions in the primitive cell (fractional):
   1:   0.000000e+00   0.000000e+00   0.000000e+00  Al

  Mass of atomic species (u):
  Al:   26.981500


 Symmetry
 ========

  NSYM = 0 is given: Trying to find symmetry operations.
  Number of symmetry operations : 48

 k points
 ========

  KPMODE = 1: Band structure calculation
  Number of paths : 3

  List of k paths : 
   1:  G (  0.0000  0.0000  0.0000)  X (  0.5000  0.5000  0.0000)  51
   2:  X (  0.5000  0.5000  1.0000)  G (  0.0000  0.0000  0.0000)  51
   3:  G (  0.0000  0.0000  0.0000)  L (  0.5000  0.5000  0.5000)  51

  Number of k points : 153

 Force constant
 ==============

  Reading force constants from the XML file ... done !
  Number of non-zero IFCs for 2 order: 117

  Maximum deviation from the translational invariance: 
   Order 2 :   5.2042e-18


 Dynamical matrix
 ================

  NONANALYTIC = 0 : No non-analytic correction. 


 -----------------------------------------------------------------


 ISMEAR = -1: Tetrahedron method will be used.

 Now, move on to phonon calculations.

 Diagonalizing dynamical matrices for all k points ... done!

 -----------------------------------------------------------------

 Phonon frequencies below:

 # k point     1 : (  0.0000,  0.0000,  0.0000)
   Mode, Frequency 
      1      0.0000 cm^-1  (      0.0000 THz )
      2      0.0000 cm^-1  (      0.0000 THz )
      3      0.0000 cm^-1  (      0.0000 THz )

 # k point     2 : (  0.0100,  0.0100,  0.0000)
   Mode, Frequency 
      1      2.2678 cm^-1  (      0.0680 THz )
      2      2.2678 cm^-1  (      0.0680 THz )
      3      7.6226 cm^-1  (      0.2285 THz )

 # k point     3 : (  0.0200,  0.0200,  0.0000)
   Mode, Frequency 
      1      4.5334 cm^-1  (      0.1359 THz )
      2      4.5334 cm^-1  (      0.1359 THz )
      3     15.2376 cm^-1  (      0.4568 THz )

 # k point     4 : (  0.0300,  0.0300,  0.0000)
   Mode, Frequency 
      1      6.7945 cm^-1  (      0.2037 THz )
      2      6.7945 cm^-1  (      0.2037 THz )
      3     22.8376 cm^-1  (      0.6847 THz )

 # k point     5 : (  0.0400,  0.0400,  0.0000)
   Mode, Frequency 
      1      9.0490 cm^-1  (      0.2713 THz )
      2      9.0490 cm^-1  (      0.2713 THz )
      3     30.4150 cm^-1  (      0.9118 THz )

 # k point     6 : (  0.0500,  0.0500,  0.0000)
   Mode, Frequency 
      1     11.2944 cm^-1  (      0.3386 THz )
      2     11.2944 cm^-1  (      0.3386 THz )
      3     37.9625 cm^-1  (      1.1381 THz )

 # k point     7 : (  0.0600,  0.0600,  0.0000)
   Mode, Frequency 
      1     13.5288 cm^-1  (      0.4056 THz )
      2     13.5288 cm^-1  (      0.4056 THz )
      3     45.4724 cm^-1  (      1.3632 THz )

 # k point     8 : (  0.0700,  0.0700,  0.0000)
   Mode, Frequency 
      1     15.7497 cm^-1  (      0.4722 THz )
      2     15.7497 cm^-1  (      0.4722 THz )
      3     52.9375 cm^-1  (      1.5870 THz )

 # k point     9 : (  0.0800,  0.0800,  0.0000)
   Mode, Frequency 
      1     17.9552 cm^-1  (      0.5383 THz )
      2     17.9552 cm^-1  (      0.5383 THz )
      3     60.3504 cm^-1  (      1.8093 THz )

 # k point    10 : (  0.0900,  0.0900,  0.0000)
   Mode, Frequency 
      1     20.1429 cm^-1  (      0.6039 THz )
      2     20.1429 cm^-1  (      0.6039 THz )
      3     67.7036 cm^-1  (      2.0297 THz )

 # k point    11 : (  0.1000,  0.1000,  0.0000)
   Mode, Frequency 
      1     22.3107 cm^-1  (      0.6689 THz )
      2     22.3107 cm^-1  (      0.6689 THz )
      3     74.9901 cm^-1  (      2.2481 THz )

 # k point    12 : (  0.1100,  0.1100,  0.0000)
   Mode, Frequency 
      1     24.4565 cm^-1  (      0.7332 THz )
      2     24.4565 cm^-1  (      0.7332 THz )
      3     82.2025 cm^-1  (      2.4644 THz )

 # k point    13 : (  0.1200,  0.1200,  0.0000)
   Mode, Frequency 
      1     26.5782 cm^-1  (      0.7968 THz )
      2     26.5782 cm^-1  (      0.7968 THz )
      3     89.3338 cm^-1  (      2.6782 THz )

 # k point    14 : (  0.1300,  0.1300,  0.0000)
   Mode, Frequency 
      1     28.6737 cm^-1  (      0.8596 THz )
      2     28.6737 cm^-1  (      0.8596 THz )
      3     96.3769 cm^-1  (      2.8893 THz )

 # k point    15 : (  0.1400,  0.1400,  0.0000)
   Mode, Frequency 
      1     30.7408 cm^-1  (      0.9216 THz )
      2     30.7408 cm^-1  (      0.9216 THz )
      3    103.3249 cm^-1  (      3.0976 THz )

 # k point    16 : (  0.1500,  0.1500,  0.0000)
   Mode, Frequency 
      1     32.7776 cm^-1  (      0.9826 THz )
      2     32.7776 cm^-1  (      0.9826 THz )
      3    110.1710 cm^-1  (      3.3028 THz )

 # k point    17 : (  0.1600,  0.1600,  0.0000)
   Mode, Frequency 
      1     34.7820 cm^-1  (      1.0427 THz )
      2     34.7820 cm^-1  (      1.0427 THz )
      3    116.9082 cm^-1  (      3.5048 THz )

 # k point    18 : (  0.1700,  0.1700,  0.0000)
   Mode, Frequency 
      1     36.7522 cm^-1  (      1.1018 THz )
      2     36.7522 cm^-1  (      1.1018 THz )
      3    123.5301 cm^-1  (      3.7033 THz )

 # k point    19 : (  0.1800,  0.1800,  0.0000)
   Mode, Frequency 
      1     38.6860 cm^-1  (      1.1598 THz )
      2     38.6860 cm^-1  (      1.1598 THz )
      3    130.0301 cm^-1  (      3.8982 THz )

 # k point    20 : (  0.1900,  0.1900,  0.0000)
   Mode, Frequency 
      1     40.5817 cm^-1  (      1.2166 THz )
      2     40.5817 cm^-1  (      1.2166 THz )
      3    136.4017 cm^-1  (      4.0892 THz )

 # k point    21 : (  0.2000,  0.2000,  0.0000)
   Mode, Frequency 
      1     42.4373 cm^-1  (      1.2722 THz )
      2     42.4373 cm^-1  (      1.2722 THz )
      3    142.6387 cm^-1  (      4.2762 THz )

 # k point    22 : (  0.2100,  0.2100,  0.0000)
   Mode, Frequency 
      1     44.2510 cm^-1  (      1.3266 THz )
      2     44.2510 cm^-1  (      1.3266 THz )
      3    148.7350 cm^-1  (      4.4590 THz )

 # k point    23 : (  0.2200,  0.2200,  0.0000)
   Mode, Frequency 
      1     46.0210 cm^-1  (      1.3797 THz )
      2     46.0210 cm^-1  (      1.3797 THz )
      3    154.6844 cm^-1  (      4.6373 THz )

 # k point    24 : (  0.2300,  0.2300,  0.0000)
   Mode, Frequency 
      1     47.7457 cm^-1  (      1.4314 THz )
      2     47.7457 cm^-1  (      1.4314 THz )
      3    160.4811 cm^-1  (      4.8111 THz )

 # k point    25 : (  0.2400,  0.2400,  0.0000)
   Mode, Frequency 
      1     49.4232 cm^-1  (      1.4817 THz )
      2     49.4232 cm^-1  (      1.4817 THz )
      3    166.1195 cm^-1  (      4.9801 THz )

 # k point    26 : (  0.2500,  0.2500,  0.0000)
   Mode, Frequency 
      1     51.0519 cm^-1  (      1.5305 THz )
      2     51.0519 cm^-1  (      1.5305 THz )
      3    171.5939 cm^-1  (      5.1443 THz )

 # k point    27 : (  0.2600,  0.2600,  0.0000)
   Mode, Frequency 
      1     52.6302 cm^-1  (      1.5778 THz )
      2     52.6302 cm^-1  (      1.5778 THz )
      3    176.8989 cm^-1  (      5.3033 THz )

 # k point    28 : (  0.2700,  0.2700,  0.0000)
   Mode, Frequency 
      1     54.1566 cm^-1  (      1.6236 THz )
      2     54.1566 cm^-1  (      1.6236 THz )
      3    182.0293 cm^-1  (      5.4571 THz )

 # k point    29 : (  0.2800,  0.2800,  0.0000)
   Mode, Frequency 
      1     55.6295 cm^-1  (      1.6677 THz )
      2     55.6295 cm^-1  (      1.6677 THz )
      3    186.9801 cm^-1  (      5.6055 THz )

 # k point    30 : (  0.2900,  0.2900,  0.0000)
   Mode, Frequency 
      1     57.0476 cm^-1  (      1.7102 THz )
      2     57.0476 cm^-1  (      1.7102 THz )
      3    191.7463 cm^-1  (      5.7484 THz )

 # k point    31 : (  0.3000,  0.3000,  0.0000)
   Mode, Frequency 
      1     58.4093 cm^-1  (      1.7511 THz )
      2     58.4093 cm^-1  (      1.7511 THz )
      3    196.3233 cm^-1  (      5.8856 THz )

 # k point    32 : (  0.3100,  0.3100,  0.0000)
   Mode, Frequency 
      1     59.7133 cm^-1  (      1.7902 THz )
      2     59.7133 cm^-1  (      1.7902 THz )
      3    200.7065 cm^-1  (      6.0170 THz )

 # k point    33 : (  0.3200,  0.3200,  0.0000)
   Mode, Frequency 
      1     60.9585 cm^-1  (      1.8275 THz )
      2     60.9585 cm^-1  (      1.8275 THz )
      3    204.8916 cm^-1  (      6.1425 THz )

 # k point    34 : (  0.3300,  0.3300,  0.0000)
   Mode, Frequency 
      1     62.1434 cm^-1  (      1.8630 THz )
      2     62.1434 cm^-1  (      1.8630 THz )
      3    208.8745 cm^-1  (      6.2619 THz )

 # k point    35 : (  0.3400,  0.3400,  0.0000)
   Mode, Frequency 
      1     63.2671 cm^-1  (      1.8967 THz )
      2     63.2671 cm^-1  (      1.8967 THz )
      3    212.6512 cm^-1  (      6.3751 THz )

 # k point    36 : (  0.3500,  0.3500,  0.0000)
   Mode, Frequency 
      1     64.3283 cm^-1  (      1.9285 THz )
      2     64.3283 cm^-1  (      1.9285 THz )
      3    216.2180 cm^-1  (      6.4821 THz )

 # k point    37 : (  0.3600,  0.3600,  0.0000)
   Mode, Frequency 
      1     65.3260 cm^-1  (      1.9584 THz )
      2     65.3260 cm^-1  (      1.9584 THz )
      3    219.5714 cm^-1  (      6.5826 THz )

 # k point    38 : (  0.3700,  0.3700,  0.0000)
   Mode, Frequency 
      1     66.2592 cm^-1  (      1.9864 THz )
      2     66.2592 cm^-1  (      1.9864 THz )
      3    222.7082 cm^-1  (      6.6766 THz )

 # k point    39 : (  0.3800,  0.3800,  0.0000)
   Mode, Frequency 
      1     67.1270 cm^-1  (      2.0124 THz )
      2     67.1270 cm^-1  (      2.0124 THz )
      3    225.6251 cm^-1  (      6.7641 THz )

 # k point    40 : (  0.3900,  0.3900,  0.0000)
   Mode, Frequency 
      1     67.9286 cm^-1  (      2.0364 THz )
      2     67.9286 cm^-1  (      2.0364 THz )
      3    228.3193 cm^-1  (      6.8448 THz )

 # k point    41 : (  0.4000,  0.4000,  0.0000)
   Mode, Frequency 
      1     68.6631 cm^-1  (      2.0585 THz )
      2     68.6631 cm^-1  (      2.0585 THz )
      3    230.7881 cm^-1  (      6.9189 THz )

 # k point    42 : (  0.4100,  0.4100,  0.0000)
   Mode, Frequency 
      1     69.3299 cm^-1  (      2.0785 THz )
      2     69.3299 cm^-1  (      2.0785 THz )
      3    233.0292 cm^-1  (      6.9860 THz )

 # k point    43 : (  0.4200,  0.4200,  0.0000)
   Mode, Frequency 
      1     69.9282 cm^-1  (      2.0964 THz )
      2     69.9282 cm^-1  (      2.0964 THz )
      3    235.0403 cm^-1  (      7.0463 THz )

 # k point    44 : (  0.4300,  0.4300,  0.0000)
   Mode, Frequency 
      1     70.4575 cm^-1  (      2.1123 THz )
      2     70.4575 cm^-1  (      2.1123 THz )
      3    236.8193 cm^-1  (      7.0997 THz )

 # k point    45 : (  0.4400,  0.4400,  0.0000)
   Mode, Frequency 
      1     70.9173 cm^-1  (      2.1260 THz )
      2     70.9173 cm^-1  (      2.1260 THz )
      3    238.3647 cm^-1  (      7.1460 THz )

 # k point    46 : (  0.4500,  0.4500,  0.0000)
   Mode, Frequency 
      1     71.3070 cm^-1  (      2.1377 THz )
      2     71.3070 cm^-1  (      2.1377 THz )
      3    239.6748 cm^-1  (      7.1853 THz )

 # k point    47 : (  0.4600,  0.4600,  0.0000)
   Mode, Frequency 
      1     71.6264 cm^-1  (      2.1473 THz )
      2     71.6264 cm^-1  (      2.1473 THz )
      3    240.7483 cm^-1  (      7.2175 THz )

 # k point    48 : (  0.4700,  0.4700,  0.0000)
   Mode, Frequency 
      1     71.8751 cm^-1  (      2.1548 THz )
      2     71.8751 cm^-1  (      2.1548 THz )
      3    241.5842 cm^-1  (      7.2425 THz )

 # k point    49 : (  0.4800,  0.4800,  0.0000)
   Mode, Frequency 
      1     72.0529 cm^-1  (      2.1601 THz )
      2     72.0529 cm^-1  (      2.1601 THz )
      3    242.1817 cm^-1  (      7.2604 THz )

 # k point    50 : (  0.4900,  0.4900,  0.0000)
   Mode, Frequency 
      1     72.1595 cm^-1  (      2.1633 THz )
      2     72.1595 cm^-1  (      2.1633 THz )
      3    242.5401 cm^-1  (      7.2712 THz )

 # k point    51 : (  0.5000,  0.5000,  0.0000)
   Mode, Frequency 
      1     72.1949 cm^-1  (      2.1643 THz )
      2     72.1949 cm^-1  (      2.1643 THz )
      3    242.6591 cm^-1  (      7.2747 THz )

 # k point    52 : (  0.5000,  0.5000,  1.0000)
   Mode, Frequency 
      1     72.1949 cm^-1  (      2.1643 THz )
      2     72.1949 cm^-1  (      2.1643 THz )
      3    242.6591 cm^-1  (      7.2747 THz )

 # k point    53 : (  0.4900,  0.4900,  0.9800)
   Mode, Frequency 
      1     72.2658 cm^-1  (      2.1665 THz )
      2     72.8495 cm^-1  (      2.1840 THz )
      3    242.4422 cm^-1  (      7.2682 THz )

 # k point    54 : (  0.4800,  0.4800,  0.9600)
   Mode, Frequency 
      1     72.4774 cm^-1  (      2.1728 THz )
      2     74.7759 cm^-1  (      2.2417 THz )
      3    241.7896 cm^-1  (      7.2487 THz )

 # k point    55 : (  0.4700,  0.4700,  0.9400)
   Mode, Frequency 
      1     72.8239 cm^-1  (      2.1832 THz )
      2     77.8499 cm^-1  (      2.3339 THz )
      3    240.7038 cm^-1  (      7.2161 THz )

 # k point    56 : (  0.4600,  0.4600,  0.9200)
   Mode, Frequency 
      1     73.2959 cm^-1  (      2.1974 THz )
      2     81.8953 cm^-1  (      2.4552 THz )
      3    239.1892 cm^-1  (      7.1707 THz )

 # k point    57 : (  0.4500,  0.4500,  0.9000)
   Mode, Frequency 
      1     73.8808 cm^-1  (      2.2149 THz )
      2     86.7154 cm^-1  (      2.5997 THz )
      3    237.2516 cm^-1  (      7.1126 THz )

 # k point    58 : (  0.4400,  0.4400,  0.8800)
   Mode, Frequency 
      1     74.5633 cm^-1  (      2.2354 THz )
      2     92.1160 cm^-1  (      2.7616 THz )
      3    234.8986 cm^-1  (      7.0421 THz )

 # k point    59 : (  0.4300,  0.4300,  0.8600)
   Mode, Frequency 
      1     75.3256 cm^-1  (      2.2582 THz )
      2     97.9203 cm^-1  (      2.9356 THz )
      3    232.1392 cm^-1  (      6.9594 THz )

 # k point    60 : (  0.4200,  0.4200,  0.8400)
   Mode, Frequency 
      1     76.1485 cm^-1  (      2.2829 THz )
      2    103.9734 cm^-1  (      3.1170 THz )
      3    228.9843 cm^-1  (      6.8648 THz )

 # k point    61 : (  0.4100,  0.4100,  0.8200)
   Mode, Frequency 
      1     77.0117 cm^-1  (      2.3088 THz )
      2    110.1428 cm^-1  (      3.3020 THz )
      3    225.4462 cm^-1  (      6.7587 THz )

 # k point    62 : (  0.4000,  0.4000,  0.8000)
   Mode, Frequency 
      1     77.8940 cm^-1  (      2.3352 THz )
      2    116.3163 cm^-1  (      3.4871 THz )
      3    221.5385 cm^-1  (      6.6416 THz )

 # k point    63 : (  0.3900,  0.3900,  0.7800)
   Mode, Frequency 
      1     78.7743 cm^-1  (      2.3616 THz )
      2    122.3988 cm^-1  (      3.6694 THz )
      3    217.2764 cm^-1  (      6.5138 THz )

 # k point    64 : (  0.3800,  0.3800,  0.7600)
   Mode, Frequency 
      1     79.6314 cm^-1  (      2.3873 THz )
      2    128.3094 cm^-1  (      3.8466 THz )
      3    212.6765 cm^-1  (      6.3759 THz )

 # k point    65 : (  0.3700,  0.3700,  0.7400)
   Mode, Frequency 
      1     80.4450 cm^-1  (      2.4117 THz )
      2    133.9789 cm^-1  (      4.0166 THz )
      3    207.7567 cm^-1  (      6.2284 THz )

 # k point    66 : (  0.3600,  0.3600,  0.7200)
   Mode, Frequency 
      1     81.1951 cm^-1  (      2.4342 THz )
      2    139.3475 cm^-1  (      4.1775 THz )
      3    202.5358 cm^-1  (      6.0719 THz )

 # k point    67 : (  0.3500,  0.3500,  0.7000)
   Mode, Frequency 
      1     81.8631 cm^-1  (      2.4542 THz )
      2    144.3638 cm^-1  (      4.3279 THz )
      3    197.0342 cm^-1  (      5.9069 THz )

 # k point    68 : (  0.3400,  0.3400,  0.6800)
   Mode, Frequency 
      1     82.4312 cm^-1  (      2.4712 THz )
      2    148.9829 cm^-1  (      4.4664 THz )
      3    191.2731 cm^-1  (      5.7342 THz )

 # k point    69 : (  0.3300,  0.3300,  0.6600)
   Mode, Frequency 
      1     82.8829 cm^-1  (      2.4848 THz )
      2    153.1656 cm^-1  (      4.5918 THz )
      3    185.2746 cm^-1  (      5.5544 THz )

 # k point    70 : (  0.3200,  0.3200,  0.6400)
   Mode, Frequency 
      1     83.2030 cm^-1  (      2.4944 THz )
      2    156.8781 cm^-1  (      4.7031 THz )
      3    179.0618 cm^-1  (      5.3681 THz )

 # k point    71 : (  0.3100,  0.3100,  0.6200)
   Mode, Frequency 
      1     83.3777 cm^-1  (      2.4996 THz )
      2    160.0910 cm^-1  (      4.7994 THz )
      3    172.6586 cm^-1  (      5.1762 THz )

 # k point    72 : (  0.3000,  0.3000,  0.6000)
   Mode, Frequency 
      1     83.3945 cm^-1  (      2.5001 THz )
      2    162.7790 cm^-1  (      4.8800 THz )
      3    166.0894 cm^-1  (      4.9792 THz )

 # k point    73 : (  0.2900,  0.2900,  0.5800)
   Mode, Frequency 
      1     83.2423 cm^-1  (      2.4955 THz )
      2    159.3792 cm^-1  (      4.7781 THz )
      3    164.9209 cm^-1  (      4.9442 THz )

 # k point    74 : (  0.2800,  0.2800,  0.5600)
   Mode, Frequency 
      1     82.9113 cm^-1  (      2.4856 THz )
      2    152.5535 cm^-1  (      4.5734 THz )
      3    166.4988 cm^-1  (      4.9915 THz )

 # k point    75 : (  0.2700,  0.2700,  0.5400)
   Mode, Frequency 
      1     82.3932 cm^-1  (      2.4701 THz )
      2    145.6382 cm^-1  (      4.3661 THz )
      3    167.4985 cm^-1  (      5.0215 THz )

 # k point    76 : (  0.2600,  0.2600,  0.5200)
   Mode, Frequency 
      1     81.6809 cm^-1  (      2.4487 THz )
      2    138.6590 cm^-1  (      4.1569 THz )
      3    167.9089 cm^-1  (      5.0338 THz )

 # k point    77 : (  0.2500,  0.2500,  0.5000)
   Mode, Frequency 
      1     80.7689 cm^-1  (      2.4214 THz )
      2    131.6421 cm^-1  (      3.9465 THz )
      3    167.7221 cm^-1  (      5.0282 THz )

 # k point    78 : (  0.2400,  0.2400,  0.4800)
   Mode, Frequency 
      1     79.6528 cm^-1  (      2.3879 THz )
      2    124.6134 cm^-1  (      3.7358 THz )
      3    166.9332 cm^-1  (      5.0045 THz )

 # k point    79 : (  0.2300,  0.2300,  0.4600)
   Mode, Frequency 
      1     78.3296 cm^-1  (      2.3483 THz )
      2    117.5986 cm^-1  (      3.5255 THz )
      3    165.5405 cm^-1  (      4.9628 THz )

 # k point    80 : (  0.2200,  0.2200,  0.4400)
   Mode, Frequency 
      1     76.7974 cm^-1  (      2.3023 THz )
      2    110.6230 cm^-1  (      3.3164 THz )
      3    163.5448 cm^-1  (      4.9029 THz )

 # k point    81 : (  0.2100,  0.2100,  0.4200)
   Mode, Frequency 
      1     75.0557 cm^-1  (      2.2501 THz )
      2    103.7115 cm^-1  (      3.1092 THz )
      3    160.9500 cm^-1  (      4.8252 THz )

 # k point    82 : (  0.2000,  0.2000,  0.4000)
   Mode, Frequency 
      1     73.1051 cm^-1  (      2.1916 THz )
      2     96.8882 cm^-1  (      2.9046 THz )
      3    157.7627 cm^-1  (      4.7296 THz )

 # k point    83 : (  0.1900,  0.1900,  0.3800)
   Mode, Frequency 
      1     70.9474 cm^-1  (      2.1269 THz )
      2     90.1764 cm^-1  (      2.7034 THz )
      3    153.9920 cm^-1  (      4.6166 THz )

 # k point    84 : (  0.1800,  0.1800,  0.3600)
   Mode, Frequency 
      1     68.5855 cm^-1  (      2.0561 THz )
      2     83.5982 cm^-1  (      2.5062 THz )
      3    149.6498 cm^-1  (      4.4864 THz )

 # k point    85 : (  0.1700,  0.1700,  0.3400)
   Mode, Frequency 
      1     66.0235 cm^-1  (      1.9793 THz )
      2     77.1746 cm^-1  (      2.3136 THz )
      3    144.7502 cm^-1  (      4.3395 THz )

 # k point    86 : (  0.1600,  0.1600,  0.3200)
   Mode, Frequency 
      1     63.2663 cm^-1  (      1.8967 THz )
      2     70.9250 cm^-1  (      2.1263 THz )
      3    139.3099 cm^-1  (      4.1764 THz )

 # k point    87 : (  0.1500,  0.1500,  0.3000)
   Mode, Frequency 
      1     60.3200 cm^-1  (      1.8083 THz )
      2     64.8672 cm^-1  (      1.9447 THz )
      3    133.3479 cm^-1  (      3.9977 THz )

 # k point    88 : (  0.1400,  0.1400,  0.2800)
   Mode, Frequency 
      1     57.1916 cm^-1  (      1.7146 THz )
      2     59.0167 cm^-1  (      1.7693 THz )
      3    126.8854 cm^-1  (      3.8039 THz )

 # k point    89 : (  0.1300,  0.1300,  0.2600)
   Mode, Frequency 
      1     53.3870 cm^-1  (      1.6005 THz )
      2     53.8889 cm^-1  (      1.6155 THz )
      3    119.9456 cm^-1  (      3.5959 THz )

 # k point    90 : (  0.1200,  0.1200,  0.2400)
   Mode, Frequency 
      1     47.9889 cm^-1  (      1.4387 THz )
      2     50.4208 cm^-1  (      1.5116 THz )
      3    112.5539 cm^-1  (      3.3743 THz )

 # k point    91 : (  0.1100,  0.1100,  0.2200)
   Mode, Frequency 
      1     42.8300 cm^-1  (      1.2840 THz )
      2     46.7966 cm^-1  (      1.4029 THz )
      3    104.7375 cm^-1  (      3.1400 THz )

 # k point    92 : (  0.1000,  0.1000,  0.2000)
   Mode, Frequency 
      1     37.9146 cm^-1  (      1.1367 THz )
      2     43.0269 cm^-1  (      1.2899 THz )
      3     96.5253 cm^-1  (      2.8938 THz )

 # k point    93 : (  0.0900,  0.0900,  0.1800)
   Mode, Frequency 
      1     33.2435 cm^-1  (      0.9966 THz )
      2     39.1224 cm^-1  (      1.1729 THz )
      3     87.9479 cm^-1  (      2.6366 THz )

 # k point    94 : (  0.0800,  0.0800,  0.1600)
   Mode, Frequency 
      1     28.8128 cm^-1  (      0.8638 THz )
      2     35.0948 cm^-1  (      1.0521 THz )
      3     79.0373 cm^-1  (      2.3695 THz )

 # k point    95 : (  0.0700,  0.0700,  0.1400)
   Mode, Frequency 
      1     24.6144 cm^-1  (      0.7379 THz )
      2     30.9564 cm^-1  (      0.9280 THz )
      3     69.8272 cm^-1  (      2.0934 THz )

 # k point    96 : (  0.0600,  0.0600,  0.1200)
   Mode, Frequency 
      1     20.6352 cm^-1  (      0.6186 THz )
      2     26.7198 cm^-1  (      0.8010 THz )
      3     60.3521 cm^-1  (      1.8093 THz )

 # k point    97 : (  0.0500,  0.0500,  0.1000)
   Mode, Frequency 
      1     16.8569 cm^-1  (      0.5054 THz )
      2     22.3982 cm^-1  (      0.6715 THz )
      3     50.6479 cm^-1  (      1.5184 THz )

 # k point    98 : (  0.0400,  0.0400,  0.0800)
   Mode, Frequency 
      1     13.2562 cm^-1  (      0.3974 THz )
      2     18.0051 cm^-1  (      0.5398 THz )
      3     40.7513 cm^-1  (      1.2217 THz )

 # k point    99 : (  0.0300,  0.0300,  0.0600)
   Mode, Frequency 
      1      9.8048 cm^-1  (      0.2939 THz )
      2     13.5546 cm^-1  (      0.4064 THz )
      3     30.6998 cm^-1  (      0.9204 THz )

 # k point   100 : (  0.0200,  0.0200,  0.0400)
   Mode, Frequency 
      1      6.4697 cm^-1  (      0.1940 THz )
      2      9.0606 cm^-1  (      0.2716 THz )
      3     20.5316 cm^-1  (      0.6155 THz )

 # k point   101 : (  0.0100,  0.0100,  0.0200)
   Mode, Frequency 
      1      3.2145 cm^-1  (      0.0964 THz )
      2      4.5376 cm^-1  (      0.1360 THz )
      3     10.2854 cm^-1  (      0.3083 THz )

 # k point   102 : (  0.0000,  0.0000,  0.0000)
   Mode, Frequency 
      1      0.0000 cm^-1  (      0.0000 THz )
      2      0.0000 cm^-1  (      0.0000 THz )
      3      0.0000 cm^-1  (      0.0000 THz )

 # k point   103 : (  0.0000,  0.0000,  0.0000)
   Mode, Frequency 
      1      0.0000 cm^-1  (      0.0000 THz )
      2      0.0000 cm^-1  (      0.0000 THz )
      3      0.0000 cm^-1  (      0.0000 THz )

 # k point   104 : (  0.0100,  0.0100,  0.0100)
   Mode, Frequency 
      1      2.5371 cm^-1  (      0.0761 THz )
      2      2.5371 cm^-1  (      0.0761 THz )
      3      6.1982 cm^-1  (      0.1858 THz )

 # k point   105 : (  0.0200,  0.0200,  0.0200)
   Mode, Frequency 
      1      5.0717 cm^-1  (      0.1520 THz )
      2      5.0717 cm^-1  (      0.1520 THz )
      3     12.3904 cm^-1  (      0.3715 THz )

 # k point   106 : (  0.0300,  0.0300,  0.0300)
   Mode, Frequency 
      1      7.6013 cm^-1  (      0.2279 THz )
      2      7.6013 cm^-1  (      0.2279 THz )
      3     18.5703 cm^-1  (      0.5567 THz )

 # k point   107 : (  0.0400,  0.0400,  0.0400)
   Mode, Frequency 
      1     10.1234 cm^-1  (      0.3035 THz )
      2     10.1234 cm^-1  (      0.3035 THz )
      3     24.7318 cm^-1  (      0.7414 THz )

 # k point   108 : (  0.0500,  0.0500,  0.0500)
   Mode, Frequency 
      1     12.6356 cm^-1  (      0.3788 THz )
      2     12.6356 cm^-1  (      0.3788 THz )
      3     30.8690 cm^-1  (      0.9254 THz )

 # k point   109 : (  0.0600,  0.0600,  0.0600)
   Mode, Frequency 
      1     15.1352 cm^-1  (      0.4537 THz )
      2     15.1352 cm^-1  (      0.4537 THz )
      3     36.9757 cm^-1  (      1.1085 THz )

 # k point   110 : (  0.0700,  0.0700,  0.0700)
   Mode, Frequency 
      1     17.6199 cm^-1  (      0.5282 THz )
      2     17.6199 cm^-1  (      0.5282 THz )
      3     43.0459 cm^-1  (      1.2905 THz )

 # k point   111 : (  0.0800,  0.0800,  0.0800)
   Mode, Frequency 
      1     20.0872 cm^-1  (      0.6022 THz )
      2     20.0872 cm^-1  (      0.6022 THz )
      3     49.0736 cm^-1  (      1.4712 THz )

 # k point   112 : (  0.0900,  0.0900,  0.0900)
   Mode, Frequency 
      1     22.5347 cm^-1  (      0.6756 THz )
      2     22.5347 cm^-1  (      0.6756 THz )
      3     55.0528 cm^-1  (      1.6504 THz )

 # k point   113 : (  0.1000,  0.1000,  0.1000)
   Mode, Frequency 
      1     24.9599 cm^-1  (      0.7483 THz )
      2     24.9599 cm^-1  (      0.7483 THz )
      3     60.9778 cm^-1  (      1.8281 THz )

 # k point   114 : (  0.1100,  0.1100,  0.1100)
   Mode, Frequency 
      1     27.3605 cm^-1  (      0.8202 THz )
      2     27.3605 cm^-1  (      0.8202 THz )
      3     66.8425 cm^-1  (      2.0039 THz )

 # k point   115 : (  0.1200,  0.1200,  0.1200)
   Mode, Frequency 
      1     29.7341 cm^-1  (      0.8914 THz )
      2     29.7341 cm^-1  (      0.8914 THz )
      3     72.6413 cm^-1  (      2.1777 THz )

 # k point   116 : (  0.1300,  0.1300,  0.1300)
   Mode, Frequency 
      1     32.0784 cm^-1  (      0.9617 THz )
      2     32.0784 cm^-1  (      0.9617 THz )
      3     78.3684 cm^-1  (      2.3494 THz )

 # k point   117 : (  0.1400,  0.1400,  0.1400)
   Mode, Frequency 
      1     34.3910 cm^-1  (      1.0310 THz )
      2     34.3910 cm^-1  (      1.0310 THz )
      3     84.0181 cm^-1  (      2.5188 THz )

 # k point   118 : (  0.1500,  0.1500,  0.1500)
   Mode, Frequency 
      1     36.6697 cm^-1  (      1.0993 THz )
      2     36.6697 cm^-1  (      1.0993 THz )
      3     89.5849 cm^-1  (      2.6857 THz )

 # k point   119 : (  0.1600,  0.1600,  0.1600)
   Mode, Frequency 
      1     38.9121 cm^-1  (      1.1666 THz )
      2     38.9121 cm^-1  (      1.1666 THz )
      3     95.0633 cm^-1  (      2.8499 THz )

 # k point   120 : (  0.1700,  0.1700,  0.1700)
   Mode, Frequency 
      1     41.1162 cm^-1  (      1.2326 THz )
      2     41.1162 cm^-1  (      1.2326 THz )
      3    100.4479 cm^-1  (      3.0114 THz )

 # k point   121 : (  0.1800,  0.1800,  0.1800)
   Mode, Frequency 
      1     43.2796 cm^-1  (      1.2975 THz )
      2     43.2796 cm^-1  (      1.2975 THz )
      3    105.7333 cm^-1  (      3.1698 THz )

 # k point   122 : (  0.1900,  0.1900,  0.1900)
   Mode, Frequency 
      1     45.4004 cm^-1  (      1.3611 THz )
      2     45.4004 cm^-1  (      1.3611 THz )
      3    110.9143 cm^-1  (      3.3251 THz )

 # k point   123 : (  0.2000,  0.2000,  0.2000)
   Mode, Frequency 
      1     47.4763 cm^-1  (      1.4233 THz )
      2     47.4763 cm^-1  (      1.4233 THz )
      3    115.9859 cm^-1  (      3.4772 THz )

 # k point   124 : (  0.2100,  0.2100,  0.2100)
   Mode, Frequency 
      1     49.5054 cm^-1  (      1.4841 THz )
      2     49.5054 cm^-1  (      1.4841 THz )
      3    120.9430 cm^-1  (      3.6258 THz )

 # k point   125 : (  0.2200,  0.2200,  0.2200)
   Mode, Frequency 
      1     51.4856 cm^-1  (      1.5435 THz )
      2     51.4856 cm^-1  (      1.5435 THz )
      3    125.7808 cm^-1  (      3.7708 THz )

 # k point   126 : (  0.2300,  0.2300,  0.2300)
   Mode, Frequency 
      1     53.4151 cm^-1  (      1.6013 THz )
      2     53.4151 cm^-1  (      1.6013 THz )
      3    130.4944 cm^-1  (      3.9121 THz )

 # k point   127 : (  0.2400,  0.2400,  0.2400)
   Mode, Frequency 
      1     55.2917 cm^-1  (      1.6576 THz )
      2     55.2917 cm^-1  (      1.6576 THz )
      3    135.0792 cm^-1  (      4.0496 THz )

 # k point   128 : (  0.2500,  0.2500,  0.2500)
   Mode, Frequency 
      1     57.1139 cm^-1  (      1.7122 THz )
      2     57.1139 cm^-1  (      1.7122 THz )
      3    139.5306 cm^-1  (      4.1830 THz )

 # k point   129 : (  0.2600,  0.2600,  0.2600)
   Mode, Frequency 
      1     58.8796 cm^-1  (      1.7652 THz )
      2     58.8796 cm^-1  (      1.7652 THz )
      3    143.8444 cm^-1  (      4.3123 THz )

 # k point   130 : (  0.2700,  0.2700,  0.2700)
   Mode, Frequency 
      1     60.5872 cm^-1  (      1.8164 THz )
      2     60.5872 cm^-1  (      1.8164 THz )
      3    148.0162 cm^-1  (      4.4374 THz )

 # k point   131 : (  0.2800,  0.2800,  0.2800)
   Mode, Frequency 
      1     62.2351 cm^-1  (      1.8658 THz )
      2     62.2351 cm^-1  (      1.8658 THz )
      3    152.0419 cm^-1  (      4.5581 THz )

 # k point   132 : (  0.2900,  0.2900,  0.2900)
   Mode, Frequency 
      1     63.8215 cm^-1  (      1.9133 THz )
      2     63.8215 cm^-1  (      1.9133 THz )
      3    155.9175 cm^-1  (      4.6743 THz )

 # k point   133 : (  0.3000,  0.3000,  0.3000)
   Mode, Frequency 
      1     65.3449 cm^-1  (      1.9590 THz )
      2     65.3449 cm^-1  (      1.9590 THz )
      3    159.6392 cm^-1  (      4.7859 THz )

 # k point   134 : (  0.3100,  0.3100,  0.3100)
   Mode, Frequency 
      1     66.8038 cm^-1  (      2.0027 THz )
      2     66.8038 cm^-1  (      2.0027 THz )
      3    163.2034 cm^-1  (      4.8927 THz )

 # k point   135 : (  0.3200,  0.3200,  0.3200)
   Mode, Frequency 
      1     68.1968 cm^-1  (      2.0445 THz )
      2     68.1968 cm^-1  (      2.0445 THz )
      3    166.6065 cm^-1  (      4.9947 THz )

 # k point   136 : (  0.3300,  0.3300,  0.3300)
   Mode, Frequency 
      1     69.5224 cm^-1  (      2.0842 THz )
      2     69.5224 cm^-1  (      2.0842 THz )
      3    169.8452 cm^-1  (      5.0918 THz )

 # k point   137 : (  0.3400,  0.3400,  0.3400)
   Mode, Frequency 
      1     70.7795 cm^-1  (      2.1219 THz )
      2     70.7795 cm^-1  (      2.1219 THz )
      3    172.9162 cm^-1  (      5.1839 THz )

 # k point   138 : (  0.3500,  0.3500,  0.3500)
   Mode, Frequency 
      1     71.9667 cm^-1  (      2.1575 THz )
      2     71.9667 cm^-1  (      2.1575 THz )
      3    175.8165 cm^-1  (      5.2708 THz )

 # k point   139 : (  0.3600,  0.3600,  0.3600)
   Mode, Frequency 
      1     73.0829 cm^-1  (      2.1910 THz )
      2     73.0829 cm^-1  (      2.1910 THz )
      3    178.5434 cm^-1  (      5.3526 THz )

 # k point   140 : (  0.3700,  0.3700,  0.3700)
   Mode, Frequency 
      1     74.1269 cm^-1  (      2.2223 THz )
      2     74.1269 cm^-1  (      2.2223 THz )
      3    181.0939 cm^-1  (      5.4291 THz )

 # k point   141 : (  0.3800,  0.3800,  0.3800)
   Mode, Frequency 
      1     75.0978 cm^-1  (      2.2514 THz )
      2     75.0978 cm^-1  (      2.2514 THz )
      3    183.4658 cm^-1  (      5.5002 THz )

 # k point   142 : (  0.3900,  0.3900,  0.3900)
   Mode, Frequency 
      1     75.9945 cm^-1  (      2.2783 THz )
      2     75.9945 cm^-1  (      2.2783 THz )
      3    185.6566 cm^-1  (      5.5658 THz )

 # k point   143 : (  0.4000,  0.4000,  0.4000)
   Mode, Frequency 
      1     76.8163 cm^-1  (      2.3029 THz )
      2     76.8163 cm^-1  (      2.3029 THz )
      3    187.6641 cm^-1  (      5.6260 THz )

 # k point   144 : (  0.4100,  0.4100,  0.4100)
   Mode, Frequency 
      1     77.5622 cm^-1  (      2.3253 THz )
      2     77.5622 cm^-1  (      2.3253 THz )
      3    189.4864 cm^-1  (      5.6807 THz )

 # k point   145 : (  0.4200,  0.4200,  0.4200)
   Mode, Frequency 
      1     78.2316 cm^-1  (      2.3453 THz )
      2     78.2316 cm^-1  (      2.3453 THz )
      3    191.1217 cm^-1  (      5.7297 THz )

 # k point   146 : (  0.4300,  0.4300,  0.4300)
   Mode, Frequency 
      1     78.8237 cm^-1  (      2.3631 THz )
      2     78.8237 cm^-1  (      2.3631 THz )
      3    192.5684 cm^-1  (      5.7731 THz )

 # k point   147 : (  0.4400,  0.4400,  0.4400)
   Mode, Frequency 
      1     79.3381 cm^-1  (      2.3785 THz )
      2     79.3381 cm^-1  (      2.3785 THz )
      3    193.8250 cm^-1  (      5.8107 THz )

 # k point   148 : (  0.4500,  0.4500,  0.4500)
   Mode, Frequency 
      1     79.7741 cm^-1  (      2.3916 THz )
      2     79.7741 cm^-1  (      2.3916 THz )
      3    194.8903 cm^-1  (      5.8427 THz )

 # k point   149 : (  0.4600,  0.4600,  0.4600)
   Mode, Frequency 
      1     80.1314 cm^-1  (      2.4023 THz )
      2     80.1314 cm^-1  (      2.4023 THz )
      3    195.7632 cm^-1  (      5.8688 THz )

 # k point   150 : (  0.4700,  0.4700,  0.4700)
   Mode, Frequency 
      1     80.4097 cm^-1  (      2.4106 THz )
      2     80.4097 cm^-1  (      2.4106 THz )
      3    196.4429 cm^-1  (      5.8892 THz )

 # k point   151 : (  0.4800,  0.4800,  0.4800)
   Mode, Frequency 
      1     80.6085 cm^-1  (      2.4166 THz )
      2     80.6085 cm^-1  (      2.4166 THz )
      3    196.9287 cm^-1  (      5.9038 THz )

 # k point   152 : (  0.4900,  0.4900,  0.4900)
   Mode, Frequency 
      1     80.7278 cm^-1  (      2.4202 THz )
      2     80.7278 cm^-1  (      2.4202 THz )
      3    197.2202 cm^-1  (      5.9125 THz )

 # k point   153 : (  0.5000,  0.5000,  0.5000)
   Mode, Frequency 
      1     80.7674 cm^-1  (      2.4213 THz )
      2     80.7674 cm^-1  (      2.4213 THz )
      3    197.3170 cm^-1  (      5.9154 THz )


 -----------------------------------------------------------------

 The following files are created: 
  al222.bands       : Phonon band structure

 Job finished at Sun Nov  6 07:15:13 2022

