 Fermi distribution function

Calculation with static geometry


********************************************************************************
 iSCC Total electronic   Diff electronic      SCC error    
   75   -0.10923136E+03    0.23746338E-10    0.99974296E-05
********************************************************************************

 Total charge:    -0.00000000

 Atomic gross charges (e)
 Atom           Charge
    1       0.00563140
    2      -0.00505299
    3      -0.00388969
    4       0.00065250
    5       0.00299121
    6      -0.00817226
    7       0.00148445
    8      -0.00416273
    9       0.01037721
   10      -0.00828294
   11      -0.00365014
   12       0.00503293
   13      -0.01025042
   14       0.00802035
   15       0.00505834
   16       0.00266013
   17      -0.00313243
   18       0.01719946
   19       0.00241541
   20       0.00431517
   21       0.00186285
   22      -0.00251582
   23       0.00802778
   24      -0.00425889
   25      -0.00177759
   26       0.00682088
   27      -0.00571626
   28      -0.00205289
   29       0.00601787
   30       0.00595080
   31       0.01170334
   32       0.00810349
   33       0.00703913
   34      -0.00334086
   35       0.00682418
   36      -0.00096715
   37       0.00136587
   38       0.00170020
   39      -0.00342032
   40       0.00455547
   41       0.00230135
   42      -0.00409500
   43      -0.00571788
   44       0.00433570
   45       0.00752684
   46      -0.00701583
   47      -0.01116055
   48       0.00043127
   49      -0.00006686
   50      -0.00767456
   51       0.00363266
   52      -0.00880866
   53      -0.01065035
   54      -0.00375730
   55       0.00500106
   56      -0.00386142
   57      -0.00749228
   58       0.01057279
   59       0.00409597
   60      -0.00879516
   61      -0.01162618
   62      -0.00602401
   63      -0.00251735
   64      -0.00380129

Nr. of electrons (up):    256.00000000
Atom populations (up)
 Atom       Population
    1       3.99436860
    2       4.00505299
    3       4.00388969
    4       3.99934750
    5       3.99700879
    6       4.00817226
    7       3.99851555
    8       4.00416273
    9       3.98962279
   10       4.00828294
   11       4.00365014
   12       3.99496707
   13       4.01025042
   14       3.99197965
   15       3.99494166
   16       3.99733987
   17       4.00313243
   18       3.98280054
   19       3.99758459
   20       3.99568483
   21       3.99813715
   22       4.00251582
   23       3.99197222
   24       4.00425889
   25       4.00177759
   26       3.99317912
   27       4.00571626
   28       4.00205289
   29       3.99398213
   30       3.99404920
   31       3.98829666
   32       3.99189651
   33       3.99296087
   34       4.00334086
   35       3.99317582
   36       4.00096715
   37       3.99863413
   38       3.99829980
   39       4.00342032
   40       3.99544453
   41       3.99769865
   42       4.00409500
   43       4.00571788
   44       3.99566430
   45       3.99247316
   46       4.00701583
   47       4.01116055
   48       3.99956873
   49       4.00006686
   50       4.00767456
   51       3.99636734
   52       4.00880866
   53       4.01065035
   54       4.00375730
   55       3.99499894
   56       4.00386142
   57       4.00749228
   58       3.98942721
   59       3.99590403
   60       4.00879516
   61       4.01162618
   62       4.00602401
   63       4.00251735
   64       4.00380129

l-shell populations (up)
 Atom Sh.   l       Population
    1   1   0       1.45634431
    1   2   1       2.46452240
    1   3   2       0.07350189
    2   1   0       1.44876971
    2   2   1       2.48228479
    2   3   2       0.07399849
    3   1   0       1.45730873
    3   2   1       2.47483309
    3   3   2       0.07174787
    4   1   0       1.44891956
    4   2   1       2.47107026
    4   3   2       0.07935767
    5   1   0       1.45177132
    5   2   1       2.47206222
    5   3   2       0.07317526
    6   1   0       1.45366698
    6   2   1       2.47825395
    6   3   2       0.07625134
    7   1   0       1.45517521
    7   2   1       2.47163391
    7   3   2       0.07170643
    8   1   0       1.44814350
    8   2   1       2.48138489
    8   3   2       0.07463435
    9   1   0       1.45160480
    9   2   1       2.46104549
    9   3   2       0.07697250
   10   1   0       1.44470944
   10   2   1       2.48978836
   10   3   2       0.07378514
   11   1   0       1.45709168
   11   2   1       2.47418988
   11   3   2       0.07236858
   12   1   0       1.45742628
   12   2   1       2.47096392
   12   3   2       0.06657687
   13   1   0       1.43675523
   13   2   1       2.49614614
   13   3   2       0.07734904
   14   1   0       1.46777289
   14   2   1       2.45931529
   14   3   2       0.06489146
   15   1   0       1.45701507
   15   2   1       2.46489463
   15   3   2       0.07303195
   16   1   0       1.44925244
   16   2   1       2.47312203
   16   3   2       0.07496541
   17   1   0       1.44679538
   17   2   1       2.48400762
   17   3   2       0.07232943
   18   1   0       1.46151108
   18   2   1       2.44876869
   18   3   2       0.07252077
   19   1   0       1.44984339
   19   2   1       2.47869354
   19   3   2       0.06904765
   20   1   0       1.45858470
   20   2   1       2.46601660
   20   3   2       0.07108352
   21   1   0       1.45170805
   21   2   1       2.47606589
   21   3   2       0.07036320
   22   1   0       1.43868955
   22   2   1       2.48041150
   22   3   2       0.08341478
   23   1   0       1.45706724
   23   2   1       2.47011245
   23   3   2       0.06479253
   24   1   0       1.45161069
   24   2   1       2.47287114
   24   3   2       0.07977706
   25   1   0       1.44994697
   25   2   1       2.47750920
   25   3   2       0.07432142
   26   1   0       1.45428172
   26   2   1       2.46931319
   26   3   2       0.06958421
   27   1   0       1.43861574
   27   2   1       2.49007741
   27   3   2       0.07702311
   28   1   0       1.45184806
   28   2   1       2.47879013
   28   3   2       0.07141469
   29   1   0       1.46108983
   29   2   1       2.45915378
   29   3   2       0.07373852
   30   1   0       1.45176122
   30   2   1       2.46951789
   30   3   2       0.07277009
   31   1   0       1.45079334
   31   2   1       2.46143027
   31   3   2       0.07607304
   32   1   0       1.46188251
   32   2   1       2.45770434
   32   3   2       0.07230965
   33   1   0       1.44970048
   33   2   1       2.47089166
   33   3   2       0.07236873
   34   1   0       1.45021466
   34   2   1       2.47987262
   34   3   2       0.07325359
   35   1   0       1.46219975
   35   2   1       2.46418923
   35   3   2       0.06678684
   36   1   0       1.44639694
   36   2   1       2.47784947
   36   3   2       0.07672073
   37   1   0       1.45808737
   37   2   1       2.47554313
   37   3   2       0.06500363
   38   1   0       1.45959532
   38   2   1       2.46520797
   38   3   2       0.07349651
   39   1   0       1.45118310
   39   2   1       2.47819745
   39   3   2       0.07403976
   40   1   0       1.45878882
   40   2   1       2.46924999
   40   3   2       0.06740573
   41   1   0       1.45327958
   41   2   1       2.46980895
   41   3   2       0.07461013
   42   1   0       1.45409876
   42   2   1       2.48314672
   42   3   2       0.06684952
   43   1   0       1.45308638
   43   2   1       2.47735558
   43   3   2       0.07527592
   44   1   0       1.45874696
   44   2   1       2.46660441
   44   3   2       0.07031294
   45   1   0       1.46141197
   45   2   1       2.45934379
   45   3   2       0.07171740
   46   1   0       1.44500998
   46   2   1       2.47965133
   46   3   2       0.08235452
   47   1   0       1.44614709
   47   2   1       2.49077095
   47   3   2       0.07424251
   48   1   0       1.44086733
   48   2   1       2.47908326
   48   3   2       0.07961814
   49   1   0       1.45051842
   49   2   1       2.47434680
   49   3   2       0.07520165
   50   1   0       1.44035863
   50   2   1       2.48899457
   50   3   2       0.07832136
   51   1   0       1.45718108
   51   2   1       2.46161328
   51   3   2       0.07757299
   52   1   0       1.45727765
   52   2   1       2.48113921
   52   3   2       0.07039179
   53   1   0       1.44097694
   53   2   1       2.48769278
   53   3   2       0.08198063
   54   1   0       1.45271640
   54   2   1       2.47997652
   54   3   2       0.07106438
   55   1   0       1.46446285
   55   2   1       2.46493305
   55   3   2       0.06560304
   56   1   0       1.46423661
   56   2   1       2.47418998
   56   3   2       0.06543483
   57   1   0       1.45449617
   57   2   1       2.48206740
   57   3   2       0.07092871
   58   1   0       1.46720850
   58   2   1       2.45425146
   58   3   2       0.06796724
   59   1   0       1.45881728
   59   2   1       2.46421693
   59   3   2       0.07286982
   60   1   0       1.45472142
   60   2   1       2.48341400
   60   3   2       0.07065975
   61   1   0       1.45425951
   61   2   1       2.48704326
   61   3   2       0.07032340
   62   1   0       1.44667555
   62   2   1       2.48421103
   62   3   2       0.07513743
   63   1   0       1.45375898
   63   2   1       2.47458788
   63   3   2       0.07417049
   64   1   0       1.45555576
   64   2   1       2.47987708
   64   3   2       0.06836846

Orbital populations (up)
 Atom Sh.   l   m       Population  Label
    1   1   0   0       1.45634431  s
    1   2   1  -1       0.82164262  p_y
    1   2   1   0       0.82272101  p_z
    1   2   1   1       0.82015877  p_x
    1   3   2  -2      -0.01347976  d_xy
    1   3   2  -1       0.03270608  d_yz
    1   3   2   0       0.03287800  d_z2
    1   3   2   1      -0.01398041  d_xz
    1   3   2   2       0.03537798  d_x2-y2
    2   1   0   0       1.44876971  s
    2   2   1  -1       0.83045268  p_y
    2   2   1   0       0.82595877  p_z
    2   2   1   1       0.82587334  p_x
    2   3   2  -2      -0.01442498  d_xy
    2   3   2  -1       0.03447566  d_yz
    2   3   2   0       0.03565985  d_z2
    2   3   2   1      -0.01397137  d_xz
    2   3   2   2       0.03225933  d_x2-y2
    3   1   0   0       1.45730873  s
    3   2   1  -1       0.82493007  p_y
    3   2   1   0       0.82613355  p_z
    3   2   1   1       0.82376947  p_x
    3   3   2  -2      -0.01314884  d_xy
    3   3   2  -1       0.03223774  d_yz
    3   3   2   0       0.03270529  d_z2
    3   3   2   1      -0.01377931  d_xz
    3   3   2   2       0.03373299  d_x2-y2
    4   1   0   0       1.44891956  s
    4   2   1  -1       0.82219194  p_y
    4   2   1   0       0.82544059  p_z
    4   2   1   1       0.82343773  p_x
    4   3   2  -2      -0.01373490  d_xy
    4   3   2  -1       0.03657293  d_yz
    4   3   2   0       0.03397661  d_z2
    4   3   2   1      -0.01371255  d_xz
    4   3   2   2       0.03625558  d_x2-y2
    5   1   0   0       1.45177132  s
    5   2   1  -1       0.82272050  p_y
    5   2   1   0       0.82603125  p_z
    5   2   1   1       0.82331047  p_x
    5   3   2  -2      -0.01350663  d_xy
    5   3   2  -1       0.03568581  d_yz
    5   3   2   0       0.03234721  d_z2
    5   3   2   1      -0.01456687  d_xz
    5   3   2   2       0.03321574  d_x2-y2
    6   1   0   0       1.45366698  s
    6   2   1  -1       0.82832728  p_y
    6   2   1   0       0.82370482  p_z
    6   2   1   1       0.82622184  p_x
    6   3   2  -2      -0.01359584  d_xy
    6   3   2  -1       0.03403854  d_yz
    6   3   2   0       0.03459636  d_z2
    6   3   2   1      -0.01308601  d_xz
    6   3   2   2       0.03429828  d_x2-y2
    7   1   0   0       1.45517521  s
    7   2   1  -1       0.82325422  p_y
    7   2   1   0       0.82461585  p_z
    7   2   1   1       0.82376384  p_x
    7   3   2  -2      -0.01377906  d_xy
    7   3   2  -1       0.03334847  d_yz
    7   3   2   0       0.03310123  d_z2
    7   3   2   1      -0.01421471  d_xz
    7   3   2   2       0.03325050  d_x2-y2
    8   1   0   0       1.44814350  s
    8   2   1  -1       0.82749923  p_y
    8   2   1   0       0.82838605  p_z
    8   2   1   1       0.82549961  p_x
    8   3   2  -2      -0.01416636  d_xy
    8   3   2  -1       0.03337151  d_yz
    8   3   2   0       0.03536988  d_z2
    8   3   2   1      -0.01410544  d_xz
    8   3   2   2       0.03416476  d_x2-y2
    9   1   0   0       1.45160480  s
    9   2   1  -1       0.81924416  p_y
    9   2   1   0       0.82210035  p_z
    9   2   1   1       0.81970098  p_x
    9   3   2  -2      -0.01389506  d_xy
    9   3   2  -1       0.03612492  d_yz
    9   3   2   0       0.03496653  d_z2
    9   3   2   1      -0.01384264  d_xz
    9   3   2   2       0.03361876  d_x2-y2
   10   1   0   0       1.44470944  s
   10   2   1  -1       0.82957010  p_y
   10   2   1   0       0.82960425  p_z
   10   2   1   1       0.83061401  p_x
   10   3   2  -2      -0.01428846  d_xy
   10   3   2  -1       0.03674261  d_yz
   10   3   2   0       0.03526116  d_z2
   10   3   2   1      -0.01460867  d_xz
   10   3   2   2       0.03067850  d_x2-y2
   11   1   0   0       1.45709168  s
   11   2   1  -1       0.82607620  p_y
   11   2   1   0       0.81999870  p_z
   11   2   1   1       0.82811498  p_x
   11   3   2  -2      -0.01421805  d_xy
   11   3   2  -1       0.03225372  d_yz
   11   3   2   0       0.03228993  d_z2
   11   3   2   1      -0.01277041  d_xz
   11   3   2   2       0.03481339  d_x2-y2
   12   1   0   0       1.45742628  s
   12   2   1  -1       0.82134682  p_y
   12   2   1   0       0.82569486  p_z
   12   2   1   1       0.82392225  p_x
   12   3   2  -2      -0.01385369  d_xy
   12   3   2  -1       0.03242059  d_yz
   12   3   2   0       0.03063962  d_z2
   12   3   2   1      -0.01458834  d_xz
   12   3   2   2       0.03195869  d_x2-y2
   13   1   0   0       1.43675523  s
   13   2   1  -1       0.83031694  p_y
   13   2   1   0       0.83391126  p_z
   13   2   1   1       0.83191795  p_x
   13   3   2  -2      -0.01471303  d_xy
   13   3   2  -1       0.03473465  d_yz
   13   3   2   0       0.03624479  d_z2
   13   3   2   1      -0.01471534  d_xz
   13   3   2   2       0.03579797  d_x2-y2
   14   1   0   0       1.46777289  s
   14   2   1  -1       0.82028914  p_y
   14   2   1   0       0.81721920  p_z
   14   2   1   1       0.82180695  p_x
   14   3   2  -2      -0.01388861  d_xy
   14   3   2  -1       0.03152228  d_yz
   14   3   2   0       0.02867749  d_z2
   14   3   2   1      -0.01366660  d_xz
   14   3   2   2       0.03224689  d_x2-y2
   15   1   0   0       1.45701507  s
   15   2   1  -1       0.82336385  p_y
   15   2   1   0       0.82022291  p_z
   15   2   1   1       0.82130788  p_x
   15   3   2  -2      -0.01363027  d_xy
   15   3   2  -1       0.03153421  d_yz
   15   3   2   0       0.03466546  d_z2
   15   3   2   1      -0.01323888  d_xz
   15   3   2   2       0.03370142  d_x2-y2
   16   1   0   0       1.44925244  s
   16   2   1  -1       0.82364271  p_y
   16   2   1   0       0.82511951  p_z
   16   2   1   1       0.82435981  p_x
   16   3   2  -2      -0.01397201  d_xy
   16   3   2  -1       0.03248488  d_yz
   16   3   2   0       0.03627140  d_z2
   16   3   2   1      -0.01426614  d_xz
   16   3   2   2       0.03444727  d_x2-y2
   17   1   0   0       1.44679538  s
   17   2   1  -1       0.82816179  p_y
   17   2   1   0       0.82601963  p_z
   17   2   1   1       0.82982620  p_x
   17   3   2  -2      -0.01444696  d_xy
   17   3   2  -1       0.03511094  d_yz
   17   3   2   0       0.03246630  d_z2
   17   3   2   1      -0.01435324  d_xz
   17   3   2   2       0.03355239  d_x2-y2
   18   1   0   0       1.46151108  s
   18   2   1  -1       0.81628259  p_y
   18   2   1   0       0.81589623  p_z
   18   2   1   1       0.81658987  p_x
   18   3   2  -2      -0.01402713  d_xy
   18   3   2  -1       0.03283651  d_yz
   18   3   2   0       0.03305178  d_z2
   18   3   2   1      -0.01318245  d_xz
   18   3   2   2       0.03384206  d_x2-y2
   19   1   0   0       1.44984339  s
   19   2   1  -1       0.82342191  p_y
   19   2   1   0       0.82707599  p_z
   19   2   1   1       0.82819564  p_x
   19   3   2  -2      -0.01470741  d_xy
   19   3   2  -1       0.03246469  d_yz
   19   3   2   0       0.03348509  d_z2
   19   3   2   1      -0.01502794  d_xz
   19   3   2   2       0.03283321  d_x2-y2
   20   1   0   0       1.45858470  s
   20   2   1  -1       0.82310159  p_y
   20   2   1   0       0.81710535  p_z
   20   2   1   1       0.82580967  p_x
   20   3   2  -2      -0.01428125  d_xy
   20   3   2  -1       0.03257490  d_yz
   20   3   2   0       0.03093100  d_z2
   20   3   2   1      -0.01320565  d_xz
   20   3   2   2       0.03506453  d_x2-y2
   21   1   0   0       1.45170805  s
   21   2   1  -1       0.82196855  p_y
   21   2   1   0       0.82488732  p_z
   21   2   1   1       0.82921002  p_x
   21   3   2  -2      -0.01431117  d_xy
   21   3   2  -1       0.03549039  d_yz
   21   3   2   0       0.03166333  d_z2
   21   3   2   1      -0.01445983  d_xz
   21   3   2   2       0.03198049  d_x2-y2
   22   1   0   0       1.43868955  s
   22   2   1  -1       0.82548133  p_y
   22   2   1   0       0.82756388  p_z
   22   2   1   1       0.82736628  p_x
   22   3   2  -2      -0.01409377  d_xy
   22   3   2  -1       0.03561186  d_yz
   22   3   2   0       0.04014076  d_z2
   22   3   2   1      -0.01395857  d_xz
   22   3   2   2       0.03571450  d_x2-y2
   23   1   0   0       1.45706724  s
   23   2   1  -1       0.82244547  p_y
   23   2   1   0       0.82543216  p_z
   23   2   1   1       0.82223482  p_x
   23   3   2  -2      -0.01431475  d_xy
   23   3   2  -1       0.03159272  d_yz
   23   3   2   0       0.03296486  d_z2
   23   3   2   1      -0.01514830  d_xz
   23   3   2   2       0.02969800  d_x2-y2
   24   1   0   0       1.45161069  s
   24   2   1  -1       0.82438154  p_y
   24   2   1   0       0.82068294  p_z
   24   2   1   1       0.82780667  p_x
   24   3   2  -2      -0.01376792  d_xy
   24   3   2  -1       0.03422634  d_yz
   24   3   2   0       0.03574218  d_z2
   24   3   2   1      -0.01255880  d_xz
   24   3   2   2       0.03613526  d_x2-y2
   25   1   0   0       1.44994697  s
   25   2   1  -1       0.82653350  p_y
   25   2   1   0       0.82074414  p_z
   25   2   1   1       0.83023156  p_x
   25   3   2  -2      -0.01472837  d_xy
   25   3   2  -1       0.03378661  d_yz
   25   3   2   0       0.03215330  d_z2
   25   3   2   1      -0.01346937  d_xz
   25   3   2   2       0.03657924  d_x2-y2
   26   1   0   0       1.45428172  s
   26   2   1  -1       0.82244080  p_y
   26   2   1   0       0.82415326  p_z
   26   2   1   1       0.82271914  p_x
   26   3   2  -2      -0.01420143  d_xy
   26   3   2  -1       0.03314954  d_yz
   26   3   2   0       0.03316282  d_z2
   26   3   2   1      -0.01451255  d_xz
   26   3   2   2       0.03198581  d_x2-y2
   27   1   0   0       1.43861574  s
   27   2   1  -1       0.82656320  p_y
   27   2   1   0       0.83122193  p_z
   27   2   1   1       0.83229227  p_x
   27   3   2  -2      -0.01488410  d_xy
   27   3   2  -1       0.03591453  d_yz
   27   3   2   0       0.03594903  d_z2
   27   3   2   1      -0.01503252  d_xz
   27   3   2   2       0.03507618  d_x2-y2
   28   1   0   0       1.45184806  s
   28   2   1  -1       0.82569213  p_y
   28   2   1   0       0.82555602  p_z
   28   2   1   1       0.82754198  p_x
   28   3   2  -2      -0.01435602  d_xy
   28   3   2  -1       0.03170568  d_yz
   28   3   2   0       0.03331901  d_z2
   28   3   2   1      -0.01403798  d_xz
   28   3   2   2       0.03478400  d_x2-y2
   29   1   0   0       1.46108983  s
   29   2   1  -1       0.81868518  p_y
   29   2   1   0       0.81786100  p_z
   29   2   1   1       0.82260760  p_x
   29   3   2  -2      -0.01323719  d_xy
   29   3   2  -1       0.03341996  d_yz
   29   3   2   0       0.03355342  d_z2
   29   3   2   1      -0.01307126  d_xz
   29   3   2   2       0.03307358  d_x2-y2
   30   1   0   0       1.45176122  s
   30   2   1  -1       0.82091324  p_y
   30   2   1   0       0.82475876  p_z
   30   2   1   1       0.82384589  p_x
   30   3   2  -2      -0.01401864  d_xy
   30   3   2  -1       0.03357474  d_yz
   30   3   2   0       0.03539583  d_z2
   30   3   2   1      -0.01456149  d_xz
   30   3   2   2       0.03237966  d_x2-y2
   31   1   0   0       1.45079334  s
   31   2   1  -1       0.82008791  p_y
   31   2   1   0       0.82102436  p_z
   31   2   1   1       0.82031800  p_x
   31   3   2  -2      -0.01413798  d_xy
   31   3   2  -1       0.03474850  d_yz
   31   3   2   0       0.03467330  d_z2
   31   3   2   1      -0.01396473  d_xz
   31   3   2   2       0.03475396  d_x2-y2
   32   1   0   0       1.46188251  s
   32   2   1  -1       0.81908342  p_y
   32   2   1   0       0.81659828  p_z
   32   2   1   1       0.82202264  p_x
   32   3   2  -2      -0.01360686  d_xy
   32   3   2  -1       0.03516988  d_yz
   32   3   2   0       0.03167598  d_z2
   32   3   2   1      -0.01306732  d_xz
   32   3   2   2       0.03213797  d_x2-y2
   33   1   0   0       1.44970048  s
   33   2   1  -1       0.82389027  p_y
   33   2   1   0       0.82476144  p_z
   33   2   1   1       0.82223995  p_x
   33   3   2  -2      -0.01407416  d_xy
   33   3   2  -1       0.03479492  d_yz
   33   3   2   0       0.03467899  d_z2
   33   3   2   1      -0.01481207  d_xz
   33   3   2   2       0.03178106  d_x2-y2
   34   1   0   0       1.45021466  s
   34   2   1  -1       0.82790465  p_y
   34   2   1   0       0.82312584  p_z
   34   2   1   1       0.82884212  p_x
   34   3   2  -2      -0.01467130  d_xy
   34   3   2  -1       0.03481921  d_yz
   34   3   2   0       0.03363411  d_z2
   34   3   2   1      -0.01368688  d_xz
   34   3   2   2       0.03315845  d_x2-y2
   35   1   0   0       1.46219975  s
   35   2   1  -1       0.82165561  p_y
   35   2   1   0       0.82140868  p_z
   35   2   1   1       0.82112494  p_x
   35   3   2  -2      -0.01405083  d_xy
   35   3   2  -1       0.02941553  d_yz
   35   3   2   0       0.03328227  d_z2
   35   3   2   1      -0.01379556  d_xz
   35   3   2   2       0.03193543  d_x2-y2
   36   1   0   0       1.44639694  s
   36   2   1  -1       0.82505512  p_y
   36   2   1   0       0.82695983  p_z
   36   2   1   1       0.82583453  p_x
   36   3   2  -2      -0.01406690  d_xy
   36   3   2  -1       0.03510698  d_yz
   36   3   2   0       0.03602122  d_z2
   36   3   2   1      -0.01421202  d_xz
   36   3   2   2       0.03387144  d_x2-y2
   37   1   0   0       1.45808737  s
   37   2   1  -1       0.82365058  p_y
   37   2   1   0       0.82698012  p_z
   37   2   1   1       0.82491242  p_x
   37   3   2  -2      -0.01419082  d_xy
   37   3   2  -1       0.03267870  d_yz
   37   3   2   0       0.03076994  d_z2
   37   3   2   1      -0.01479944  d_xz
   37   3   2   2       0.03054524  d_x2-y2
   38   1   0   0       1.45959532  s
   38   2   1  -1       0.82212390  p_y
   38   2   1   0       0.81930361  p_z
   38   2   1   1       0.82378047  p_x
   38   3   2  -2      -0.01353627  d_xy
   38   3   2  -1       0.03346429  d_yz
   38   3   2   0       0.03309026  d_z2
   38   3   2   1      -0.01306898  d_xz
   38   3   2   2       0.03354721  d_x2-y2
   39   1   0   0       1.45118310  s
   39   2   1  -1       0.82525346  p_y
   39   2   1   0       0.82567793  p_z
   39   2   1   1       0.82726606  p_x
   39   3   2  -2      -0.01409935  d_xy
   39   3   2  -1       0.03339281  d_yz
   39   3   2   0       0.03207522  d_z2
   39   3   2   1      -0.01347284  d_xz
   39   3   2   2       0.03614392  d_x2-y2
   40   1   0   0       1.45878882  s
   40   2   1  -1       0.82144408  p_y
   40   2   1   0       0.82313539  p_z
   40   2   1   1       0.82467051  p_x
   40   3   2  -2      -0.01441750  d_xy
   40   3   2  -1       0.03108018  d_yz
   40   3   2   0       0.03108139  d_z2
   40   3   2   1      -0.01395183  d_xz
   40   3   2   2       0.03361349  d_x2-y2
   41   1   0   0       1.45327958  s
   41   2   1  -1       0.82461439  p_y
   41   2   1   0       0.82304721  p_z
   41   2   1   1       0.82214735  p_x
   41   3   2  -2      -0.01381802  d_xy
   41   3   2  -1       0.03145355  d_yz
   41   3   2   0       0.03423077  d_z2
   41   3   2   1      -0.01359911  d_xz
   41   3   2   2       0.03634293  d_x2-y2
   42   1   0   0       1.45409876  s
   42   2   1  -1       0.82952686  p_y
   42   2   1   0       0.82603942  p_z
   42   2   1   1       0.82758044  p_x
   42   3   2  -2      -0.01483869  d_xy
   42   3   2  -1       0.03010568  d_yz
   42   3   2   0       0.03327054  d_z2
   42   3   2   1      -0.01432528  d_xz
   42   3   2   2       0.03263727  d_x2-y2
   43   1   0   0       1.45308638  s
   43   2   1  -1       0.82601185  p_y
   43   2   1   0       0.82529108  p_z
   43   2   1   1       0.82605265  p_x
   43   3   2  -2      -0.01349060  d_xy
   43   3   2  -1       0.03542491  d_yz
   43   3   2   0       0.03406690  d_z2
   43   3   2   1      -0.01346587  d_xz
   43   3   2   2       0.03274058  d_x2-y2
   44   1   0   0       1.45874696  s
   44   2   1  -1       0.82143634  p_y
   44   2   1   0       0.82482680  p_z
   44   2   1   1       0.82034127  p_x
   44   3   2  -2      -0.01352446  d_xy
   44   3   2  -1       0.03265298  d_yz
   44   3   2   0       0.03376035  d_z2
   44   3   2   1      -0.01419158  d_xz
   44   3   2   2       0.03161564  d_x2-y2
   45   1   0   0       1.46141197  s
   45   2   1  -1       0.81918717  p_y
   45   2   1   0       0.82192919  p_z
   45   2   1   1       0.81822743  p_x
   45   3   2  -2      -0.01310527  d_xy
   45   3   2  -1       0.03349376  d_yz
   45   3   2   0       0.03311077  d_z2
   45   3   2   1      -0.01395833  d_xz
   45   3   2   2       0.03217647  d_x2-y2
   46   1   0   0       1.44500998  s
   46   2   1  -1       0.82608930  p_y
   46   2   1   0       0.82534953  p_z
   46   2   1   1       0.82821249  p_x
   46   3   2  -2      -0.01351142  d_xy
   46   3   2  -1       0.03582871  d_yz
   46   3   2   0       0.03578120  d_z2
   46   3   2   1      -0.01340225  d_xz
   46   3   2   2       0.03765828  d_x2-y2
   47   1   0   0       1.44614709  s
   47   2   1  -1       0.83184485  p_y
   47   2   1   0       0.82790218  p_z
   47   2   1   1       0.83102391  p_x
   47   3   2  -2      -0.01420119  d_xy
   47   3   2  -1       0.03601670  d_yz
   47   3   2   0       0.03410619  d_z2
   47   3   2   1      -0.01413559  d_xz
   47   3   2   2       0.03245640  d_x2-y2
   48   1   0   0       1.44086733  s
   48   2   1  -1       0.82568781  p_y
   48   2   1   0       0.82829494  p_z
   48   2   1   1       0.82510050  p_x
   48   3   2  -2      -0.01408710  d_xy
   48   3   2  -1       0.03698408  d_yz
   48   3   2   0       0.03527376  d_z2
   48   3   2   1      -0.01485853  d_xz
   48   3   2   2       0.03630593  d_x2-y2
   49   1   0   0       1.45051842  s
   49   2   1  -1       0.82816515  p_y
   49   2   1   0       0.82403443  p_z
   49   2   1   1       0.82214721  p_x
   49   3   2  -2      -0.01422664  d_xy
   49   3   2  -1       0.03332779  d_yz
   49   3   2   0       0.03458780  d_z2
   49   3   2   1      -0.01380831  d_xz
   49   3   2   2       0.03532102  d_x2-y2
   50   1   0   0       1.44035863  s
   50   2   1  -1       0.83100320  p_y
   50   2   1   0       0.83099152  p_z
   50   2   1   1       0.82699985  p_x
   50   3   2  -2      -0.01427012  d_xy
   50   3   2  -1       0.03757865  d_yz
   50   3   2   0       0.03382518  d_z2
   50   3   2   1      -0.01443781  d_xz
   50   3   2   2       0.03562547  d_x2-y2
   51   1   0   0       1.45718108  s
   51   2   1  -1       0.82043497  p_y
   51   2   1   0       0.82238253  p_z
   51   2   1   1       0.81879578  p_x
   51   3   2  -2      -0.01271842  d_xy
   51   3   2  -1       0.03425605  d_yz
   51   3   2   0       0.03469581  d_z2
   51   3   2   1      -0.01364455  d_xz
   51   3   2   2       0.03498409  d_x2-y2
   52   1   0   0       1.45727765  s
   52   2   1  -1       0.82790557  p_y
   52   2   1   0       0.82754609  p_z
   52   2   1   1       0.82568756  p_x
   52   3   2  -2      -0.01349753  d_xy
   52   3   2  -1       0.03235174  d_yz
   52   3   2   0       0.03368342  d_z2
   52   3   2   1      -0.01374965  d_xz
   52   3   2   2       0.03160381  d_x2-y2
   53   1   0   0       1.44097694  s
   53   2   1  -1       0.83033749  p_y
   53   2   1   0       0.83083828  p_z
   53   2   1   1       0.82651702  p_x
   53   3   2  -2      -0.01350526  d_xy
   53   3   2  -1       0.03558544  d_yz
   53   3   2   0       0.03691013  d_z2
   53   3   2   1      -0.01382642  d_xz
   53   3   2   2       0.03681674  d_x2-y2
   54   1   0   0       1.45271640  s
   54   2   1  -1       0.82599216  p_y
   54   2   1   0       0.82875998  p_z
   54   2   1   1       0.82522438  p_x
   54   3   2  -2      -0.01404247  d_xy
   54   3   2  -1       0.03277110  d_yz
   54   3   2   0       0.03180048  d_z2
   54   3   2   1      -0.01438523  d_xz
   54   3   2   2       0.03492050  d_x2-y2
   55   1   0   0       1.46446285  s
   55   2   1  -1       0.82207216  p_y
   55   2   1   0       0.82329749  p_z
   55   2   1   1       0.81956339  p_x
   55   3   2  -2      -0.01344766  d_xy
   55   3   2  -1       0.03021169  d_yz
   55   3   2   0       0.03171675  d_z2
   55   3   2   1      -0.01426304  d_xz
   55   3   2   2       0.03138530  d_x2-y2
   56   1   0   0       1.46423661  s
   56   2   1  -1       0.82548911  p_y
   56   2   1   0       0.82358423  p_z
   56   2   1   1       0.82511663  p_x
   56   3   2  -2      -0.01389112  d_xy
   56   3   2  -1       0.03268185  d_yz
   56   3   2   0       0.03128980  d_z2
   56   3   2   1      -0.01353943  d_xz
   56   3   2   2       0.02889374  d_x2-y2
   57   1   0   0       1.45449617  s
   57   2   1  -1       0.82963015  p_y
   57   2   1   0       0.82650094  p_z
   57   2   1   1       0.82593631  p_x
   57   3   2  -2      -0.01413355  d_xy
   57   3   2  -1       0.03376458  d_yz
   57   3   2   0       0.03320144  d_z2
   57   3   2   1      -0.01374616  d_xz
   57   3   2   2       0.03184240  d_x2-y2
   58   1   0   0       1.46720850  s
   58   2   1  -1       0.81836039  p_y
   58   2   1   0       0.82017270  p_z
   58   2   1   1       0.81571836  p_x
   58   3   2  -2      -0.01313654  d_xy
   58   3   2  -1       0.03177334  d_yz
   58   3   2   0       0.03061437  d_z2
   58   3   2   1      -0.01370364  d_xz
   58   3   2   2       0.03241972  d_x2-y2
   59   1   0   0       1.45881728  s
   59   2   1  -1       0.81993238  p_y
   59   2   1   0       0.82390087  p_z
   59   2   1   1       0.82038367  p_x
   59   3   2  -2      -0.01322579  d_xy
   59   3   2  -1       0.03363333  d_yz
   59   3   2   0       0.03277254  d_z2
   59   3   2   1      -0.01367183  d_xz
   59   3   2   2       0.03336157  d_x2-y2
   60   1   0   0       1.45472142  s
   60   2   1  -1       0.82839327  p_y
   60   2   1   0       0.82831952  p_z
   60   2   1   1       0.82670120  p_x
   60   3   2  -2      -0.01376157  d_xy
   60   3   2  -1       0.03243019  d_yz
   60   3   2   0       0.03410904  d_z2
   60   3   2   1      -0.01387094  d_xz
   60   3   2   2       0.03175303  d_x2-y2
   61   1   0   0       1.45425951  s
   61   2   1  -1       0.83112398  p_y
   61   2   1   0       0.82905387  p_z
   61   2   1   1       0.82686541  p_x
   61   3   2  -2      -0.01391028  d_xy
   61   3   2  -1       0.03242760  d_yz
   61   3   2   0       0.03471719  d_z2
   61   3   2   1      -0.01387793  d_xz
   61   3   2   2       0.03096683  d_x2-y2
   62   1   0   0       1.44667555  s
   62   2   1  -1       0.82719847  p_y
   62   2   1   0       0.83089436  p_z
   62   2   1   1       0.82611820  p_x
   62   3   2  -2      -0.01387822  d_xy
   62   3   2  -1       0.03450241  d_yz
   62   3   2   0       0.03309661  d_z2
   62   3   2   1      -0.01458145  d_xz
   62   3   2   2       0.03599808  d_x2-y2
   63   1   0   0       1.45375898  s
   63   2   1  -1       0.82626700  p_y
   63   2   1   0       0.82565935  p_z
   63   2   1   1       0.82266153  p_x
   63   3   2  -2      -0.01379624  d_xy
   63   3   2  -1       0.03466119  d_yz
   63   3   2   0       0.03267739  d_z2
   63   3   2   1      -0.01355357  d_xz
   63   3   2   2       0.03418173  d_x2-y2
   64   1   0   0       1.45555576  s
   64   2   1  -1       0.83012828  p_y
   64   2   1   0       0.82598731  p_z
   64   2   1   1       0.82376148  p_x
   64   3   2  -2      -0.01426238  d_xy
   64   3   2  -1       0.03089454  d_yz
   64   3   2   0       0.03256505  d_z2
   64   3   2   1      -0.01418626  d_xz
   64   3   2   2       0.03335751  d_x2-y2

Fermi level:                        -0.2106403822 H           -5.7318 eV
Band energy:                      -110.1486616043 H        -2997.2976 eV
TS:                                  0.0000000000 H            0.0000 eV
Band free energy (E-TS):          -110.1486616043 H        -2997.2976 eV
Extrapolated E(0K):               -110.1486616043 H        -2997.2976 eV
Input / Output electrons (q):    256.0000000001    256.0000000001

Energy H0:                        -109.5280118740 H        -2980.4088 eV
Energy SCC:                          0.2966552282 H            8.0724 eV
Total Electronic energy:          -109.2313566459 H        -2972.3364 eV
Repulsive energy:                    0.0000000000 H            0.0000 eV
Total energy:                     -109.2313566459 H        -2972.3364 eV
Extrapolated to 0:                -109.2313566459 H        -2972.3364 eV
Total Mermin free energy:         -109.2313566459 H        -2972.3364 eV
Force related energy:             -109.2313566459 H        -2972.3364 eV

SCC converged

Total Forces
    1     -0.007410741844      0.003403919358     -0.009333196131
    2     -0.006193057393     -0.010119667948     -0.006158509377
    3      0.000727935648      0.003575398071     -0.013873730974
    4     -0.009653536401     -0.004279138551     -0.003876399666
    5     -0.002642524489     -0.018062312274     -0.004439323713
    6      0.008734838752     -0.008884743108      0.011003059901
    7      0.003047552518     -0.003184116063      0.009078618028
    8     -0.003531670477     -0.013384134123     -0.013434030981
    9     -0.007570507238      0.011937808242      0.001590907417
   10      0.007934083403      0.006545900983      0.000768376650
   11      0.003304333465      0.009867404264     -0.003704128885
   12     -0.000938280375      0.003325007479      0.013402467257
   13     -0.002105576547      0.009096425930      0.006345333287
   14     -0.008490889267      0.003276076764     -0.001715388250
   15     -0.009051191610      0.012208327770     -0.013849386933
   16      0.011453999798      0.007988699780      0.010566907316
   17     -0.004308182771     -0.013580012813      0.007668113293
   18      0.005650766833      0.001025077567      0.004794376706
   19     -0.010447558473     -0.001112794208     -0.006555668252
   20      0.002823927383      0.002967369280      0.007561054818
   21     -0.006598419031     -0.007128941995      0.015883515866
   22     -0.009732012002      0.006532002040      0.000019802433
   23      0.000290437712      0.012802143769     -0.001412197343
   24      0.014395430918     -0.014174297418      0.007655815816
   25      0.006961874290      0.010108384908      0.000430517745
   26     -0.007463320760     -0.010578565507     -0.002011012569
   27      0.009684307678     -0.001508280990      0.001417906807
   28      0.004515729375     -0.005095124548     -0.017927006371
   29     -0.004125852479      0.005789245250      0.006775110282
   30      0.012734352394      0.003117343964     -0.002477114754
   31     -0.008360118634     -0.011161291012     -0.002731420882
   32      0.003528265614     -0.006178166972     -0.000595870041
   33      0.004255548817      0.010581978009     -0.002661608482
   34     -0.003013332385      0.002281078116      0.004337774606
   35      0.001322677109      0.003434326272      0.011604462766
   36      0.010652684378     -0.001064892436     -0.001681439567
   37      0.006835064820      0.007684816784      0.004468239253
   38     -0.003549310927     -0.003297620548     -0.003021877185
   39      0.004540245809      0.005981362774      0.011418647117
   40     -0.015814475888     -0.002996462432     -0.003937433219
   41      0.004620056672     -0.002616740600     -0.002587871353
   42     -0.003970517793      0.009465965737     -0.007001403035
   43     -0.012889655684     -0.014076229595      0.009428419425
   44      0.006463419364     -0.000773253448      0.001112135024
   45      0.000307314374     -0.009043315548     -0.011172135908
   46      0.002234091686      0.004287982018     -0.005759737807
   47     -0.010397061302     -0.015376497449      0.005178436463
   48      0.001875868197     -0.006766020227      0.008846293822
   49      0.012803826204      0.007613800569     -0.009978716753
   50      0.011116826754      0.002315706761     -0.003306676229
   51     -0.003143816956     -0.002596902030     -0.009153143544
   52     -0.001796388710     -0.010190548621     -0.009367212221
   53      0.004840260976      0.014668961278     -0.007400370763
   54     -0.000301294778     -0.013097271073     -0.002654115975
   55      0.005816194378     -0.002458982939      0.004654281754
   56      0.006336613165     -0.005536262005     -0.005222080907
   57     -0.009252957750      0.003167477252      0.009098898794
   58      0.006606672693      0.001216804482      0.009292379646
   59      0.012478824138     -0.003958466590      0.003624351893
   60      0.004902867990      0.011860414645      0.002675528233
   61     -0.010443119289      0.011862843930      0.000402956519
   62     -0.005390683517      0.012013864220      0.002231142944
   63     -0.011765047627      0.001667148862     -0.001553499173
   64     -0.003445790908     -0.001390014054     -0.002782124640

Total stress tensor
      0.000005804726      0.000003711452      0.000010098389
      0.000003711452      0.000005391431     -0.000002810498
      0.000010098389     -0.000002810498      0.000006345116

Total lattice derivs
     -0.002417836575     -0.001545926976     -0.004206271268
     -0.001545926976     -0.002245687026      0.001170653551
     -0.004206271268      0.001170653551     -0.002642924542

Maximal derivative component:        0.180623E-01 au

Volume:                              0.850096E+04 au^3
Pressure:                            0.584709E-05 au     0.172027E+09 Pa

Warning: dipole moment is not defined absolutely!
Dipole moment:   -0.69004885   -0.01627044   -0.02316905 au
Dipole moment:   -1.75392937   -0.04135534   -0.05888985 Debye


